#
# There is insufficient memory for the Java Runtime Environment to continue.
# Native memory allocation (malloc) failed to allocate 654835712 bytes for committing reserved memory.
# Possible reasons:
#   The system is out of physical RAM or swap space
#   In 32 bit mode, the process size limit was hit
# Possible solutions:
#   Reduce memory load on the system
#   Increase physical memory or swap space
#   Check if swap backing store is full
#   Use 64 bit Java on a 64 bit OS
#   Decrease Java heap size (-Xmx/-Xms)
#   Decrease number of Java threads
#   Decrease Java thread stack sizes (-Xss)
#   Set larger code cache with -XX:ReservedCodeCacheSize=
# This output file may be truncated or incomplete.
#
#  Out of Memory Error (os_linux.cpp:2827), pid=28717, tid=140189318641408
#
# JRE version: OpenJDK Runtime Environment (7.0_91-b02) (build 1.7.0_91-b02)
# Java VM: OpenJDK 64-Bit Server VM (24.91-b01 mixed mode linux-amd64 compressed oops)
# Derivative: IcedTea 2.6.3
# Distribution: Debian GNU/Linux 8.2 (jessie), package 7u91-2.6.3-1~deb8u1
# Failed to write core dump. Core dumps have been disabled. To enable core dumping, try "ulimit -c unlimited" before starting Java again
#

---------------  T H R E A D  ---------------

Current thread (0x00007f8068088800):  VMThread [stack: 0x00007f805e79f000,0x00007f805e8a0000] [id=28728]

Stack: [0x00007f805e79f000,0x00007f805e8a0000],  sp=0x00007f805e89e4c0,  free space=1021k
Native frames: (J=compiled Java code, j=interpreted, Vv=VM code, C=native code)
V  [libjvm.so+0x987a96]  VMError::report_and_die()+0x186
V  [libjvm.so+0x492972]  report_vm_out_of_memory(char const*, int, unsigned long, char const*)+0x92
V  [libjvm.so+0x7f9d3b]  os::pd_commit_memory(char*, unsigned long, unsigned long, bool)+0xeb
V  [libjvm.so+0x7f441e]  os::commit_memory(char*, unsigned long, unsigned long, bool)+0x2e
V  [libjvm.so+0x86805b]  PSVirtualSpace::expand_by(unsigned long)+0x5b
V  [libjvm.so+0x85688a]  PSOldGen::expand_by(unsigned long) [clone .part.28]+0x2a
V  [libjvm.so+0x856a40]  PSOldGen::expand(unsigned long) [clone .part.29]+0xc0
V  [libjvm.so+0x8579d8]  PSOldGen::resize(unsigned long)+0x198
V  [libjvm.so+0x85ebc4]  PSParallelCompact::invoke_no_policy(bool) [clone .part.121]+0x994
V  [libjvm.so+0x865975]  PSScavenge::invoke()+0x1a5
V  [libjvm.so+0x81d063]  ParallelScavengeHeap::failed_mem_allocate(unsigned long)+0x63
V  [libjvm.so+0x989362]  VM_ParallelGCFailedAllocation::doit()+0x92
V  [libjvm.so+0x98d7e7]  VM_Operation::evaluate()+0x47
V  [libjvm.so+0x98bf5b]  VMThread::evaluate_operation(VM_Operation*)+0xab
V  [libjvm.so+0x98c606]  VMThread::loop()+0x1e6
V  [libjvm.so+0x98cad1]  VMThread::run()+0x81
V  [libjvm.so+0x7f6c62]  java_start(Thread*)+0xf2

VM_Operation (0x00007f807064be90): ParallelGCFailedAllocation, mode: safepoint, requested by thread 0x00007f806801d000


---------------  P R O C E S S  ---------------

Java Threads: ( => current thread )
  0x00007f8068804800 JavaThread "Abandoned connection cleanup thread" daemon [_thread_blocked, id=28747, stack(0x00007f805d557000,0x00007f805d658000)]
  0x00007f80680d4800 JavaThread "Service Thread" daemon [_thread_blocked, id=28745, stack(0x00007f805dc91000,0x00007f805dd92000)]
  0x00007f80680d2000 JavaThread "C2 CompilerThread1" daemon [_thread_blocked, id=28744, stack(0x00007f805dd92000,0x00007f805de93000)]
  0x00007f80680cf000 JavaThread "C2 CompilerThread0" daemon [_thread_blocked, id=28743, stack(0x00007f805de93000,0x00007f805df94000)]
  0x00007f8034001000 JavaThread "JDWP Command Reader" daemon [_thread_in_native, id=28740, stack(0x00007f805df94000,0x00007f805e095000)]
  0x00007f80680cc800 JavaThread "JDWP Event Helper Thread" daemon [_thread_blocked, id=28739, stack(0x00007f805e095000,0x00007f805e196000)]
  0x00007f80680c9000 JavaThread "JDWP Transport Listener: dt_socket" daemon [_thread_blocked, id=28736, stack(0x00007f805e196000,0x00007f805e297000)]
  0x00007f80680b9000 JavaThread "Signal Dispatcher" daemon [_thread_blocked, id=28734, stack(0x00007f805e49c000,0x00007f805e59d000)]
  0x00007f806808f000 JavaThread "Finalizer" daemon [_thread_blocked, id=28730, stack(0x00007f805e59d000,0x00007f805e69e000)]
  0x00007f806808c800 JavaThread "Reference Handler" daemon [_thread_blocked, id=28729, stack(0x00007f805e69e000,0x00007f805e79f000)]
  0x00007f806801d000 JavaThread "main" [_thread_blocked, id=28723, stack(0x00007f807054d000,0x00007f807064e000)]

Other Threads:
=>0x00007f8068088800 VMThread [stack: 0x00007f805e79f000,0x00007f805e8a0000] [id=28728]
  0x00007f80680e7000 WatcherThread [stack: 0x00007f805db90000,0x00007f805dc91000] [id=28746]

VM state:at safepoint (normal execution)

VM Mutex/Monitor currently owned by a thread:  ([mutex/lock_event])
[0x00007f8068018ce0] ExpandHeap_lock - owner thread: 0x00007f8068088800
[0x00007f8068019360] Threads_lock - owner thread: 0x00007f8068088800
[0x00007f8068019860] Heap_lock - owner thread: 0x00007f806801d000

Heap
 PSYoungGen      total 939008K, used 236098K [0x0000000795500000, 0x0000000800000000, 0x0000000800000000)
  eden space 626688K, 0% used [0x0000000795500000,0x0000000795500000,0x00000007bb900000)
  from space 312320K, 75% used [0x00000007bb900000,0x00000007c9f90850,0x00000007cea00000)
  to   space 561152K, 0% used [0x00000007ddc00000,0x00000007ddc00000,0x0000000800000000)
 ParOldGen       total 1405952K, used 1405708K [0x00000006c0000000, 0x0000000715d00000, 0x0000000795500000)
  object space 1405952K, 99% used [0x00000006c0000000,0x0000000715cc31b8,0x0000000715d00000)
 PSPermGen       total 21504K, used 7291K [0x00000006b5a00000, 0x00000006b6f00000, 0x00000006c0000000)
  object space 21504K, 33% used [0x00000006b5a00000,0x00000006b611edc0,0x00000006b6f00000)

Card table byte_map: [0x00007f806c15c000,0x00007f806cbb0000] byte_map_base: 0x00007f8068baf000

Polling page: 0x00007f807067b000

Code Cache  [0x00007f8065000000, 0x00007f8065270000, 0x00007f8068000000)
 total_blobs=562 nmethods=287 adapters=236 free_code_cache=47980Kb largest_free_block=49037184

Compilation events (10 events):
Event: 20.820 Thread 0x00007f80680d2000  317   !         java.util.zip.Inflater::setInput (74 bytes)
Event: 20.822 Thread 0x00007f80680d2000 nmethod 317 0x00007f80650c30d0 code [0x00007f80650c3220, 0x00007f80650c3558]
Event: 20.841 Thread 0x00007f80680cf000  318   !         java.util.zip.Inflater::reset (69 bytes)
Event: 20.843 Thread 0x00007f80680cf000 nmethod 318 0x00007f80650c2910 code [0x00007f80650c2a80, 0x00007f80650c2f08]
Event: 25.696 Thread 0x00007f80680d2000  320             java.util.zip.Inflater::setInput (9 bytes)
Event: 25.696 Thread 0x00007f80680cf000  321             java.util.zip.Inflater::inflate (9 bytes)
Event: 25.697 Thread 0x00007f80680cf000 nmethod 321 0x00007f80650a4410 code [0x00007f80650a4560, 0x00007f80650a4628]
Event: 25.698 Thread 0x00007f80680d2000 nmethod 320 0x00007f80650a3e50 code [0x00007f80650a3fa0, 0x00007f80650a4298]
Event: 29.687 Thread 0x00007f80680cf000  322             java.net.SocketInputStream::available (8 bytes)
Event: 29.693 Thread 0x00007f80680cf000 nmethod 322 0x00007f80650c3e50 code [0x00007f80650c3fe0, 0x00007f80650c4b68]

GC Heap History (10 events):
Event: 25.333 GC heap after
Heap after GC invocations=19 (full 4):
 PSYoungGen      total 1429504K, used 249595K [0x0000000795500000, 0x0000000800000000, 0x0000000800000000)
  eden space 1111040K, 0% used [0x0000000795500000,0x0000000795500000,0x00000007d9200000)
  from space 318464K, 78% used [0x00000007d9200000,0x00000007e85bec88,0x00000007ec900000)
  to   space 318464K, 0% used [0x00000007ec900000,0x00000007ec900000,0x0000000800000000)
 ParOldGen       total 1405952K, used 917835K [0x00000006c0000000, 0x0000000715d00000, 0x0000000795500000)
  object space 1405952K, 65% used [0x00000006c0000000,0x00000006f8052e48,0x0000000715d00000)
 PSPermGen       total 21504K, used 7291K [0x00000006b5a00000, 0x00000006b6f00000, 0x00000006c0000000)
  object space 21504K, 33% used [0x00000006b5a00000,0x00000006b611ec48,0x00000006b6f00000)
}
Event: 27.097 GC heap before
{Heap before GC invocations=20 (full 4):
 PSYoungGen      total 1429504K, used 1360635K [0x0000000795500000, 0x0000000800000000, 0x0000000800000000)
  eden space 1111040K, 100% used [0x0000000795500000,0x00000007d9200000,0x00000007d9200000)
  from space 318464K, 78% used [0x00000007d9200000,0x00000007e85bec88,0x00000007ec900000)
  to   space 318464K, 0% used [0x00000007ec900000,0x00000007ec900000,0x0000000800000000)
 ParOldGen       total 1405952K, used 917835K [0x00000006c0000000, 0x0000000715d00000, 0x0000000795500000)
  object space 1405952K, 65% used [0x00000006c0000000,0x00000006f8052e48,0x0000000715d00000)
 PSPermGen       total 21504K, used 7291K [0x00000006b5a00000, 0x00000006b6f00000, 0x00000006c0000000)
  object space 21504K, 33% used [0x00000006b5a00000,0x00000006b611ecf0,0x00000006b6f00000)
Event: 27.529 GC heap after
Heap after GC invocations=20 (full 4):
 PSYoungGen      total 1239040K, used 261167K [0x0000000795500000, 0x0000000800000000, 0x0000000800000000)
  eden space 920576K, 0% used [0x0000000795500000,0x0000000795500000,0x00000007cd800000)
  from space 318464K, 82% used [0x00000007ec900000,0x00000007fc80bf30,0x0000000800000000)
  to   space 413696K, 0% used [0x00000007cd800000,0x00000007cd800000,0x00000007e6c00000)
 ParOldGen       total 1405952K, used 1062093K [0x00000006c0000000, 0x0000000715d00000, 0x0000000795500000)
  object space 1405952K, 75% used [0x00000006c0000000,0x0000000700d33588,0x0000000715d00000)
 PSPermGen       total 21504K, used 7291K [0x00000006b5a00000, 0x00000006b6f00000, 0x00000006c0000000)
  object space 21504K, 33% used [0x00000006b5a00000,0x00000006b611ecf0,0x00000006b6f00000)
}
Event: 29.016 GC heap before
{Heap before GC invocations=21 (full 4):
 PSYoungGen      total 1239040K, used 1181743K [0x0000000795500000, 0x0000000800000000, 0x0000000800000000)
  eden space 920576K, 100% used [0x0000000795500000,0x00000007cd800000,0x00000007cd800000)
  from space 318464K, 82% used [0x00000007ec900000,0x00000007fc80bf30,0x0000000800000000)
  to   space 413696K, 0% used [0x00000007cd800000,0x00000007cd800000,0x00000007e6c00000)
 ParOldGen       total 1405952K, used 1062093K [0x00000006c0000000, 0x0000000715d00000, 0x0000000795500000)
  object space 1405952K, 75% used [0x00000006c0000000,0x0000000700d33588,0x0000000715d00000)
 PSPermGen       total 21504K, used 7291K [0x00000006b5a00000, 0x00000006b6f00000, 0x00000006c0000000)
  object space 21504K, 33% used [0x00000006b5a00000,0x00000006b611edc0,0x00000006b6f00000)
Event: 29.280 GC heap after
Heap after GC invocations=21 (full 4):
 PSYoungGen      total 1305088K, used 384444K [0x0000000795500000, 0x0000000800000000, 0x0000000800000000)
  eden space 920576K, 0% used [0x0000000795500000,0x0000000795500000,0x00000007cd800000)
  from space 384512K, 99% used [0x00000007cd800000,0x00000007e4f6f3c0,0x00000007e4f80000)
  to   space 442880K, 0% used [0x00000007e4f80000,0x00000007e4f80000,0x0000000800000000)
 ParOldGen       total 1405952K, used 1062093K [0x00000006c0000000, 0x0000000715d00000, 0x0000000795500000)
  object space 1405952K, 75% used [0x00000006c0000000,0x0000000700d33588,0x0000000715d00000)
 PSPermGen       total 21504K, used 7291K [0x00000006b5a00000, 0x00000006b6f00000, 0x00000006c0000000)
  object space 21504K, 33% used [0x00000006b5a00000,0x00000006b611edc0,0x00000006b6f00000)
}
Event: 30.702 GC heap before
{Heap before GC invocations=22 (full 4):
 PSYoungGen      total 1305088K, used 1305020K [0x0000000795500000, 0x0000000800000000, 0x0000000800000000)
  eden space 920576K, 100% used [0x0000000795500000,0x00000007cd800000,0x00000007cd800000)
  from space 384512K, 99% used [0x00000007cd800000,0x00000007e4f6f3c0,0x00000007e4f80000)
  to   space 442880K, 0% used [0x00000007e4f80000,0x00000007e4f80000,0x0000000800000000)
 ParOldGen       total 1405952K, used 1062093K [0x00000006c0000000, 0x0000000715d00000, 0x0000000795500000)
  object space 1405952K, 75% used [0x00000006c0000000,0x0000000700d33588,0x0000000715d00000)
 PSPermGen       total 21504K, used 7291K [0x00000006b5a00000, 0x00000006b6f00000, 0x00000006c0000000)
  object space 21504K, 33% used [0x00000006b5a00000,0x00000006b611edc0,0x00000006b6f00000)
Event: 31.062 GC heap after
Heap after GC invocations=22 (full 4):
 PSYoungGen      total 1069568K, used 442856K [0x0000000795500000, 0x0000000800000000, 0x0000000800000000)
  eden space 626688K, 0% used [0x0000000795500000,0x0000000795500000,0x00000007bb900000)
  from space 442880K, 99% used [0x00000007e4f80000,0x00000007ffffa198,0x0000000800000000)
  to   space 560640K, 0% used [0x00000007bb900000,0x00000007bb900000,0x00000007ddc80000)
 ParOldGen       total 1405952K, used 1127305K [0x00000006c0000000, 0x0000000715d00000, 0x0000000795500000)
  object space 1405952K, 80% used [0x00000006c0000000,0x0000000704ce2748,0x0000000715d00000)
 PSPermGen       total 21504K, used 7291K [0x00000006b5a00000, 0x00000006b6f00000, 0x00000006c0000000)
  object space 21504K, 33% used [0x00000006b5a00000,0x00000006b611edc0,0x00000006b6f00000)
}
Event: 32.053 GC heap before
{Heap before GC invocations=23 (full 4):
 PSYoungGen      total 1069568K, used 1069544K [0x0000000795500000, 0x0000000800000000, 0x0000000800000000)
  eden space 626688K, 100% used [0x0000000795500000,0x00000007bb900000,0x00000007bb900000)
  from space 442880K, 99% used [0x00000007e4f80000,0x00000007ffffa198,0x0000000800000000)
  to   space 560640K, 0% used [0x00000007bb900000,0x00000007bb900000,0x00000007ddc80000)
 ParOldGen       total 1405952K, used 1127305K [0x00000006c0000000, 0x0000000715d00000, 0x0000000795500000)
  object space 1405952K, 80% used [0x00000006c0000000,0x0000000704ce2748,0x0000000715d00000)
 PSPermGen       total 21504K, used 7291K [0x00000006b5a00000, 0x00000006b6f00000, 0x00000006c0000000)
  object space 21504K, 33% used [0x00000006b5a00000,0x00000006b611edc0,0x00000006b6f00000)
Event: 32.426 GC heap after
Heap after GC invocations=23 (full 4):
 PSYoungGen      total 939008K, used 312012K [0x0000000795500000, 0x0000000800000000, 0x0000000800000000)
  eden space 626688K, 0% used [0x0000000795500000,0x0000000795500000,0x00000007bb900000)
  from space 312320K, 99% used [0x00000007bb900000,0x00000007ce9b33e0,0x00000007cea00000)
  to   space 561152K, 0% used [0x00000007ddc00000,0x00000007ddc00000,0x0000000800000000)
 ParOldGen       total 1405952K, used 1341163K [0x00000006c0000000, 0x0000000715d00000, 0x0000000795500000)
  object space 1405952K, 95% used [0x00000006c0000000,0x0000000711dbaf78,0x0000000715d00000)
 PSPermGen       total 21504K, used 7291K [0x00000006b5a00000, 0x00000006b6f00000, 0x00000006c0000000)
  object space 21504K, 33% used [0x00000006b5a00000,0x00000006b611edc0,0x00000006b6f00000)
}
Event: 32.426 GC heap before
{Heap before GC invocations=24 (full 5):
 PSYoungGen      total 939008K, used 312012K [0x0000000795500000, 0x0000000800000000, 0x0000000800000000)
  eden space 626688K, 0% used [0x0000000795500000,0x0000000795500000,0x00000007bb900000)
  from space 312320K, 99% used [0x00000007bb900000,0x00000007ce9b33e0,0x00000007cea00000)
  to   space 561152K, 0% used [0x00000007ddc00000,0x00000007ddc00000,0x0000000800000000)
 ParOldGen       total 1405952K, used 1341163K [0x00000006c0000000, 0x0000000715d00000, 0x0000000795500000)
  object space 1405952K, 95% used [0x00000006c0000000,0x0000000711dbaf78,0x0000000715d00000)
 PSPermGen       total 21504K, used 7291K [0x00000006b5a00000, 0x00000006b6f00000, 0x00000006c0000000)
  object space 21504K, 33% used [0x00000006b5a00000,0x00000006b611edc0,0x00000006b6f00000)

Deoptimization events (10 events):
Event: 1.353 Thread 0x00007f806801d000 Uncommon trap: reason=array_check action=maybe_recompile pc=0x00007f80650d292c method=java.util.AbstractCollection.toArray([Ljava/lang/Object;)[Ljava/lang/Object; @ 119
Event: 1.353 Thread 0x00007f806801d000 Uncommon trap: reason=array_check action=maybe_recompile pc=0x00007f80650d292c method=java.util.AbstractCollection.toArray([Ljava/lang/Object;)[Ljava/lang/Object; @ 119
Event: 1.353 Thread 0x00007f806801d000 Uncommon trap: reason=array_check action=maybe_recompile pc=0x00007f80650d292c method=java.util.AbstractCollection.toArray([Ljava/lang/Object;)[Ljava/lang/Object; @ 119
Event: 1.353 Thread 0x00007f806801d000 Uncommon trap: reason=array_check action=maybe_recompile pc=0x00007f80650d292c method=java.util.AbstractCollection.toArray([Ljava/lang/Object;)[Ljava/lang/Object; @ 119
Event: 1.600 Thread 0x00007f806801d000 Uncommon trap: reason=unstable_if action=reinterpret pc=0x00007f80650becd4 method=com.mysql.jdbc.RowDataStatic.isAfterLast()Z @ 13
Event: 1.600 Thread 0x00007f806801d000 Uncommon trap: reason=unstable_if action=reinterpret pc=0x00007f80650e94f0 method=java.util.HashMap.removeEntryForKey(Ljava/lang/Object;)Ljava/util/HashMap$Entry; @ 4
Event: 1.605 Thread 0x00007f806801d000 Uncommon trap: reason=uninitialized action=reinterpret pc=0x00007f80650c7a34 method=com.mysql.jdbc.MysqlIO.nextRow([Lcom/mysql/jdbc/Field;IZIZZZLcom/mysql/jdbc/Buffer;)Lcom/mysql/jdbc/ResultSetRow; @ 203
Event: 1.658 Thread 0x00007f806801d000 Uncommon trap: reason=unstable_if action=reinterpret pc=0x00007f80650d3c4c method=java.util.HashMap.put(Ljava/lang/Object;Ljava/lang/Object;)Ljava/lang/Object; @ 7
Event: 1.741 Thread 0x00007f806801d000 Uncommon trap: reason=unstable_if action=reinterpret pc=0x00007f80650ea618 method=java.util.HashMap.removeEntryForKey(Ljava/lang/Object;)Ljava/util/HashMap$Entry; @ 4
Event: 2.069 Thread 0x00007f806801d000 Uncommon trap: reason=unstable_if action=reinterpret pc=0x00007f806511256c method=arff.ARFFWriter.create()V @ 553

Internal exceptions (10 events):
Event: 0.703 Thread 0x00007f806801d000 Threw 0x0000000796184bb8 at /home/jmm/jdk3/openjdk-7-7u91-2.6.3/build/openjdk/hotspot/src/share/vm/prims/jvm.cpp:1322
Event: 0.708 Thread 0x00007f806801d000 Threw 0x0000000796192fc0 at /home/jmm/jdk3/openjdk-7-7u91-2.6.3/build/openjdk/hotspot/src/share/vm/prims/jvm.cpp:1322
Event: 0.710 Thread 0x00007f806801d000 Threw 0x00000007961b27c0 at /home/jmm/jdk3/openjdk-7-7u91-2.6.3/build/openjdk/hotspot/src/share/vm/prims/jvm.cpp:1322
Event: 0.712 Thread 0x00007f806801d000 Threw 0x00000007961c7cf0 at /home/jmm/jdk3/openjdk-7-7u91-2.6.3/build/openjdk/hotspot/src/share/vm/prims/jvm.cpp:1322
Event: 0.712 Thread 0x00007f806801d000 Threw 0x00000007961cc4a0 at /home/jmm/jdk3/openjdk-7-7u91-2.6.3/build/openjdk/hotspot/src/share/vm/prims/jvm.cpp:1322
Event: 0.713 Thread 0x00007f806801d000 Threw 0x00000007961d0680 at /home/jmm/jdk3/openjdk-7-7u91-2.6.3/build/openjdk/hotspot/src/share/vm/prims/jvm.cpp:1322
Event: 0.822 Thread 0x00007f806801d000 Threw 0x0000000796ee69b8 at /home/jmm/jdk3/openjdk-7-7u91-2.6.3/build/openjdk/hotspot/src/share/vm/prims/jvm.cpp:1322
Event: 0.823 Thread 0x00007f806801d000 Threw 0x0000000796efbf80 at /home/jmm/jdk3/openjdk-7-7u91-2.6.3/build/openjdk/hotspot/src/share/vm/prims/jvm.cpp:1322
Event: 0.824 Thread 0x00007f806801d000 Threw 0x0000000796f171f8 at /home/jmm/jdk3/openjdk-7-7u91-2.6.3/build/openjdk/hotspot/src/share/vm/prims/jvm.cpp:1322
Event: 1.206 Thread 0x00007f806801d000 Threw 0x0000000795edcb28 at /home/jmm/jdk3/openjdk-7-7u91-2.6.3/build/openjdk/hotspot/src/share/vm/prims/jvm.cpp:1322

Events (10 events):
Event: 19.119 Executing VM operation: ParallelGCFailedAllocation done
Event: 20.938 Executing VM operation: ParallelGCFailedAllocation
Event: 25.333 Executing VM operation: ParallelGCFailedAllocation done
Event: 27.097 Executing VM operation: ParallelGCFailedAllocation
Event: 27.529 Executing VM operation: ParallelGCFailedAllocation done
Event: 29.016 Executing VM operation: ParallelGCFailedAllocation
Event: 29.280 Executing VM operation: ParallelGCFailedAllocation done
Event: 30.702 Executing VM operation: ParallelGCFailedAllocation
Event: 31.062 Executing VM operation: ParallelGCFailedAllocation done
Event: 32.053 Executing VM operation: ParallelGCFailedAllocation


Dynamic libraries:
00400000-00401000 r-xp 00000000 08:03 6161263                            /usr/lib/jvm/java-7-openjdk-amd64/jre/bin/java
00600000-00601000 r--p 00000000 08:03 6161263                            /usr/lib/jvm/java-7-openjdk-amd64/jre/bin/java
00601000-00602000 rw-p 00001000 08:03 6161263                            /usr/lib/jvm/java-7-openjdk-amd64/jre/bin/java
01300000-01321000 rw-p 00000000 00:00 0                                  [heap]
6b5a00000-6b6f00000 rw-p 00000000 00:00 0 
6b6f00000-6c0000000 rw-p 00000000 00:00 0 
6c0000000-715d00000 rw-p 00000000 00:00 0 
73cd80000-795500000 rw-p 00000000 00:00 0 
795500000-800000000 rw-p 00000000 00:00 0 
7f8010000000-7f8010021000 rw-p 00000000 00:00 0 
7f8010021000-7f8014000000 ---p 00000000 00:00 0 
7f8018000000-7f8018021000 rw-p 00000000 00:00 0 
7f8018021000-7f801c000000 ---p 00000000 00:00 0 
7f801c000000-7f801c021000 rw-p 00000000 00:00 0 
7f801c021000-7f8020000000 ---p 00000000 00:00 0 
7f8020000000-7f80218ad000 rw-p 00000000 00:00 0 
7f80218ad000-7f8024000000 ---p 00000000 00:00 0 
7f8024000000-7f802481c000 rw-p 00000000 00:00 0 
7f802481c000-7f8028000000 ---p 00000000 00:00 0 
7f8028000000-7f8028021000 rw-p 00000000 00:00 0 
7f8028021000-7f802c000000 ---p 00000000 00:00 0 
7f802c000000-7f802c021000 rw-p 00000000 00:00 0 
7f802c021000-7f8030000000 ---p 00000000 00:00 0 
7f8030000000-7f8030021000 rw-p 00000000 00:00 0 
7f8030021000-7f8034000000 ---p 00000000 00:00 0 
7f8034000000-7f8034021000 rw-p 00000000 00:00 0 
7f8034021000-7f8038000000 ---p 00000000 00:00 0 
7f8038000000-7f8038021000 rw-p 00000000 00:00 0 
7f8038021000-7f803c000000 ---p 00000000 00:00 0 
7f803c000000-7f803c021000 rw-p 00000000 00:00 0 
7f803c021000-7f8040000000 ---p 00000000 00:00 0 
7f8040000000-7f8040247000 rw-p 00000000 00:00 0 
7f8040247000-7f8044000000 ---p 00000000 00:00 0 
7f8045359000-7f804565a000 rw-p 00000000 00:00 0 
7f804565a000-7f80456c6000 r-xp 00000000 08:03 262201                     /lib/x86_64-linux-gnu/libpcre.so.3.13.1
7f80456c6000-7f80458c6000 ---p 0006c000 08:03 262201                     /lib/x86_64-linux-gnu/libpcre.so.3.13.1
7f80458c6000-7f80458c7000 r--p 0006c000 08:03 262201                     /lib/x86_64-linux-gnu/libpcre.so.3.13.1
7f80458c7000-7f80458c8000 rw-p 0006d000 08:03 262201                     /lib/x86_64-linux-gnu/libpcre.so.3.13.1
7f80458c8000-7f80458cf000 r-xp 00000000 08:03 5509325                    /usr/lib/x86_64-linux-gnu/libffi.so.6.0.2
7f80458cf000-7f8045ace000 ---p 00007000 08:03 5509325                    /usr/lib/x86_64-linux-gnu/libffi.so.6.0.2
7f8045ace000-7f8045acf000 r--p 00006000 08:03 5509325                    /usr/lib/x86_64-linux-gnu/libffi.so.6.0.2
7f8045acf000-7f8045ad0000 rw-p 00007000 08:03 5509325                    /usr/lib/x86_64-linux-gnu/libffi.so.6.0.2
7f8045ad0000-7f8050000000 rw-p 00000000 00:00 0 
7f8050000000-7f8050021000 rw-p 00000000 00:00 0 
7f8050021000-7f8054000000 ---p 00000000 00:00 0 
7f8054000000-7f8054021000 rw-p 00000000 00:00 0 
7f8054021000-7f8058000000 ---p 00000000 00:00 0 
7f8058000000-7f8058021000 rw-p 00000000 00:00 0 
7f8058021000-7f805c000000 ---p 00000000 00:00 0 
7f805c1de000-7f805c1f2000 r-xp 00000000 08:03 263059                     /lib/x86_64-linux-gnu/libresolv-2.19.so
7f805c1f2000-7f805c3f1000 ---p 00014000 08:03 263059                     /lib/x86_64-linux-gnu/libresolv-2.19.so
7f805c3f1000-7f805c3f2000 r--p 00013000 08:03 263059                     /lib/x86_64-linux-gnu/libresolv-2.19.so
7f805c3f2000-7f805c3f3000 rw-p 00014000 08:03 263059                     /lib/x86_64-linux-gnu/libresolv-2.19.so
7f805c3f3000-7f805c3f5000 rw-p 00000000 00:00 0 
7f805c3f5000-7f805c416000 r-xp 00000000 08:03 262243                     /lib/x86_64-linux-gnu/libselinux.so.1
7f805c416000-7f805c616000 ---p 00021000 08:03 262243                     /lib/x86_64-linux-gnu/libselinux.so.1
7f805c616000-7f805c617000 r--p 00021000 08:03 262243                     /lib/x86_64-linux-gnu/libselinux.so.1
7f805c617000-7f805c618000 rw-p 00022000 08:03 262243                     /lib/x86_64-linux-gnu/libselinux.so.1
7f805c618000-7f805c61a000 rw-p 00000000 00:00 0 
7f805c61a000-7f805c61d000 r-xp 00000000 08:03 5512006                    /usr/lib/x86_64-linux-gnu/libgmodule-2.0.so.0.4200.1
7f805c61d000-7f805c81c000 ---p 00003000 08:03 5512006                    /usr/lib/x86_64-linux-gnu/libgmodule-2.0.so.0.4200.1
7f805c81c000-7f805c81d000 r--p 00002000 08:03 5512006                    /usr/lib/x86_64-linux-gnu/libgmodule-2.0.so.0.4200.1
7f805c81d000-7f805c81e000 rw-p 00003000 08:03 5512006                    /usr/lib/x86_64-linux-gnu/libgmodule-2.0.so.0.4200.1
7f805c81e000-7f805c92a000 r-xp 00000000 08:03 265179                     /lib/x86_64-linux-gnu/libglib-2.0.so.0.4200.1
7f805c92a000-7f805cb2a000 ---p 0010c000 08:03 265179                     /lib/x86_64-linux-gnu/libglib-2.0.so.0.4200.1
7f805cb2a000-7f805cb2b000 r--p 0010c000 08:03 265179                     /lib/x86_64-linux-gnu/libglib-2.0.so.0.4200.1
7f805cb2b000-7f805cb2c000 rw-p 0010d000 08:03 265179                     /lib/x86_64-linux-gnu/libglib-2.0.so.0.4200.1
7f805cb2c000-7f805cb2d000 rw-p 00000000 00:00 0 
7f805cb2d000-7f805cb7e000 r-xp 00000000 08:03 5512007                    /usr/lib/x86_64-linux-gnu/libgobject-2.0.so.0.4200.1
7f805cb7e000-7f805cd7d000 ---p 00051000 08:03 5512007                    /usr/lib/x86_64-linux-gnu/libgobject-2.0.so.0.4200.1
7f805cd7d000-7f805cd7e000 r--p 00050000 08:03 5512007                    /usr/lib/x86_64-linux-gnu/libgobject-2.0.so.0.4200.1
7f805cd7e000-7f805cd7f000 rw-p 00051000 08:03 5512007                    /usr/lib/x86_64-linux-gnu/libgobject-2.0.so.0.4200.1
7f805cd7f000-7f805cef0000 r-xp 00000000 08:03 5512009                    /usr/lib/x86_64-linux-gnu/libgio-2.0.so.0.4200.1
7f805cef0000-7f805d0f0000 ---p 00171000 08:03 5512009                    /usr/lib/x86_64-linux-gnu/libgio-2.0.so.0.4200.1
7f805d0f0000-7f805d0f4000 r--p 00171000 08:03 5512009                    /usr/lib/x86_64-linux-gnu/libgio-2.0.so.0.4200.1
7f805d0f4000-7f805d0f6000 rw-p 00175000 08:03 5512009                    /usr/lib/x86_64-linux-gnu/libgio-2.0.so.0.4200.1
7f805d0f6000-7f805d0f8000 rw-p 00000000 00:00 0 
7f805d11b000-7f805d11c000 rw-p 00000000 00:00 0 
7f805d11c000-7f805d121000 r--s 0004e000 08:03 6161239                    /usr/lib/jvm/java-7-openjdk-amd64/jre/lib/jsse.jar
7f805d121000-7f805d139000 r-xp 00000000 08:03 6161216                    /usr/lib/jvm/java-7-openjdk-amd64/jre/lib/amd64/libnet.so
7f805d139000-7f805d338000 ---p 00018000 08:03 6161216                    /usr/lib/jvm/java-7-openjdk-amd64/jre/lib/amd64/libnet.so
7f805d338000-7f805d339000 r--p 00017000 08:03 6161216                    /usr/lib/jvm/java-7-openjdk-amd64/jre/lib/amd64/libnet.so
7f805d339000-7f805d33a000 rw-p 00018000 08:03 6161216                    /usr/lib/jvm/java-7-openjdk-amd64/jre/lib/amd64/libnet.so
7f805d33a000-7f805d34b000 r-xp 00000000 08:03 6161198                    /usr/lib/jvm/java-7-openjdk-amd64/jre/lib/amd64/libnio.so
7f805d34b000-7f805d54a000 ---p 00011000 08:03 6161198                    /usr/lib/jvm/java-7-openjdk-amd64/jre/lib/amd64/libnio.so
7f805d54a000-7f805d54b000 r--p 00010000 08:03 6161198                    /usr/lib/jvm/java-7-openjdk-amd64/jre/lib/amd64/libnio.so
7f805d54b000-7f805d54c000 rw-p 00011000 08:03 6161198                    /usr/lib/jvm/java-7-openjdk-amd64/jre/lib/amd64/libnio.so
7f805d54c000-7f805d557000 r--s 00203000 08:03 6161180                    /usr/lib/jvm/java-7-openjdk-amd64/jre/lib/charsets.jar
7f805d557000-7f805d55a000 ---p 00000000 00:00 0 
7f805d55a000-7f805d658000 rw-p 00000000 00:00 0                          [stack:28747]
7f805d658000-7f805d668000 r--s 000a8000 08:03 43102                      /home/zerr/.m2/repository/org/apache/commons/commons-collections4/4.1/commons-collections4-4.1.jar
7f805d668000-7f805d670000 r--s 00048000 08:03 8530998                    /home/zerr/.m2/repository/org/openimaj/clustering/1.3.1/clustering-1.3.1.jar
7f805d670000-7f805d672000 r--s 0000d000 08:03 8531002                    /home/zerr/.m2/repository/tw/edu/ntu/csie/libsvm/3.1/libsvm-3.1.jar
7f805d672000-7f805d674000 r--s 00017000 08:03 8531050                    /home/zerr/.m2/repository/de/bwaldvogel/liblinear-dense/1.92/liblinear-dense-1.92.jar
7f805d674000-7f805d67b000 r--s 00045000 08:03 8530938                    /home/zerr/.m2/repository/org/openimaj/nearest-neighbour/1.3.1/nearest-neighbour-1.3.1.jar
7f805d67b000-7f805d67d000 r--s 00003000 08:03 8531048                    /home/zerr/.m2/repository/org/bethecoder/ascii-table/1.0/ascii-table-1.0.jar
7f805d67d000-7f805d68b000 r--s 000b0000 08:03 8530988                    /home/zerr/.m2/repository/org/codehaus/jackson/jackson-mapper-asl/1.9.4/jackson-mapper-asl-1.9.4.jar
7f805d68b000-7f805d68f000 r--s 00034000 08:03 8530986                    /home/zerr/.m2/repository/org/codehaus/jackson/jackson-core-asl/1.9.4/jackson-core-asl-1.9.4.jar
7f805d68f000-7f805d69f000 r--s 000c4000 08:03 8530972                    /home/zerr/.m2/repository/org/codehaus/castor/castor/1.2/castor-1.2.jar
7f805d69f000-7f805d6c3000 r--s 00341000 08:03 8530970                    /home/zerr/.m2/repository/eclipse/jdtcore/3.1.0/jdtcore-3.1.0.jar
7f805d6c3000-7f805d6cb000 r--s 00028000 08:03 8531619                    /home/zerr/.m2/repository/xml-apis/xml-apis/1.3.02/xml-apis-1.3.02.jar
7f805d6cb000-7f805d6cf000 r--s 0002b000 08:03 8530968                    /home/zerr/.m2/repository/org/bouncycastle/bcmail-jdk14/1.38/bcmail-jdk14-1.38.jar
7f805d6cf000-7f805d6f0000 r--s 0015a000 08:03 8530966                    /home/zerr/.m2/repository/org/bouncycastle/bcprov-jdk14/1.38/bcprov-jdk14-1.38.jar
7f805d6f0000-7f805d6f1000 r--s 00005000 08:03 8530964                    /home/zerr/.m2/repository/org/bouncycastle/bctsp-jdk14/1.38/bctsp-jdk14-1.38.jar
7f805d6f1000-7f805d712000 r--s 0015a000 08:03 8530962                    /home/zerr/.m2/repository/bouncycastle/bcprov-jdk14/138/bcprov-jdk14-138.jar
7f805d712000-7f805d716000 r--s 0002b000 08:03 8530960                    /home/zerr/.m2/repository/bouncycastle/bcmail-jdk14/138/bcmail-jdk14-138.jar
7f805d716000-7f805d722000 r--s 00108000 08:03 8530958                    /home/zerr/.m2/repository/com/lowagie/itext/2.1.7/itext-2.1.7.jar
7f805d722000-7f805d728000 r--s 0002b000 08:03 8530956                    /home/zerr/.m2/repository/commons-digester/commons-digester/2.1/commons-digester-2.1.jar
7f805d728000-7f805d72e000 r--s 00023000 08:03 8419869                    /home/zerr/.m2/repository/commons-collections/commons-collections/2.1/commons-collections-2.1.jar
7f805d72e000-7f805d733000 r--s 00034000 08:03 8789652                    /home/zerr/.m2/repository/commons-beanutils/commons-beanutils/1.8.0/commons-beanutils-1.8.0.jar
7f805d733000-7f805d778000 r--s 00383000 08:03 8530954                    /home/zerr/.m2/repository/net/sf/jasperreports/jasperreports/4.6.0/jasperreports-4.6.0.jar
7f805d778000-7f805d782000 r--s 0006e000 08:03 8530952                    /home/zerr/.m2/repository/jfree/jcommon/1.0.16/jcommon-1.0.16.jar
7f805d782000-7f805d793000 r--s 0014c000 08:03 8530950                    /home/zerr/.m2/repository/jfree/jfreechart/1.0.13/jfreechart-1.0.13.jar
7f805d793000-7f805d795000 r--s 00005000 08:03 8530948                    /home/zerr/.m2/repository/com/googlecode/jatl/jatl/0.2.1/jatl-0.2.1.jar
7f805d795000-7f805d7a8000 r--s 000df000 08:03 8414909                    /home/zerr/.m2/repository/org/apache/commons/commons-math/2.2/commons-math-2.2.jar
7f805d7a8000-7f805d7a9000 r--s 00005000 08:03 8530946                    /home/zerr/.m2/repository/org/openimaj/IREval/1.3.1/IREval-1.3.1.jar
7f805d7a9000-7f805d7af000 r--s 00023000 08:03 8530944                    /home/zerr/.m2/repository/org/openimaj/core-experiment/1.3.1/core-experiment-1.3.1.jar
7f805d7af000-7f805d7d2000 r--s 001ba000 08:03 8414841                    /home/zerr/.m2/repository/org/apache/commons/commons-math3/3.3/commons-math3-3.3.jar
7f805d7d2000-7f805d7d4000 r--s 00010000 08:03 8531040                    /home/zerr/.m2/repository/net/sourceforge/jmatio/jmatio/1.2/jmatio-1.2.jar
7f805d7d4000-7f805d7f1000 r--s 00139000 08:03 8530920                    /home/zerr/.m2/repository/gov/sandia/foundry/gov-sandia-cognition-learning-core/3.3.0/gov-sandia-cognition-learning-core-3.3.0.jar
7f805d7f1000-7f805d7fd000 r--s 0006a000 08:03 8788410                    /home/zerr/.m2/repository/com/thoughtworks/xstream/xstream/1.4.3/xstream-1.4.3.jar
7f805d7fd000-7f805d805000 r--s 00049000 08:03 8530916                    /home/zerr/.m2/repository/gov/sandia/foundry/gov-sandia-cognition-common-core/3.3.0/gov-sandia-cognition-common-core-3.3.0.jar
7f805d805000-7f805d807000 r--s 00008000 08:03 8530914                    /home/zerr/.m2/repository/org/openimaj/MatrixLib/1.3.1/MatrixLib-1.3.1.jar
7f805d807000-7f805d80e000 r--s 00034000 08:03 8531038                    /home/zerr/.m2/repository/jgrapht/jgrapht/0.8.2/jgrapht-0.8.2.jar
7f805d80e000-7f805d80f000 r--s 00006000 08:03 8531036                    /home/zerr/.m2/repository/net/sf/jafama/JaFaMa/1.2/JaFaMa-1.2.jar
7f805d80f000-7f805d821000 r--s 00112000 08:03 8530912                    /home/zerr/.m2/repository/net/sourceforge/f2j/arpack_combined_all/0.1/arpack_combined_all-0.1.jar
7f805d821000-7f805d823000 r--s 0001f000 08:03 8530910                    /home/zerr/.m2/repository/com/googlecode/netlib-java/netlib-java/0.9.3/netlib-java-0.9.3.jar
7f805d823000-7f805d829000 r--s 00095000 08:03 8530908                    /home/zerr/.m2/repository/com/googlecode/matrix-toolkits-java/mtj/0.9.14/mtj-0.9.14.jar
7f805d829000-7f805d82d000 r--s 0001e000 08:03 8530906                    /home/zerr/.m2/repository/org/la4j/la4j/0.4.0/la4j-0.4.0.jar
7f805d82d000-7f805d82f000 r--s 00007000 08:03 8531034                    /home/zerr/.m2/repository/jama/jama/1.0.2/jama-1.0.2.jar
7f805d82f000-7f805d836000 r--s 00050000 08:03 8530904                    /home/zerr/.m2/repository/org/openimaj/core-math/1.3.1/core-math-1.3.1.jar
7f805d836000-7f805d83d000 r--s 00041000 08:03 8530936                    /home/zerr/.m2/repository/org/openimaj/core-feature/1.3.1/core-feature-1.3.1.jar
7f805d83d000-7f805d84d000 r--s 0007c000 08:03 8438122                    /home/zerr/.m2/repository/joda-time/joda-time/2.1/joda-time-2.1.jar
7f805d84d000-7f805d855000 r--s 00044000 08:03 8531000                    /home/zerr/.m2/repository/org/openimaj/machine-learning/1.3.1/machine-learning-1.3.1.jar
7f805d855000-7f805d85b000 r--s 00037000 08:03 8531400                    /home/zerr/.m2/repository/ch/qos/logback/logback-classic/1.0.0/logback-classic-1.0.0.jar
7f805d85b000-7f805d863000 r--s 00049000 08:03 8531398                    /home/zerr/.m2/repository/ch/qos/logback/logback-core/1.0.0/logback-core-1.0.0.jar
7f805d863000-7f805d864000 r--s 00008000 08:03 8531396                    /home/zerr/.m2/repository/commons-cli/commons-cli/1.1/commons-cli-1.1.jar
7f805d864000-7f805d866000 r--s 00005000 08:03 8415029                    /home/zerr/.m2/repository/org/slf4j/slf4j-api/1.6.4/slf4j-api-1.6.4.jar
7f805d866000-7f805d86d000 r--s 02511000 08:03 8531423                    /home/zerr/.m2/repository/xuggle/xuggle-xuggler-lgpl/5.5-20140728/xuggle-xuggler-lgpl-5.5-20140728.jar
7f805d86d000-7f805d86f000 r--s 00004000 08:03 8531394                    /home/zerr/.m2/repository/org/openimaj/xuggle-video/1.3.1/xuggle-video-1.3.1.jar
7f805d86f000-7f805d871000 r--s 00007000 08:03 8531392                    /home/zerr/.m2/repository/org/openimaj/video-processing/1.3.1/video-processing-1.3.1.jar
7f805d871000-7f805d873000 r--s 00007000 08:03 8530994                    /home/zerr/.m2/repository/org/openimaj/content/animation/1.3.1/animation-1.3.1.jar
7f805d873000-7f805d875000 r--s 00008000 08:03 8530992                    /home/zerr/.m2/repository/org/openimaj/core-audio/1.3.1/core-audio-1.3.1.jar
7f805d875000-7f805d877000 r--s 0001e000 08:03 8530990                    /home/zerr/.m2/repository/org/openimaj/core-video/1.3.1/core-video-1.3.1.jar
7f805d877000-7f805d886000 r--s 000e1000 08:03 8531412                    /home/zerr/.m2/repository/com/google/android/tools/dx/1.7/dx-1.7.jar
7f805d886000-7f805d890000 r--s 000f1000 08:03 8439245                    /home/zerr/.m2/repository/com/nativelibs4java/bridj/0.7-20140918/bridj-0.7-20140918.jar
7f805d890000-7f805d892000 r--s 00025000 08:03 8531410                    /home/zerr/.m2/repository/org/openimaj/core-video-capture/1.3.1/core-video-capture-1.3.1.jar
7f805d892000-7f805d893000 r--s 0008b000 08:03 8531408                    /home/zerr/.m2/repository/org/openimaj/FaceTracker/1.3.1/FaceTracker-1.3.1.jar
7f805d893000-7f805d894000 r--s 00001000 08:03 8530918                    /home/zerr/.m2/repository/xmlpull/xmlpull/1.1.3.1/xmlpull-1.1.3.1.jar
7f805d894000-7f805d896000 r--s 00005000 08:03 8789746                    /home/zerr/.m2/repository/xpp3/xpp3_min/1.1.4c/xpp3_min-1.1.4c.jar
7f805d896000-7f805d899000 r--s 00214000 08:03 8531406                    /home/zerr/.m2/repository/org/openimaj/object-detection/1.3.1/object-detection-1.3.1.jar
7f805d899000-7f805d89b000 r--s 00096000 08:03 8531404                    /home/zerr/.m2/repository/org/openimaj/klt-tracker/1.3.1/klt-tracker-1.3.1.jar
7f805d89b000-7f805d8a1000 r--s 0003b000 08:03 8530940                    /home/zerr/.m2/repository/org/openimaj/image-feature-extraction/1.3.1/image-feature-extraction-1.3.1.jar
7f805d8a1000-7f805d8a7000 r--s 0003c000 08:03 8531418                    /home/zerr/.m2/repository/org/openimaj/image-local-features/1.3.1/image-local-features-1.3.1.jar
7f805d8a7000-7f805d8b3000 r--s 000b0000 08:03 8530996                    /home/zerr/.m2/repository/org/openimaj/JTransforms/1.3.1/JTransforms-1.3.1.jar
7f805d8b3000-7f805d8ba000 r--s 00040000 08:03 8530942                    /home/zerr/.m2/repository/org/openimaj/image-processing/1.3.1/image-processing-1.3.1.jar
7f805d8ba000-7f805d8c0000 r--s 0026a000 08:03 8531402                    /home/zerr/.m2/repository/org/openimaj/faces/1.3.1/faces-1.3.1.jar
7f805d8c0000-7f805d8c1000 r--s 00000000 08:03 8542429                    /home/zerr/.m2/repository/org/openimaj/processing-core/1.3.1/processing-core-1.3.1.jar
7f805d8c1000-7f805d8c3000 r--s 0000c000 08:03 8530866                    /home/zerr/.m2/repository/args4j/args4j/2.0.16/args4j-2.0.16.jar
7f805d8c3000-7f805d8c6000 r--s 00011000 08:03 8530934                    /home/zerr/.m2/repository/com/twelvemonkeys/common/common-image/3.0-rc5/common-image-3.0-rc5.jar
7f805d8c6000-7f805d8ca000 r--s 00018000 08:03 8530932                    /home/zerr/.m2/repository/com/twelvemonkeys/common/common-lang/3.0-rc5/common-lang-3.0-rc5.jar
7f805d8ca000-7f805d8cd000 r--s 00013000 08:03 8530930                    /home/zerr/.m2/repository/com/twelvemonkeys/common/common-io/3.0-rc5/common-io-3.0-rc5.jar
7f805d8cd000-7f805d8d0000 r--s 0000c000 08:03 8530928                    /home/zerr/.m2/repository/com/twelvemonkeys/imageio/imageio-metadata/3.0-rc5/imageio-metadata-3.0-rc5.jar
7f805d8d0000-7f805d8d3000 r--s 00009000 08:03 8530926                    /home/zerr/.m2/repository/com/twelvemonkeys/imageio/imageio-core/3.0-rc5/imageio-core-3.0-rc5.jar
7f805d8d3000-7f805d8d5000 r--s 0000b000 08:03 8530924                    /home/zerr/.m2/repository/com/twelvemonkeys/imageio/imageio-jpeg/3.0-rc5/imageio-jpeg-3.0-rc5.jar
7f805d8d5000-7f805d8d9000 r--s 0003c000 08:03 8531046                    /home/zerr/.m2/repository/com/sun/media/jai-codec/1.1.3/jai-codec-1.1.3.jar
7f805d8d9000-7f805d8ed000 r--s 001bd000 08:03 8531044                    /home/zerr/.m2/repository/javax/media/jai-core/1.1.3/jai-core-1.1.3.jar
7f805d8ed000-7f805d8f0000 r--s 0000a000 08:03 8531042                    /home/zerr/.m2/repository/com/caffeineowl/graphics/BezierUtils/1.0.0/BezierUtils-1.0.0.jar
7f805d8f0000-7f805d8fa000 r--s 00072000 08:03 8530922                    /home/zerr/.m2/repository/org/apache/sanselan/sanselan/0.97-incubator/sanselan-0.97-incubator.jar
7f805d8fa000-7f805d8fe000 r--s 00035000 08:03 8531030                    /home/zerr/.m2/repository/com/aetrion/flickr/flickrapi/1.2ss.1/flickrapi-1.2ss.1.jar
7f805d8fe000-7f805d8ff000 r--s 00001000 08:03 8531028                    /home/zerr/.m2/repository/uk/ac/ed/ph/snuggletex/snuggletex-jeuclid/1.2.2/snuggletex-jeuclid-1.2.2.jar
7f805d8ff000-7f805d901000 r--s 0001e000 08:03 8531026                    /home/zerr/.m2/repository/net/sf/saxon/saxon9-dom/9.1.0.8/saxon9-dom-9.1.0.8.jar
7f805d901000-7f805d91c000 r--s 004b6000 08:03 8531024                    /home/zerr/.m2/repository/net/sf/saxon/saxon9/9.1.0.8/saxon9-9.1.0.8.jar
7f805d91c000-7f805d91e000 r--s 0000e000 08:03 8531022                    /home/zerr/.m2/repository/uk/ac/ed/ph/snuggletex/snuggletex-upconversion/1.2.2/snuggletex-upconversion-1.2.2.jar
7f805d91e000-7f805d924000 r--s 00040000 08:03 8531020                    /home/zerr/.m2/repository/uk/ac/ed/ph/snuggletex/snuggletex-core/1.2.2/snuggletex-core-1.2.2.jar
7f805d924000-7f805d92e000 r--s 00075000 08:03 8439412                    /home/zerr/.m2/repository/org/apache/xmlgraphics/xmlgraphics-commons/1.3.1/xmlgraphics-commons-1.3.1.jar
7f805d92e000-7f805d933000 r--s 00010000 08:03 8439399                    /home/zerr/.m2/repository/xml-apis/xml-apis-ext/1.3.04/xml-apis-ext-1.3.04.jar
7f805d933000-7f805d936000 r--s 0001d000 08:03 8439391                    /home/zerr/.m2/repository/org/apache/xmlgraphics/batik-util/1.7/batik-util-1.7.jar
7f805d936000-7f805d938000 r--s 00010000 08:03 8439385                    /home/zerr/.m2/repository/org/apache/xmlgraphics/batik-parser/1.7/batik-parser-1.7.jar
7f805d938000-7f805d939000 r--s 00002000 08:03 8439377                    /home/zerr/.m2/repository/org/apache/xmlgraphics/batik-ext/1.7/batik-ext-1.7.jar
7f805d939000-7f805d93a000 r--s 00007000 08:03 8439354                    /home/zerr/.m2/repository/org/apache/xmlgraphics/batik-xml/1.7/batik-xml-1.7.jar
7f805d93a000-7f805d93e000 r--s 00027000 08:03 8439331                    /home/zerr/.m2/repository/org/apache/xmlgraphics/batik-dom/1.7/batik-dom-1.7.jar
7f805d93e000-7f805d945000 r--s 00045000 08:03 8439324                    /home/zerr/.m2/repository/org/apache/xmlgraphics/batik-css/1.7/batik-css-1.7.jar
7f805d945000-7f805d94d000 r--s 0005b000 08:03 8439311                    /home/zerr/.m2/repository/org/apache/xmlgraphics/batik-awt-util/1.7/batik-awt-util-1.7.jar
7f805d94d000-7f805d950000 r--s 00015000 08:03 8439303                    /home/zerr/.m2/repository/org/apache/xmlgraphics/batik-anim/1.7/batik-anim-1.7.jar
7f805d950000-7f805d95d000 r--s 00086000 08:03 8439287                    /home/zerr/.m2/repository/org/apache/xmlgraphics/batik-svg-dom/1.7/batik-svg-dom-1.7.jar
7f805d95d000-7f805d966000 r--s 00072000 08:03 8439266                    /home/zerr/.m2/repository/net/sourceforge/jeuclid/jeuclid-core/3.1.9/jeuclid-core-3.1.9.jar
7f805d966000-7f805d968000 r--s 0000d000 08:03 8435011                    /home/zerr/.m2/repository/net/billylieurance/azuresearch/azure-bing-search-java/0.12.0/azure-bing-search-java-0.12.0.jar
7f805d968000-7f805d975000 r--s 00095000 08:03 8439259                    /home/zerr/.m2/repository/org/openimaj/core-image/1.3.1/core-image-1.3.1.jar
7f805d975000-7f805d977000 r--s 00004000 08:03 8439257                    /home/zerr/.m2/repository/org/openimaj/ImprovedArgs4J/1.3.1/ImprovedArgs4J-1.3.1.jar
7f805d977000-7f805d978000 r--s 00001000 08:03 8542427                    /home/zerr/.m2/repository/org/openimaj/processing/1.3.1/processing-1.3.1.jar
7f805d978000-7f805d97e000 r--s 00032000 08:03 8440062                    /home/zerr/.m2/repository/org/apache/httpcomponents/httpcore/4.2.4/httpcore-4.2.4.jar
7f805d97e000-7f805d987000 r--s 00061000 08:03 8440054                    /home/zerr/.m2/repository/org/apache/httpcomponents/httpclient/4.2.5/httpclient-4.2.5.jar
7f805d987000-7f805d9a5000 r--s 001bd000 08:03 8530900                    /home/zerr/.m2/repository/org/apache/ant/ant/1.8.4/ant-1.8.4.jar
7f805d9a5000-7f805d9a8000 r--s 00020000 08:03 8531032                    /home/zerr/.m2/repository/vigna/dsi/unimi/it/jal/20031117/jal-20031117.jar
7f805d9a8000-7f805d9aa000 r--s 00007000 08:03 8413944                    /home/zerr/.m2/repository/org/objenesis/objenesis/1.2/objenesis-1.2.jar
7f805d9aa000-7f805d9ac000 r--s 00000000 08:03 8413942                    /home/zerr/.m2/repository/com/esotericsoftware/minlog/minlog/1.2/minlog-1.2.jar
7f805d9ac000-7f805d9ae000 r--s 0000a000 08:03 8413939                    /home/zerr/.m2/repository/org/ow2/asm/asm/4.0/asm-4.0.jar
7f805d9ae000-7f805d9b0000 r--s 0000f000 08:03 8413937                    /home/zerr/.m2/repository/com/esotericsoftware/reflectasm/reflectasm/1.07/reflectasm-1.07-shaded.jar
7f805d9b0000-7f805d9b6000 r--s 00053000 08:03 8413935                    /home/zerr/.m2/repository/com/esotericsoftware/kryo/kryo/2.21/kryo-2.21.jar
7f805d9b6000-7f805d9bc000 r--s 00045000 08:03 8414028                    /home/zerr/.m2/repository/commons-httpclient/commons-httpclient/3.1/commons-httpclient-3.1.jar
7f805d9bc000-7f805d9be000 r--s 00005000 08:03 8530898                    /home/zerr/.m2/repository/regexp/regexp/1.3/regexp-1.3.jar
7f805d9be000-7f805d9c0000 r--s 00008000 08:03 8530896                    /home/zerr/.m2/repository/org/apache/maven/scm/maven-scm-provider-svn-commons/1.4/maven-scm-provider-svn-commons-1.4.jar
7f805d9c0000-7f805d9c3000 r--s 0000f000 08:03 8530894                    /home/zerr/.m2/repository/org/apache/maven/scm/maven-scm-provider-svnexe/1.4/maven-scm-provider-svnexe-1.4.jar
7f805d9c3000-7f805d9c8000 r--s 00039000 08:03 8439718                    /home/zerr/.m2/repository/org/codehaus/plexus/plexus-utils/1.5.6/plexus-utils-1.5.6.jar
7f805d9c8000-7f805d9cc000 r--s 00014000 08:03 8530892                    /home/zerr/.m2/repository/org/apache/maven/scm/maven-scm-api/1.4/maven-scm-api-1.4.jar
7f805d9cc000-7f805d9ce000 r--s 0000d000 08:03 8415030                    /home/zerr/.m2/repository/commons-logging/commons-logging/1.1.1/commons-logging-1.1.1.jar
7f805d9ce000-7f805d9d7000 r--s 0005d000 08:03 8530890                    /home/zerr/.m2/repository/org/apache/commons/commons-vfs2/2.0/commons-vfs2-2.0.jar
7f805d9d7000-7f805d9db000 r--s 00027000 08:03 8530888                    /home/zerr/.m2/repository/commons-io/commons-io/2.2/commons-io-2.2.jar
7f805d9db000-7f805d9e0000 r--s 00041000 08:03 8415028                    /home/zerr/.m2/repository/commons-lang/commons-lang/2.6/commons-lang-2.6.jar
7f805d9e0000-7f805d9e7000 r--s 00053000 08:03 8443831                    /home/zerr/.m2/repository/log4j/log4j/1.2.14/log4j-1.2.14.jar
7f805d9e7000-7f805d9ee000 r--s 00028000 08:03 8530886                    /home/zerr/.m2/repository/concurrent/concurrent/1.3.4/concurrent-1.3.4.jar
7f805d9ee000-7f805d9fc000 r--s 00081000 08:03 8530884                    /home/zerr/.m2/repository/colt/colt/1.2.0/colt-1.2.0.jar
7f805d9fc000-7f805da25000 r--s 001ee000 08:03 8530882                    /home/zerr/.m2/repository/com/google/guava/guava/14.0.1/guava-14.0.1.jar
7f805da25000-7f805da4c000 r--s 00241000 08:03 8530880                    /home/zerr/.m2/repository/net/sf/trove4j/trove4j/3.0.2/trove4j-3.0.2.jar
7f805da4c000-7f805da4f000 r--s 00010000 08:03 8530876                    /home/zerr/.m2/repository/org/jbibtex/jbibtex/1.0.2/jbibtex-1.0.2.jar
7f805da4f000-7f805da58000 r--s 00095000 08:03 8530874                    /home/zerr/.m2/repository/javassist/javassist/3.12.1.GA/javassist-3.12.1.GA.jar
7f805da58000-7f805da5a000 r--s 00002000 08:03 8530872                    /home/zerr/.m2/repository/org/openimaj/core-aop-support/1.3.1/core-aop-support-1.3.1.jar
7f805da5a000-7f805da6b000 r--s 000ac000 08:03 8530868                    /home/zerr/.m2/repository/org/openimaj/core/1.3.1/core-1.3.1.jar
7f805da6b000-7f805da6e000 r--s 0001e000 08:03 8792368                    /home/zerr/.m2/repository/org/knallgrau/utils/textcat/1.0.1/textcat-1.0.1.jar
7f805da6e000-7f805da6f000 r--s 00004000 08:03 8530902                    /home/zerr/.m2/repository/org/apache/ant/ant-launcher/1.8.4/ant-launcher-1.8.4.jar
7f805da6f000-7f805da70000 r--s 00006000 08:03 8530870                    /home/zerr/.m2/repository/org/openimaj/core-citation/1.3.1/core-citation-1.3.1.jar
7f805da70000-7f805da73000 r--s 00021000 08:03 39361                      /home/zerr/.m2/repository/org/apache/logging/log4j/log4j-api/2.5/log4j-api-2.5.jar
7f805da73000-7f805da8b000 r--s 000f7000 08:03 39359                      /home/zerr/.m2/repository/org/apache/logging/log4j/log4j-core/2.5/log4j-core-2.5.jar
7f805da8b000-7f805da8d000 r--s 00216000 08:03 42514                      /home/zerr/.m2/repository/sz/ImagePrivacyFeatures/ImagePrivacyFeatures/0.0.1-SNAPSHOT/ImagePrivacyFeatures-0.0.1-SNAPSHOT.jar
7f805da8d000-7f805da92000 r--s 0005d000 08:03 42555                      /home/zerr/.m2/repository/sz/image/classification/0.0.1-SNAPSHOT/classification-0.0.1-SNAPSHOT.jar
7f805da92000-7f805dad0000 r--s 0025d000 08:03 8417968                    /home/zerr/.m2/repository/org/apache/xmlbeans/xmlbeans/2.6.0/xmlbeans-2.6.0.jar
7f805dad0000-7f805db90000 r--s 004e6000 08:03 8537421                    /home/zerr/.m2/repository/org/apache/poi/poi-ooxml-schemas/3.14/poi-ooxml-schemas-3.14.jar
7f805db90000-7f805db91000 ---p 00000000 00:00 0 
7f805db91000-7f805dc91000 rw-p 00000000 00:00 0                          [stack:28746]
7f805dc91000-7f805dc94000 ---p 00000000 00:00 0 
7f805dc94000-7f805dd92000 rw-p 00000000 00:00 0                          [stack:28745]
7f805dd92000-7f805dd95000 ---p 00000000 00:00 0 
7f805dd95000-7f805de93000 rw-p 00000000 00:00 0                          [stack:28744]
7f805de93000-7f805de96000 ---p 00000000 00:00 0 
7f805de96000-7f805df94000 rw-p 00000000 00:00 0                          [stack:28743]
7f805df94000-7f805df97000 ---p 00000000 00:00 0 
7f805df97000-7f805e095000 rw-p 00000000 00:00 0                          [stack:28740]
7f805e095000-7f805e098000 ---p 00000000 00:00 0 
7f805e098000-7f805e196000 rw-p 00000000 00:00 0                          [stack:28739]
7f805e196000-7f805e199000 ---p 00000000 00:00 0 
7f805e199000-7f805e297000 rw-p 00000000 00:00 0                          [stack:28736]
7f805e297000-7f805e29b000 r-xp 00000000 08:03 6161194                    /usr/lib/jvm/java-7-openjdk-amd64/jre/lib/amd64/libdt_socket.so
7f805e29b000-7f805e49a000 ---p 00004000 08:03 6161194                    /usr/lib/jvm/java-7-openjdk-amd64/jre/lib/amd64/libdt_socket.so
7f805e49a000-7f805e49b000 r--p 00003000 08:03 6161194                    /usr/lib/jvm/java-7-openjdk-amd64/jre/lib/amd64/libdt_socket.so
7f805e49b000-7f805e49c000 rw-p 00004000 08:03 6161194                    /usr/lib/jvm/java-7-openjdk-amd64/jre/lib/amd64/libdt_socket.so
7f805e49c000-7f805e49f000 ---p 00000000 00:00 0 
7f805e49f000-7f805e59d000 rw-p 00000000 00:00 0                          [stack:28734]
7f805e59d000-7f805e5a0000 ---p 00000000 00:00 0 
7f805e5a0000-7f805e69e000 rw-p 00000000 00:00 0                          [stack:28730]
7f805e69e000-7f805e6a1000 ---p 00000000 00:00 0 
7f805e6a1000-7f805e79f000 rw-p 00000000 00:00 0                          [stack:28729]
7f805e79f000-7f805e7a0000 ---p 00000000 00:00 0 
7f805e7a0000-7f8060000000 rw-p 00000000 00:00 0                          [stack:28728]
7f8060000000-7f8060021000 rw-p 00000000 00:00 0 
7f8060021000-7f8064000000 ---p 00000000 00:00 0 
7f8064000000-7f8064002000 r--s 0001a000 08:03 42538                      /home/zerr/.m2/repository/sz/libsvmclassification/libsvmclassification/0.0.1-SNAPSHOT/libsvmclassification-0.0.1-SNAPSHOT.jar
7f8064002000-7f8064007000 r--s 00029000 08:03 8440117                    /home/zerr/.m2/repository/sz/utils/SZUtils/0.0.1-SNAPSHOT/SZUtils-0.0.1-SNAPSHOT.jar
7f8064007000-7f806400d000 r--s 00047000 08:03 8789601                    /home/zerr/.m2/repository/org/jsoup/jsoup/1.8.3/jsoup-1.8.3.jar
7f806400d000-7f8064014000 r--s 00064000 08:03 8537521                    /home/zerr/.m2/repository/org/apache/commons/commons-lang3/3.4/commons-lang3-3.4.jar
7f8064014000-7f8064025000 r--s 0012a000 08:03 8537392                    /home/zerr/.m2/repository/org/apache/poi/poi-ooxml/3.14/poi-ooxml-3.14.jar
7f8064025000-7f806404f000 r--s 00240000 08:03 8537437                    /home/zerr/.m2/repository/org/apache/poi/poi/3.14/poi-3.14.jar
7f806404f000-7f806433f000 rw-p 00000000 00:00 0 
7f806433f000-7f80644f1000 r--s 01d2e000 08:03 6161175                    /usr/lib/jvm/java-7-openjdk-amd64/jre/lib/rt.jar
7f80644f1000-7f8064652000 rw-p 00000000 00:00 0 
7f8064652000-7f8064653000 ---p 00000000 00:00 0 
7f8064653000-7f8064753000 rw-p 00000000 00:00 0                          [stack:28727]
7f8064753000-7f8064754000 ---p 00000000 00:00 0 
7f8064754000-7f8064854000 rw-p 00000000 00:00 0                          [stack:28726]
7f8064854000-7f8064855000 ---p 00000000 00:00 0 
7f8064855000-7f8064c04000 rw-p 00000000 00:00 0                          [stack:28725]
7f8064c04000-7f8065000000 rw-p 00000000 00:00 0 
7f8065000000-7f8065270000 rwxp 00000000 00:00 0 
7f8065270000-7f8068c65000 rw-p 00000000 00:00 0 
7f8068c65000-7f806c000000 ---p 00000000 00:00 0 
7f806c000000-7f806c001000 r--s 0000a000 08:03 42333                      /home/zerr/.m2/repository/sz/svmlightclassification/svmlightclassification/0.0.1-SNAPSHOT/svmlightclassification-0.0.1-SNAPSHOT.jar
7f806c001000-7f806c008000 r--s 0003f000 08:03 8537439                    /home/zerr/.m2/repository/commons-codec/commons-codec/1.10/commons-codec-1.10.jar
7f806c008000-7f806c009000 ---p 00000000 00:00 0 
7f806c009000-7f806c114000 rw-p 00000000 00:00 0                          [stack:28724]
7f806c114000-7f806c15c000 rw-p 00000000 00:00 0 
7f806c15c000-7f806c167000 rw-p 00000000 00:00 0 
7f806c167000-7f806c1af000 rw-p 00000000 00:00 0 
7f806c1af000-7f806c45e000 rw-p 00000000 00:00 0 
7f806c45e000-7f806c859000 rw-p 00000000 00:00 0 
7f806c859000-7f806cbaf000 rw-p 00000000 00:00 0 
7f806cbaf000-7f806cbb0000 rw-p 00000000 00:00 0 
7f806cbb0000-7f806cbb8000 r-xp 00000000 08:03 6161193                    /usr/lib/jvm/java-7-openjdk-amd64/jre/lib/amd64/libzip.so
7f806cbb8000-7f806cdb7000 ---p 00008000 08:03 6161193                    /usr/lib/jvm/java-7-openjdk-amd64/jre/lib/amd64/libzip.so
7f806cdb7000-7f806cdb8000 r--p 00007000 08:03 6161193                    /usr/lib/jvm/java-7-openjdk-amd64/jre/lib/amd64/libzip.so
7f806cdb8000-7f806cdb9000 rw-p 00008000 08:03 6161193                    /usr/lib/jvm/java-7-openjdk-amd64/jre/lib/amd64/libzip.so
7f806cdb9000-7f806cdc4000 r-xp 00000000 08:03 263049                     /lib/x86_64-linux-gnu/libnss_files-2.19.so
7f806cdc4000-7f806cfc3000 ---p 0000b000 08:03 263049                     /lib/x86_64-linux-gnu/libnss_files-2.19.so
7f806cfc3000-7f806cfc4000 r--p 0000a000 08:03 263049                     /lib/x86_64-linux-gnu/libnss_files-2.19.so
7f806cfc4000-7f806cfc5000 rw-p 0000b000 08:03 263049                     /lib/x86_64-linux-gnu/libnss_files-2.19.so
7f806cfc5000-7f806cfcf000 r-xp 00000000 08:03 263053                     /lib/x86_64-linux-gnu/libnss_nis-2.19.so
7f806cfcf000-7f806d1ce000 ---p 0000a000 08:03 263053                     /lib/x86_64-linux-gnu/libnss_nis-2.19.so
7f806d1ce000-7f806d1cf000 r--p 00009000 08:03 263053                     /lib/x86_64-linux-gnu/libnss_nis-2.19.so
7f806d1cf000-7f806d1d0000 rw-p 0000a000 08:03 263053                     /lib/x86_64-linux-gnu/libnss_nis-2.19.so
7f806d1d0000-7f806d1e5000 r-xp 00000000 08:03 263041                     /lib/x86_64-linux-gnu/libnsl-2.19.so
7f806d1e5000-7f806d3e4000 ---p 00015000 08:03 263041                     /lib/x86_64-linux-gnu/libnsl-2.19.so
7f806d3e4000-7f806d3e5000 r--p 00014000 08:03 263041                     /lib/x86_64-linux-gnu/libnsl-2.19.so
7f806d3e5000-7f806d3e6000 rw-p 00015000 08:03 263041                     /lib/x86_64-linux-gnu/libnsl-2.19.so
7f806d3e6000-7f806d3e8000 rw-p 00000000 00:00 0 
7f806d3e8000-7f806d3ef000 r-xp 00000000 08:03 263043                     /lib/x86_64-linux-gnu/libnss_compat-2.19.so
7f806d3ef000-7f806d5ee000 ---p 00007000 08:03 263043                     /lib/x86_64-linux-gnu/libnss_compat-2.19.so
7f806d5ee000-7f806d5ef000 r--p 00006000 08:03 263043                     /lib/x86_64-linux-gnu/libnss_compat-2.19.so
7f806d5ef000-7f806d5f0000 rw-p 00007000 08:03 263043                     /lib/x86_64-linux-gnu/libnss_compat-2.19.so
7f806d5f0000-7f806d779000 r--p 00000000 08:03 5508960                    /usr/lib/locale/locale-archive
7f806d779000-7f806d77b000 r-xp 00000000 08:03 6161204                    /usr/lib/jvm/java-7-openjdk-amd64/jre/lib/amd64/libnpt.so
7f806d77b000-7f806d97b000 ---p 00002000 08:03 6161204                    /usr/lib/jvm/java-7-openjdk-amd64/jre/lib/amd64/libnpt.so
7f806d97b000-7f806d97c000 r--p 00002000 08:03 6161204                    /usr/lib/jvm/java-7-openjdk-amd64/jre/lib/amd64/libnpt.so
7f806d97c000-7f806d97d000 rw-p 00003000 08:03 6161204                    /usr/lib/jvm/java-7-openjdk-amd64/jre/lib/amd64/libnpt.so
7f806d97d000-7f806d9b8000 r-xp 00000000 08:03 6161190                    /usr/lib/jvm/java-7-openjdk-amd64/jre/lib/amd64/libjdwp.so
7f806d9b8000-7f806dbb7000 ---p 0003b000 08:03 6161190                    /usr/lib/jvm/java-7-openjdk-amd64/jre/lib/amd64/libjdwp.so
7f806dbb7000-7f806dbb8000 r--p 0003a000 08:03 6161190                    /usr/lib/jvm/java-7-openjdk-amd64/jre/lib/amd64/libjdwp.so
7f806dbb8000-7f806dbb9000 rw-p 0003b000 08:03 6161190                    /usr/lib/jvm/java-7-openjdk-amd64/jre/lib/amd64/libjdwp.so
7f806dbb9000-7f806dbba000 rw-p 00000000 00:00 0 
7f806dbba000-7f806dbe7000 r-xp 00000000 08:03 6161225                    /usr/lib/jvm/java-7-openjdk-amd64/jre/lib/amd64/libjava.so
7f806dbe7000-7f806dde6000 ---p 0002d000 08:03 6161225                    /usr/lib/jvm/java-7-openjdk-amd64/jre/lib/amd64/libjava.so
7f806dde6000-7f806dde7000 r--p 0002c000 08:03 6161225                    /usr/lib/jvm/java-7-openjdk-amd64/jre/lib/amd64/libjava.so
7f806dde7000-7f806dde9000 rw-p 0002d000 08:03 6161225                    /usr/lib/jvm/java-7-openjdk-amd64/jre/lib/amd64/libjava.so
7f806dde9000-7f806ddf8000 r-xp 00000000 08:03 6161189                    /usr/lib/jvm/java-7-openjdk-amd64/jre/lib/amd64/libverify.so
7f806ddf8000-7f806dff7000 ---p 0000f000 08:03 6161189                    /usr/lib/jvm/java-7-openjdk-amd64/jre/lib/amd64/libverify.so
7f806dff7000-7f806dffa000 r--p 0000e000 08:03 6161189                    /usr/lib/jvm/java-7-openjdk-amd64/jre/lib/amd64/libverify.so
7f806dffa000-7f806dffb000 rw-p 00011000 08:03 6161189                    /usr/lib/jvm/java-7-openjdk-amd64/jre/lib/amd64/libverify.so
7f806dffb000-7f806e002000 r-xp 00000000 08:03 263063                     /lib/x86_64-linux-gnu/librt-2.19.so
7f806e002000-7f806e201000 ---p 00007000 08:03 263063                     /lib/x86_64-linux-gnu/librt-2.19.so
7f806e201000-7f806e202000 r--p 00006000 08:03 263063                     /lib/x86_64-linux-gnu/librt-2.19.so
7f806e202000-7f806e203000 rw-p 00007000 08:03 263063                     /lib/x86_64-linux-gnu/librt-2.19.so
7f806e203000-7f806e219000 r-xp 00000000 08:03 262148                     /lib/x86_64-linux-gnu/libgcc_s.so.1
7f806e219000-7f806e418000 ---p 00016000 08:03 262148                     /lib/x86_64-linux-gnu/libgcc_s.so.1
7f806e418000-7f806e419000 rw-p 00015000 08:03 262148                     /lib/x86_64-linux-gnu/libgcc_s.so.1
7f806e419000-7f806e519000 r-xp 00000000 08:03 263035                     /lib/x86_64-linux-gnu/libm-2.19.so
7f806e519000-7f806e718000 ---p 00100000 08:03 263035                     /lib/x86_64-linux-gnu/libm-2.19.so
7f806e718000-7f806e719000 r--p 000ff000 08:03 263035                     /lib/x86_64-linux-gnu/libm-2.19.so
7f806e719000-7f806e71a000 rw-p 00100000 08:03 263035                     /lib/x86_64-linux-gnu/libm-2.19.so
7f806e71a000-7f806e806000 r-xp 00000000 08:03 5509731                    /usr/lib/x86_64-linux-gnu/libstdc++.so.6.0.20
7f806e806000-7f806ea06000 ---p 000ec000 08:03 5509731                    /usr/lib/x86_64-linux-gnu/libstdc++.so.6.0.20
7f806ea06000-7f806ea0e000 r--p 000ec000 08:03 5509731                    /usr/lib/x86_64-linux-gnu/libstdc++.so.6.0.20
7f806ea0e000-7f806ea10000 rw-p 000f4000 08:03 5509731                    /usr/lib/x86_64-linux-gnu/libstdc++.so.6.0.20
7f806ea10000-7f806ea25000 rw-p 00000000 00:00 0 
7f806ea25000-7f806f57b000 r-xp 00000000 08:03 6161200                    /usr/lib/jvm/java-7-openjdk-amd64/jre/lib/amd64/server/libjvm.so
7f806f57b000-7f806f77a000 ---p 00b56000 08:03 6161200                    /usr/lib/jvm/java-7-openjdk-amd64/jre/lib/amd64/server/libjvm.so
7f806f77a000-7f806f819000 r--p 00d55000 08:03 6161200                    /usr/lib/jvm/java-7-openjdk-amd64/jre/lib/amd64/server/libjvm.so
7f806f819000-7f806f83c000 rw-p 00df4000 08:03 6161200                    /usr/lib/jvm/java-7-openjdk-amd64/jre/lib/amd64/server/libjvm.so
7f806f83c000-7f806f869000 rw-p 00000000 00:00 0 
7f806f869000-7f806f883000 r-xp 00000000 08:03 262244                     /lib/x86_64-linux-gnu/libz.so.1.2.8
7f806f883000-7f806fa82000 ---p 0001a000 08:03 262244                     /lib/x86_64-linux-gnu/libz.so.1.2.8
7f806fa82000-7f806fa83000 r--p 00019000 08:03 262244                     /lib/x86_64-linux-gnu/libz.so.1.2.8
7f806fa83000-7f806fa84000 rw-p 0001a000 08:03 262244                     /lib/x86_64-linux-gnu/libz.so.1.2.8
7f806fa84000-7f806fc26000 r-xp 00000000 08:03 263021                     /lib/x86_64-linux-gnu/libc-2.19.so
7f806fc26000-7f806fe25000 ---p 001a2000 08:03 263021                     /lib/x86_64-linux-gnu/libc-2.19.so
7f806fe25000-7f806fe29000 r--p 001a1000 08:03 263021                     /lib/x86_64-linux-gnu/libc-2.19.so
7f806fe29000-7f806fe2b000 rw-p 001a5000 08:03 263021                     /lib/x86_64-linux-gnu/libc-2.19.so
7f806fe2b000-7f806fe2f000 rw-p 00000000 00:00 0 
7f806fe2f000-7f806fe32000 r-xp 00000000 08:03 263031                     /lib/x86_64-linux-gnu/libdl-2.19.so
7f806fe32000-7f8070031000 ---p 00003000 08:03 263031                     /lib/x86_64-linux-gnu/libdl-2.19.so
7f8070031000-7f8070032000 r--p 00002000 08:03 263031                     /lib/x86_64-linux-gnu/libdl-2.19.so
7f8070032000-7f8070033000 rw-p 00003000 08:03 263031                     /lib/x86_64-linux-gnu/libdl-2.19.so
7f8070033000-7f8070040000 r-xp 00000000 08:03 6161191                    /usr/lib/jvm/java-7-openjdk-amd64/jre/lib/amd64/jli/libjli.so
7f8070040000-7f807023f000 ---p 0000d000 08:03 6161191                    /usr/lib/jvm/java-7-openjdk-amd64/jre/lib/amd64/jli/libjli.so
7f807023f000-7f8070240000 r--p 0000c000 08:03 6161191                    /usr/lib/jvm/java-7-openjdk-amd64/jre/lib/amd64/jli/libjli.so
7f8070240000-7f8070241000 rw-p 0000d000 08:03 6161191                    /usr/lib/jvm/java-7-openjdk-amd64/jre/lib/amd64/jli/libjli.so
7f8070241000-7f8070259000 r-xp 00000000 08:03 262711                     /lib/x86_64-linux-gnu/libpthread-2.19.so
7f8070259000-7f8070458000 ---p 00018000 08:03 262711                     /lib/x86_64-linux-gnu/libpthread-2.19.so
7f8070458000-7f8070459000 r--p 00017000 08:03 262711                     /lib/x86_64-linux-gnu/libpthread-2.19.so
7f8070459000-7f807045a000 rw-p 00018000 08:03 262711                     /lib/x86_64-linux-gnu/libpthread-2.19.so
7f807045a000-7f807045e000 rw-p 00000000 00:00 0 
7f807045e000-7f807047e000 r-xp 00000000 08:03 263013                     /lib/x86_64-linux-gnu/ld-2.19.so
7f807047e000-7f807047f000 r--s 00000000 08:03 42508                      /home/zerr/.m2/repository/L3sInterfaces/L3sInterfaces/0.0.1-SNAPSHOT/L3sInterfaces-0.0.1-SNAPSHOT.jar
7f807047f000-7f8070480000 r--s 00007000 08:03 42496                      /home/zerr/.m2/repository/sz/evaluation/curves/curves/0.0.1-SNAPSHOT/curves-0.0.1-SNAPSHOT.jar
7f8070480000-7f8070483000 r--s 00014000 08:03 8537430                    /home/zerr/.m2/repository/com/github/virtuald/curvesapi/1.03/curvesapi-1.03.jar
7f8070483000-7f807048d000 r--s 000e7000 08:03 8522532                    /home/zerr/.m2/repository/mysql/mysql-connector-java/5.1.38/mysql-connector-java-5.1.38.jar
7f807048d000-7f8070497000 rw-p 00000000 00:00 0 
7f8070497000-7f807054d000 rw-p 00000000 00:00 0 
7f807054d000-7f8070550000 ---p 00000000 00:00 0 
7f8070550000-7f8070653000 rw-p 00000000 00:00 0                          [stack:28723]
7f8070653000-7f8070655000 r--s 00005000 08:03 8418003                    /home/zerr/.m2/repository/stax/stax-api/1.0.1/stax-api-1.0.1.jar
7f8070655000-7f8070657000 r--s 00008000 08:03 8455698                    /home/zerr/.m2/repository/org/apache/commons/commons-csv/1.2/commons-csv-1.2.jar
7f8070657000-7f8070659000 r--s 00006000 08:03 5902011                    /usr/share/java/java-atk-wrapper.jar
7f8070659000-7f807065b000 r--s 00012000 08:03 6161183                    /usr/lib/jvm/java-7-openjdk-amd64/jre/lib/ext/zipfs.jar
7f807065b000-7f807065c000 r--s 00002000 08:03 6161185                    /usr/lib/jvm/java-7-openjdk-amd64/jre/lib/ext/dnsns.jar
7f807065c000-7f807065f000 r--s 0000f000 08:03 6161186                    /usr/lib/jvm/java-7-openjdk-amd64/jre/lib/ext/icedtea-sound.jar
7f807065f000-7f8070663000 r--s 00034000 08:03 6161188                    /usr/lib/jvm/java-7-openjdk-amd64/jre/lib/ext/sunjce_provider.jar
7f8070663000-7f8070667000 r--s 00085000 08:03 6161184                    /usr/lib/jvm/java-7-openjdk-amd64/jre/lib/ext/localedata.jar
7f8070667000-7f807066b000 r--s 0003c000 08:03 6161187                    /usr/lib/jvm/java-7-openjdk-amd64/jre/lib/ext/sunpkcs11.jar
7f807066b000-7f8070673000 rw-s 00000000 08:03 6179471                    /tmp/hsperfdata_zerr/28717
7f8070673000-7f807067a000 r--s 00000000 08:03 5561310                    /usr/lib/x86_64-linux-gnu/gconv/gconv-modules.cache
7f807067a000-7f807067b000 rw-p 00000000 00:00 0 
7f807067b000-7f807067c000 ---p 00000000 00:00 0 
7f807067c000-7f807067e000 rw-p 00000000 00:00 0 
7f807067e000-7f807067f000 r--p 00020000 08:03 263013                     /lib/x86_64-linux-gnu/ld-2.19.so
7f807067f000-7f8070680000 rw-p 00021000 08:03 263013                     /lib/x86_64-linux-gnu/ld-2.19.so
7f8070680000-7f8070681000 rw-p 00000000 00:00 0 
7ffc53253000-7ffc53277000 rw-p 00000000 00:00 0                          [stack]
7ffc5334e000-7ffc53350000 r-xp 00000000 00:00 0                          [vdso]
7ffc53350000-7ffc53352000 r--p 00000000 00:00 0                          [vvar]
ffffffffff600000-ffffffffff601000 r-xp 00000000 00:00 0                  [vsyscall]

VM Arguments:
jvm_args: -agentlib:jdwp=transport=dt_socket,suspend=y,address=localhost:59900 -Xmx5G -Dfile.encoding=ANSI_X3.4-1968 
java_command: arff.ARFFWriter
Launcher Type: SUN_STANDARD

Environment Variables:
PATH=/usr/local/bin:/usr/bin:/bin:/usr/local/games:/usr/games
SHELL=/bin/bash
DISPLAY=:0

Signal Handlers:
SIGSEGV: [libjvm.so+0x988580], sa_mask[0]=0x7ffbfeff, sa_flags=0x10000004
SIGBUS: [libjvm.so+0x988580], sa_mask[0]=0x7ffbfeff, sa_flags=0x10000004
SIGFPE: [libjvm.so+0x7f5280], sa_mask[0]=0x7ffbfeff, sa_flags=0x10000004
SIGPIPE: [libjvm.so+0x7f5280], sa_mask[0]=0x7ffbfeff, sa_flags=0x10000004
SIGXFSZ: [libjvm.so+0x7f5280], sa_mask[0]=0x7ffbfeff, sa_flags=0x10000004
SIGILL: [libjvm.so+0x7f5280], sa_mask[0]=0x7ffbfeff, sa_flags=0x10000004
SIGUSR1: SIG_DFL, sa_mask[0]=0x00000000, sa_flags=0x00000000
SIGUSR2: [libjvm.so+0x7f5100], sa_mask[0]=0x00000004, sa_flags=0x10000004
SIGHUP: [libjvm.so+0x7f5300], sa_mask[0]=0x7ffbfeff, sa_flags=0x10000004
SIGINT: [libjvm.so+0x7f5300], sa_mask[0]=0x7ffbfeff, sa_flags=0x10000004
SIGTERM: [libjvm.so+0x7f5300], sa_mask[0]=0x7ffbfeff, sa_flags=0x10000004
SIGQUIT: [libjvm.so+0x7f5300], sa_mask[0]=0x7ffbfeff, sa_flags=0x10000004
SIGTRAP: SIG_DFL, sa_mask[0]=0x00000000, sa_flags=0x00000000


---------------  S Y S T E M  ---------------

OS:8.3

uname:Linux 3.16.0-4-amd64 #1 SMP Debian 3.16.7-ckt20-1+deb8u2 (2016-01-02) x86_64
libc:glibc 2.19 NPTL 2.19 
rlimit: STACK 8192k, CORE 0k, NPROC 63820, NOFILE 65536, AS infinity
load average:1.86 3.41 6.97

/proc/meminfo:
MemTotal:       16355816 kB
MemFree:          188720 kB
MemAvailable:     491532 kB
Buffers:           16036 kB
Cached:           768208 kB
SwapCached:            0 kB
Active:         15244436 kB
Inactive:         544936 kB
Active(anon):   15031168 kB
Inactive(anon):   335232 kB
Active(file):     213268 kB
Inactive(file):   209704 kB
Unevictable:          40 kB
Mlocked:              40 kB
SwapTotal:             0 kB
SwapFree:              0 kB
Dirty:              1824 kB
Writeback:             0 kB
AnonPages:      15005188 kB
Mapped:           460128 kB
Shmem:            361272 kB
Slab:             171048 kB
SReclaimable:      97568 kB
SUnreclaim:        73480 kB
KernelStack:       16800 kB
PageTables:       114308 kB
NFS_Unstable:          0 kB
Bounce:                0 kB
WritebackTmp:          0 kB
CommitLimit:     8177908 kB
Committed_AS:   23317668 kB
VmallocTotal:   34359738367 kB
VmallocUsed:      378784 kB
VmallocChunk:   34359336960 kB
HardwareCorrupted:     0 kB
AnonHugePages:         0 kB
HugePages_Total:       0
HugePages_Free:        0
HugePages_Rsvd:        0
HugePages_Surp:        0
Hugepagesize:       2048 kB
DirectMap4k:      205720 kB
DirectMap2M:    14360576 kB
DirectMap1G:     2097152 kB


CPU:total 4 (2 cores per cpu, 2 threads per core) family 6 model 61 stepping 4, cmov, cx8, fxsr, mmx, sse, sse2, sse3, ssse3, sse4.1, sse4.2, popcnt, avx, avx2, aes, erms, ht, tsc, tscinvbit

/proc/cpuinfo:
processor	: 0
vendor_id	: GenuineIntel
cpu family	: 6
model		: 61
model name	: Intel(R) Core(TM) i5-5300U CPU @ 2.30GHz
stepping	: 4
microcode	: 0x22
cpu MHz		: 2701.332
cache size	: 3072 KB
physical id	: 0
siblings	: 4
core id		: 0
cpu cores	: 2
apicid		: 0
initial apicid	: 0
fpu		: yes
fpu_exception	: yes
cpuid level	: 20
wp		: yes
flags		: fpu vme de pse tsc msr pae mce cx8 apic sep mtrr pge mca cmov pat pse36 clflush dts acpi mmx fxsr sse sse2 ss ht tm pbe syscall nx pdpe1gb rdtscp lm constant_tsc arch_perfmon pebs bts rep_good nopl xtopology nonstop_tsc aperfmperf eagerfpu pni pclmulqdq dtes64 monitor ds_cpl vmx smx est tm2 ssse3 fma cx16 xtpr pdcm pcid sse4_1 sse4_2 x2apic movbe popcnt tsc_deadline_timer aes xsave avx f16c rdrand lahf_lm abm 3dnowprefetch ida arat epb xsaveopt pln pts dtherm tpr_shadow vnmi flexpriority ept vpid fsgsbase tsc_adjust bmi1 hle avx2 smep bmi2 erms invpcid rtm rdseed adx smap
bogomips	: 4589.14
clflush size	: 64
cache_alignment	: 64
address sizes	: 39 bits physical, 48 bits virtual
power management:

processor	: 1
vendor_id	: GenuineIntel
cpu family	: 6
model		: 61
model name	: Intel(R) Core(TM) i5-5300U CPU @ 2.30GHz
stepping	: 4
microcode	: 0x22
cpu MHz		: 2699.984
cache size	: 3072 KB
physical id	: 0
siblings	: 4
core id		: 1
cpu cores	: 2
apicid		: 2
initial apicid	: 2
fpu		: yes
fpu_exception	: yes
cpuid level	: 20
wp		: yes
flags		: fpu vme de pse tsc msr pae mce cx8 apic sep mtrr pge mca cmov pat pse36 clflush dts acpi mmx fxsr sse sse2 ss ht tm pbe syscall nx pdpe1gb rdtscp lm constant_tsc arch_perfmon pebs bts rep_good nopl xtopology nonstop_tsc aperfmperf eagerfpu pni pclmulqdq dtes64 monitor ds_cpl vmx smx est tm2 ssse3 fma cx16 xtpr pdcm pcid sse4_1 sse4_2 x2apic movbe popcnt tsc_deadline_timer aes xsave avx f16c rdrand lahf_lm abm 3dnowprefetch ida arat epb xsaveopt pln pts dtherm tpr_shadow vnmi flexpriority ept vpid fsgsbase tsc_adjust bmi1 hle avx2 smep bmi2 erms invpcid rtm rdseed adx smap
bogomips	: 4589.14
clflush size	: 64
cache_alignment	: 64
address sizes	: 39 bits physical, 48 bits virtual
power management:

processor	: 2
vendor_id	: GenuineIntel
cpu family	: 6
model		: 61
model name	: Intel(R) Core(TM) i5-5300U CPU @ 2.30GHz
stepping	: 4
microcode	: 0x22
cpu MHz		: 2699.984
cache size	: 3072 KB
physical id	: 0
siblings	: 4
core id		: 0
cpu cores	: 2
apicid		: 1
initial apicid	: 1
fpu		: yes
fpu_exception	: yes
cpuid level	: 20
wp		: yes
flags		: fpu vme de pse tsc msr pae mce cx8 apic sep mtrr pge mca cmov pat pse36 clflush dts acpi mmx fxsr sse sse2 ss ht tm pbe syscall nx pdpe1gb rdtscp lm constant_tsc arch_perfmon pebs bts rep_good nopl xtopology nonstop_tsc aperfmperf eagerfpu pni pclmulqdq dtes64 monitor ds_cpl vmx smx est tm2 ssse3 fma cx16 xtpr pdcm pcid sse4_1 sse4_2 x2apic movbe popcnt tsc_deadline_timer aes xsave avx f16c rdrand lahf_lm abm 3dnowprefetch ida arat epb xsaveopt pln pts dtherm tpr_shadow vnmi flexpriority ept vpid fsgsbase tsc_adjust bmi1 hle avx2 smep bmi2 erms invpcid rtm rdseed adx smap
bogomips	: 4589.14
clflush size	: 64
cache_alignment	: 64
address sizes	: 39 bits physical, 48 bits virtual
power management:

processor	: 3
vendor_id	: GenuineIntel
cpu family	: 6
model		: 61
model name	: Intel(R) Core(TM) i5-5300U CPU @ 2.30GHz
stepping	: 4
microcode	: 0x22
cpu MHz		: 2699.894
cache size	: 3072 KB
physical id	: 0
siblings	: 4
core id		: 1
cpu cores	: 2
apicid		: 3
initial apicid	: 3
fpu		: yes
fpu_exception	: yes
cpuid level	: 20
wp		: yes
flags		: fpu vme de pse tsc msr pae mce cx8 apic sep mtrr pge mca cmov pat pse36 clflush dts acpi mmx fxsr sse sse2 ss ht tm pbe syscall nx pdpe1gb rdtscp lm constant_tsc arch_perfmon pebs bts rep_good nopl xtopology nonstop_tsc aperfmperf eagerfpu pni pclmulqdq dtes64 monitor ds_cpl vmx smx est tm2 ssse3 fma cx16 xtpr pdcm pcid sse4_1 sse4_2 x2apic movbe popcnt tsc_deadline_timer aes xsave avx f16c rdrand lahf_lm abm 3dnowprefetch ida arat epb xsaveopt pln pts dtherm tpr_shadow vnmi flexpriority ept vpid fsgsbase tsc_adjust bmi1 hle avx2 smep bmi2 erms invpcid rtm rdseed adx smap
bogomips	: 4589.14
clflush size	: 64
cache_alignment	: 64
address sizes	: 39 bits physical, 48 bits virtual
power management:



Memory: 4k page, physical 16355816k(188720k free), swap 0k(0k free)

vm_info: OpenJDK 64-Bit Server VM (24.91-b01) for linux-amd64 JRE (1.7.0_91-b02), built on Nov 19 2015 18:13:42 by "jmm" with gcc 4.9.2

time: Fri Jun 24 18:17:58 2016
elapsed time: 36 seconds

