#
# There is insufficient memory for the Java Runtime Environment to continue.
# Native memory allocation (malloc) failed to allocate 363855872 bytes for committing reserved memory.
# Possible reasons:
#   The system is out of physical RAM or swap space
#   In 32 bit mode, the process size limit was hit
# Possible solutions:
#   Reduce memory load on the system
#   Increase physical memory or swap space
#   Check if swap backing store is full
#   Use 64 bit Java on a 64 bit OS
#   Decrease Java heap size (-Xmx/-Xms)
#   Decrease number of Java threads
#   Decrease Java thread stack sizes (-Xss)
#   Set larger code cache with -XX:ReservedCodeCacheSize=
# This output file may be truncated or incomplete.
#
#  Out of Memory Error (os_linux.cpp:2827), pid=29786, tid=140104919148288
#
# JRE version: OpenJDK Runtime Environment (7.0_91-b02) (build 1.7.0_91-b02)
# Java VM: OpenJDK 64-Bit Server VM (24.91-b01 mixed mode linux-amd64 compressed oops)
# Derivative: IcedTea 2.6.3
# Distribution: Debian GNU/Linux 8.2 (jessie), package 7u91-2.6.3-1~deb8u1
# Failed to write core dump. Core dumps have been disabled. To enable core dumping, try "ulimit -c unlimited" before starting Java again
#

---------------  T H R E A D  ---------------

Current thread (0x00007f6cc0088800):  VMThread [stack: 0x00007f6cb7dfe000,0x00007f6cb7eff000] [id=29799]

Stack: [0x00007f6cb7dfe000,0x00007f6cb7eff000],  sp=0x00007f6cb7efd4c0,  free space=1021k
Native frames: (J=compiled Java code, j=interpreted, Vv=VM code, C=native code)
V  [libjvm.so+0x987a96]  VMError::report_and_die()+0x186
V  [libjvm.so+0x492972]  report_vm_out_of_memory(char const*, int, unsigned long, char const*)+0x92
V  [libjvm.so+0x7f9d3b]  os::pd_commit_memory(char*, unsigned long, unsigned long, bool)+0xeb
V  [libjvm.so+0x7f441e]  os::commit_memory(char*, unsigned long, unsigned long, bool)+0x2e
V  [libjvm.so+0x86805b]  PSVirtualSpace::expand_by(unsigned long)+0x5b
V  [libjvm.so+0x85688a]  PSOldGen::expand_by(unsigned long) [clone .part.28]+0x2a
V  [libjvm.so+0x856a40]  PSOldGen::expand(unsigned long) [clone .part.29]+0xc0
V  [libjvm.so+0x8579d8]  PSOldGen::resize(unsigned long)+0x198
V  [libjvm.so+0x85ebc4]  PSParallelCompact::invoke_no_policy(bool) [clone .part.121]+0x994
V  [libjvm.so+0x865975]  PSScavenge::invoke()+0x1a5
V  [libjvm.so+0x81d063]  ParallelScavengeHeap::failed_mem_allocate(unsigned long)+0x63
V  [libjvm.so+0x989362]  VM_ParallelGCFailedAllocation::doit()+0x92
V  [libjvm.so+0x98d7e7]  VM_Operation::evaluate()+0x47
V  [libjvm.so+0x98bf5b]  VMThread::evaluate_operation(VM_Operation*)+0xab
V  [libjvm.so+0x98c606]  VMThread::loop()+0x1e6
V  [libjvm.so+0x98cad1]  VMThread::run()+0x81
V  [libjvm.so+0x7f6c62]  java_start(Thread*)+0xf2

VM_Operation (0x00007f6cc96de6f0): ParallelGCFailedAllocation, mode: safepoint, requested by thread 0x00007f6cc001d000


---------------  P R O C E S S  ---------------

Java Threads: ( => current thread )
  0x00007f6cc0807800 JavaThread "Abandoned connection cleanup thread" daemon [_thread_blocked, id=29818, stack(0x00007f6cb6bdc000,0x00007f6cb6cdd000)]
  0x00007f6cc00d6000 JavaThread "Service Thread" daemon [_thread_blocked, id=29814, stack(0x00007f6cb72f0000,0x00007f6cb73f1000)]
  0x00007f6cc00d4000 JavaThread "C2 CompilerThread1" daemon [_thread_blocked, id=29813, stack(0x00007f6cb73f1000,0x00007f6cb74f2000)]
  0x00007f6cc00d1000 JavaThread "C2 CompilerThread0" daemon [_thread_blocked, id=29812, stack(0x00007f6cb74f2000,0x00007f6cb75f3000)]
  0x00007f6c8c001000 JavaThread "JDWP Command Reader" daemon [_thread_in_native, id=29808, stack(0x00007f6cb75f3000,0x00007f6cb76f4000)]
  0x00007f6cc00ce800 JavaThread "JDWP Event Helper Thread" daemon [_thread_blocked, id=29807, stack(0x00007f6cb76f4000,0x00007f6cb77f5000)]
  0x00007f6cc00cb000 JavaThread "JDWP Transport Listener: dt_socket" daemon [_thread_blocked, id=29804, stack(0x00007f6cb77f5000,0x00007f6cb78f6000)]
  0x00007f6cc00bb000 JavaThread "Signal Dispatcher" daemon [_thread_blocked, id=29802, stack(0x00007f6cb7afb000,0x00007f6cb7bfc000)]
  0x00007f6cc008e800 JavaThread "Finalizer" daemon [_thread_blocked, id=29801, stack(0x00007f6cb7bfc000,0x00007f6cb7cfd000)]
  0x00007f6cc008c800 JavaThread "Reference Handler" daemon [_thread_blocked, id=29800, stack(0x00007f6cb7cfd000,0x00007f6cb7dfe000)]
  0x00007f6cc001d000 JavaThread "main" [_thread_blocked, id=29788, stack(0x00007f6cc95df000,0x00007f6cc96e0000)]

Other Threads:
=>0x00007f6cc0088800 VMThread [stack: 0x00007f6cb7dfe000,0x00007f6cb7eff000] [id=29799]
  0x00007f6cc00e1000 WatcherThread [stack: 0x00007f6cb71ef000,0x00007f6cb72f0000] [id=29815]

VM state:at safepoint (normal execution)

VM Mutex/Monitor currently owned by a thread:  ([mutex/lock_event])
[0x00007f6cc0018cc0] ExpandHeap_lock - owner thread: 0x00007f6cc0088800
[0x00007f6cc0019340] Threads_lock - owner thread: 0x00007f6cc0088800
[0x00007f6cc0019840] Heap_lock - owner thread: 0x00007f6cc001d000

Heap
 PSYoungGen      total 1085952K, used 31439K [0x00000007acc80000, 0x0000000800000000, 0x0000000800000000)
  eden space 903680K, 0% used [0x00000007acc80000,0x00000007acc80000,0x00000007e3f00000)
  from space 182272K, 17% used [0x00000007e3f00000,0x00000007e5db3d08,0x00000007ef100000)
  to   space 190464K, 0% used [0x00000007f4600000,0x00000007f4600000,0x0000000800000000)
 ParOldGen       total 573440K, used 573098K [0x0000000706600000, 0x0000000729600000, 0x00000007acc80000)
  object space 573440K, 99% used [0x0000000706600000,0x00000007295aaa68,0x0000000729600000)
 PSPermGen       total 21504K, used 7297K [0x00000006fc000000, 0x00000006fd500000, 0x0000000706600000)
  object space 21504K, 33% used [0x00000006fc000000,0x00000006fc720660,0x00000006fd500000)

Card table byte_map: [0x00007f6cc5421000,0x00007f6cc5c42000] byte_map_base: 0x00007f6cc1c41000

Polling page: 0x00007f6cc970d000

Code Cache  [0x00007f6cbd000000, 0x00007f6cbd270000, 0x00007f6cc0000000)
 total_blobs=560 nmethods=285 adapters=236 free_code_cache=47953Kb largest_free_block=48919616

Compilation events (10 events):
Event: 44.548 Thread 0x00007f6cc00d1000 nmethod 314 0x00007f6cbd0b1cd0 code [0x00007f6cbd0b1f60, 0x00007f6cbd0b2fc0]
Event: 44.578 Thread 0x00007f6cc00d1000  315             java.lang.String::replace (28 bytes)
Event: 44.617 Thread 0x00007f6cc00d1000 nmethod 315 0x00007f6cbd09ddd0 code [0x00007f6cbd09dfa0, 0x00007f6cbd09e918]
Event: 45.819 Thread 0x00007f6cc00d4000 nmethod 313% 0x00007f6cbd143650 code [0x00007f6cbd143fa0, 0x00007f6cbd14f928]
Event: 46.192 Thread 0x00007f6cc00d1000  316             com.mysql.jdbc.MysqlIO::getServerMajorVersion (5 bytes)
Event: 46.193 Thread 0x00007f6cc00d1000 nmethod 316 0x00007f6cbd091e10 code [0x00007f6cbd091f40, 0x00007f6cbd091f98]
Event: 52.370 Thread 0x00007f6cc00d1000  317             java.util.zip.Inflater::ensureOpen (47 bytes)
Event: 52.371 Thread 0x00007f6cc00d1000 nmethod 317 0x00007f6cbd098890 code [0x00007f6cbd0989e0, 0x00007f6cbd098ab8]
Event: 53.857 Thread 0x00007f6cc00d4000  318             com.mysql.jdbc.util.ReadAheadInputStream::readFromUnderlyingStreamIfNecessary (240 bytes)
Event: 53.877 Thread 0x00007f6cc00d4000 nmethod 318 0x00007f6cbd0c7010 code [0x00007f6cbd0c7200, 0x00007f6cbd0c8678]

GC Heap History (10 events):
Event: 25.791 GC heap after
Heap after GC invocations=9 (full 1):
 PSYoungGen      total 785408K, used 87035K [0x00000007acc80000, 0x00000007f5c80000, 0x0000000800000000)
  eden space 698368K, 0% used [0x00000007acc80000,0x00000007acc80000,0x00000007d7680000)
  from space 87040K, 99% used [0x00000007f0780000,0x00000007f5c7ee88,0x00000007f5c80000)
  to   space 110080K, 0% used [0x00000007e8580000,0x00000007e8580000,0x00000007ef100000)
 ParOldGen       total 326144K, used 190723K [0x0000000706600000, 0x000000071a480000, 0x00000007acc80000)
  object space 326144K, 58% used [0x0000000706600000,0x0000000712040db0,0x000000071a480000)
 PSPermGen       total 21504K, used 7287K [0x00000006fc000000, 0x00000006fd500000, 0x0000000706600000)
  object space 21504K, 33% used [0x00000006fc000000,0x00000006fc71dea8,0x00000006fd500000)
}
Event: 31.288 GC heap before
{Heap before GC invocations=10 (full 1):
 PSYoungGen      total 785408K, used 785403K [0x00000007acc80000, 0x00000007f5c80000, 0x0000000800000000)
  eden space 698368K, 100% used [0x00000007acc80000,0x00000007d7680000,0x00000007d7680000)
  from space 87040K, 99% used [0x00000007f0780000,0x00000007f5c7ee88,0x00000007f5c80000)
  to   space 110080K, 0% used [0x00000007e8580000,0x00000007e8580000,0x00000007ef100000)
 ParOldGen       total 326144K, used 190723K [0x0000000706600000, 0x000000071a480000, 0x00000007acc80000)
  object space 326144K, 58% used [0x0000000706600000,0x0000000712040db0,0x000000071a480000)
 PSPermGen       total 21504K, used 7288K [0x00000006fc000000, 0x00000006fd500000, 0x0000000706600000)
  object space 21504K, 33% used [0x00000006fc000000,0x00000006fc71e278,0x00000006fd500000)
Event: 31.840 GC heap after
Heap after GC invocations=10 (full 1):
 PSYoungGen      total 972800K, used 110068K [0x00000007acc80000, 0x00000007f4800000, 0x0000000800000000)
  eden space 862720K, 0% used [0x00000007acc80000,0x00000007acc80000,0x00000007e1700000)
  from space 110080K, 99% used [0x00000007e8580000,0x00000007ef0fd2a0,0x00000007ef100000)
  to   space 89088K, 0% used [0x00000007ef100000,0x00000007ef100000,0x00000007f4800000)
 ParOldGen       total 326144K, used 262830K [0x0000000706600000, 0x000000071a480000, 0x00000007acc80000)
  object space 326144K, 80% used [0x0000000706600000,0x00000007166aba10,0x000000071a480000)
 PSPermGen       total 21504K, used 7288K [0x00000006fc000000, 0x00000006fd500000, 0x0000000706600000)
  object space 21504K, 33% used [0x00000006fc000000,0x00000006fc71e278,0x00000006fd500000)
}
Event: 31.840 GC heap before
{Heap before GC invocations=11 (full 2):
 PSYoungGen      total 972800K, used 110068K [0x00000007acc80000, 0x00000007f4800000, 0x0000000800000000)
  eden space 862720K, 0% used [0x00000007acc80000,0x00000007acc80000,0x00000007e1700000)
  from space 110080K, 99% used [0x00000007e8580000,0x00000007ef0fd2a0,0x00000007ef100000)
  to   space 89088K, 0% used [0x00000007ef100000,0x00000007ef100000,0x00000007f4800000)
 ParOldGen       total 326144K, used 262830K [0x0000000706600000, 0x000000071a480000, 0x00000007acc80000)
  object space 326144K, 80% used [0x0000000706600000,0x00000007166aba10,0x000000071a480000)
 PSPermGen       total 21504K, used 7288K [0x00000006fc000000, 0x00000006fd500000, 0x0000000706600000)
  object space 21504K, 33% used [0x00000006fc000000,0x00000006fc71e278,0x00000006fd500000)
Event: 35.621 GC heap after
Heap after GC invocations=11 (full 2):
 PSYoungGen      total 972800K, used 44855K [0x00000007acc80000, 0x00000007f4800000, 0x0000000800000000)
  eden space 862720K, 0% used [0x00000007acc80000,0x00000007acc80000,0x00000007e1700000)
  from space 110080K, 40% used [0x00000007e8580000,0x00000007eb14de40,0x00000007ef100000)
  to   space 89088K, 0% used [0x00000007ef100000,0x00000007ef100000,0x00000007f4800000)
 ParOldGen       total 573440K, used 325869K [0x0000000706600000, 0x0000000729600000, 0x00000007acc80000)
  object space 573440K, 56% used [0x0000000706600000,0x000000071a43b730,0x0000000729600000)
 PSPermGen       total 21504K, used 7288K [0x00000006fc000000, 0x00000006fd500000, 0x0000000706600000)
  object space 21504K, 33% used [0x00000006fc000000,0x00000006fc71e278,0x00000006fd500000)
}
Event: 43.736 GC heap before
{Heap before GC invocations=12 (full 2):
 PSYoungGen      total 972800K, used 907575K [0x00000007acc80000, 0x00000007f4800000, 0x0000000800000000)
  eden space 862720K, 100% used [0x00000007acc80000,0x00000007e1700000,0x00000007e1700000)
  from space 110080K, 40% used [0x00000007e8580000,0x00000007eb14de40,0x00000007ef100000)
  to   space 89088K, 0% used [0x00000007ef100000,0x00000007ef100000,0x00000007f4800000)
 ParOldGen       total 573440K, used 325869K [0x0000000706600000, 0x0000000729600000, 0x00000007acc80000)
  object space 573440K, 56% used [0x0000000706600000,0x000000071a43b730,0x0000000729600000)
 PSPermGen       total 21504K, used 7294K [0x00000006fc000000, 0x00000006fd500000, 0x0000000706600000)
  object space 21504K, 33% used [0x00000006fc000000,0x00000006fc71fa70,0x00000006fd500000)
Event: 44.547 GC heap after
Heap after GC invocations=12 (full 2):
 PSYoungGen      total 992768K, used 89064K [0x00000007acc80000, 0x0000000800000000, 0x0000000800000000)
  eden space 903680K, 0% used [0x00000007acc80000,0x00000007acc80000,0x00000007e3f00000)
  from space 89088K, 99% used [0x00000007ef100000,0x00000007f47fa2a0,0x00000007f4800000)
  to   space 182272K, 0% used [0x00000007e3f00000,0x00000007e3f00000,0x00000007ef100000)
 ParOldGen       total 573440K, used 398414K [0x0000000706600000, 0x0000000729600000, 0x00000007acc80000)
  object space 573440K, 69% used [0x0000000706600000,0x000000071eb13b70,0x0000000729600000)
 PSPermGen       total 21504K, used 7294K [0x00000006fc000000, 0x00000006fd500000, 0x0000000706600000)
  object space 21504K, 33% used [0x00000006fc000000,0x00000006fc71fa70,0x00000006fd500000)
}
Event: 54.177 GC heap before
{Heap before GC invocations=13 (full 2):
 PSYoungGen      total 992768K, used 992744K [0x00000007acc80000, 0x0000000800000000, 0x0000000800000000)
  eden space 903680K, 100% used [0x00000007acc80000,0x00000007e3f00000,0x00000007e3f00000)
  from space 89088K, 99% used [0x00000007ef100000,0x00000007f47fa2a0,0x00000007f4800000)
  to   space 182272K, 0% used [0x00000007e3f00000,0x00000007e3f00000,0x00000007ef100000)
 ParOldGen       total 573440K, used 398414K [0x0000000706600000, 0x0000000729600000, 0x00000007acc80000)
  object space 573440K, 69% used [0x0000000706600000,0x000000071eb13b70,0x0000000729600000)
 PSPermGen       total 21504K, used 7297K [0x00000006fc000000, 0x00000006fd500000, 0x0000000706600000)
  object space 21504K, 33% used [0x00000006fc000000,0x00000006fc720660,0x00000006fd500000)
Event: 54.960 GC heap after
Heap after GC invocations=13 (full 2):
 PSYoungGen      total 1085952K, used 126390K [0x00000007acc80000, 0x0000000800000000, 0x0000000800000000)
  eden space 903680K, 0% used [0x00000007acc80000,0x00000007acc80000,0x00000007e3f00000)
  from space 182272K, 69% used [0x00000007e3f00000,0x00000007eba6dba8,0x00000007ef100000)
  to   space 190464K, 0% used [0x00000007f4600000,0x00000007f4600000,0x0000000800000000)
 ParOldGen       total 573440K, used 484084K [0x0000000706600000, 0x0000000729600000, 0x00000007acc80000)
  object space 573440K, 84% used [0x0000000706600000,0x0000000723ebd360,0x0000000729600000)
 PSPermGen       total 21504K, used 7297K [0x00000006fc000000, 0x00000006fd500000, 0x0000000706600000)
  object space 21504K, 33% used [0x00000006fc000000,0x00000006fc720660,0x00000006fd500000)
}
Event: 54.960 GC heap before
{Heap before GC invocations=14 (full 3):
 PSYoungGen      total 1085952K, used 126390K [0x00000007acc80000, 0x0000000800000000, 0x0000000800000000)
  eden space 903680K, 0% used [0x00000007acc80000,0x00000007acc80000,0x00000007e3f00000)
  from space 182272K, 69% used [0x00000007e3f00000,0x00000007eba6dba8,0x00000007ef100000)
  to   space 190464K, 0% used [0x00000007f4600000,0x00000007f4600000,0x0000000800000000)
 ParOldGen       total 573440K, used 484084K [0x0000000706600000, 0x0000000729600000, 0x00000007acc80000)
  object space 573440K, 84% used [0x0000000706600000,0x0000000723ebd360,0x0000000729600000)
 PSPermGen       total 21504K, used 7297K [0x00000006fc000000, 0x00000006fd500000, 0x0000000706600000)
  object space 21504K, 33% used [0x00000006fc000000,0x00000006fc720660,0x00000006fd500000)

Deoptimization events (10 events):
Event: 4.053 Thread 0x00007f6cc001d000 Uncommon trap: reason=array_check action=maybe_recompile pc=0x00007f6cbd0d002c method=java.util.AbstractCollection.toArray([Ljava/lang/Object;)[Ljava/lang/Object; @ 119
Event: 4.054 Thread 0x00007f6cc001d000 Uncommon trap: reason=array_check action=maybe_recompile pc=0x00007f6cbd0d002c method=java.util.AbstractCollection.toArray([Ljava/lang/Object;)[Ljava/lang/Object; @ 119
Event: 4.054 Thread 0x00007f6cc001d000 Uncommon trap: reason=array_check action=maybe_recompile pc=0x00007f6cbd0d002c method=java.util.AbstractCollection.toArray([Ljava/lang/Object;)[Ljava/lang/Object; @ 119
Event: 4.534 Thread 0x00007f6cc001d000 Uncommon trap: reason=unstable_if action=reinterpret pc=0x00007f6cbd0be854 method=com.mysql.jdbc.RowDataStatic.isAfterLast()Z @ 13
Event: 4.586 Thread 0x00007f6cc001d000 Uncommon trap: reason=unstable_if action=reinterpret pc=0x00007f6cbd0ce8cc method=java.util.HashMap.put(Ljava/lang/Object;Ljava/lang/Object;)Ljava/lang/Object; @ 7
Event: 21.027 Thread 0x00007f6cc001d000 Uncommon trap: reason=unstable_if action=reinterpret pc=0x00007f6cbd109b28 method=arff.ARFFWriter.create()V @ 340
Event: 21.027 Thread 0x00007f6cc001d000 Uncommon trap: reason=unstable_if action=reinterpret pc=0x00007f6cbd0e9c90 method=java.util.HashMap.put(Ljava/lang/Object;Ljava/lang/Object;)Ljava/lang/Object; @ 77
Event: 43.324 Thread 0x00007f6cc001d000 Uncommon trap: reason=unstable_if action=reinterpret pc=0x00007f6cbd0e4024 method=java.util.regex.Matcher.replaceAll(Ljava/lang/String;)Ljava/lang/String; @ 11
Event: 43.325 Thread 0x00007f6cc001d000 Uncommon trap: reason=unstable_if action=reinterpret pc=0x00007f6cbd0dde44 method=java.lang.String.split(Ljava/lang/String;I)[Ljava/lang/String; @ 207
Event: 43.325 Thread 0x00007f6cc001d000 Uncommon trap: reason=range_check action=make_not_entrant pc=0x00007f6cbd127cc0 method=arff.ARFFWriter.create()V @ 446

Internal exceptions (10 events):
Event: 1.826 Thread 0x00007f6cc001d000 Threw 0x00000007ad7d0398 at /home/jmm/jdk3/openjdk-7-7u91-2.6.3/build/openjdk/hotspot/src/share/vm/prims/jvm.cpp:1322
Event: 1.829 Thread 0x00007f6cc001d000 Threw 0x00000007ad7efb98 at /home/jmm/jdk3/openjdk-7-7u91-2.6.3/build/openjdk/hotspot/src/share/vm/prims/jvm.cpp:1322
Event: 1.843 Thread 0x00007f6cc001d000 Threw 0x00000007ad7f50b8 at /home/jmm/jdk3/openjdk-7-7u91-2.6.3/build/openjdk/hotspot/src/share/vm/prims/jvm.cpp:1322
Event: 1.844 Thread 0x00007f6cc001d000 Threw 0x00000007ad7f9868 at /home/jmm/jdk3/openjdk-7-7u91-2.6.3/build/openjdk/hotspot/src/share/vm/prims/jvm.cpp:1322
Event: 1.845 Thread 0x00007f6cc001d000 Threw 0x00000007ad80da68 at /home/jmm/jdk3/openjdk-7-7u91-2.6.3/build/openjdk/hotspot/src/share/vm/prims/jvm.cpp:1322
Event: 2.352 Thread 0x00007f6cc001d000 Threw 0x00000007ae529ee0 at /home/jmm/jdk3/openjdk-7-7u91-2.6.3/build/openjdk/hotspot/src/share/vm/prims/jvm.cpp:1322
Event: 2.353 Thread 0x00007f6cc001d000 Threw 0x00000007ae53f438 at /home/jmm/jdk3/openjdk-7-7u91-2.6.3/build/openjdk/hotspot/src/share/vm/prims/jvm.cpp:1322
Event: 2.355 Thread 0x00007f6cc001d000 Threw 0x00000007ae55a6b0 at /home/jmm/jdk3/openjdk-7-7u91-2.6.3/build/openjdk/hotspot/src/share/vm/prims/jvm.cpp:1322
Event: 3.631 Thread 0x00007f6cc001d000 Threw 0x00000007ad5d2f18 at /home/jmm/jdk3/openjdk-7-7u91-2.6.3/build/openjdk/hotspot/src/share/vm/prims/jvm.cpp:1322
Event: 43.326 Thread 0x00007f6cc001d000 Threw 0x00000007dfd16fd0 at /home/jmm/jdk3/openjdk-7-7u91-2.6.3/build/openjdk/hotspot/src/share/vm/interpreter/interpreterRuntime.cpp:376

Events (10 events):
Event: 43.736 Executing VM operation: ParallelGCFailedAllocation
Event: 44.547 Executing VM operation: ParallelGCFailedAllocation done
Event: 44.548 Thread 0x00007f6cc00d1000 flushing nmethod 0x00007f6cbd0bc750
Event: 44.548 Thread 0x00007f6cc00d1000 flushing nmethod 0x00007f6cbd0bc990
Event: 44.548 Thread 0x00007f6cc00d1000 flushing nmethod 0x00007f6cbd0bef10
Event: 44.617 Thread 0x00007f6cc00d1000 flushing nmethod 0x00007f6cbd0c0c50
Event: 44.617 Thread 0x00007f6cc00d1000 flushing nmethod 0x00007f6cbd0c2810
Event: 44.617 Thread 0x00007f6cc00d1000 flushing nmethod 0x00007f6cbd0c6ad0
Event: 45.819 Thread 0x00007f6cc00d4000 flushing nmethod 0x00007f6cbd0cf910
Event: 54.177 Executing VM operation: ParallelGCFailedAllocation


Dynamic libraries:
00400000-00401000 r-xp 00000000 08:03 6161263                            /usr/lib/jvm/java-7-openjdk-amd64/jre/bin/java
00600000-00601000 r--p 00000000 08:03 6161263                            /usr/lib/jvm/java-7-openjdk-amd64/jre/bin/java
00601000-00602000 rw-p 00001000 08:03 6161263                            /usr/lib/jvm/java-7-openjdk-amd64/jre/bin/java
0215e000-0217f000 rw-p 00000000 00:00 0                                  [heap]
6fc000000-6fd500000 rw-p 00000000 00:00 0 
6fd500000-706600000 rw-p 00000000 00:00 0 
706600000-729600000 rw-p 00000000 00:00 0 
73f100000-7acc80000 rw-p 00000000 00:00 0 
7acc80000-800000000 rw-p 00000000 00:00 0 
7f6c68000000-7f6c68021000 rw-p 00000000 00:00 0 
7f6c68021000-7f6c6c000000 ---p 00000000 00:00 0 
7f6c70000000-7f6c70021000 rw-p 00000000 00:00 0 
7f6c70021000-7f6c74000000 ---p 00000000 00:00 0 
7f6c74000000-7f6c74021000 rw-p 00000000 00:00 0 
7f6c74021000-7f6c78000000 ---p 00000000 00:00 0 
7f6c78000000-7f6c79496000 rw-p 00000000 00:00 0 
7f6c79496000-7f6c7c000000 ---p 00000000 00:00 0 
7f6c7c000000-7f6c7d77e000 rw-p 00000000 00:00 0 
7f6c7d77e000-7f6c80000000 ---p 00000000 00:00 0 
7f6c80000000-7f6c80021000 rw-p 00000000 00:00 0 
7f6c80021000-7f6c84000000 ---p 00000000 00:00 0 
7f6c84000000-7f6c84021000 rw-p 00000000 00:00 0 
7f6c84021000-7f6c88000000 ---p 00000000 00:00 0 
7f6c88000000-7f6c88021000 rw-p 00000000 00:00 0 
7f6c88021000-7f6c8c000000 ---p 00000000 00:00 0 
7f6c8c000000-7f6c8c021000 rw-p 00000000 00:00 0 
7f6c8c021000-7f6c90000000 ---p 00000000 00:00 0 
7f6c90000000-7f6c90021000 rw-p 00000000 00:00 0 
7f6c90021000-7f6c94000000 ---p 00000000 00:00 0 
7f6c94000000-7f6c94021000 rw-p 00000000 00:00 0 
7f6c94021000-7f6c98000000 ---p 00000000 00:00 0 
7f6c98000000-7f6c9823f000 rw-p 00000000 00:00 0 
7f6c9823f000-7f6c9c000000 ---p 00000000 00:00 0 
7f6c9fe00000-7f6ca8000000 rw-p 00000000 00:00 0 
7f6ca8000000-7f6ca8021000 rw-p 00000000 00:00 0 
7f6ca8021000-7f6cac000000 ---p 00000000 00:00 0 
7f6cac000000-7f6cac021000 rw-p 00000000 00:00 0 
7f6cac021000-7f6cb0000000 ---p 00000000 00:00 0 
7f6cb0000000-7f6cb0021000 rw-p 00000000 00:00 0 
7f6cb0021000-7f6cb4000000 ---p 00000000 00:00 0 
7f6cb50ec000-7f6cb53ed000 rw-p 00000000 00:00 0 
7f6cb53ed000-7f6cb5459000 r-xp 00000000 08:03 262201                     /lib/x86_64-linux-gnu/libpcre.so.3.13.1
7f6cb5459000-7f6cb5659000 ---p 0006c000 08:03 262201                     /lib/x86_64-linux-gnu/libpcre.so.3.13.1
7f6cb5659000-7f6cb565a000 r--p 0006c000 08:03 262201                     /lib/x86_64-linux-gnu/libpcre.so.3.13.1
7f6cb565a000-7f6cb565b000 rw-p 0006d000 08:03 262201                     /lib/x86_64-linux-gnu/libpcre.so.3.13.1
7f6cb565b000-7f6cb5662000 r-xp 00000000 08:03 5509325                    /usr/lib/x86_64-linux-gnu/libffi.so.6.0.2
7f6cb5662000-7f6cb5861000 ---p 00007000 08:03 5509325                    /usr/lib/x86_64-linux-gnu/libffi.so.6.0.2
7f6cb5861000-7f6cb5862000 r--p 00006000 08:03 5509325                    /usr/lib/x86_64-linux-gnu/libffi.so.6.0.2
7f6cb5862000-7f6cb5863000 rw-p 00007000 08:03 5509325                    /usr/lib/x86_64-linux-gnu/libffi.so.6.0.2
7f6cb5863000-7f6cb5877000 r-xp 00000000 08:03 263059                     /lib/x86_64-linux-gnu/libresolv-2.19.so
7f6cb5877000-7f6cb5a76000 ---p 00014000 08:03 263059                     /lib/x86_64-linux-gnu/libresolv-2.19.so
7f6cb5a76000-7f6cb5a77000 r--p 00013000 08:03 263059                     /lib/x86_64-linux-gnu/libresolv-2.19.so
7f6cb5a77000-7f6cb5a78000 rw-p 00014000 08:03 263059                     /lib/x86_64-linux-gnu/libresolv-2.19.so
7f6cb5a78000-7f6cb5a7a000 rw-p 00000000 00:00 0 
7f6cb5a7a000-7f6cb5a9b000 r-xp 00000000 08:03 262243                     /lib/x86_64-linux-gnu/libselinux.so.1
7f6cb5a9b000-7f6cb5c9b000 ---p 00021000 08:03 262243                     /lib/x86_64-linux-gnu/libselinux.so.1
7f6cb5c9b000-7f6cb5c9c000 r--p 00021000 08:03 262243                     /lib/x86_64-linux-gnu/libselinux.so.1
7f6cb5c9c000-7f6cb5c9d000 rw-p 00022000 08:03 262243                     /lib/x86_64-linux-gnu/libselinux.so.1
7f6cb5c9d000-7f6cb5c9f000 rw-p 00000000 00:00 0 
7f6cb5c9f000-7f6cb5ca2000 r-xp 00000000 08:03 5512006                    /usr/lib/x86_64-linux-gnu/libgmodule-2.0.so.0.4200.1
7f6cb5ca2000-7f6cb5ea1000 ---p 00003000 08:03 5512006                    /usr/lib/x86_64-linux-gnu/libgmodule-2.0.so.0.4200.1
7f6cb5ea1000-7f6cb5ea2000 r--p 00002000 08:03 5512006                    /usr/lib/x86_64-linux-gnu/libgmodule-2.0.so.0.4200.1
7f6cb5ea2000-7f6cb5ea3000 rw-p 00003000 08:03 5512006                    /usr/lib/x86_64-linux-gnu/libgmodule-2.0.so.0.4200.1
7f6cb5ea3000-7f6cb5faf000 r-xp 00000000 08:03 265179                     /lib/x86_64-linux-gnu/libglib-2.0.so.0.4200.1
7f6cb5faf000-7f6cb61af000 ---p 0010c000 08:03 265179                     /lib/x86_64-linux-gnu/libglib-2.0.so.0.4200.1
7f6cb61af000-7f6cb61b0000 r--p 0010c000 08:03 265179                     /lib/x86_64-linux-gnu/libglib-2.0.so.0.4200.1
7f6cb61b0000-7f6cb61b1000 rw-p 0010d000 08:03 265179                     /lib/x86_64-linux-gnu/libglib-2.0.so.0.4200.1
7f6cb61b1000-7f6cb61b2000 rw-p 00000000 00:00 0 
7f6cb61b2000-7f6cb6203000 r-xp 00000000 08:03 5512007                    /usr/lib/x86_64-linux-gnu/libgobject-2.0.so.0.4200.1
7f6cb6203000-7f6cb6402000 ---p 00051000 08:03 5512007                    /usr/lib/x86_64-linux-gnu/libgobject-2.0.so.0.4200.1
7f6cb6402000-7f6cb6403000 r--p 00050000 08:03 5512007                    /usr/lib/x86_64-linux-gnu/libgobject-2.0.so.0.4200.1
7f6cb6403000-7f6cb6404000 rw-p 00051000 08:03 5512007                    /usr/lib/x86_64-linux-gnu/libgobject-2.0.so.0.4200.1
7f6cb6404000-7f6cb6575000 r-xp 00000000 08:03 5512009                    /usr/lib/x86_64-linux-gnu/libgio-2.0.so.0.4200.1
7f6cb6575000-7f6cb6775000 ---p 00171000 08:03 5512009                    /usr/lib/x86_64-linux-gnu/libgio-2.0.so.0.4200.1
7f6cb6775000-7f6cb6779000 r--p 00171000 08:03 5512009                    /usr/lib/x86_64-linux-gnu/libgio-2.0.so.0.4200.1
7f6cb6779000-7f6cb677b000 rw-p 00175000 08:03 5512009                    /usr/lib/x86_64-linux-gnu/libgio-2.0.so.0.4200.1
7f6cb677b000-7f6cb677d000 rw-p 00000000 00:00 0 
7f6cb67a0000-7f6cb67a1000 rw-p 00000000 00:00 0 
7f6cb67a1000-7f6cb67a6000 r--s 0004e000 08:03 6161239                    /usr/lib/jvm/java-7-openjdk-amd64/jre/lib/jsse.jar
7f6cb67a6000-7f6cb67be000 r-xp 00000000 08:03 6161216                    /usr/lib/jvm/java-7-openjdk-amd64/jre/lib/amd64/libnet.so
7f6cb67be000-7f6cb69bd000 ---p 00018000 08:03 6161216                    /usr/lib/jvm/java-7-openjdk-amd64/jre/lib/amd64/libnet.so
7f6cb69bd000-7f6cb69be000 r--p 00017000 08:03 6161216                    /usr/lib/jvm/java-7-openjdk-amd64/jre/lib/amd64/libnet.so
7f6cb69be000-7f6cb69bf000 rw-p 00018000 08:03 6161216                    /usr/lib/jvm/java-7-openjdk-amd64/jre/lib/amd64/libnet.so
7f6cb69bf000-7f6cb69d0000 r-xp 00000000 08:03 6161198                    /usr/lib/jvm/java-7-openjdk-amd64/jre/lib/amd64/libnio.so
7f6cb69d0000-7f6cb6bcf000 ---p 00011000 08:03 6161198                    /usr/lib/jvm/java-7-openjdk-amd64/jre/lib/amd64/libnio.so
7f6cb6bcf000-7f6cb6bd0000 r--p 00010000 08:03 6161198                    /usr/lib/jvm/java-7-openjdk-amd64/jre/lib/amd64/libnio.so
7f6cb6bd0000-7f6cb6bd1000 rw-p 00011000 08:03 6161198                    /usr/lib/jvm/java-7-openjdk-amd64/jre/lib/amd64/libnio.so
7f6cb6bd1000-7f6cb6bdc000 r--s 00203000 08:03 6161180                    /usr/lib/jvm/java-7-openjdk-amd64/jre/lib/charsets.jar
7f6cb6bdc000-7f6cb6bdf000 ---p 00000000 00:00 0 
7f6cb6bdf000-7f6cb6cdd000 rw-p 00000000 00:00 0                          [stack:29818]
7f6cb6cdd000-7f6cb6ced000 r--s 000a8000 08:03 43102                      /home/zerr/.m2/repository/org/apache/commons/commons-collections4/4.1/commons-collections4-4.1.jar
7f6cb6ced000-7f6cb6cf5000 r--s 00048000 08:03 8530998                    /home/zerr/.m2/repository/org/openimaj/clustering/1.3.1/clustering-1.3.1.jar
7f6cb6cf5000-7f6cb6cf7000 r--s 0000d000 08:03 8531002                    /home/zerr/.m2/repository/tw/edu/ntu/csie/libsvm/3.1/libsvm-3.1.jar
7f6cb6cf7000-7f6cb6cf9000 r--s 00017000 08:03 8531050                    /home/zerr/.m2/repository/de/bwaldvogel/liblinear-dense/1.92/liblinear-dense-1.92.jar
7f6cb6cf9000-7f6cb6d00000 r--s 00045000 08:03 8530938                    /home/zerr/.m2/repository/org/openimaj/nearest-neighbour/1.3.1/nearest-neighbour-1.3.1.jar
7f6cb6d00000-7f6cb6d02000 r--s 00003000 08:03 8531048                    /home/zerr/.m2/repository/org/bethecoder/ascii-table/1.0/ascii-table-1.0.jar
7f6cb6d02000-7f6cb6d10000 r--s 000b0000 08:03 8530988                    /home/zerr/.m2/repository/org/codehaus/jackson/jackson-mapper-asl/1.9.4/jackson-mapper-asl-1.9.4.jar
7f6cb6d10000-7f6cb6d14000 r--s 00034000 08:03 8530986                    /home/zerr/.m2/repository/org/codehaus/jackson/jackson-core-asl/1.9.4/jackson-core-asl-1.9.4.jar
7f6cb6d14000-7f6cb6d24000 r--s 000c4000 08:03 8530972                    /home/zerr/.m2/repository/org/codehaus/castor/castor/1.2/castor-1.2.jar
7f6cb6d24000-7f6cb6d48000 r--s 00341000 08:03 8530970                    /home/zerr/.m2/repository/eclipse/jdtcore/3.1.0/jdtcore-3.1.0.jar
7f6cb6d48000-7f6cb6d50000 r--s 00028000 08:03 8531619                    /home/zerr/.m2/repository/xml-apis/xml-apis/1.3.02/xml-apis-1.3.02.jar
7f6cb6d50000-7f6cb6d54000 r--s 0002b000 08:03 8530968                    /home/zerr/.m2/repository/org/bouncycastle/bcmail-jdk14/1.38/bcmail-jdk14-1.38.jar
7f6cb6d54000-7f6cb6d75000 r--s 0015a000 08:03 8530966                    /home/zerr/.m2/repository/org/bouncycastle/bcprov-jdk14/1.38/bcprov-jdk14-1.38.jar
7f6cb6d75000-7f6cb6d76000 r--s 00005000 08:03 8530964                    /home/zerr/.m2/repository/org/bouncycastle/bctsp-jdk14/1.38/bctsp-jdk14-1.38.jar
7f6cb6d76000-7f6cb6d97000 r--s 0015a000 08:03 8530962                    /home/zerr/.m2/repository/bouncycastle/bcprov-jdk14/138/bcprov-jdk14-138.jar
7f6cb6d97000-7f6cb6d9b000 r--s 0002b000 08:03 8530960                    /home/zerr/.m2/repository/bouncycastle/bcmail-jdk14/138/bcmail-jdk14-138.jar
7f6cb6d9b000-7f6cb6da7000 r--s 00108000 08:03 8530958                    /home/zerr/.m2/repository/com/lowagie/itext/2.1.7/itext-2.1.7.jar
7f6cb6da7000-7f6cb6dad000 r--s 0002b000 08:03 8530956                    /home/zerr/.m2/repository/commons-digester/commons-digester/2.1/commons-digester-2.1.jar
7f6cb6dad000-7f6cb6db3000 r--s 00023000 08:03 8419869                    /home/zerr/.m2/repository/commons-collections/commons-collections/2.1/commons-collections-2.1.jar
7f6cb6db3000-7f6cb6db8000 r--s 00034000 08:03 8789652                    /home/zerr/.m2/repository/commons-beanutils/commons-beanutils/1.8.0/commons-beanutils-1.8.0.jar
7f6cb6db8000-7f6cb6dfd000 r--s 00383000 08:03 8530954                    /home/zerr/.m2/repository/net/sf/jasperreports/jasperreports/4.6.0/jasperreports-4.6.0.jar
7f6cb6dfd000-7f6cb6e07000 r--s 0006e000 08:03 8530952                    /home/zerr/.m2/repository/jfree/jcommon/1.0.16/jcommon-1.0.16.jar
7f6cb6e07000-7f6cb6e18000 r--s 0014c000 08:03 8530950                    /home/zerr/.m2/repository/jfree/jfreechart/1.0.13/jfreechart-1.0.13.jar
7f6cb6e18000-7f6cb6e1a000 r--s 00005000 08:03 8530948                    /home/zerr/.m2/repository/com/googlecode/jatl/jatl/0.2.1/jatl-0.2.1.jar
7f6cb6e1a000-7f6cb6e2d000 r--s 000df000 08:03 8414909                    /home/zerr/.m2/repository/org/apache/commons/commons-math/2.2/commons-math-2.2.jar
7f6cb6e2d000-7f6cb6e2e000 r--s 00005000 08:03 8530946                    /home/zerr/.m2/repository/org/openimaj/IREval/1.3.1/IREval-1.3.1.jar
7f6cb6e2e000-7f6cb6e34000 r--s 00023000 08:03 8530944                    /home/zerr/.m2/repository/org/openimaj/core-experiment/1.3.1/core-experiment-1.3.1.jar
7f6cb6e34000-7f6cb6e57000 r--s 001ba000 08:03 8414841                    /home/zerr/.m2/repository/org/apache/commons/commons-math3/3.3/commons-math3-3.3.jar
7f6cb6e57000-7f6cb6e59000 r--s 00010000 08:03 8531040                    /home/zerr/.m2/repository/net/sourceforge/jmatio/jmatio/1.2/jmatio-1.2.jar
7f6cb6e59000-7f6cb6e76000 r--s 00139000 08:03 8530920                    /home/zerr/.m2/repository/gov/sandia/foundry/gov-sandia-cognition-learning-core/3.3.0/gov-sandia-cognition-learning-core-3.3.0.jar
7f6cb6e76000-7f6cb6e82000 r--s 0006a000 08:03 8788410                    /home/zerr/.m2/repository/com/thoughtworks/xstream/xstream/1.4.3/xstream-1.4.3.jar
7f6cb6e82000-7f6cb6e8a000 r--s 00049000 08:03 8530916                    /home/zerr/.m2/repository/gov/sandia/foundry/gov-sandia-cognition-common-core/3.3.0/gov-sandia-cognition-common-core-3.3.0.jar
7f6cb6e8a000-7f6cb6e8c000 r--s 00008000 08:03 8530914                    /home/zerr/.m2/repository/org/openimaj/MatrixLib/1.3.1/MatrixLib-1.3.1.jar
7f6cb6e8c000-7f6cb6e93000 r--s 00034000 08:03 8531038                    /home/zerr/.m2/repository/jgrapht/jgrapht/0.8.2/jgrapht-0.8.2.jar
7f6cb6e93000-7f6cb6e94000 r--s 00006000 08:03 8531036                    /home/zerr/.m2/repository/net/sf/jafama/JaFaMa/1.2/JaFaMa-1.2.jar
7f6cb6e94000-7f6cb6ea6000 r--s 00112000 08:03 8530912                    /home/zerr/.m2/repository/net/sourceforge/f2j/arpack_combined_all/0.1/arpack_combined_all-0.1.jar
7f6cb6ea6000-7f6cb6ea8000 r--s 0001f000 08:03 8530910                    /home/zerr/.m2/repository/com/googlecode/netlib-java/netlib-java/0.9.3/netlib-java-0.9.3.jar
7f6cb6ea8000-7f6cb6eae000 r--s 00095000 08:03 8530908                    /home/zerr/.m2/repository/com/googlecode/matrix-toolkits-java/mtj/0.9.14/mtj-0.9.14.jar
7f6cb6eae000-7f6cb6eb2000 r--s 0001e000 08:03 8530906                    /home/zerr/.m2/repository/org/la4j/la4j/0.4.0/la4j-0.4.0.jar
7f6cb6eb2000-7f6cb6eb4000 r--s 00007000 08:03 8531034                    /home/zerr/.m2/repository/jama/jama/1.0.2/jama-1.0.2.jar
7f6cb6eb4000-7f6cb6ebb000 r--s 00050000 08:03 8530904                    /home/zerr/.m2/repository/org/openimaj/core-math/1.3.1/core-math-1.3.1.jar
7f6cb6ebb000-7f6cb6ec2000 r--s 00041000 08:03 8530936                    /home/zerr/.m2/repository/org/openimaj/core-feature/1.3.1/core-feature-1.3.1.jar
7f6cb6ec2000-7f6cb6ed2000 r--s 0007c000 08:03 8438122                    /home/zerr/.m2/repository/joda-time/joda-time/2.1/joda-time-2.1.jar
7f6cb6ed2000-7f6cb6eda000 r--s 00044000 08:03 8531000                    /home/zerr/.m2/repository/org/openimaj/machine-learning/1.3.1/machine-learning-1.3.1.jar
7f6cb6eda000-7f6cb6ee0000 r--s 00037000 08:03 8531400                    /home/zerr/.m2/repository/ch/qos/logback/logback-classic/1.0.0/logback-classic-1.0.0.jar
7f6cb6ee0000-7f6cb6ee8000 r--s 00049000 08:03 8531398                    /home/zerr/.m2/repository/ch/qos/logback/logback-core/1.0.0/logback-core-1.0.0.jar
7f6cb6ee8000-7f6cb6ee9000 r--s 00008000 08:03 8531396                    /home/zerr/.m2/repository/commons-cli/commons-cli/1.1/commons-cli-1.1.jar
7f6cb6ee9000-7f6cb6eeb000 r--s 00005000 08:03 8415029                    /home/zerr/.m2/repository/org/slf4j/slf4j-api/1.6.4/slf4j-api-1.6.4.jar
7f6cb6eeb000-7f6cb6ef2000 r--s 02511000 08:03 8531423                    /home/zerr/.m2/repository/xuggle/xuggle-xuggler-lgpl/5.5-20140728/xuggle-xuggler-lgpl-5.5-20140728.jar
7f6cb6ef2000-7f6cb6ef4000 r--s 00004000 08:03 8531394                    /home/zerr/.m2/repository/org/openimaj/xuggle-video/1.3.1/xuggle-video-1.3.1.jar
7f6cb6ef4000-7f6cb6ef6000 r--s 00007000 08:03 8531392                    /home/zerr/.m2/repository/org/openimaj/video-processing/1.3.1/video-processing-1.3.1.jar
7f6cb6ef6000-7f6cb6ef8000 r--s 00007000 08:03 8530994                    /home/zerr/.m2/repository/org/openimaj/content/animation/1.3.1/animation-1.3.1.jar
7f6cb6ef8000-7f6cb6efa000 r--s 00008000 08:03 8530992                    /home/zerr/.m2/repository/org/openimaj/core-audio/1.3.1/core-audio-1.3.1.jar
7f6cb6efa000-7f6cb6efc000 r--s 0001e000 08:03 8530990                    /home/zerr/.m2/repository/org/openimaj/core-video/1.3.1/core-video-1.3.1.jar
7f6cb6efc000-7f6cb6f0b000 r--s 000e1000 08:03 8531412                    /home/zerr/.m2/repository/com/google/android/tools/dx/1.7/dx-1.7.jar
7f6cb6f0b000-7f6cb6f15000 r--s 000f1000 08:03 8439245                    /home/zerr/.m2/repository/com/nativelibs4java/bridj/0.7-20140918/bridj-0.7-20140918.jar
7f6cb6f15000-7f6cb6f17000 r--s 00025000 08:03 8531410                    /home/zerr/.m2/repository/org/openimaj/core-video-capture/1.3.1/core-video-capture-1.3.1.jar
7f6cb6f17000-7f6cb6f18000 r--s 0008b000 08:03 8531408                    /home/zerr/.m2/repository/org/openimaj/FaceTracker/1.3.1/FaceTracker-1.3.1.jar
7f6cb6f18000-7f6cb6f19000 r--s 00001000 08:03 8530918                    /home/zerr/.m2/repository/xmlpull/xmlpull/1.1.3.1/xmlpull-1.1.3.1.jar
7f6cb6f19000-7f6cb6f1b000 r--s 00005000 08:03 8789746                    /home/zerr/.m2/repository/xpp3/xpp3_min/1.1.4c/xpp3_min-1.1.4c.jar
7f6cb6f1b000-7f6cb6f1e000 r--s 00214000 08:03 8531406                    /home/zerr/.m2/repository/org/openimaj/object-detection/1.3.1/object-detection-1.3.1.jar
7f6cb6f1e000-7f6cb6f20000 r--s 00096000 08:03 8531404                    /home/zerr/.m2/repository/org/openimaj/klt-tracker/1.3.1/klt-tracker-1.3.1.jar
7f6cb6f20000-7f6cb6f26000 r--s 0003b000 08:03 8530940                    /home/zerr/.m2/repository/org/openimaj/image-feature-extraction/1.3.1/image-feature-extraction-1.3.1.jar
7f6cb6f26000-7f6cb6f2c000 r--s 0003c000 08:03 8531418                    /home/zerr/.m2/repository/org/openimaj/image-local-features/1.3.1/image-local-features-1.3.1.jar
7f6cb6f2c000-7f6cb6f38000 r--s 000b0000 08:03 8530996                    /home/zerr/.m2/repository/org/openimaj/JTransforms/1.3.1/JTransforms-1.3.1.jar
7f6cb6f38000-7f6cb6f3f000 r--s 00040000 08:03 8530942                    /home/zerr/.m2/repository/org/openimaj/image-processing/1.3.1/image-processing-1.3.1.jar
7f6cb6f3f000-7f6cb6f45000 r--s 0026a000 08:03 8531402                    /home/zerr/.m2/repository/org/openimaj/faces/1.3.1/faces-1.3.1.jar
7f6cb6f45000-7f6cb6f46000 r--s 00000000 08:03 8542429                    /home/zerr/.m2/repository/org/openimaj/processing-core/1.3.1/processing-core-1.3.1.jar
7f6cb6f46000-7f6cb6f48000 r--s 0000c000 08:03 8530866                    /home/zerr/.m2/repository/args4j/args4j/2.0.16/args4j-2.0.16.jar
7f6cb6f48000-7f6cb6f4b000 r--s 00011000 08:03 8530934                    /home/zerr/.m2/repository/com/twelvemonkeys/common/common-image/3.0-rc5/common-image-3.0-rc5.jar
7f6cb6f4b000-7f6cb6f4f000 r--s 00018000 08:03 8530932                    /home/zerr/.m2/repository/com/twelvemonkeys/common/common-lang/3.0-rc5/common-lang-3.0-rc5.jar
7f6cb6f4f000-7f6cb6f52000 r--s 00013000 08:03 8530930                    /home/zerr/.m2/repository/com/twelvemonkeys/common/common-io/3.0-rc5/common-io-3.0-rc5.jar
7f6cb6f52000-7f6cb6f55000 r--s 0000c000 08:03 8530928                    /home/zerr/.m2/repository/com/twelvemonkeys/imageio/imageio-metadata/3.0-rc5/imageio-metadata-3.0-rc5.jar
7f6cb6f55000-7f6cb6f58000 r--s 00009000 08:03 8530926                    /home/zerr/.m2/repository/com/twelvemonkeys/imageio/imageio-core/3.0-rc5/imageio-core-3.0-rc5.jar
7f6cb6f58000-7f6cb6f5a000 r--s 0000b000 08:03 8530924                    /home/zerr/.m2/repository/com/twelvemonkeys/imageio/imageio-jpeg/3.0-rc5/imageio-jpeg-3.0-rc5.jar
7f6cb6f5a000-7f6cb6f5e000 r--s 0003c000 08:03 8531046                    /home/zerr/.m2/repository/com/sun/media/jai-codec/1.1.3/jai-codec-1.1.3.jar
7f6cb6f5e000-7f6cb6f72000 r--s 001bd000 08:03 8531044                    /home/zerr/.m2/repository/javax/media/jai-core/1.1.3/jai-core-1.1.3.jar
7f6cb6f72000-7f6cb6f75000 r--s 0000a000 08:03 8531042                    /home/zerr/.m2/repository/com/caffeineowl/graphics/BezierUtils/1.0.0/BezierUtils-1.0.0.jar
7f6cb6f75000-7f6cb6f7f000 r--s 00072000 08:03 8530922                    /home/zerr/.m2/repository/org/apache/sanselan/sanselan/0.97-incubator/sanselan-0.97-incubator.jar
7f6cb6f7f000-7f6cb6f83000 r--s 00035000 08:03 8531030                    /home/zerr/.m2/repository/com/aetrion/flickr/flickrapi/1.2ss.1/flickrapi-1.2ss.1.jar
7f6cb6f83000-7f6cb6f84000 r--s 00001000 08:03 8531028                    /home/zerr/.m2/repository/uk/ac/ed/ph/snuggletex/snuggletex-jeuclid/1.2.2/snuggletex-jeuclid-1.2.2.jar
7f6cb6f84000-7f6cb6f86000 r--s 0001e000 08:03 8531026                    /home/zerr/.m2/repository/net/sf/saxon/saxon9-dom/9.1.0.8/saxon9-dom-9.1.0.8.jar
7f6cb6f86000-7f6cb6fa1000 r--s 004b6000 08:03 8531024                    /home/zerr/.m2/repository/net/sf/saxon/saxon9/9.1.0.8/saxon9-9.1.0.8.jar
7f6cb6fa1000-7f6cb6fa3000 r--s 0000e000 08:03 8531022                    /home/zerr/.m2/repository/uk/ac/ed/ph/snuggletex/snuggletex-upconversion/1.2.2/snuggletex-upconversion-1.2.2.jar
7f6cb6fa3000-7f6cb6fa9000 r--s 00040000 08:03 8531020                    /home/zerr/.m2/repository/uk/ac/ed/ph/snuggletex/snuggletex-core/1.2.2/snuggletex-core-1.2.2.jar
7f6cb6fa9000-7f6cb6fb3000 r--s 00075000 08:03 8439412                    /home/zerr/.m2/repository/org/apache/xmlgraphics/xmlgraphics-commons/1.3.1/xmlgraphics-commons-1.3.1.jar
7f6cb6fb3000-7f6cb6fb8000 r--s 00010000 08:03 8439399                    /home/zerr/.m2/repository/xml-apis/xml-apis-ext/1.3.04/xml-apis-ext-1.3.04.jar
7f6cb6fb8000-7f6cb6fbb000 r--s 0001d000 08:03 8439391                    /home/zerr/.m2/repository/org/apache/xmlgraphics/batik-util/1.7/batik-util-1.7.jar
7f6cb6fbb000-7f6cb6fbd000 r--s 00010000 08:03 8439385                    /home/zerr/.m2/repository/org/apache/xmlgraphics/batik-parser/1.7/batik-parser-1.7.jar
7f6cb6fbd000-7f6cb6fbe000 r--s 00002000 08:03 8439377                    /home/zerr/.m2/repository/org/apache/xmlgraphics/batik-ext/1.7/batik-ext-1.7.jar
7f6cb6fbe000-7f6cb6fbf000 r--s 00007000 08:03 8439354                    /home/zerr/.m2/repository/org/apache/xmlgraphics/batik-xml/1.7/batik-xml-1.7.jar
7f6cb6fbf000-7f6cb6fc3000 r--s 00027000 08:03 8439331                    /home/zerr/.m2/repository/org/apache/xmlgraphics/batik-dom/1.7/batik-dom-1.7.jar
7f6cb6fc3000-7f6cb6fca000 r--s 00045000 08:03 8439324                    /home/zerr/.m2/repository/org/apache/xmlgraphics/batik-css/1.7/batik-css-1.7.jar
7f6cb6fca000-7f6cb6fd2000 r--s 0005b000 08:03 8439311                    /home/zerr/.m2/repository/org/apache/xmlgraphics/batik-awt-util/1.7/batik-awt-util-1.7.jar
7f6cb6fd2000-7f6cb6fd5000 r--s 00015000 08:03 8439303                    /home/zerr/.m2/repository/org/apache/xmlgraphics/batik-anim/1.7/batik-anim-1.7.jar
7f6cb6fd5000-7f6cb6fe2000 r--s 00086000 08:03 8439287                    /home/zerr/.m2/repository/org/apache/xmlgraphics/batik-svg-dom/1.7/batik-svg-dom-1.7.jar
7f6cb6fe2000-7f6cb6feb000 r--s 00072000 08:03 8439266                    /home/zerr/.m2/repository/net/sourceforge/jeuclid/jeuclid-core/3.1.9/jeuclid-core-3.1.9.jar
7f6cb6feb000-7f6cb6fed000 r--s 0000d000 08:03 8435011                    /home/zerr/.m2/repository/net/billylieurance/azuresearch/azure-bing-search-java/0.12.0/azure-bing-search-java-0.12.0.jar
7f6cb6fed000-7f6cb6ffa000 r--s 00095000 08:03 8439259                    /home/zerr/.m2/repository/org/openimaj/core-image/1.3.1/core-image-1.3.1.jar
7f6cb6ffa000-7f6cb6ffc000 r--s 00004000 08:03 8439257                    /home/zerr/.m2/repository/org/openimaj/ImprovedArgs4J/1.3.1/ImprovedArgs4J-1.3.1.jar
7f6cb6ffc000-7f6cb6ffd000 r--s 00001000 08:03 8542427                    /home/zerr/.m2/repository/org/openimaj/processing/1.3.1/processing-1.3.1.jar
7f6cb6ffd000-7f6cb7003000 r--s 00032000 08:03 8440062                    /home/zerr/.m2/repository/org/apache/httpcomponents/httpcore/4.2.4/httpcore-4.2.4.jar
7f6cb7003000-7f6cb700c000 r--s 00061000 08:03 8440054                    /home/zerr/.m2/repository/org/apache/httpcomponents/httpclient/4.2.5/httpclient-4.2.5.jar
7f6cb700c000-7f6cb700d000 r--s 00004000 08:03 8530902                    /home/zerr/.m2/repository/org/apache/ant/ant-launcher/1.8.4/ant-launcher-1.8.4.jar
7f6cb700d000-7f6cb702b000 r--s 001bd000 08:03 8530900                    /home/zerr/.m2/repository/org/apache/ant/ant/1.8.4/ant-1.8.4.jar
7f6cb702b000-7f6cb702e000 r--s 00020000 08:03 8531032                    /home/zerr/.m2/repository/vigna/dsi/unimi/it/jal/20031117/jal-20031117.jar
7f6cb702e000-7f6cb7030000 r--s 00007000 08:03 8413944                    /home/zerr/.m2/repository/org/objenesis/objenesis/1.2/objenesis-1.2.jar
7f6cb7030000-7f6cb7032000 r--s 00000000 08:03 8413942                    /home/zerr/.m2/repository/com/esotericsoftware/minlog/minlog/1.2/minlog-1.2.jar
7f6cb7032000-7f6cb7034000 r--s 0000a000 08:03 8413939                    /home/zerr/.m2/repository/org/ow2/asm/asm/4.0/asm-4.0.jar
7f6cb7034000-7f6cb7036000 r--s 0000f000 08:03 8413937                    /home/zerr/.m2/repository/com/esotericsoftware/reflectasm/reflectasm/1.07/reflectasm-1.07-shaded.jar
7f6cb7036000-7f6cb703c000 r--s 00053000 08:03 8413935                    /home/zerr/.m2/repository/com/esotericsoftware/kryo/kryo/2.21/kryo-2.21.jar
7f6cb703c000-7f6cb7042000 r--s 00045000 08:03 8414028                    /home/zerr/.m2/repository/commons-httpclient/commons-httpclient/3.1/commons-httpclient-3.1.jar
7f6cb7042000-7f6cb7044000 r--s 00005000 08:03 8530898                    /home/zerr/.m2/repository/regexp/regexp/1.3/regexp-1.3.jar
7f6cb7044000-7f6cb7046000 r--s 00008000 08:03 8530896                    /home/zerr/.m2/repository/org/apache/maven/scm/maven-scm-provider-svn-commons/1.4/maven-scm-provider-svn-commons-1.4.jar
7f6cb7046000-7f6cb7049000 r--s 0000f000 08:03 8530894                    /home/zerr/.m2/repository/org/apache/maven/scm/maven-scm-provider-svnexe/1.4/maven-scm-provider-svnexe-1.4.jar
7f6cb7049000-7f6cb704e000 r--s 00039000 08:03 8439718                    /home/zerr/.m2/repository/org/codehaus/plexus/plexus-utils/1.5.6/plexus-utils-1.5.6.jar
7f6cb704e000-7f6cb7052000 r--s 00014000 08:03 8530892                    /home/zerr/.m2/repository/org/apache/maven/scm/maven-scm-api/1.4/maven-scm-api-1.4.jar
7f6cb7052000-7f6cb7054000 r--s 0000d000 08:03 8415030                    /home/zerr/.m2/repository/commons-logging/commons-logging/1.1.1/commons-logging-1.1.1.jar
7f6cb7054000-7f6cb705d000 r--s 0005d000 08:03 8530890                    /home/zerr/.m2/repository/org/apache/commons/commons-vfs2/2.0/commons-vfs2-2.0.jar
7f6cb705d000-7f6cb7061000 r--s 00027000 08:03 8530888                    /home/zerr/.m2/repository/commons-io/commons-io/2.2/commons-io-2.2.jar
7f6cb7061000-7f6cb7066000 r--s 00041000 08:03 8415028                    /home/zerr/.m2/repository/commons-lang/commons-lang/2.6/commons-lang-2.6.jar
7f6cb7066000-7f6cb706d000 r--s 00053000 08:03 8443831                    /home/zerr/.m2/repository/log4j/log4j/1.2.14/log4j-1.2.14.jar
7f6cb706d000-7f6cb7074000 r--s 00028000 08:03 8530886                    /home/zerr/.m2/repository/concurrent/concurrent/1.3.4/concurrent-1.3.4.jar
7f6cb7074000-7f6cb7082000 r--s 00081000 08:03 8530884                    /home/zerr/.m2/repository/colt/colt/1.2.0/colt-1.2.0.jar
7f6cb7082000-7f6cb70ab000 r--s 001ee000 08:03 8530882                    /home/zerr/.m2/repository/com/google/guava/guava/14.0.1/guava-14.0.1.jar
7f6cb70ab000-7f6cb70d2000 r--s 00241000 08:03 8530880                    /home/zerr/.m2/repository/net/sf/trove4j/trove4j/3.0.2/trove4j-3.0.2.jar
7f6cb70d2000-7f6cb70d5000 r--s 00010000 08:03 8530876                    /home/zerr/.m2/repository/org/jbibtex/jbibtex/1.0.2/jbibtex-1.0.2.jar
7f6cb70d5000-7f6cb70de000 r--s 00095000 08:03 8530874                    /home/zerr/.m2/repository/javassist/javassist/3.12.1.GA/javassist-3.12.1.GA.jar
7f6cb70de000-7f6cb70e0000 r--s 00002000 08:03 8530872                    /home/zerr/.m2/repository/org/openimaj/core-aop-support/1.3.1/core-aop-support-1.3.1.jar
7f6cb70e0000-7f6cb70f1000 r--s 000ac000 08:03 8530868                    /home/zerr/.m2/repository/org/openimaj/core/1.3.1/core-1.3.1.jar
7f6cb70f1000-7f6cb712f000 r--s 0025d000 08:03 8417968                    /home/zerr/.m2/repository/org/apache/xmlbeans/xmlbeans/2.6.0/xmlbeans-2.6.0.jar
7f6cb712f000-7f6cb71ef000 r--s 004e6000 08:03 8537421                    /home/zerr/.m2/repository/org/apache/poi/poi-ooxml-schemas/3.14/poi-ooxml-schemas-3.14.jar
7f6cb71ef000-7f6cb71f0000 ---p 00000000 00:00 0 
7f6cb71f0000-7f6cb72f0000 rw-p 00000000 00:00 0                          [stack:29815]
7f6cb72f0000-7f6cb72f3000 ---p 00000000 00:00 0 
7f6cb72f3000-7f6cb73f1000 rw-p 00000000 00:00 0                          [stack:29814]
7f6cb73f1000-7f6cb73f4000 ---p 00000000 00:00 0 
7f6cb73f4000-7f6cb74f2000 rw-p 00000000 00:00 0                          [stack:29813]
7f6cb74f2000-7f6cb74f5000 ---p 00000000 00:00 0 
7f6cb74f5000-7f6cb75f3000 rw-p 00000000 00:00 0                          [stack:29812]
7f6cb75f3000-7f6cb75f6000 ---p 00000000 00:00 0 
7f6cb75f6000-7f6cb76f4000 rw-p 00000000 00:00 0                          [stack:29808]
7f6cb76f4000-7f6cb76f7000 ---p 00000000 00:00 0 
7f6cb76f7000-7f6cb77f5000 rw-p 00000000 00:00 0                          [stack:29807]
7f6cb77f5000-7f6cb77f8000 ---p 00000000 00:00 0 
7f6cb77f8000-7f6cb78f6000 rw-p 00000000 00:00 0                          [stack:29804]
7f6cb78f6000-7f6cb78fa000 r-xp 00000000 08:03 6161194                    /usr/lib/jvm/java-7-openjdk-amd64/jre/lib/amd64/libdt_socket.so
7f6cb78fa000-7f6cb7af9000 ---p 00004000 08:03 6161194                    /usr/lib/jvm/java-7-openjdk-amd64/jre/lib/amd64/libdt_socket.so
7f6cb7af9000-7f6cb7afa000 r--p 00003000 08:03 6161194                    /usr/lib/jvm/java-7-openjdk-amd64/jre/lib/amd64/libdt_socket.so
7f6cb7afa000-7f6cb7afb000 rw-p 00004000 08:03 6161194                    /usr/lib/jvm/java-7-openjdk-amd64/jre/lib/amd64/libdt_socket.so
7f6cb7afb000-7f6cb7afe000 ---p 00000000 00:00 0 
7f6cb7afe000-7f6cb7bfc000 rw-p 00000000 00:00 0                          [stack:29802]
7f6cb7bfc000-7f6cb7bff000 ---p 00000000 00:00 0 
7f6cb7bff000-7f6cb7cfd000 rw-p 00000000 00:00 0                          [stack:29801]
7f6cb7cfd000-7f6cb7d00000 ---p 00000000 00:00 0 
7f6cb7d00000-7f6cb7dfe000 rw-p 00000000 00:00 0                          [stack:29800]
7f6cb7dfe000-7f6cb7dff000 ---p 00000000 00:00 0 
7f6cb7dff000-7f6cb8000000 rw-p 00000000 00:00 0                          [stack:29799]
7f6cb8000000-7f6cb8021000 rw-p 00000000 00:00 0 
7f6cb8021000-7f6cbc000000 ---p 00000000 00:00 0 
7f6cbc000000-7f6cbc001000 r--s 00006000 08:03 8530870                    /home/zerr/.m2/repository/org/openimaj/core-citation/1.3.1/core-citation-1.3.1.jar
7f6cbc001000-7f6cbc004000 r--s 00021000 08:03 39361                      /home/zerr/.m2/repository/org/apache/logging/log4j/log4j-api/2.5/log4j-api-2.5.jar
7f6cbc004000-7f6cbc01c000 r--s 000f7000 08:03 39359                      /home/zerr/.m2/repository/org/apache/logging/log4j/log4j-core/2.5/log4j-core-2.5.jar
7f6cbc01c000-7f6cbc01e000 r--s 00216000 08:03 42514                      /home/zerr/.m2/repository/sz/ImagePrivacyFeatures/ImagePrivacyFeatures/0.0.1-SNAPSHOT/ImagePrivacyFeatures-0.0.1-SNAPSHOT.jar
7f6cbc01e000-7f6cbc01f000 r--s 0000a000 08:03 42333                      /home/zerr/.m2/repository/sz/svmlightclassification/svmlightclassification/0.0.1-SNAPSHOT/svmlightclassification-0.0.1-SNAPSHOT.jar
7f6cbc01f000-7f6cbc021000 r--s 0001a000 08:03 42538                      /home/zerr/.m2/repository/sz/libsvmclassification/libsvmclassification/0.0.1-SNAPSHOT/libsvmclassification-0.0.1-SNAPSHOT.jar
7f6cbc021000-7f6cbc026000 r--s 0005d000 08:03 42555                      /home/zerr/.m2/repository/sz/image/classification/0.0.1-SNAPSHOT/classification-0.0.1-SNAPSHOT.jar
7f6cbc026000-7f6cbc029000 r--s 0001e000 08:03 8792368                    /home/zerr/.m2/repository/org/knallgrau/utils/textcat/1.0.1/textcat-1.0.1.jar
7f6cbc029000-7f6cbc02f000 r--s 00047000 08:03 8789601                    /home/zerr/.m2/repository/org/jsoup/jsoup/1.8.3/jsoup-1.8.3.jar
7f6cbc02f000-7f6cbc040000 r--s 0012a000 08:03 8537392                    /home/zerr/.m2/repository/org/apache/poi/poi-ooxml/3.14/poi-ooxml-3.14.jar
7f6cbc040000-7f6cbce4e000 rw-p 00000000 00:00 0 
7f6cbce4e000-7f6cbd000000 r--s 01d2e000 08:03 6161175                    /usr/lib/jvm/java-7-openjdk-amd64/jre/lib/rt.jar
7f6cbd000000-7f6cbd270000 rwxp 00000000 00:00 0 
7f6cbd270000-7f6cc0a88000 rw-p 00000000 00:00 0 
7f6cc0a88000-7f6cc4000000 ---p 00000000 00:00 0 
7f6cc4000000-7f6cc4005000 r--s 00029000 08:03 8440117                    /home/zerr/.m2/repository/sz/utils/SZUtils/0.0.1-SNAPSHOT/SZUtils-0.0.1-SNAPSHOT.jar
7f6cc4005000-7f6cc400c000 r--s 00064000 08:03 8537521                    /home/zerr/.m2/repository/org/apache/commons/commons-lang3/3.4/commons-lang3-3.4.jar
7f6cc400c000-7f6cc4013000 r--s 0003f000 08:03 8537439                    /home/zerr/.m2/repository/commons-codec/commons-codec/1.10/commons-codec-1.10.jar
7f6cc4013000-7f6cc403d000 r--s 00240000 08:03 8537437                    /home/zerr/.m2/repository/org/apache/poi/poi/3.14/poi-3.14.jar
7f6cc403d000-7f6cc4a96000 rw-p 00000000 00:00 0 
7f6cc4a96000-7f6cc4a97000 ---p 00000000 00:00 0 
7f6cc4a97000-7f6cc4b97000 rw-p 00000000 00:00 0                          [stack:29796]
7f6cc4b97000-7f6cc4b98000 ---p 00000000 00:00 0 
7f6cc4b98000-7f6cc4c98000 rw-p 00000000 00:00 0                          [stack:29795]
7f6cc4c98000-7f6cc4c99000 ---p 00000000 00:00 0 
7f6cc4c99000-7f6cc4d99000 rw-p 00000000 00:00 0                          [stack:29791]
7f6cc4d99000-7f6cc4d9a000 ---p 00000000 00:00 0 
7f6cc4d9a000-7f6cc4ea5000 rw-p 00000000 00:00 0                          [stack:29789]
7f6cc4ea5000-7f6cc4eed000 rw-p 00000000 00:00 0 
7f6cc4eed000-7f6cc5005000 rw-p 00000000 00:00 0 
7f6cc5005000-7f6cc5421000 rw-p 00000000 00:00 0 
7f6cc5421000-7f6cc542c000 rw-p 00000000 00:00 0 
7f6cc542c000-7f6cc5474000 rw-p 00000000 00:00 0 
7f6cc5474000-7f6cc558c000 rw-p 00000000 00:00 0 
7f6cc558c000-7f6cc59a7000 rw-p 00000000 00:00 0 
7f6cc59a7000-7f6cc5c41000 rw-p 00000000 00:00 0 
7f6cc5c41000-7f6cc5c42000 rw-p 00000000 00:00 0 
7f6cc5c42000-7f6cc5c4a000 r-xp 00000000 08:03 6161193                    /usr/lib/jvm/java-7-openjdk-amd64/jre/lib/amd64/libzip.so
7f6cc5c4a000-7f6cc5e49000 ---p 00008000 08:03 6161193                    /usr/lib/jvm/java-7-openjdk-amd64/jre/lib/amd64/libzip.so
7f6cc5e49000-7f6cc5e4a000 r--p 00007000 08:03 6161193                    /usr/lib/jvm/java-7-openjdk-amd64/jre/lib/amd64/libzip.so
7f6cc5e4a000-7f6cc5e4b000 rw-p 00008000 08:03 6161193                    /usr/lib/jvm/java-7-openjdk-amd64/jre/lib/amd64/libzip.so
7f6cc5e4b000-7f6cc5e56000 r-xp 00000000 08:03 263049                     /lib/x86_64-linux-gnu/libnss_files-2.19.so
7f6cc5e56000-7f6cc6055000 ---p 0000b000 08:03 263049                     /lib/x86_64-linux-gnu/libnss_files-2.19.so
7f6cc6055000-7f6cc6056000 r--p 0000a000 08:03 263049                     /lib/x86_64-linux-gnu/libnss_files-2.19.so
7f6cc6056000-7f6cc6057000 rw-p 0000b000 08:03 263049                     /lib/x86_64-linux-gnu/libnss_files-2.19.so
7f6cc6057000-7f6cc6061000 r-xp 00000000 08:03 263053                     /lib/x86_64-linux-gnu/libnss_nis-2.19.so
7f6cc6061000-7f6cc6260000 ---p 0000a000 08:03 263053                     /lib/x86_64-linux-gnu/libnss_nis-2.19.so
7f6cc6260000-7f6cc6261000 r--p 00009000 08:03 263053                     /lib/x86_64-linux-gnu/libnss_nis-2.19.so
7f6cc6261000-7f6cc6262000 rw-p 0000a000 08:03 263053                     /lib/x86_64-linux-gnu/libnss_nis-2.19.so
7f6cc6262000-7f6cc6277000 r-xp 00000000 08:03 263041                     /lib/x86_64-linux-gnu/libnsl-2.19.so
7f6cc6277000-7f6cc6476000 ---p 00015000 08:03 263041                     /lib/x86_64-linux-gnu/libnsl-2.19.so
7f6cc6476000-7f6cc6477000 r--p 00014000 08:03 263041                     /lib/x86_64-linux-gnu/libnsl-2.19.so
7f6cc6477000-7f6cc6478000 rw-p 00015000 08:03 263041                     /lib/x86_64-linux-gnu/libnsl-2.19.so
7f6cc6478000-7f6cc647a000 rw-p 00000000 00:00 0 
7f6cc647a000-7f6cc6481000 r-xp 00000000 08:03 263043                     /lib/x86_64-linux-gnu/libnss_compat-2.19.so
7f6cc6481000-7f6cc6680000 ---p 00007000 08:03 263043                     /lib/x86_64-linux-gnu/libnss_compat-2.19.so
7f6cc6680000-7f6cc6681000 r--p 00006000 08:03 263043                     /lib/x86_64-linux-gnu/libnss_compat-2.19.so
7f6cc6681000-7f6cc6682000 rw-p 00007000 08:03 263043                     /lib/x86_64-linux-gnu/libnss_compat-2.19.so
7f6cc6682000-7f6cc680b000 r--p 00000000 08:03 5508960                    /usr/lib/locale/locale-archive
7f6cc680b000-7f6cc680d000 r-xp 00000000 08:03 6161204                    /usr/lib/jvm/java-7-openjdk-amd64/jre/lib/amd64/libnpt.so
7f6cc680d000-7f6cc6a0d000 ---p 00002000 08:03 6161204                    /usr/lib/jvm/java-7-openjdk-amd64/jre/lib/amd64/libnpt.so
7f6cc6a0d000-7f6cc6a0e000 r--p 00002000 08:03 6161204                    /usr/lib/jvm/java-7-openjdk-amd64/jre/lib/amd64/libnpt.so
7f6cc6a0e000-7f6cc6a0f000 rw-p 00003000 08:03 6161204                    /usr/lib/jvm/java-7-openjdk-amd64/jre/lib/amd64/libnpt.so
7f6cc6a0f000-7f6cc6a4a000 r-xp 00000000 08:03 6161190                    /usr/lib/jvm/java-7-openjdk-amd64/jre/lib/amd64/libjdwp.so
7f6cc6a4a000-7f6cc6c49000 ---p 0003b000 08:03 6161190                    /usr/lib/jvm/java-7-openjdk-amd64/jre/lib/amd64/libjdwp.so
7f6cc6c49000-7f6cc6c4a000 r--p 0003a000 08:03 6161190                    /usr/lib/jvm/java-7-openjdk-amd64/jre/lib/amd64/libjdwp.so
7f6cc6c4a000-7f6cc6c4b000 rw-p 0003b000 08:03 6161190                    /usr/lib/jvm/java-7-openjdk-amd64/jre/lib/amd64/libjdwp.so
7f6cc6c4b000-7f6cc6c4c000 rw-p 00000000 00:00 0 
7f6cc6c4c000-7f6cc6c79000 r-xp 00000000 08:03 6161225                    /usr/lib/jvm/java-7-openjdk-amd64/jre/lib/amd64/libjava.so
7f6cc6c79000-7f6cc6e78000 ---p 0002d000 08:03 6161225                    /usr/lib/jvm/java-7-openjdk-amd64/jre/lib/amd64/libjava.so
7f6cc6e78000-7f6cc6e79000 r--p 0002c000 08:03 6161225                    /usr/lib/jvm/java-7-openjdk-amd64/jre/lib/amd64/libjava.so
7f6cc6e79000-7f6cc6e7b000 rw-p 0002d000 08:03 6161225                    /usr/lib/jvm/java-7-openjdk-amd64/jre/lib/amd64/libjava.so
7f6cc6e7b000-7f6cc6e8a000 r-xp 00000000 08:03 6161189                    /usr/lib/jvm/java-7-openjdk-amd64/jre/lib/amd64/libverify.so
7f6cc6e8a000-7f6cc7089000 ---p 0000f000 08:03 6161189                    /usr/lib/jvm/java-7-openjdk-amd64/jre/lib/amd64/libverify.so
7f6cc7089000-7f6cc708c000 r--p 0000e000 08:03 6161189                    /usr/lib/jvm/java-7-openjdk-amd64/jre/lib/amd64/libverify.so
7f6cc708c000-7f6cc708d000 rw-p 00011000 08:03 6161189                    /usr/lib/jvm/java-7-openjdk-amd64/jre/lib/amd64/libverify.so
7f6cc708d000-7f6cc7094000 r-xp 00000000 08:03 263063                     /lib/x86_64-linux-gnu/librt-2.19.so
7f6cc7094000-7f6cc7293000 ---p 00007000 08:03 263063                     /lib/x86_64-linux-gnu/librt-2.19.so
7f6cc7293000-7f6cc7294000 r--p 00006000 08:03 263063                     /lib/x86_64-linux-gnu/librt-2.19.so
7f6cc7294000-7f6cc7295000 rw-p 00007000 08:03 263063                     /lib/x86_64-linux-gnu/librt-2.19.so
7f6cc7295000-7f6cc72ab000 r-xp 00000000 08:03 262148                     /lib/x86_64-linux-gnu/libgcc_s.so.1
7f6cc72ab000-7f6cc74aa000 ---p 00016000 08:03 262148                     /lib/x86_64-linux-gnu/libgcc_s.so.1
7f6cc74aa000-7f6cc74ab000 rw-p 00015000 08:03 262148                     /lib/x86_64-linux-gnu/libgcc_s.so.1
7f6cc74ab000-7f6cc75ab000 r-xp 00000000 08:03 263035                     /lib/x86_64-linux-gnu/libm-2.19.so
7f6cc75ab000-7f6cc77aa000 ---p 00100000 08:03 263035                     /lib/x86_64-linux-gnu/libm-2.19.so
7f6cc77aa000-7f6cc77ab000 r--p 000ff000 08:03 263035                     /lib/x86_64-linux-gnu/libm-2.19.so
7f6cc77ab000-7f6cc77ac000 rw-p 00100000 08:03 263035                     /lib/x86_64-linux-gnu/libm-2.19.so
7f6cc77ac000-7f6cc7898000 r-xp 00000000 08:03 5509731                    /usr/lib/x86_64-linux-gnu/libstdc++.so.6.0.20
7f6cc7898000-7f6cc7a98000 ---p 000ec000 08:03 5509731                    /usr/lib/x86_64-linux-gnu/libstdc++.so.6.0.20
7f6cc7a98000-7f6cc7aa0000 r--p 000ec000 08:03 5509731                    /usr/lib/x86_64-linux-gnu/libstdc++.so.6.0.20
7f6cc7aa0000-7f6cc7aa2000 rw-p 000f4000 08:03 5509731                    /usr/lib/x86_64-linux-gnu/libstdc++.so.6.0.20
7f6cc7aa2000-7f6cc7ab7000 rw-p 00000000 00:00 0 
7f6cc7ab7000-7f6cc860d000 r-xp 00000000 08:03 6161200                    /usr/lib/jvm/java-7-openjdk-amd64/jre/lib/amd64/server/libjvm.so
7f6cc860d000-7f6cc880c000 ---p 00b56000 08:03 6161200                    /usr/lib/jvm/java-7-openjdk-amd64/jre/lib/amd64/server/libjvm.so
7f6cc880c000-7f6cc88ab000 r--p 00d55000 08:03 6161200                    /usr/lib/jvm/java-7-openjdk-amd64/jre/lib/amd64/server/libjvm.so
7f6cc88ab000-7f6cc88ce000 rw-p 00df4000 08:03 6161200                    /usr/lib/jvm/java-7-openjdk-amd64/jre/lib/amd64/server/libjvm.so
7f6cc88ce000-7f6cc88fb000 rw-p 00000000 00:00 0 
7f6cc88fb000-7f6cc8915000 r-xp 00000000 08:03 262244                     /lib/x86_64-linux-gnu/libz.so.1.2.8
7f6cc8915000-7f6cc8b14000 ---p 0001a000 08:03 262244                     /lib/x86_64-linux-gnu/libz.so.1.2.8
7f6cc8b14000-7f6cc8b15000 r--p 00019000 08:03 262244                     /lib/x86_64-linux-gnu/libz.so.1.2.8
7f6cc8b15000-7f6cc8b16000 rw-p 0001a000 08:03 262244                     /lib/x86_64-linux-gnu/libz.so.1.2.8
7f6cc8b16000-7f6cc8cb8000 r-xp 00000000 08:03 263021                     /lib/x86_64-linux-gnu/libc-2.19.so
7f6cc8cb8000-7f6cc8eb7000 ---p 001a2000 08:03 263021                     /lib/x86_64-linux-gnu/libc-2.19.so
7f6cc8eb7000-7f6cc8ebb000 r--p 001a1000 08:03 263021                     /lib/x86_64-linux-gnu/libc-2.19.so
7f6cc8ebb000-7f6cc8ebd000 rw-p 001a5000 08:03 263021                     /lib/x86_64-linux-gnu/libc-2.19.so
7f6cc8ebd000-7f6cc8ec1000 rw-p 00000000 00:00 0 
7f6cc8ec1000-7f6cc8ec4000 r-xp 00000000 08:03 263031                     /lib/x86_64-linux-gnu/libdl-2.19.so
7f6cc8ec4000-7f6cc90c3000 ---p 00003000 08:03 263031                     /lib/x86_64-linux-gnu/libdl-2.19.so
7f6cc90c3000-7f6cc90c4000 r--p 00002000 08:03 263031                     /lib/x86_64-linux-gnu/libdl-2.19.so
7f6cc90c4000-7f6cc90c5000 rw-p 00003000 08:03 263031                     /lib/x86_64-linux-gnu/libdl-2.19.so
7f6cc90c5000-7f6cc90d2000 r-xp 00000000 08:03 6161191                    /usr/lib/jvm/java-7-openjdk-amd64/jre/lib/amd64/jli/libjli.so
7f6cc90d2000-7f6cc92d1000 ---p 0000d000 08:03 6161191                    /usr/lib/jvm/java-7-openjdk-amd64/jre/lib/amd64/jli/libjli.so
7f6cc92d1000-7f6cc92d2000 r--p 0000c000 08:03 6161191                    /usr/lib/jvm/java-7-openjdk-amd64/jre/lib/amd64/jli/libjli.so
7f6cc92d2000-7f6cc92d3000 rw-p 0000d000 08:03 6161191                    /usr/lib/jvm/java-7-openjdk-amd64/jre/lib/amd64/jli/libjli.so
7f6cc92d3000-7f6cc92eb000 r-xp 00000000 08:03 262711                     /lib/x86_64-linux-gnu/libpthread-2.19.so
7f6cc92eb000-7f6cc94ea000 ---p 00018000 08:03 262711                     /lib/x86_64-linux-gnu/libpthread-2.19.so
7f6cc94ea000-7f6cc94eb000 r--p 00017000 08:03 262711                     /lib/x86_64-linux-gnu/libpthread-2.19.so
7f6cc94eb000-7f6cc94ec000 rw-p 00018000 08:03 262711                     /lib/x86_64-linux-gnu/libpthread-2.19.so
7f6cc94ec000-7f6cc94f0000 rw-p 00000000 00:00 0 
7f6cc94f0000-7f6cc9510000 r-xp 00000000 08:03 263013                     /lib/x86_64-linux-gnu/ld-2.19.so
7f6cc9510000-7f6cc9511000 r--s 00000000 08:03 42508                      /home/zerr/.m2/repository/L3sInterfaces/L3sInterfaces/0.0.1-SNAPSHOT/L3sInterfaces-0.0.1-SNAPSHOT.jar
7f6cc9511000-7f6cc9512000 r--s 00007000 08:03 42496                      /home/zerr/.m2/repository/sz/evaluation/curves/curves/0.0.1-SNAPSHOT/curves-0.0.1-SNAPSHOT.jar
7f6cc9512000-7f6cc9515000 r--s 00014000 08:03 8537430                    /home/zerr/.m2/repository/com/github/virtuald/curvesapi/1.03/curvesapi-1.03.jar
7f6cc9515000-7f6cc951f000 r--s 000e7000 08:03 8522532                    /home/zerr/.m2/repository/mysql/mysql-connector-java/5.1.38/mysql-connector-java-5.1.38.jar
7f6cc951f000-7f6cc9529000 rw-p 00000000 00:00 0 
7f6cc9529000-7f6cc95df000 rw-p 00000000 00:00 0 
7f6cc95df000-7f6cc95e2000 ---p 00000000 00:00 0 
7f6cc95e2000-7f6cc96e5000 rw-p 00000000 00:00 0                          [stack:29788]
7f6cc96e5000-7f6cc96e7000 r--s 00005000 08:03 8418003                    /home/zerr/.m2/repository/stax/stax-api/1.0.1/stax-api-1.0.1.jar
7f6cc96e7000-7f6cc96e9000 r--s 00008000 08:03 8455698                    /home/zerr/.m2/repository/org/apache/commons/commons-csv/1.2/commons-csv-1.2.jar
7f6cc96e9000-7f6cc96eb000 r--s 00006000 08:03 5902011                    /usr/share/java/java-atk-wrapper.jar
7f6cc96eb000-7f6cc96ed000 r--s 00012000 08:03 6161183                    /usr/lib/jvm/java-7-openjdk-amd64/jre/lib/ext/zipfs.jar
7f6cc96ed000-7f6cc96ee000 r--s 00002000 08:03 6161185                    /usr/lib/jvm/java-7-openjdk-amd64/jre/lib/ext/dnsns.jar
7f6cc96ee000-7f6cc96f1000 r--s 0000f000 08:03 6161186                    /usr/lib/jvm/java-7-openjdk-amd64/jre/lib/ext/icedtea-sound.jar
7f6cc96f1000-7f6cc96f5000 r--s 00034000 08:03 6161188                    /usr/lib/jvm/java-7-openjdk-amd64/jre/lib/ext/sunjce_provider.jar
7f6cc96f5000-7f6cc96f9000 r--s 00085000 08:03 6161184                    /usr/lib/jvm/java-7-openjdk-amd64/jre/lib/ext/localedata.jar
7f6cc96f9000-7f6cc96fd000 r--s 0003c000 08:03 6161187                    /usr/lib/jvm/java-7-openjdk-amd64/jre/lib/ext/sunpkcs11.jar
7f6cc96fd000-7f6cc9705000 rw-s 00000000 08:03 6162128                    /tmp/hsperfdata_zerr/29786
7f6cc9705000-7f6cc970c000 r--s 00000000 08:03 5561310                    /usr/lib/x86_64-linux-gnu/gconv/gconv-modules.cache
7f6cc970c000-7f6cc970d000 rw-p 00000000 00:00 0 
7f6cc970d000-7f6cc970e000 ---p 00000000 00:00 0 
7f6cc970e000-7f6cc9710000 rw-p 00000000 00:00 0 
7f6cc9710000-7f6cc9711000 r--p 00020000 08:03 263013                     /lib/x86_64-linux-gnu/ld-2.19.so
7f6cc9711000-7f6cc9712000 rw-p 00021000 08:03 263013                     /lib/x86_64-linux-gnu/ld-2.19.so
7f6cc9712000-7f6cc9713000 rw-p 00000000 00:00 0 
7ffd12565000-7ffd12589000 rw-p 00000000 00:00 0                          [stack]
7ffd12599000-7ffd1259b000 r-xp 00000000 00:00 0                          [vdso]
7ffd1259b000-7ffd1259d000 r--p 00000000 00:00 0                          [vvar]
ffffffffff600000-ffffffffff601000 r-xp 00000000 00:00 0                  [vsyscall]

VM Arguments:
jvm_args: -agentlib:jdwp=transport=dt_socket,suspend=y,address=localhost:54206 -Dfile.encoding=ANSI_X3.4-1968 
java_command: arff.ARFFWriter
Launcher Type: SUN_STANDARD

Environment Variables:
PATH=/usr/local/bin:/usr/bin:/bin:/usr/local/games:/usr/games
SHELL=/bin/bash
DISPLAY=:0

Signal Handlers:
SIGSEGV: [libjvm.so+0x988580], sa_mask[0]=0x7ffbfeff, sa_flags=0x10000004
SIGBUS: [libjvm.so+0x988580], sa_mask[0]=0x7ffbfeff, sa_flags=0x10000004
SIGFPE: [libjvm.so+0x7f5280], sa_mask[0]=0x7ffbfeff, sa_flags=0x10000004
SIGPIPE: [libjvm.so+0x7f5280], sa_mask[0]=0x7ffbfeff, sa_flags=0x10000004
SIGXFSZ: [libjvm.so+0x7f5280], sa_mask[0]=0x7ffbfeff, sa_flags=0x10000004
SIGILL: [libjvm.so+0x7f5280], sa_mask[0]=0x7ffbfeff, sa_flags=0x10000004
SIGUSR1: SIG_DFL, sa_mask[0]=0x00000000, sa_flags=0x00000000
SIGUSR2: [libjvm.so+0x7f5100], sa_mask[0]=0x00000004, sa_flags=0x10000004
SIGHUP: [libjvm.so+0x7f5300], sa_mask[0]=0x7ffbfeff, sa_flags=0x10000004
SIGINT: [libjvm.so+0x7f5300], sa_mask[0]=0x7ffbfeff, sa_flags=0x10000004
SIGTERM: [libjvm.so+0x7f5300], sa_mask[0]=0x7ffbfeff, sa_flags=0x10000004
SIGQUIT: [libjvm.so+0x7f5300], sa_mask[0]=0x7ffbfeff, sa_flags=0x10000004
SIGTRAP: SIG_DFL, sa_mask[0]=0x00000000, sa_flags=0x00000000


---------------  S Y S T E M  ---------------

OS:8.3

uname:Linux 3.16.0-4-amd64 #1 SMP Debian 3.16.7-ckt20-1+deb8u2 (2016-01-02) x86_64
libc:glibc 2.19 NPTL 2.19 
rlimit: STACK 8192k, CORE 0k, NPROC 63820, NOFILE 65536, AS infinity
load average:11.75 10.53 10.44

/proc/meminfo:
MemTotal:       16355816 kB
MemFree:          172844 kB
MemAvailable:     185044 kB
Buffers:            2192 kB
Cached:           500656 kB
SwapCached:            0 kB
Active:         15312724 kB
Inactive:         447628 kB
Active(anon):   15264100 kB
Inactive(anon):   404904 kB
Active(file):      48624 kB
Inactive(file):    42724 kB
Unevictable:          40 kB
Mlocked:              40 kB
SwapTotal:             0 kB
SwapFree:              0 kB
Dirty:               200 kB
Writeback:             0 kB
AnonPages:      15259460 kB
Mapped:           469840 kB
Shmem:            409600 kB
Slab:             167228 kB
SReclaimable:     101988 kB
SUnreclaim:        65240 kB
KernelStack:       20272 kB
PageTables:       143732 kB
NFS_Unstable:          0 kB
Bounce:                0 kB
WritebackTmp:          0 kB
CommitLimit:     8177908 kB
Committed_AS:   27347520 kB
VmallocTotal:   34359738367 kB
VmallocUsed:      378776 kB
VmallocChunk:   34359303120 kB
HardwareCorrupted:     0 kB
AnonHugePages:         0 kB
HugePages_Total:       0
HugePages_Free:        0
HugePages_Rsvd:        0
HugePages_Surp:        0
Hugepagesize:       2048 kB
DirectMap4k:      195480 kB
DirectMap2M:    14370816 kB
DirectMap1G:     2097152 kB


CPU:total 4 (2 cores per cpu, 2 threads per core) family 6 model 61 stepping 4, cmov, cx8, fxsr, mmx, sse, sse2, sse3, ssse3, sse4.1, sse4.2, popcnt, avx, avx2, aes, erms, ht, tsc, tscinvbit

/proc/cpuinfo:
processor	: 0
vendor_id	: GenuineIntel
cpu family	: 6
model		: 61
model name	: Intel(R) Core(TM) i5-5300U CPU @ 2.30GHz
stepping	: 4
microcode	: 0x22
cpu MHz		: 2599.988
cache size	: 3072 KB
physical id	: 0
siblings	: 4
core id		: 0
cpu cores	: 2
apicid		: 0
initial apicid	: 0
fpu		: yes
fpu_exception	: yes
cpuid level	: 20
wp		: yes
flags		: fpu vme de pse tsc msr pae mce cx8 apic sep mtrr pge mca cmov pat pse36 clflush dts acpi mmx fxsr sse sse2 ss ht tm pbe syscall nx pdpe1gb rdtscp lm constant_tsc arch_perfmon pebs bts rep_good nopl xtopology nonstop_tsc aperfmperf eagerfpu pni pclmulqdq dtes64 monitor ds_cpl vmx smx est tm2 ssse3 fma cx16 xtpr pdcm pcid sse4_1 sse4_2 x2apic movbe popcnt tsc_deadline_timer aes xsave avx f16c rdrand lahf_lm abm 3dnowprefetch ida arat epb xsaveopt pln pts dtherm tpr_shadow vnmi flexpriority ept vpid fsgsbase tsc_adjust bmi1 hle avx2 smep bmi2 erms invpcid rtm rdseed adx smap
bogomips	: 4589.14
clflush size	: 64
cache_alignment	: 64
address sizes	: 39 bits physical, 48 bits virtual
power management:

processor	: 1
vendor_id	: GenuineIntel
cpu family	: 6
model		: 61
model name	: Intel(R) Core(TM) i5-5300U CPU @ 2.30GHz
stepping	: 4
microcode	: 0x22
cpu MHz		: 2599.988
cache size	: 3072 KB
physical id	: 0
siblings	: 4
core id		: 1
cpu cores	: 2
apicid		: 2
initial apicid	: 2
fpu		: yes
fpu_exception	: yes
cpuid level	: 20
wp		: yes
flags		: fpu vme de pse tsc msr pae mce cx8 apic sep mtrr pge mca cmov pat pse36 clflush dts acpi mmx fxsr sse sse2 ss ht tm pbe syscall nx pdpe1gb rdtscp lm constant_tsc arch_perfmon pebs bts rep_good nopl xtopology nonstop_tsc aperfmperf eagerfpu pni pclmulqdq dtes64 monitor ds_cpl vmx smx est tm2 ssse3 fma cx16 xtpr pdcm pcid sse4_1 sse4_2 x2apic movbe popcnt tsc_deadline_timer aes xsave avx f16c rdrand lahf_lm abm 3dnowprefetch ida arat epb xsaveopt pln pts dtherm tpr_shadow vnmi flexpriority ept vpid fsgsbase tsc_adjust bmi1 hle avx2 smep bmi2 erms invpcid rtm rdseed adx smap
bogomips	: 4589.14
clflush size	: 64
cache_alignment	: 64
address sizes	: 39 bits physical, 48 bits virtual
power management:

processor	: 2
vendor_id	: GenuineIntel
cpu family	: 6
model		: 61
model name	: Intel(R) Core(TM) i5-5300U CPU @ 2.30GHz
stepping	: 4
microcode	: 0x22
cpu MHz		: 2599.988
cache size	: 3072 KB
physical id	: 0
siblings	: 4
core id		: 0
cpu cores	: 2
apicid		: 1
initial apicid	: 1
fpu		: yes
fpu_exception	: yes
cpuid level	: 20
wp		: yes
flags		: fpu vme de pse tsc msr pae mce cx8 apic sep mtrr pge mca cmov pat pse36 clflush dts acpi mmx fxsr sse sse2 ss ht tm pbe syscall nx pdpe1gb rdtscp lm constant_tsc arch_perfmon pebs bts rep_good nopl xtopology nonstop_tsc aperfmperf eagerfpu pni pclmulqdq dtes64 monitor ds_cpl vmx smx est tm2 ssse3 fma cx16 xtpr pdcm pcid sse4_1 sse4_2 x2apic movbe popcnt tsc_deadline_timer aes xsave avx f16c rdrand lahf_lm abm 3dnowprefetch ida arat epb xsaveopt pln pts dtherm tpr_shadow vnmi flexpriority ept vpid fsgsbase tsc_adjust bmi1 hle avx2 smep bmi2 erms invpcid rtm rdseed adx smap
bogomips	: 4589.14
clflush size	: 64
cache_alignment	: 64
address sizes	: 39 bits physical, 48 bits virtual
power management:

processor	: 3
vendor_id	: GenuineIntel
cpu family	: 6
model		: 61
model name	: Intel(R) Core(TM) i5-5300U CPU @ 2.30GHz
stepping	: 4
microcode	: 0x22
cpu MHz		: 2599.988
cache size	: 3072 KB
physical id	: 0
siblings	: 4
core id		: 1
cpu cores	: 2
apicid		: 3
initial apicid	: 3
fpu		: yes
fpu_exception	: yes
cpuid level	: 20
wp		: yes
flags		: fpu vme de pse tsc msr pae mce cx8 apic sep mtrr pge mca cmov pat pse36 clflush dts acpi mmx fxsr sse sse2 ss ht tm pbe syscall nx pdpe1gb rdtscp lm constant_tsc arch_perfmon pebs bts rep_good nopl xtopology nonstop_tsc aperfmperf eagerfpu pni pclmulqdq dtes64 monitor ds_cpl vmx smx est tm2 ssse3 fma cx16 xtpr pdcm pcid sse4_1 sse4_2 x2apic movbe popcnt tsc_deadline_timer aes xsave avx f16c rdrand lahf_lm abm 3dnowprefetch ida arat epb xsaveopt pln pts dtherm tpr_shadow vnmi flexpriority ept vpid fsgsbase tsc_adjust bmi1 hle avx2 smep bmi2 erms invpcid rtm rdseed adx smap
bogomips	: 4589.14
clflush size	: 64
cache_alignment	: 64
address sizes	: 39 bits physical, 48 bits virtual
power management:



Memory: 4k page, physical 16355816k(172844k free), swap 0k(0k free)

vm_info: OpenJDK 64-Bit Server VM (24.91-b01) for linux-amd64 JRE (1.7.0_91-b02), built on Nov 19 2015 18:13:42 by "jmm" with gcc 4.9.2

time: Tue Jun 21 20:04:08 2016
elapsed time: 59 seconds

