#
# There is insufficient memory for the Java Runtime Environment to continue.
# Native memory allocation (malloc) failed to allocate 346554368 bytes for committing reserved memory.
# Possible reasons:
#   The system is out of physical RAM or swap space
#   In 32 bit mode, the process size limit was hit
# Possible solutions:
#   Reduce memory load on the system
#   Increase physical memory or swap space
#   Check if swap backing store is full
#   Use 64 bit Java on a 64 bit OS
#   Decrease Java heap size (-Xmx/-Xms)
#   Decrease number of Java threads
#   Decrease Java thread stack sizes (-Xss)
#   Set larger code cache with -XX:ReservedCodeCacheSize=
# This output file may be truncated or incomplete.
#
#  Out of Memory Error (os_linux.cpp:2827), pid=30031, tid=140240248948480
#
# JRE version: OpenJDK Runtime Environment (7.0_91-b02) (build 1.7.0_91-b02)
# Java VM: OpenJDK 64-Bit Server VM (24.91-b01 mixed mode linux-amd64 compressed oops)
# Derivative: IcedTea 2.6.3
# Distribution: Debian GNU/Linux 8.2 (jessie), package 7u91-2.6.3-1~deb8u1
# Failed to write core dump. Core dumps have been disabled. To enable core dumping, try "ulimit -c unlimited" before starting Java again
#

---------------  T H R E A D  ---------------

Current thread (0x00007f8c40088800):  VMThread [stack: 0x00007f8c3a28c000,0x00007f8c3a38d000] [id=30043]

Stack: [0x00007f8c3a28c000,0x00007f8c3a38d000],  sp=0x00007f8c3a38b4c0,  free space=1021k
Native frames: (J=compiled Java code, j=interpreted, Vv=VM code, C=native code)
V  [libjvm.so+0x987a96]  VMError::report_and_die()+0x186
V  [libjvm.so+0x492972]  report_vm_out_of_memory(char const*, int, unsigned long, char const*)+0x92
V  [libjvm.so+0x7f9d3b]  os::pd_commit_memory(char*, unsigned long, unsigned long, bool)+0xeb
V  [libjvm.so+0x7f441e]  os::commit_memory(char*, unsigned long, unsigned long, bool)+0x2e
V  [libjvm.so+0x86805b]  PSVirtualSpace::expand_by(unsigned long)+0x5b
V  [libjvm.so+0x85688a]  PSOldGen::expand_by(unsigned long) [clone .part.28]+0x2a
V  [libjvm.so+0x856a40]  PSOldGen::expand(unsigned long) [clone .part.29]+0xc0
V  [libjvm.so+0x8579d8]  PSOldGen::resize(unsigned long)+0x198
V  [libjvm.so+0x85ebc4]  PSParallelCompact::invoke_no_policy(bool) [clone .part.121]+0x994
V  [libjvm.so+0x865975]  PSScavenge::invoke()+0x1a5
V  [libjvm.so+0x81d063]  ParallelScavengeHeap::failed_mem_allocate(unsigned long)+0x63
V  [libjvm.so+0x989362]  VM_ParallelGCFailedAllocation::doit()+0x92
V  [libjvm.so+0x98d7e7]  VM_Operation::evaluate()+0x47
V  [libjvm.so+0x98bf5b]  VMThread::evaluate_operation(VM_Operation*)+0xab
V  [libjvm.so+0x98c606]  VMThread::loop()+0x1e6
V  [libjvm.so+0x98cad1]  VMThread::run()+0x81
V  [libjvm.so+0x7f6c62]  java_start(Thread*)+0xf2

VM_Operation (0x00007f8c47b09e70): ParallelGCFailedAllocation, mode: safepoint, requested by thread 0x00007f8c4001d000


---------------  P R O C E S S  ---------------

Java Threads: ( => current thread )
  0x00007f8c407fe000 JavaThread "Abandoned connection cleanup thread" daemon [_thread_blocked, id=30060, stack(0x00007f8c39008000,0x00007f8c39109000)]
  0x00007f8c400d6000 JavaThread "Service Thread" daemon [_thread_blocked, id=30056, stack(0x00007f8c3977e000,0x00007f8c3987f000)]
  0x00007f8c400d4000 JavaThread "C2 CompilerThread1" daemon [_thread_blocked, id=30055, stack(0x00007f8c3987f000,0x00007f8c39980000)]
  0x00007f8c400d1000 JavaThread "C2 CompilerThread0" daemon [_thread_blocked, id=30054, stack(0x00007f8c39980000,0x00007f8c39a81000)]
  0x00007f8bfc001000 JavaThread "JDWP Command Reader" daemon [_thread_in_native, id=30052, stack(0x00007f8c39a81000,0x00007f8c39b82000)]
  0x00007f8c400ce800 JavaThread "JDWP Event Helper Thread" daemon [_thread_blocked, id=30051, stack(0x00007f8c39b82000,0x00007f8c39c83000)]
  0x00007f8c400cb000 JavaThread "JDWP Transport Listener: dt_socket" daemon [_thread_blocked, id=30048, stack(0x00007f8c39c83000,0x00007f8c39d84000)]
  0x00007f8c400bb000 JavaThread "Signal Dispatcher" daemon [_thread_blocked, id=30046, stack(0x00007f8c39f89000,0x00007f8c3a08a000)]
  0x00007f8c4008e800 JavaThread "Finalizer" daemon [_thread_blocked, id=30045, stack(0x00007f8c3a08a000,0x00007f8c3a18b000)]
  0x00007f8c4008c800 JavaThread "Reference Handler" daemon [_thread_blocked, id=30044, stack(0x00007f8c3a18b000,0x00007f8c3a28c000)]
  0x00007f8c4001d000 JavaThread "main" [_thread_blocked, id=30034, stack(0x00007f8c47a0b000,0x00007f8c47b0c000)]

Other Threads:
=>0x00007f8c40088800 VMThread [stack: 0x00007f8c3a28c000,0x00007f8c3a38d000] [id=30043]
  0x00007f8c400e1000 WatcherThread [stack: 0x00007f8c3967d000,0x00007f8c3977e000] [id=30057]

VM state:at safepoint (normal execution)

VM Mutex/Monitor currently owned by a thread:  ([mutex/lock_event])
[0x00007f8c40018cc0] ExpandHeap_lock - owner thread: 0x00007f8c40088800
[0x00007f8c40019340] Threads_lock - owner thread: 0x00007f8c40088800
[0x00007f8c40019840] Heap_lock - owner thread: 0x00007f8c4001d000

Heap
 PSYoungGen      total 1073664K, used 150822K [0x00000007acc80000, 0x0000000800000000, 0x0000000800000000)
  eden space 883200K, 0% used [0x00000007acc80000,0x00000007acc80000,0x00000007e2b00000)
  from space 190464K, 79% used [0x00000007f4600000,0x00000007fd9498d0,0x0000000800000000)
  to   space 240128K, 0% used [0x00000007e2b00000,0x00000007e2b00000,0x00000007f1580000)
 ParOldGen       total 664576K, used 664088K [0x0000000706600000, 0x000000072ef00000, 0x00000007acc80000)
  object space 664576K, 99% used [0x0000000706600000,0x000000072ee860a8,0x000000072ef00000)
 PSPermGen       total 21504K, used 7299K [0x00000006fc000000, 0x00000006fd500000, 0x0000000706600000)
  object space 21504K, 33% used [0x00000006fc000000,0x00000006fc720d08,0x00000006fd500000)

Card table byte_map: [0x00007f8c3c7df000,0x00007f8c3d000000] byte_map_base: 0x00007f8c38fff000

Polling page: 0x00007f8c47b39000

Code Cache  [0x00007f8c3d000000, 0x00007f8c3d270000, 0x00007f8c40000000)
 total_blobs=571 nmethods=296 adapters=236 free_code_cache=47911Kb largest_free_block=48863616

Compilation events (10 events):
Event: 64.448 Thread 0x00007f8c400d1000  324   !         java.net.AbstractPlainSocketImpl::acquireFD (29 bytes)
Event: 64.450 Thread 0x00007f8c400d1000 nmethod 324 0x00007f8c3d094ad0 code [0x00007f8c3d094c20, 0x00007f8c3d094e98]
Event: 64.450 Thread 0x00007f8c400d1000  325   !         java.net.AbstractPlainSocketImpl::releaseFD (74 bytes)
Event: 64.452 Thread 0x00007f8c400d1000 nmethod 325 0x00007f8c3d09d990 code [0x00007f8c3d09dae0, 0x00007f8c3d09dd98]
Event: 67.209 Thread 0x00007f8c400d1000  326             java.net.AbstractPlainSocketImpl::getTimeout (5 bytes)
Event: 67.209 Thread 0x00007f8c400d1000 nmethod 326 0x00007f8c3d094890 code [0x00007f8c3d0949c0, 0x00007f8c3d094a18]
Event: 67.209 Thread 0x00007f8c400d1000  327             sun.misc.IoTrace::socketReadBegin (2 bytes)
Event: 67.209 Thread 0x00007f8c400d1000 nmethod 327 0x00007f8c3d08f910 code [0x00007f8c3d08fa40, 0x00007f8c3d08fa78]
Event: 67.219 Thread 0x00007f8c400d1000  328             sun.misc.IoTrace::socketReadEnd (1 bytes)
Event: 67.219 Thread 0x00007f8c400d1000 nmethod 328 0x00007f8c3d09d5d0 code [0x00007f8c3d09d700, 0x00007f8c3d09d738]

GC Heap History (10 events):
Event: 41.179 GC heap after
Heap after GC invocations=11 (full 1):
 PSYoungGen      total 933888K, used 933884K [0x00000007acc80000, 0x00000007f2580000, 0x0000000800000000)
  eden space 820224K, 100% used [0x00000007acc80000,0x00000007ded80000,0x00000007ded80000)
  from space 113664K, 99% used [0x00000007e8680000,0x00000007ef57f290,0x00000007ef580000)
  to   space 49152K, 99% used [0x00000007ef580000,0x00000007f257b638,0x00000007f2580000)
 ParOldGen       total 422912K, used 421746K [0x0000000706600000, 0x0000000720300000, 0x00000007acc80000)
  object space 422912K, 99% used [0x0000000706600000,0x00000007201dc860,0x0000000720300000)
 PSPermGen       total 21504K, used 7292K [0x00000006fc000000, 0x00000006fd500000, 0x0000000706600000)
  object space 21504K, 33% used [0x00000006fc000000,0x00000006fc71f100,0x00000006fd500000)
}
Event: 41.179 GC heap before
{Heap before GC invocations=12 (full 2):
 PSYoungGen      total 933888K, used 933884K [0x00000007acc80000, 0x00000007f2580000, 0x0000000800000000)
  eden space 820224K, 100% used [0x00000007acc80000,0x00000007ded80000,0x00000007ded80000)
  from space 113664K, 99% used [0x00000007e8680000,0x00000007ef57f290,0x00000007ef580000)
  to   space 49152K, 99% used [0x00000007ef580000,0x00000007f257b638,0x00000007f2580000)
 ParOldGen       total 422912K, used 421746K [0x0000000706600000, 0x0000000720300000, 0x00000007acc80000)
  object space 422912K, 99% used [0x0000000706600000,0x00000007201dc860,0x0000000720300000)
 PSPermGen       total 21504K, used 7292K [0x00000006fc000000, 0x00000006fd500000, 0x0000000706600000)
  object space 21504K, 33% used [0x00000006fc000000,0x00000006fc71f100,0x00000006fd500000)
Event: 45.297 GC heap after
Heap after GC invocations=12 (full 2):
 PSYoungGen      total 933888K, used 52174K [0x00000007acc80000, 0x00000007f2580000, 0x0000000800000000)
  eden space 820224K, 6% used [0x00000007acc80000,0x00000007aff73bb0,0x00000007ded80000)
  from space 113664K, 0% used [0x00000007e8680000,0x00000007e8680000,0x00000007ef580000)
  to   space 49152K, 0% used [0x00000007ef580000,0x00000007ef580000,0x00000007f2580000)
 ParOldGen       total 664576K, used 422902K [0x0000000706600000, 0x000000072ef00000, 0x00000007acc80000)
  object space 664576K, 63% used [0x0000000706600000,0x00000007202fd9a8,0x000000072ef00000)
 PSPermGen       total 21504K, used 7292K [0x00000006fc000000, 0x00000006fd500000, 0x0000000706600000)
  object space 21504K, 33% used [0x00000006fc000000,0x00000006fc71f100,0x00000006fd500000)
}
Event: 53.142 GC heap before
{Heap before GC invocations=13 (full 2):
 PSYoungGen      total 933888K, used 820224K [0x00000007acc80000, 0x00000007f2580000, 0x0000000800000000)
  eden space 820224K, 100% used [0x00000007acc80000,0x00000007ded80000,0x00000007ded80000)
  from space 113664K, 0% used [0x00000007e8680000,0x00000007e8680000,0x00000007ef580000)
  to   space 49152K, 0% used [0x00000007ef580000,0x00000007ef580000,0x00000007f2580000)
 ParOldGen       total 664576K, used 422902K [0x0000000706600000, 0x000000072ef00000, 0x00000007acc80000)
  object space 664576K, 63% used [0x0000000706600000,0x00000007202fd9a8,0x000000072ef00000)
 PSPermGen       total 21504K, used 7298K [0x00000006fc000000, 0x00000006fd500000, 0x0000000706600000)
  object space 21504K, 33% used [0x00000006fc000000,0x00000006fc720a48,0x00000006fd500000)
Event: 53.828 GC heap after
Heap after GC invocations=13 (full 2):
 PSYoungGen      total 956416K, used 49140K [0x00000007acc80000, 0x0000000800000000, 0x0000000800000000)
  eden space 907264K, 0% used [0x00000007acc80000,0x00000007acc80000,0x00000007e4280000)
  from space 49152K, 99% used [0x00000007ef580000,0x00000007f257d1c0,0x00000007f2580000)
  to   space 183296K, 0% used [0x00000007e4280000,0x00000007e4280000,0x00000007ef580000)
 ParOldGen       total 664576K, used 528382K [0x0000000706600000, 0x000000072ef00000, 0x00000007acc80000)
  object space 664576K, 79% used [0x0000000706600000,0x00000007269ffb78,0x000000072ef00000)
 PSPermGen       total 21504K, used 7298K [0x00000006fc000000, 0x00000006fd500000, 0x0000000706600000)
  object space 21504K, 33% used [0x00000006fc000000,0x00000006fc720a48,0x00000006fd500000)
}
Event: 60.893 GC heap before
{Heap before GC invocations=14 (full 2):
 PSYoungGen      total 956416K, used 956404K [0x00000007acc80000, 0x0000000800000000, 0x0000000800000000)
  eden space 907264K, 100% used [0x00000007acc80000,0x00000007e4280000,0x00000007e4280000)
  from space 49152K, 99% used [0x00000007ef580000,0x00000007f257d1c0,0x00000007f2580000)
  to   space 183296K, 0% used [0x00000007e4280000,0x00000007e4280000,0x00000007ef580000)
 ParOldGen       total 664576K, used 528382K [0x0000000706600000, 0x000000072ef00000, 0x00000007acc80000)
  object space 664576K, 79% used [0x0000000706600000,0x00000007269ffb78,0x000000072ef00000)
 PSPermGen       total 21504K, used 7299K [0x00000006fc000000, 0x00000006fd500000, 0x0000000706600000)
  object space 21504K, 33% used [0x00000006fc000000,0x00000006fc720ca0,0x00000006fd500000)
Event: 61.410 GC heap after
Heap after GC invocations=14 (full 2):
 PSYoungGen      total 1090560K, used 123589K [0x00000007acc80000, 0x0000000800000000, 0x0000000800000000)
  eden space 907264K, 0% used [0x00000007acc80000,0x00000007acc80000,0x00000007e4280000)
  from space 183296K, 67% used [0x00000007e4280000,0x00000007ebb31730,0x00000007ef580000)
  to   space 190464K, 0% used [0x00000007f4600000,0x00000007f4600000,0x0000000800000000)
 ParOldGen       total 664576K, used 573130K [0x0000000706600000, 0x000000072ef00000, 0x00000007acc80000)
  object space 664576K, 86% used [0x0000000706600000,0x00000007295b2b18,0x000000072ef00000)
 PSPermGen       total 21504K, used 7299K [0x00000006fc000000, 0x00000006fd500000, 0x0000000706600000)
  object space 21504K, 33% used [0x00000006fc000000,0x00000006fc720ca0,0x00000006fd500000)
}
Event: 68.467 GC heap before
{Heap before GC invocations=15 (full 2):
 PSYoungGen      total 1090560K, used 1030853K [0x00000007acc80000, 0x0000000800000000, 0x0000000800000000)
  eden space 907264K, 100% used [0x00000007acc80000,0x00000007e4280000,0x00000007e4280000)
  from space 183296K, 67% used [0x00000007e4280000,0x00000007ebb31730,0x00000007ef580000)
  to   space 190464K, 0% used [0x00000007f4600000,0x00000007f4600000,0x0000000800000000)
 ParOldGen       total 664576K, used 573130K [0x0000000706600000, 0x000000072ef00000, 0x00000007acc80000)
  object space 664576K, 86% used [0x0000000706600000,0x00000007295b2b18,0x000000072ef00000)
 PSPermGen       total 21504K, used 7299K [0x00000006fc000000, 0x00000006fd500000, 0x0000000706600000)
  object space 21504K, 33% used [0x00000006fc000000,0x00000006fc720d48,0x00000006fd500000)
Event: 69.099 GC heap after
Heap after GC invocations=15 (full 2):
 PSYoungGen      total 1073664K, used 190457K [0x00000007acc80000, 0x0000000800000000, 0x0000000800000000)
  eden space 883200K, 0% used [0x00000007acc80000,0x00000007acc80000,0x00000007e2b00000)
  from space 190464K, 99% used [0x00000007f4600000,0x00000007ffffe638,0x0000000800000000)
  to   space 240128K, 0% used [0x00000007e2b00000,0x00000007e2b00000,0x00000007f1580000)
 ParOldGen       total 664576K, used 626453K [0x0000000706600000, 0x000000072ef00000, 0x00000007acc80000)
  object space 664576K, 94% used [0x0000000706600000,0x000000072c9c5458,0x000000072ef00000)
 PSPermGen       total 21504K, used 7299K [0x00000006fc000000, 0x00000006fd500000, 0x0000000706600000)
  object space 21504K, 33% used [0x00000006fc000000,0x00000006fc720d48,0x00000006fd500000)
}
Event: 69.099 GC heap before
{Heap before GC invocations=16 (full 3):
 PSYoungGen      total 1073664K, used 190457K [0x00000007acc80000, 0x0000000800000000, 0x0000000800000000)
  eden space 883200K, 0% used [0x00000007acc80000,0x00000007acc80000,0x00000007e2b00000)
  from space 190464K, 99% used [0x00000007f4600000,0x00000007ffffe638,0x0000000800000000)
  to   space 240128K, 0% used [0x00000007e2b00000,0x00000007e2b00000,0x00000007f1580000)
 ParOldGen       total 664576K, used 626453K [0x0000000706600000, 0x000000072ef00000, 0x00000007acc80000)
  object space 664576K, 94% used [0x0000000706600000,0x000000072c9c5458,0x000000072ef00000)
 PSPermGen       total 21504K, used 7299K [0x00000006fc000000, 0x00000006fd500000, 0x0000000706600000)
  object space 21504K, 33% used [0x00000006fc000000,0x00000006fc720d48,0x00000006fd500000)

Deoptimization events (10 events):
Event: 4.660 Thread 0x00007f8c4001d000 Uncommon trap: reason=array_check action=maybe_recompile pc=0x00007f8c3d0ce42c method=java.util.AbstractCollection.toArray([Ljava/lang/Object;)[Ljava/lang/Object; @ 119
Event: 4.660 Thread 0x00007f8c4001d000 Uncommon trap: reason=array_check action=maybe_recompile pc=0x00007f8c3d0ce42c method=java.util.AbstractCollection.toArray([Ljava/lang/Object;)[Ljava/lang/Object; @ 119
Event: 5.164 Thread 0x00007f8c4001d000 Uncommon trap: reason=unstable_if action=reinterpret pc=0x00007f8c3d0bd814 method=com.mysql.jdbc.RowDataStatic.isAfterLast()Z @ 13
Event: 5.246 Thread 0x00007f8c4001d000 Uncommon trap: reason=unstable_if action=reinterpret pc=0x00007f8c3d0d664c method=java.util.HashMap.put(Ljava/lang/Object;Ljava/lang/Object;)Ljava/lang/Object; @ 7
Event: 22.448 Thread 0x00007f8c4001d000 Uncommon trap: reason=unstable_if action=reinterpret pc=0x00007f8c3d10b028 method=arff.ARFFWriter.create()V @ 340
Event: 22.448 Thread 0x00007f8c4001d000 Uncommon trap: reason=unstable_if action=reinterpret pc=0x00007f8c3d0f07d0 method=java.util.HashMap.put(Ljava/lang/Object;Ljava/lang/Object;)Ljava/lang/Object; @ 77
Event: 45.544 Thread 0x00007f8c4001d000 Uncommon trap: reason=unstable_if action=reinterpret pc=0x00007f8c3d0cf5ac method=java.util.regex.Pattern$Slice.match(Ljava/util/regex/Matcher;ILjava/lang/CharSequence;)Z @ 54
Event: 45.544 Thread 0x00007f8c4001d000 Uncommon trap: reason=unstable_if action=reinterpret pc=0x00007f8c3d0e90a4 method=java.util.regex.Matcher.replaceAll(Ljava/lang/String;)Ljava/lang/String; @ 11
Event: 45.546 Thread 0x00007f8c4001d000 Uncommon trap: reason=unstable_if action=reinterpret pc=0x00007f8c3d0df284 method=java.lang.String.split(Ljava/lang/String;I)[Ljava/lang/String; @ 207
Event: 45.546 Thread 0x00007f8c4001d000 Uncommon trap: reason=range_check action=make_not_entrant pc=0x00007f8c3d130750 method=arff.ARFFWriter.create()V @ 446

Internal exceptions (10 events):
Event: 2.449 Thread 0x00007f8c4001d000 Threw 0x00000007ad7cd9a8 at /home/jmm/jdk3/openjdk-7-7u91-2.6.3/build/openjdk/hotspot/src/share/vm/prims/jvm.cpp:1322
Event: 2.452 Thread 0x00007f8c4001d000 Threw 0x00000007ad7ed1a8 at /home/jmm/jdk3/openjdk-7-7u91-2.6.3/build/openjdk/hotspot/src/share/vm/prims/jvm.cpp:1322
Event: 2.472 Thread 0x00007f8c4001d000 Threw 0x00000007ad8026d8 at /home/jmm/jdk3/openjdk-7-7u91-2.6.3/build/openjdk/hotspot/src/share/vm/prims/jvm.cpp:1322
Event: 2.473 Thread 0x00007f8c4001d000 Threw 0x00000007ad806e88 at /home/jmm/jdk3/openjdk-7-7u91-2.6.3/build/openjdk/hotspot/src/share/vm/prims/jvm.cpp:1322
Event: 2.474 Thread 0x00007f8c4001d000 Threw 0x00000007ad80b068 at /home/jmm/jdk3/openjdk-7-7u91-2.6.3/build/openjdk/hotspot/src/share/vm/prims/jvm.cpp:1322
Event: 2.772 Thread 0x00007f8c4001d000 Threw 0x00000007ae5217d0 at /home/jmm/jdk3/openjdk-7-7u91-2.6.3/build/openjdk/hotspot/src/share/vm/prims/jvm.cpp:1322
Event: 2.773 Thread 0x00007f8c4001d000 Threw 0x00000007ae536d98 at /home/jmm/jdk3/openjdk-7-7u91-2.6.3/build/openjdk/hotspot/src/share/vm/prims/jvm.cpp:1322
Event: 2.774 Thread 0x00007f8c4001d000 Threw 0x00000007ae552010 at /home/jmm/jdk3/openjdk-7-7u91-2.6.3/build/openjdk/hotspot/src/share/vm/prims/jvm.cpp:1322
Event: 4.228 Thread 0x00007f8c4001d000 Threw 0x00000007ad5ca830 at /home/jmm/jdk3/openjdk-7-7u91-2.6.3/build/openjdk/hotspot/src/share/vm/prims/jvm.cpp:1322
Event: 45.547 Thread 0x00007f8c4001d000 Threw 0x00000007b2098f78 at /home/jmm/jdk3/openjdk-7-7u91-2.6.3/build/openjdk/hotspot/src/share/vm/interpreter/interpreterRuntime.cpp:376

Events (10 events):
Event: 67.209 Thread 0x00007f8c400d1000 flushing nmethod 0x00007f8c3d0ab050
Event: 67.209 Thread 0x00007f8c400d1000 flushing nmethod 0x00007f8c3d0baa10
Event: 67.209 Thread 0x00007f8c400d1000 flushing nmethod 0x00007f8c3d0bb910
Event: 67.209 Thread 0x00007f8c400d1000 flushing nmethod 0x00007f8c3d0bd610
Event: 67.209 Thread 0x00007f8c400d1000 flushing nmethod 0x00007f8c3d0bead0
Event: 67.209 Thread 0x00007f8c400d1000 flushing nmethod 0x00007f8c3d0c0650
Event: 67.209 Thread 0x00007f8c400d1000 flushing nmethod 0x00007f8c3d0c1e90
Event: 67.219 Thread 0x00007f8c400d1000 flushing nmethod 0x00007f8c3d0c6150
Event: 67.219 Thread 0x00007f8c400d1000 flushing nmethod 0x00007f8c3d0cdd10
Event: 68.467 Executing VM operation: ParallelGCFailedAllocation


Dynamic libraries:
00400000-00401000 r-xp 00000000 08:03 6161263                            /usr/lib/jvm/java-7-openjdk-amd64/jre/bin/java
00600000-00601000 r--p 00000000 08:03 6161263                            /usr/lib/jvm/java-7-openjdk-amd64/jre/bin/java
00601000-00602000 rw-p 00001000 08:03 6161263                            /usr/lib/jvm/java-7-openjdk-amd64/jre/bin/java
02292000-022b3000 rw-p 00000000 00:00 0                                  [heap]
6fc000000-6fd500000 rw-p 00000000 00:00 0 
6fd500000-706600000 rw-p 00000000 00:00 0 
706600000-72ef00000 rw-p 00000000 00:00 0 
743980000-7acc80000 rw-p 00000000 00:00 0 
7acc80000-800000000 rw-p 00000000 00:00 0 
7f8be4000000-7f8be4021000 rw-p 00000000 00:00 0 
7f8be4021000-7f8be8000000 ---p 00000000 00:00 0 
7f8be8000000-7f8be8021000 rw-p 00000000 00:00 0 
7f8be8021000-7f8bec000000 ---p 00000000 00:00 0 
7f8bec000000-7f8bed56e000 rw-p 00000000 00:00 0 
7f8bed56e000-7f8bf0000000 ---p 00000000 00:00 0 
7f8bf0000000-7f8bf0021000 rw-p 00000000 00:00 0 
7f8bf0021000-7f8bf4000000 ---p 00000000 00:00 0 
7f8bf4000000-7f8bf4021000 rw-p 00000000 00:00 0 
7f8bf4021000-7f8bf8000000 ---p 00000000 00:00 0 
7f8bf8000000-7f8bf975b000 rw-p 00000000 00:00 0 
7f8bf975b000-7f8bfc000000 ---p 00000000 00:00 0 
7f8bfc000000-7f8bfc021000 rw-p 00000000 00:00 0 
7f8bfc021000-7f8c00000000 ---p 00000000 00:00 0 
7f8c00000000-7f8c00021000 rw-p 00000000 00:00 0 
7f8c00021000-7f8c04000000 ---p 00000000 00:00 0 
7f8c04000000-7f8c04021000 rw-p 00000000 00:00 0 
7f8c04021000-7f8c08000000 ---p 00000000 00:00 0 
7f8c08000000-7f8c08021000 rw-p 00000000 00:00 0 
7f8c08021000-7f8c0c000000 ---p 00000000 00:00 0 
7f8c0c000000-7f8c0c021000 rw-p 00000000 00:00 0 
7f8c0c021000-7f8c10000000 ---p 00000000 00:00 0 
7f8c13e00000-7f8c1c000000 rw-p 00000000 00:00 0 
7f8c1c000000-7f8c1c1f1000 rw-p 00000000 00:00 0 
7f8c1c1f1000-7f8c20000000 ---p 00000000 00:00 0 
7f8c20000000-7f8c2023f000 rw-p 00000000 00:00 0 
7f8c2023f000-7f8c24000000 ---p 00000000 00:00 0 
7f8c24000000-7f8c24021000 rw-p 00000000 00:00 0 
7f8c24021000-7f8c28000000 ---p 00000000 00:00 0 
7f8c2c000000-7f8c2c021000 rw-p 00000000 00:00 0 
7f8c2c021000-7f8c30000000 ---p 00000000 00:00 0 
7f8c3344d000-7f8c3374e000 rw-p 00000000 00:00 0 
7f8c3374e000-7f8c337ba000 r-xp 00000000 08:03 262201                     /lib/x86_64-linux-gnu/libpcre.so.3.13.1
7f8c337ba000-7f8c339ba000 ---p 0006c000 08:03 262201                     /lib/x86_64-linux-gnu/libpcre.so.3.13.1
7f8c339ba000-7f8c339bb000 r--p 0006c000 08:03 262201                     /lib/x86_64-linux-gnu/libpcre.so.3.13.1
7f8c339bb000-7f8c339bc000 rw-p 0006d000 08:03 262201                     /lib/x86_64-linux-gnu/libpcre.so.3.13.1
7f8c339bc000-7f8c339c3000 r-xp 00000000 08:03 5509325                    /usr/lib/x86_64-linux-gnu/libffi.so.6.0.2
7f8c339c3000-7f8c33bc2000 ---p 00007000 08:03 5509325                    /usr/lib/x86_64-linux-gnu/libffi.so.6.0.2
7f8c33bc2000-7f8c33bc3000 r--p 00006000 08:03 5509325                    /usr/lib/x86_64-linux-gnu/libffi.so.6.0.2
7f8c33bc3000-7f8c33bc4000 rw-p 00007000 08:03 5509325                    /usr/lib/x86_64-linux-gnu/libffi.so.6.0.2
7f8c33bc4000-7f8c33bd8000 r-xp 00000000 08:03 263059                     /lib/x86_64-linux-gnu/libresolv-2.19.so
7f8c33bd8000-7f8c33dd7000 ---p 00014000 08:03 263059                     /lib/x86_64-linux-gnu/libresolv-2.19.so
7f8c33dd7000-7f8c33dd8000 r--p 00013000 08:03 263059                     /lib/x86_64-linux-gnu/libresolv-2.19.so
7f8c33dd8000-7f8c33dd9000 rw-p 00014000 08:03 263059                     /lib/x86_64-linux-gnu/libresolv-2.19.so
7f8c33dd9000-7f8c33ddb000 rw-p 00000000 00:00 0 
7f8c33ddb000-7f8c33dfc000 r-xp 00000000 08:03 262243                     /lib/x86_64-linux-gnu/libselinux.so.1
7f8c33dfc000-7f8c33ffc000 ---p 00021000 08:03 262243                     /lib/x86_64-linux-gnu/libselinux.so.1
7f8c33ffc000-7f8c33ffd000 r--p 00021000 08:03 262243                     /lib/x86_64-linux-gnu/libselinux.so.1
7f8c33ffd000-7f8c33ffe000 rw-p 00022000 08:03 262243                     /lib/x86_64-linux-gnu/libselinux.so.1
7f8c33ffe000-7f8c34000000 rw-p 00000000 00:00 0 
7f8c34000000-7f8c34021000 rw-p 00000000 00:00 0 
7f8c34021000-7f8c38000000 ---p 00000000 00:00 0 
7f8c380cb000-7f8c380ce000 r-xp 00000000 08:03 5512006                    /usr/lib/x86_64-linux-gnu/libgmodule-2.0.so.0.4200.1
7f8c380ce000-7f8c382cd000 ---p 00003000 08:03 5512006                    /usr/lib/x86_64-linux-gnu/libgmodule-2.0.so.0.4200.1
7f8c382cd000-7f8c382ce000 r--p 00002000 08:03 5512006                    /usr/lib/x86_64-linux-gnu/libgmodule-2.0.so.0.4200.1
7f8c382ce000-7f8c382cf000 rw-p 00003000 08:03 5512006                    /usr/lib/x86_64-linux-gnu/libgmodule-2.0.so.0.4200.1
7f8c382cf000-7f8c383db000 r-xp 00000000 08:03 265179                     /lib/x86_64-linux-gnu/libglib-2.0.so.0.4200.1
7f8c383db000-7f8c385db000 ---p 0010c000 08:03 265179                     /lib/x86_64-linux-gnu/libglib-2.0.so.0.4200.1
7f8c385db000-7f8c385dc000 r--p 0010c000 08:03 265179                     /lib/x86_64-linux-gnu/libglib-2.0.so.0.4200.1
7f8c385dc000-7f8c385dd000 rw-p 0010d000 08:03 265179                     /lib/x86_64-linux-gnu/libglib-2.0.so.0.4200.1
7f8c385dd000-7f8c385de000 rw-p 00000000 00:00 0 
7f8c385de000-7f8c3862f000 r-xp 00000000 08:03 5512007                    /usr/lib/x86_64-linux-gnu/libgobject-2.0.so.0.4200.1
7f8c3862f000-7f8c3882e000 ---p 00051000 08:03 5512007                    /usr/lib/x86_64-linux-gnu/libgobject-2.0.so.0.4200.1
7f8c3882e000-7f8c3882f000 r--p 00050000 08:03 5512007                    /usr/lib/x86_64-linux-gnu/libgobject-2.0.so.0.4200.1
7f8c3882f000-7f8c38830000 rw-p 00051000 08:03 5512007                    /usr/lib/x86_64-linux-gnu/libgobject-2.0.so.0.4200.1
7f8c38830000-7f8c389a1000 r-xp 00000000 08:03 5512009                    /usr/lib/x86_64-linux-gnu/libgio-2.0.so.0.4200.1
7f8c389a1000-7f8c38ba1000 ---p 00171000 08:03 5512009                    /usr/lib/x86_64-linux-gnu/libgio-2.0.so.0.4200.1
7f8c38ba1000-7f8c38ba5000 r--p 00171000 08:03 5512009                    /usr/lib/x86_64-linux-gnu/libgio-2.0.so.0.4200.1
7f8c38ba5000-7f8c38ba7000 rw-p 00175000 08:03 5512009                    /usr/lib/x86_64-linux-gnu/libgio-2.0.so.0.4200.1
7f8c38ba7000-7f8c38ba9000 rw-p 00000000 00:00 0 
7f8c38bcc000-7f8c38bcd000 rw-p 00000000 00:00 0 
7f8c38bcd000-7f8c38bd2000 r--s 0004e000 08:03 6161239                    /usr/lib/jvm/java-7-openjdk-amd64/jre/lib/jsse.jar
7f8c38bd2000-7f8c38bea000 r-xp 00000000 08:03 6161216                    /usr/lib/jvm/java-7-openjdk-amd64/jre/lib/amd64/libnet.so
7f8c38bea000-7f8c38de9000 ---p 00018000 08:03 6161216                    /usr/lib/jvm/java-7-openjdk-amd64/jre/lib/amd64/libnet.so
7f8c38de9000-7f8c38dea000 r--p 00017000 08:03 6161216                    /usr/lib/jvm/java-7-openjdk-amd64/jre/lib/amd64/libnet.so
7f8c38dea000-7f8c38deb000 rw-p 00018000 08:03 6161216                    /usr/lib/jvm/java-7-openjdk-amd64/jre/lib/amd64/libnet.so
7f8c38deb000-7f8c38dfc000 r-xp 00000000 08:03 6161198                    /usr/lib/jvm/java-7-openjdk-amd64/jre/lib/amd64/libnio.so
7f8c38dfc000-7f8c38ffb000 ---p 00011000 08:03 6161198                    /usr/lib/jvm/java-7-openjdk-amd64/jre/lib/amd64/libnio.so
7f8c38ffb000-7f8c38ffc000 r--p 00010000 08:03 6161198                    /usr/lib/jvm/java-7-openjdk-amd64/jre/lib/amd64/libnio.so
7f8c38ffc000-7f8c38ffd000 rw-p 00011000 08:03 6161198                    /usr/lib/jvm/java-7-openjdk-amd64/jre/lib/amd64/libnio.so
7f8c38ffd000-7f8c39008000 r--s 00203000 08:03 6161180                    /usr/lib/jvm/java-7-openjdk-amd64/jre/lib/charsets.jar
7f8c39008000-7f8c3900b000 ---p 00000000 00:00 0 
7f8c3900b000-7f8c39109000 rw-p 00000000 00:00 0                          [stack:30060]
7f8c39109000-7f8c39119000 r--s 000a8000 08:03 43102                      /home/zerr/.m2/repository/org/apache/commons/commons-collections4/4.1/commons-collections4-4.1.jar
7f8c39119000-7f8c39121000 r--s 00048000 08:03 8530998                    /home/zerr/.m2/repository/org/openimaj/clustering/1.3.1/clustering-1.3.1.jar
7f8c39121000-7f8c39123000 r--s 0000d000 08:03 8531002                    /home/zerr/.m2/repository/tw/edu/ntu/csie/libsvm/3.1/libsvm-3.1.jar
7f8c39123000-7f8c39125000 r--s 00017000 08:03 8531050                    /home/zerr/.m2/repository/de/bwaldvogel/liblinear-dense/1.92/liblinear-dense-1.92.jar
7f8c39125000-7f8c3912c000 r--s 00045000 08:03 8530938                    /home/zerr/.m2/repository/org/openimaj/nearest-neighbour/1.3.1/nearest-neighbour-1.3.1.jar
7f8c3912c000-7f8c3912e000 r--s 00003000 08:03 8531048                    /home/zerr/.m2/repository/org/bethecoder/ascii-table/1.0/ascii-table-1.0.jar
7f8c3912e000-7f8c3913c000 r--s 000b0000 08:03 8530988                    /home/zerr/.m2/repository/org/codehaus/jackson/jackson-mapper-asl/1.9.4/jackson-mapper-asl-1.9.4.jar
7f8c3913c000-7f8c39140000 r--s 00034000 08:03 8530986                    /home/zerr/.m2/repository/org/codehaus/jackson/jackson-core-asl/1.9.4/jackson-core-asl-1.9.4.jar
7f8c39140000-7f8c39150000 r--s 000c4000 08:03 8530972                    /home/zerr/.m2/repository/org/codehaus/castor/castor/1.2/castor-1.2.jar
7f8c39150000-7f8c39174000 r--s 00341000 08:03 8530970                    /home/zerr/.m2/repository/eclipse/jdtcore/3.1.0/jdtcore-3.1.0.jar
7f8c39174000-7f8c3917c000 r--s 00028000 08:03 8531619                    /home/zerr/.m2/repository/xml-apis/xml-apis/1.3.02/xml-apis-1.3.02.jar
7f8c3917c000-7f8c39180000 r--s 0002b000 08:03 8530968                    /home/zerr/.m2/repository/org/bouncycastle/bcmail-jdk14/1.38/bcmail-jdk14-1.38.jar
7f8c39180000-7f8c391a1000 r--s 0015a000 08:03 8530966                    /home/zerr/.m2/repository/org/bouncycastle/bcprov-jdk14/1.38/bcprov-jdk14-1.38.jar
7f8c391a1000-7f8c391a2000 r--s 00005000 08:03 8530964                    /home/zerr/.m2/repository/org/bouncycastle/bctsp-jdk14/1.38/bctsp-jdk14-1.38.jar
7f8c391a2000-7f8c391c3000 r--s 0015a000 08:03 8530962                    /home/zerr/.m2/repository/bouncycastle/bcprov-jdk14/138/bcprov-jdk14-138.jar
7f8c391c3000-7f8c391c7000 r--s 0002b000 08:03 8530960                    /home/zerr/.m2/repository/bouncycastle/bcmail-jdk14/138/bcmail-jdk14-138.jar
7f8c391c7000-7f8c391d3000 r--s 00108000 08:03 8530958                    /home/zerr/.m2/repository/com/lowagie/itext/2.1.7/itext-2.1.7.jar
7f8c391d3000-7f8c391d9000 r--s 0002b000 08:03 8530956                    /home/zerr/.m2/repository/commons-digester/commons-digester/2.1/commons-digester-2.1.jar
7f8c391d9000-7f8c391df000 r--s 00023000 08:03 8419869                    /home/zerr/.m2/repository/commons-collections/commons-collections/2.1/commons-collections-2.1.jar
7f8c391df000-7f8c391e4000 r--s 00034000 08:03 8789652                    /home/zerr/.m2/repository/commons-beanutils/commons-beanutils/1.8.0/commons-beanutils-1.8.0.jar
7f8c391e4000-7f8c39229000 r--s 00383000 08:03 8530954                    /home/zerr/.m2/repository/net/sf/jasperreports/jasperreports/4.6.0/jasperreports-4.6.0.jar
7f8c39229000-7f8c39233000 r--s 0006e000 08:03 8530952                    /home/zerr/.m2/repository/jfree/jcommon/1.0.16/jcommon-1.0.16.jar
7f8c39233000-7f8c39244000 r--s 0014c000 08:03 8530950                    /home/zerr/.m2/repository/jfree/jfreechart/1.0.13/jfreechart-1.0.13.jar
7f8c39244000-7f8c39246000 r--s 00005000 08:03 8530948                    /home/zerr/.m2/repository/com/googlecode/jatl/jatl/0.2.1/jatl-0.2.1.jar
7f8c39246000-7f8c39259000 r--s 000df000 08:03 8414909                    /home/zerr/.m2/repository/org/apache/commons/commons-math/2.2/commons-math-2.2.jar
7f8c39259000-7f8c3925a000 r--s 00005000 08:03 8530946                    /home/zerr/.m2/repository/org/openimaj/IREval/1.3.1/IREval-1.3.1.jar
7f8c3925a000-7f8c39260000 r--s 00023000 08:03 8530944                    /home/zerr/.m2/repository/org/openimaj/core-experiment/1.3.1/core-experiment-1.3.1.jar
7f8c39260000-7f8c39283000 r--s 001ba000 08:03 8414841                    /home/zerr/.m2/repository/org/apache/commons/commons-math3/3.3/commons-math3-3.3.jar
7f8c39283000-7f8c39285000 r--s 00010000 08:03 8531040                    /home/zerr/.m2/repository/net/sourceforge/jmatio/jmatio/1.2/jmatio-1.2.jar
7f8c39285000-7f8c392a2000 r--s 00139000 08:03 8530920                    /home/zerr/.m2/repository/gov/sandia/foundry/gov-sandia-cognition-learning-core/3.3.0/gov-sandia-cognition-learning-core-3.3.0.jar
7f8c392a2000-7f8c392ae000 r--s 0006a000 08:03 8788410                    /home/zerr/.m2/repository/com/thoughtworks/xstream/xstream/1.4.3/xstream-1.4.3.jar
7f8c392ae000-7f8c392b6000 r--s 00049000 08:03 8530916                    /home/zerr/.m2/repository/gov/sandia/foundry/gov-sandia-cognition-common-core/3.3.0/gov-sandia-cognition-common-core-3.3.0.jar
7f8c392b6000-7f8c392b8000 r--s 00008000 08:03 8530914                    /home/zerr/.m2/repository/org/openimaj/MatrixLib/1.3.1/MatrixLib-1.3.1.jar
7f8c392b8000-7f8c392bf000 r--s 00034000 08:03 8531038                    /home/zerr/.m2/repository/jgrapht/jgrapht/0.8.2/jgrapht-0.8.2.jar
7f8c392bf000-7f8c392c0000 r--s 00006000 08:03 8531036                    /home/zerr/.m2/repository/net/sf/jafama/JaFaMa/1.2/JaFaMa-1.2.jar
7f8c392c0000-7f8c392d2000 r--s 00112000 08:03 8530912                    /home/zerr/.m2/repository/net/sourceforge/f2j/arpack_combined_all/0.1/arpack_combined_all-0.1.jar
7f8c392d2000-7f8c392d4000 r--s 0001f000 08:03 8530910                    /home/zerr/.m2/repository/com/googlecode/netlib-java/netlib-java/0.9.3/netlib-java-0.9.3.jar
7f8c392d4000-7f8c392da000 r--s 00095000 08:03 8530908                    /home/zerr/.m2/repository/com/googlecode/matrix-toolkits-java/mtj/0.9.14/mtj-0.9.14.jar
7f8c392da000-7f8c392de000 r--s 0001e000 08:03 8530906                    /home/zerr/.m2/repository/org/la4j/la4j/0.4.0/la4j-0.4.0.jar
7f8c392de000-7f8c392e0000 r--s 00007000 08:03 8531034                    /home/zerr/.m2/repository/jama/jama/1.0.2/jama-1.0.2.jar
7f8c392e0000-7f8c392e7000 r--s 00050000 08:03 8530904                    /home/zerr/.m2/repository/org/openimaj/core-math/1.3.1/core-math-1.3.1.jar
7f8c392e7000-7f8c392ee000 r--s 00041000 08:03 8530936                    /home/zerr/.m2/repository/org/openimaj/core-feature/1.3.1/core-feature-1.3.1.jar
7f8c392ee000-7f8c392fe000 r--s 0007c000 08:03 8438122                    /home/zerr/.m2/repository/joda-time/joda-time/2.1/joda-time-2.1.jar
7f8c392fe000-7f8c39306000 r--s 00044000 08:03 8531000                    /home/zerr/.m2/repository/org/openimaj/machine-learning/1.3.1/machine-learning-1.3.1.jar
7f8c39306000-7f8c3930c000 r--s 00037000 08:03 8531400                    /home/zerr/.m2/repository/ch/qos/logback/logback-classic/1.0.0/logback-classic-1.0.0.jar
7f8c3930c000-7f8c39314000 r--s 00049000 08:03 8531398                    /home/zerr/.m2/repository/ch/qos/logback/logback-core/1.0.0/logback-core-1.0.0.jar
7f8c39314000-7f8c39315000 r--s 00008000 08:03 8531396                    /home/zerr/.m2/repository/commons-cli/commons-cli/1.1/commons-cli-1.1.jar
7f8c39315000-7f8c39317000 r--s 00005000 08:03 8415029                    /home/zerr/.m2/repository/org/slf4j/slf4j-api/1.6.4/slf4j-api-1.6.4.jar
7f8c39317000-7f8c3931e000 r--s 02511000 08:03 8531423                    /home/zerr/.m2/repository/xuggle/xuggle-xuggler-lgpl/5.5-20140728/xuggle-xuggler-lgpl-5.5-20140728.jar
7f8c3931e000-7f8c39320000 r--s 00004000 08:03 8531394                    /home/zerr/.m2/repository/org/openimaj/xuggle-video/1.3.1/xuggle-video-1.3.1.jar
7f8c39320000-7f8c39322000 r--s 00007000 08:03 8531392                    /home/zerr/.m2/repository/org/openimaj/video-processing/1.3.1/video-processing-1.3.1.jar
7f8c39322000-7f8c39324000 r--s 00007000 08:03 8530994                    /home/zerr/.m2/repository/org/openimaj/content/animation/1.3.1/animation-1.3.1.jar
7f8c39324000-7f8c39326000 r--s 00008000 08:03 8530992                    /home/zerr/.m2/repository/org/openimaj/core-audio/1.3.1/core-audio-1.3.1.jar
7f8c39326000-7f8c39328000 r--s 0001e000 08:03 8530990                    /home/zerr/.m2/repository/org/openimaj/core-video/1.3.1/core-video-1.3.1.jar
7f8c39328000-7f8c39337000 r--s 000e1000 08:03 8531412                    /home/zerr/.m2/repository/com/google/android/tools/dx/1.7/dx-1.7.jar
7f8c39337000-7f8c39341000 r--s 000f1000 08:03 8439245                    /home/zerr/.m2/repository/com/nativelibs4java/bridj/0.7-20140918/bridj-0.7-20140918.jar
7f8c39341000-7f8c39343000 r--s 00025000 08:03 8531410                    /home/zerr/.m2/repository/org/openimaj/core-video-capture/1.3.1/core-video-capture-1.3.1.jar
7f8c39343000-7f8c39344000 r--s 0008b000 08:03 8531408                    /home/zerr/.m2/repository/org/openimaj/FaceTracker/1.3.1/FaceTracker-1.3.1.jar
7f8c39344000-7f8c39345000 r--s 00001000 08:03 8530918                    /home/zerr/.m2/repository/xmlpull/xmlpull/1.1.3.1/xmlpull-1.1.3.1.jar
7f8c39345000-7f8c39347000 r--s 00005000 08:03 8789746                    /home/zerr/.m2/repository/xpp3/xpp3_min/1.1.4c/xpp3_min-1.1.4c.jar
7f8c39347000-7f8c3934a000 r--s 00214000 08:03 8531406                    /home/zerr/.m2/repository/org/openimaj/object-detection/1.3.1/object-detection-1.3.1.jar
7f8c3934a000-7f8c3934c000 r--s 00096000 08:03 8531404                    /home/zerr/.m2/repository/org/openimaj/klt-tracker/1.3.1/klt-tracker-1.3.1.jar
7f8c3934c000-7f8c39352000 r--s 0003b000 08:03 8530940                    /home/zerr/.m2/repository/org/openimaj/image-feature-extraction/1.3.1/image-feature-extraction-1.3.1.jar
7f8c39352000-7f8c39358000 r--s 0003c000 08:03 8531418                    /home/zerr/.m2/repository/org/openimaj/image-local-features/1.3.1/image-local-features-1.3.1.jar
7f8c39358000-7f8c39364000 r--s 000b0000 08:03 8530996                    /home/zerr/.m2/repository/org/openimaj/JTransforms/1.3.1/JTransforms-1.3.1.jar
7f8c39364000-7f8c3936b000 r--s 00040000 08:03 8530942                    /home/zerr/.m2/repository/org/openimaj/image-processing/1.3.1/image-processing-1.3.1.jar
7f8c3936b000-7f8c39371000 r--s 0026a000 08:03 8531402                    /home/zerr/.m2/repository/org/openimaj/faces/1.3.1/faces-1.3.1.jar
7f8c39371000-7f8c39372000 r--s 00000000 08:03 8542429                    /home/zerr/.m2/repository/org/openimaj/processing-core/1.3.1/processing-core-1.3.1.jar
7f8c39372000-7f8c39374000 r--s 0000c000 08:03 8530866                    /home/zerr/.m2/repository/args4j/args4j/2.0.16/args4j-2.0.16.jar
7f8c39374000-7f8c39377000 r--s 00011000 08:03 8530934                    /home/zerr/.m2/repository/com/twelvemonkeys/common/common-image/3.0-rc5/common-image-3.0-rc5.jar
7f8c39377000-7f8c3937b000 r--s 00018000 08:03 8530932                    /home/zerr/.m2/repository/com/twelvemonkeys/common/common-lang/3.0-rc5/common-lang-3.0-rc5.jar
7f8c3937b000-7f8c3937e000 r--s 00013000 08:03 8530930                    /home/zerr/.m2/repository/com/twelvemonkeys/common/common-io/3.0-rc5/common-io-3.0-rc5.jar
7f8c3937e000-7f8c39381000 r--s 0000c000 08:03 8530928                    /home/zerr/.m2/repository/com/twelvemonkeys/imageio/imageio-metadata/3.0-rc5/imageio-metadata-3.0-rc5.jar
7f8c39381000-7f8c39384000 r--s 00009000 08:03 8530926                    /home/zerr/.m2/repository/com/twelvemonkeys/imageio/imageio-core/3.0-rc5/imageio-core-3.0-rc5.jar
7f8c39384000-7f8c39386000 r--s 0000b000 08:03 8530924                    /home/zerr/.m2/repository/com/twelvemonkeys/imageio/imageio-jpeg/3.0-rc5/imageio-jpeg-3.0-rc5.jar
7f8c39386000-7f8c3938a000 r--s 0003c000 08:03 8531046                    /home/zerr/.m2/repository/com/sun/media/jai-codec/1.1.3/jai-codec-1.1.3.jar
7f8c3938a000-7f8c3939e000 r--s 001bd000 08:03 8531044                    /home/zerr/.m2/repository/javax/media/jai-core/1.1.3/jai-core-1.1.3.jar
7f8c3939e000-7f8c393a1000 r--s 0000a000 08:03 8531042                    /home/zerr/.m2/repository/com/caffeineowl/graphics/BezierUtils/1.0.0/BezierUtils-1.0.0.jar
7f8c393a1000-7f8c393ab000 r--s 00072000 08:03 8530922                    /home/zerr/.m2/repository/org/apache/sanselan/sanselan/0.97-incubator/sanselan-0.97-incubator.jar
7f8c393ab000-7f8c393af000 r--s 00035000 08:03 8531030                    /home/zerr/.m2/repository/com/aetrion/flickr/flickrapi/1.2ss.1/flickrapi-1.2ss.1.jar
7f8c393af000-7f8c393b0000 r--s 00001000 08:03 8531028                    /home/zerr/.m2/repository/uk/ac/ed/ph/snuggletex/snuggletex-jeuclid/1.2.2/snuggletex-jeuclid-1.2.2.jar
7f8c393b0000-7f8c393b2000 r--s 0001e000 08:03 8531026                    /home/zerr/.m2/repository/net/sf/saxon/saxon9-dom/9.1.0.8/saxon9-dom-9.1.0.8.jar
7f8c393b2000-7f8c393cd000 r--s 004b6000 08:03 8531024                    /home/zerr/.m2/repository/net/sf/saxon/saxon9/9.1.0.8/saxon9-9.1.0.8.jar
7f8c393cd000-7f8c393cf000 r--s 0000e000 08:03 8531022                    /home/zerr/.m2/repository/uk/ac/ed/ph/snuggletex/snuggletex-upconversion/1.2.2/snuggletex-upconversion-1.2.2.jar
7f8c393cf000-7f8c393d5000 r--s 00040000 08:03 8531020                    /home/zerr/.m2/repository/uk/ac/ed/ph/snuggletex/snuggletex-core/1.2.2/snuggletex-core-1.2.2.jar
7f8c393d5000-7f8c393df000 r--s 00075000 08:03 8439412                    /home/zerr/.m2/repository/org/apache/xmlgraphics/xmlgraphics-commons/1.3.1/xmlgraphics-commons-1.3.1.jar
7f8c393df000-7f8c393e4000 r--s 00010000 08:03 8439399                    /home/zerr/.m2/repository/xml-apis/xml-apis-ext/1.3.04/xml-apis-ext-1.3.04.jar
7f8c393e4000-7f8c393e7000 r--s 0001d000 08:03 8439391                    /home/zerr/.m2/repository/org/apache/xmlgraphics/batik-util/1.7/batik-util-1.7.jar
7f8c393e7000-7f8c393e9000 r--s 00010000 08:03 8439385                    /home/zerr/.m2/repository/org/apache/xmlgraphics/batik-parser/1.7/batik-parser-1.7.jar
7f8c393e9000-7f8c393ea000 r--s 00002000 08:03 8439377                    /home/zerr/.m2/repository/org/apache/xmlgraphics/batik-ext/1.7/batik-ext-1.7.jar
7f8c393ea000-7f8c393eb000 r--s 00007000 08:03 8439354                    /home/zerr/.m2/repository/org/apache/xmlgraphics/batik-xml/1.7/batik-xml-1.7.jar
7f8c393eb000-7f8c393ef000 r--s 00027000 08:03 8439331                    /home/zerr/.m2/repository/org/apache/xmlgraphics/batik-dom/1.7/batik-dom-1.7.jar
7f8c393ef000-7f8c393f6000 r--s 00045000 08:03 8439324                    /home/zerr/.m2/repository/org/apache/xmlgraphics/batik-css/1.7/batik-css-1.7.jar
7f8c393f6000-7f8c393fe000 r--s 0005b000 08:03 8439311                    /home/zerr/.m2/repository/org/apache/xmlgraphics/batik-awt-util/1.7/batik-awt-util-1.7.jar
7f8c393fe000-7f8c39401000 r--s 00015000 08:03 8439303                    /home/zerr/.m2/repository/org/apache/xmlgraphics/batik-anim/1.7/batik-anim-1.7.jar
7f8c39401000-7f8c3940e000 r--s 00086000 08:03 8439287                    /home/zerr/.m2/repository/org/apache/xmlgraphics/batik-svg-dom/1.7/batik-svg-dom-1.7.jar
7f8c3940e000-7f8c39417000 r--s 00072000 08:03 8439266                    /home/zerr/.m2/repository/net/sourceforge/jeuclid/jeuclid-core/3.1.9/jeuclid-core-3.1.9.jar
7f8c39417000-7f8c39419000 r--s 0000d000 08:03 8435011                    /home/zerr/.m2/repository/net/billylieurance/azuresearch/azure-bing-search-java/0.12.0/azure-bing-search-java-0.12.0.jar
7f8c39419000-7f8c39426000 r--s 00095000 08:03 8439259                    /home/zerr/.m2/repository/org/openimaj/core-image/1.3.1/core-image-1.3.1.jar
7f8c39426000-7f8c39428000 r--s 00004000 08:03 8439257                    /home/zerr/.m2/repository/org/openimaj/ImprovedArgs4J/1.3.1/ImprovedArgs4J-1.3.1.jar
7f8c39428000-7f8c39429000 r--s 00001000 08:03 8542427                    /home/zerr/.m2/repository/org/openimaj/processing/1.3.1/processing-1.3.1.jar
7f8c39429000-7f8c3942f000 r--s 00032000 08:03 8440062                    /home/zerr/.m2/repository/org/apache/httpcomponents/httpcore/4.2.4/httpcore-4.2.4.jar
7f8c3942f000-7f8c39438000 r--s 00061000 08:03 8440054                    /home/zerr/.m2/repository/org/apache/httpcomponents/httpclient/4.2.5/httpclient-4.2.5.jar
7f8c39438000-7f8c39439000 r--s 00004000 08:03 8530902                    /home/zerr/.m2/repository/org/apache/ant/ant-launcher/1.8.4/ant-launcher-1.8.4.jar
7f8c39439000-7f8c39457000 r--s 001bd000 08:03 8530900                    /home/zerr/.m2/repository/org/apache/ant/ant/1.8.4/ant-1.8.4.jar
7f8c39457000-7f8c3945a000 r--s 00020000 08:03 8531032                    /home/zerr/.m2/repository/vigna/dsi/unimi/it/jal/20031117/jal-20031117.jar
7f8c3945a000-7f8c3945c000 r--s 00007000 08:03 8413944                    /home/zerr/.m2/repository/org/objenesis/objenesis/1.2/objenesis-1.2.jar
7f8c3945c000-7f8c3945e000 r--s 00000000 08:03 8413942                    /home/zerr/.m2/repository/com/esotericsoftware/minlog/minlog/1.2/minlog-1.2.jar
7f8c3945e000-7f8c39460000 r--s 0000a000 08:03 8413939                    /home/zerr/.m2/repository/org/ow2/asm/asm/4.0/asm-4.0.jar
7f8c39460000-7f8c39462000 r--s 0000f000 08:03 8413937                    /home/zerr/.m2/repository/com/esotericsoftware/reflectasm/reflectasm/1.07/reflectasm-1.07-shaded.jar
7f8c39462000-7f8c39468000 r--s 00053000 08:03 8413935                    /home/zerr/.m2/repository/com/esotericsoftware/kryo/kryo/2.21/kryo-2.21.jar
7f8c39468000-7f8c3946e000 r--s 00045000 08:03 8414028                    /home/zerr/.m2/repository/commons-httpclient/commons-httpclient/3.1/commons-httpclient-3.1.jar
7f8c3946e000-7f8c39470000 r--s 00005000 08:03 8530898                    /home/zerr/.m2/repository/regexp/regexp/1.3/regexp-1.3.jar
7f8c39470000-7f8c39472000 r--s 00008000 08:03 8530896                    /home/zerr/.m2/repository/org/apache/maven/scm/maven-scm-provider-svn-commons/1.4/maven-scm-provider-svn-commons-1.4.jar
7f8c39472000-7f8c39475000 r--s 0000f000 08:03 8530894                    /home/zerr/.m2/repository/org/apache/maven/scm/maven-scm-provider-svnexe/1.4/maven-scm-provider-svnexe-1.4.jar
7f8c39475000-7f8c3947a000 r--s 00039000 08:03 8439718                    /home/zerr/.m2/repository/org/codehaus/plexus/plexus-utils/1.5.6/plexus-utils-1.5.6.jar
7f8c3947a000-7f8c3947e000 r--s 00014000 08:03 8530892                    /home/zerr/.m2/repository/org/apache/maven/scm/maven-scm-api/1.4/maven-scm-api-1.4.jar
7f8c3947e000-7f8c39480000 r--s 0000d000 08:03 8415030                    /home/zerr/.m2/repository/commons-logging/commons-logging/1.1.1/commons-logging-1.1.1.jar
7f8c39480000-7f8c39489000 r--s 0005d000 08:03 8530890                    /home/zerr/.m2/repository/org/apache/commons/commons-vfs2/2.0/commons-vfs2-2.0.jar
7f8c39489000-7f8c3948d000 r--s 00027000 08:03 8530888                    /home/zerr/.m2/repository/commons-io/commons-io/2.2/commons-io-2.2.jar
7f8c3948d000-7f8c39492000 r--s 00041000 08:03 8415028                    /home/zerr/.m2/repository/commons-lang/commons-lang/2.6/commons-lang-2.6.jar
7f8c39492000-7f8c39499000 r--s 00053000 08:03 8443831                    /home/zerr/.m2/repository/log4j/log4j/1.2.14/log4j-1.2.14.jar
7f8c39499000-7f8c394a0000 r--s 00028000 08:03 8530886                    /home/zerr/.m2/repository/concurrent/concurrent/1.3.4/concurrent-1.3.4.jar
7f8c394a0000-7f8c394ae000 r--s 00081000 08:03 8530884                    /home/zerr/.m2/repository/colt/colt/1.2.0/colt-1.2.0.jar
7f8c394ae000-7f8c394d7000 r--s 001ee000 08:03 8530882                    /home/zerr/.m2/repository/com/google/guava/guava/14.0.1/guava-14.0.1.jar
7f8c394d7000-7f8c394fe000 r--s 00241000 08:03 8530880                    /home/zerr/.m2/repository/net/sf/trove4j/trove4j/3.0.2/trove4j-3.0.2.jar
7f8c394fe000-7f8c39501000 r--s 00010000 08:03 8530876                    /home/zerr/.m2/repository/org/jbibtex/jbibtex/1.0.2/jbibtex-1.0.2.jar
7f8c39501000-7f8c3950a000 r--s 00095000 08:03 8530874                    /home/zerr/.m2/repository/javassist/javassist/3.12.1.GA/javassist-3.12.1.GA.jar
7f8c3950a000-7f8c3950c000 r--s 00002000 08:03 8530872                    /home/zerr/.m2/repository/org/openimaj/core-aop-support/1.3.1/core-aop-support-1.3.1.jar
7f8c3950c000-7f8c3950d000 r--s 00006000 08:03 8530870                    /home/zerr/.m2/repository/org/openimaj/core-citation/1.3.1/core-citation-1.3.1.jar
7f8c3950d000-7f8c3951e000 r--s 000ac000 08:03 8530868                    /home/zerr/.m2/repository/org/openimaj/core/1.3.1/core-1.3.1.jar
7f8c3951e000-7f8c39521000 r--s 00021000 08:03 39361                      /home/zerr/.m2/repository/org/apache/logging/log4j/log4j-api/2.5/log4j-api-2.5.jar
7f8c39521000-7f8c39539000 r--s 000f7000 08:03 39359                      /home/zerr/.m2/repository/org/apache/logging/log4j/log4j-core/2.5/log4j-core-2.5.jar
7f8c39539000-7f8c3953b000 r--s 00216000 08:03 42514                      /home/zerr/.m2/repository/sz/ImagePrivacyFeatures/ImagePrivacyFeatures/0.0.1-SNAPSHOT/ImagePrivacyFeatures-0.0.1-SNAPSHOT.jar
7f8c3953b000-7f8c3953c000 r--s 0000a000 08:03 42333                      /home/zerr/.m2/repository/sz/svmlightclassification/svmlightclassification/0.0.1-SNAPSHOT/svmlightclassification-0.0.1-SNAPSHOT.jar
7f8c3953c000-7f8c3953e000 r--s 0001a000 08:03 42538                      /home/zerr/.m2/repository/sz/libsvmclassification/libsvmclassification/0.0.1-SNAPSHOT/libsvmclassification-0.0.1-SNAPSHOT.jar
7f8c3953e000-7f8c39543000 r--s 0005d000 08:03 42555                      /home/zerr/.m2/repository/sz/image/classification/0.0.1-SNAPSHOT/classification-0.0.1-SNAPSHOT.jar
7f8c39543000-7f8c39548000 r--s 00029000 08:03 8440117                    /home/zerr/.m2/repository/sz/utils/SZUtils/0.0.1-SNAPSHOT/SZUtils-0.0.1-SNAPSHOT.jar
7f8c39548000-7f8c3954e000 r--s 00047000 08:03 8789601                    /home/zerr/.m2/repository/org/jsoup/jsoup/1.8.3/jsoup-1.8.3.jar
7f8c3954e000-7f8c39555000 r--s 00064000 08:03 8537521                    /home/zerr/.m2/repository/org/apache/commons/commons-lang3/3.4/commons-lang3-3.4.jar
7f8c39555000-7f8c39593000 r--s 0025d000 08:03 8417968                    /home/zerr/.m2/repository/org/apache/xmlbeans/xmlbeans/2.6.0/xmlbeans-2.6.0.jar
7f8c39593000-7f8c39653000 r--s 004e6000 08:03 8537421                    /home/zerr/.m2/repository/org/apache/poi/poi-ooxml-schemas/3.14/poi-ooxml-schemas-3.14.jar
7f8c39653000-7f8c3967d000 r--s 00240000 08:03 8537437                    /home/zerr/.m2/repository/org/apache/poi/poi/3.14/poi-3.14.jar
7f8c3967d000-7f8c3967e000 ---p 00000000 00:00 0 
7f8c3967e000-7f8c3977e000 rw-p 00000000 00:00 0                          [stack:30057]
7f8c3977e000-7f8c39781000 ---p 00000000 00:00 0 
7f8c39781000-7f8c3987f000 rw-p 00000000 00:00 0                          [stack:30056]
7f8c3987f000-7f8c39882000 ---p 00000000 00:00 0 
7f8c39882000-7f8c39980000 rw-p 00000000 00:00 0                          [stack:30055]
7f8c39980000-7f8c39983000 ---p 00000000 00:00 0 
7f8c39983000-7f8c39a81000 rw-p 00000000 00:00 0                          [stack:30054]
7f8c39a81000-7f8c39a84000 ---p 00000000 00:00 0 
7f8c39a84000-7f8c39b82000 rw-p 00000000 00:00 0                          [stack:30052]
7f8c39b82000-7f8c39b85000 ---p 00000000 00:00 0 
7f8c39b85000-7f8c39c83000 rw-p 00000000 00:00 0                          [stack:30051]
7f8c39c83000-7f8c39c86000 ---p 00000000 00:00 0 
7f8c39c86000-7f8c39d84000 rw-p 00000000 00:00 0                          [stack:30048]
7f8c39d84000-7f8c39d88000 r-xp 00000000 08:03 6161194                    /usr/lib/jvm/java-7-openjdk-amd64/jre/lib/amd64/libdt_socket.so
7f8c39d88000-7f8c39f87000 ---p 00004000 08:03 6161194                    /usr/lib/jvm/java-7-openjdk-amd64/jre/lib/amd64/libdt_socket.so
7f8c39f87000-7f8c39f88000 r--p 00003000 08:03 6161194                    /usr/lib/jvm/java-7-openjdk-amd64/jre/lib/amd64/libdt_socket.so
7f8c39f88000-7f8c39f89000 rw-p 00004000 08:03 6161194                    /usr/lib/jvm/java-7-openjdk-amd64/jre/lib/amd64/libdt_socket.so
7f8c39f89000-7f8c39f8c000 ---p 00000000 00:00 0 
7f8c39f8c000-7f8c3a08a000 rw-p 00000000 00:00 0                          [stack:30046]
7f8c3a08a000-7f8c3a08d000 ---p 00000000 00:00 0 
7f8c3a08d000-7f8c3a18b000 rw-p 00000000 00:00 0                          [stack:30045]
7f8c3a18b000-7f8c3a18e000 ---p 00000000 00:00 0 
7f8c3a18e000-7f8c3a28c000 rw-p 00000000 00:00 0                          [stack:30044]
7f8c3a28c000-7f8c3a28d000 ---p 00000000 00:00 0 
7f8c3a28d000-7f8c3b38a000 rw-p 00000000 00:00 0                          [stack:30043]
7f8c3b38a000-7f8c3b53c000 r--s 01d2e000 08:03 6161175                    /usr/lib/jvm/java-7-openjdk-amd64/jre/lib/rt.jar
7f8c3b53c000-7f8c3bea7000 rw-p 00000000 00:00 0 
7f8c3bea7000-7f8c3bea8000 ---p 00000000 00:00 0 
7f8c3bea8000-7f8c3bfa8000 rw-p 00000000 00:00 0                          [stack:30041]
7f8c3bfa8000-7f8c3bfa9000 ---p 00000000 00:00 0 
7f8c3bfa9000-7f8c3c0a9000 rw-p 00000000 00:00 0                          [stack:30039]
7f8c3c0a9000-7f8c3c0aa000 ---p 00000000 00:00 0 
7f8c3c0aa000-7f8c3c1aa000 rw-p 00000000 00:00 0                          [stack:30038]
7f8c3c1aa000-7f8c3c1ab000 ---p 00000000 00:00 0 
7f8c3c1ab000-7f8c3c3f0000 rw-p 00000000 00:00 0                          [stack:30036]
7f8c3c3f0000-7f8c3c7df000 rw-p 00000000 00:00 0 
7f8c3c7df000-7f8c3c7ea000 rw-p 00000000 00:00 0 
7f8c3c7ea000-7f8c3c832000 rw-p 00000000 00:00 0 
7f8c3c832000-7f8c3c977000 rw-p 00000000 00:00 0 
7f8c3c977000-7f8c3cd65000 rw-p 00000000 00:00 0 
7f8c3cd65000-7f8c3cfff000 rw-p 00000000 00:00 0 
7f8c3cfff000-7f8c3d000000 rw-p 00000000 00:00 0 
7f8c3d000000-7f8c3d270000 rwxp 00000000 00:00 0 
7f8c3d270000-7f8c40a40000 rw-p 00000000 00:00 0 
7f8c40a40000-7f8c44000000 ---p 00000000 00:00 0 
7f8c44000000-7f8c44003000 r--s 0001e000 08:03 8792368                    /home/zerr/.m2/repository/org/knallgrau/utils/textcat/1.0.1/textcat-1.0.1.jar
7f8c44003000-7f8c44014000 r--s 0012a000 08:03 8537392                    /home/zerr/.m2/repository/org/apache/poi/poi-ooxml/3.14/poi-ooxml-3.14.jar
7f8c44014000-7f8c4401b000 r--s 0003f000 08:03 8537439                    /home/zerr/.m2/repository/commons-codec/commons-codec/1.10/commons-codec-1.10.jar
7f8c4401b000-7f8c44026000 rw-p 00000000 00:00 0 
7f8c44026000-7f8c4406e000 rw-p 00000000 00:00 0 
7f8c4406e000-7f8c44076000 r-xp 00000000 08:03 6161193                    /usr/lib/jvm/java-7-openjdk-amd64/jre/lib/amd64/libzip.so
7f8c44076000-7f8c44275000 ---p 00008000 08:03 6161193                    /usr/lib/jvm/java-7-openjdk-amd64/jre/lib/amd64/libzip.so
7f8c44275000-7f8c44276000 r--p 00007000 08:03 6161193                    /usr/lib/jvm/java-7-openjdk-amd64/jre/lib/amd64/libzip.so
7f8c44276000-7f8c44277000 rw-p 00008000 08:03 6161193                    /usr/lib/jvm/java-7-openjdk-amd64/jre/lib/amd64/libzip.so
7f8c44277000-7f8c44282000 r-xp 00000000 08:03 263049                     /lib/x86_64-linux-gnu/libnss_files-2.19.so
7f8c44282000-7f8c44481000 ---p 0000b000 08:03 263049                     /lib/x86_64-linux-gnu/libnss_files-2.19.so
7f8c44481000-7f8c44482000 r--p 0000a000 08:03 263049                     /lib/x86_64-linux-gnu/libnss_files-2.19.so
7f8c44482000-7f8c44483000 rw-p 0000b000 08:03 263049                     /lib/x86_64-linux-gnu/libnss_files-2.19.so
7f8c44483000-7f8c4448d000 r-xp 00000000 08:03 263053                     /lib/x86_64-linux-gnu/libnss_nis-2.19.so
7f8c4448d000-7f8c4468c000 ---p 0000a000 08:03 263053                     /lib/x86_64-linux-gnu/libnss_nis-2.19.so
7f8c4468c000-7f8c4468d000 r--p 00009000 08:03 263053                     /lib/x86_64-linux-gnu/libnss_nis-2.19.so
7f8c4468d000-7f8c4468e000 rw-p 0000a000 08:03 263053                     /lib/x86_64-linux-gnu/libnss_nis-2.19.so
7f8c4468e000-7f8c446a3000 r-xp 00000000 08:03 263041                     /lib/x86_64-linux-gnu/libnsl-2.19.so
7f8c446a3000-7f8c448a2000 ---p 00015000 08:03 263041                     /lib/x86_64-linux-gnu/libnsl-2.19.so
7f8c448a2000-7f8c448a3000 r--p 00014000 08:03 263041                     /lib/x86_64-linux-gnu/libnsl-2.19.so
7f8c448a3000-7f8c448a4000 rw-p 00015000 08:03 263041                     /lib/x86_64-linux-gnu/libnsl-2.19.so
7f8c448a4000-7f8c448a6000 rw-p 00000000 00:00 0 
7f8c448a6000-7f8c448ad000 r-xp 00000000 08:03 263043                     /lib/x86_64-linux-gnu/libnss_compat-2.19.so
7f8c448ad000-7f8c44aac000 ---p 00007000 08:03 263043                     /lib/x86_64-linux-gnu/libnss_compat-2.19.so
7f8c44aac000-7f8c44aad000 r--p 00006000 08:03 263043                     /lib/x86_64-linux-gnu/libnss_compat-2.19.so
7f8c44aad000-7f8c44aae000 rw-p 00007000 08:03 263043                     /lib/x86_64-linux-gnu/libnss_compat-2.19.so
7f8c44aae000-7f8c44c37000 r--p 00000000 08:03 5508960                    /usr/lib/locale/locale-archive
7f8c44c37000-7f8c44c39000 r-xp 00000000 08:03 6161204                    /usr/lib/jvm/java-7-openjdk-amd64/jre/lib/amd64/libnpt.so
7f8c44c39000-7f8c44e39000 ---p 00002000 08:03 6161204                    /usr/lib/jvm/java-7-openjdk-amd64/jre/lib/amd64/libnpt.so
7f8c44e39000-7f8c44e3a000 r--p 00002000 08:03 6161204                    /usr/lib/jvm/java-7-openjdk-amd64/jre/lib/amd64/libnpt.so
7f8c44e3a000-7f8c44e3b000 rw-p 00003000 08:03 6161204                    /usr/lib/jvm/java-7-openjdk-amd64/jre/lib/amd64/libnpt.so
7f8c44e3b000-7f8c44e76000 r-xp 00000000 08:03 6161190                    /usr/lib/jvm/java-7-openjdk-amd64/jre/lib/amd64/libjdwp.so
7f8c44e76000-7f8c45075000 ---p 0003b000 08:03 6161190                    /usr/lib/jvm/java-7-openjdk-amd64/jre/lib/amd64/libjdwp.so
7f8c45075000-7f8c45076000 r--p 0003a000 08:03 6161190                    /usr/lib/jvm/java-7-openjdk-amd64/jre/lib/amd64/libjdwp.so
7f8c45076000-7f8c45077000 rw-p 0003b000 08:03 6161190                    /usr/lib/jvm/java-7-openjdk-amd64/jre/lib/amd64/libjdwp.so
7f8c45077000-7f8c45078000 rw-p 00000000 00:00 0 
7f8c45078000-7f8c450a5000 r-xp 00000000 08:03 6161225                    /usr/lib/jvm/java-7-openjdk-amd64/jre/lib/amd64/libjava.so
7f8c450a5000-7f8c452a4000 ---p 0002d000 08:03 6161225                    /usr/lib/jvm/java-7-openjdk-amd64/jre/lib/amd64/libjava.so
7f8c452a4000-7f8c452a5000 r--p 0002c000 08:03 6161225                    /usr/lib/jvm/java-7-openjdk-amd64/jre/lib/amd64/libjava.so
7f8c452a5000-7f8c452a7000 rw-p 0002d000 08:03 6161225                    /usr/lib/jvm/java-7-openjdk-amd64/jre/lib/amd64/libjava.so
7f8c452a7000-7f8c452b6000 r-xp 00000000 08:03 6161189                    /usr/lib/jvm/java-7-openjdk-amd64/jre/lib/amd64/libverify.so
7f8c452b6000-7f8c454b5000 ---p 0000f000 08:03 6161189                    /usr/lib/jvm/java-7-openjdk-amd64/jre/lib/amd64/libverify.so
7f8c454b5000-7f8c454b8000 r--p 0000e000 08:03 6161189                    /usr/lib/jvm/java-7-openjdk-amd64/jre/lib/amd64/libverify.so
7f8c454b8000-7f8c454b9000 rw-p 00011000 08:03 6161189                    /usr/lib/jvm/java-7-openjdk-amd64/jre/lib/amd64/libverify.so
7f8c454b9000-7f8c454c0000 r-xp 00000000 08:03 263063                     /lib/x86_64-linux-gnu/librt-2.19.so
7f8c454c0000-7f8c456bf000 ---p 00007000 08:03 263063                     /lib/x86_64-linux-gnu/librt-2.19.so
7f8c456bf000-7f8c456c0000 r--p 00006000 08:03 263063                     /lib/x86_64-linux-gnu/librt-2.19.so
7f8c456c0000-7f8c456c1000 rw-p 00007000 08:03 263063                     /lib/x86_64-linux-gnu/librt-2.19.so
7f8c456c1000-7f8c456d7000 r-xp 00000000 08:03 262148                     /lib/x86_64-linux-gnu/libgcc_s.so.1
7f8c456d7000-7f8c458d6000 ---p 00016000 08:03 262148                     /lib/x86_64-linux-gnu/libgcc_s.so.1
7f8c458d6000-7f8c458d7000 rw-p 00015000 08:03 262148                     /lib/x86_64-linux-gnu/libgcc_s.so.1
7f8c458d7000-7f8c459d7000 r-xp 00000000 08:03 263035                     /lib/x86_64-linux-gnu/libm-2.19.so
7f8c459d7000-7f8c45bd6000 ---p 00100000 08:03 263035                     /lib/x86_64-linux-gnu/libm-2.19.so
7f8c45bd6000-7f8c45bd7000 r--p 000ff000 08:03 263035                     /lib/x86_64-linux-gnu/libm-2.19.so
7f8c45bd7000-7f8c45bd8000 rw-p 00100000 08:03 263035                     /lib/x86_64-linux-gnu/libm-2.19.so
7f8c45bd8000-7f8c45cc4000 r-xp 00000000 08:03 5509731                    /usr/lib/x86_64-linux-gnu/libstdc++.so.6.0.20
7f8c45cc4000-7f8c45ec4000 ---p 000ec000 08:03 5509731                    /usr/lib/x86_64-linux-gnu/libstdc++.so.6.0.20
7f8c45ec4000-7f8c45ecc000 r--p 000ec000 08:03 5509731                    /usr/lib/x86_64-linux-gnu/libstdc++.so.6.0.20
7f8c45ecc000-7f8c45ece000 rw-p 000f4000 08:03 5509731                    /usr/lib/x86_64-linux-gnu/libstdc++.so.6.0.20
7f8c45ece000-7f8c45ee3000 rw-p 00000000 00:00 0 
7f8c45ee3000-7f8c46a39000 r-xp 00000000 08:03 6161200                    /usr/lib/jvm/java-7-openjdk-amd64/jre/lib/amd64/server/libjvm.so
7f8c46a39000-7f8c46c38000 ---p 00b56000 08:03 6161200                    /usr/lib/jvm/java-7-openjdk-amd64/jre/lib/amd64/server/libjvm.so
7f8c46c38000-7f8c46cd7000 r--p 00d55000 08:03 6161200                    /usr/lib/jvm/java-7-openjdk-amd64/jre/lib/amd64/server/libjvm.so
7f8c46cd7000-7f8c46cfa000 rw-p 00df4000 08:03 6161200                    /usr/lib/jvm/java-7-openjdk-amd64/jre/lib/amd64/server/libjvm.so
7f8c46cfa000-7f8c46d27000 rw-p 00000000 00:00 0 
7f8c46d27000-7f8c46d41000 r-xp 00000000 08:03 262244                     /lib/x86_64-linux-gnu/libz.so.1.2.8
7f8c46d41000-7f8c46f40000 ---p 0001a000 08:03 262244                     /lib/x86_64-linux-gnu/libz.so.1.2.8
7f8c46f40000-7f8c46f41000 r--p 00019000 08:03 262244                     /lib/x86_64-linux-gnu/libz.so.1.2.8
7f8c46f41000-7f8c46f42000 rw-p 0001a000 08:03 262244                     /lib/x86_64-linux-gnu/libz.so.1.2.8
7f8c46f42000-7f8c470e4000 r-xp 00000000 08:03 263021                     /lib/x86_64-linux-gnu/libc-2.19.so
7f8c470e4000-7f8c472e3000 ---p 001a2000 08:03 263021                     /lib/x86_64-linux-gnu/libc-2.19.so
7f8c472e3000-7f8c472e7000 r--p 001a1000 08:03 263021                     /lib/x86_64-linux-gnu/libc-2.19.so
7f8c472e7000-7f8c472e9000 rw-p 001a5000 08:03 263021                     /lib/x86_64-linux-gnu/libc-2.19.so
7f8c472e9000-7f8c472ed000 rw-p 00000000 00:00 0 
7f8c472ed000-7f8c472f0000 r-xp 00000000 08:03 263031                     /lib/x86_64-linux-gnu/libdl-2.19.so
7f8c472f0000-7f8c474ef000 ---p 00003000 08:03 263031                     /lib/x86_64-linux-gnu/libdl-2.19.so
7f8c474ef000-7f8c474f0000 r--p 00002000 08:03 263031                     /lib/x86_64-linux-gnu/libdl-2.19.so
7f8c474f0000-7f8c474f1000 rw-p 00003000 08:03 263031                     /lib/x86_64-linux-gnu/libdl-2.19.so
7f8c474f1000-7f8c474fe000 r-xp 00000000 08:03 6161191                    /usr/lib/jvm/java-7-openjdk-amd64/jre/lib/amd64/jli/libjli.so
7f8c474fe000-7f8c476fd000 ---p 0000d000 08:03 6161191                    /usr/lib/jvm/java-7-openjdk-amd64/jre/lib/amd64/jli/libjli.so
7f8c476fd000-7f8c476fe000 r--p 0000c000 08:03 6161191                    /usr/lib/jvm/java-7-openjdk-amd64/jre/lib/amd64/jli/libjli.so
7f8c476fe000-7f8c476ff000 rw-p 0000d000 08:03 6161191                    /usr/lib/jvm/java-7-openjdk-amd64/jre/lib/amd64/jli/libjli.so
7f8c476ff000-7f8c47717000 r-xp 00000000 08:03 262711                     /lib/x86_64-linux-gnu/libpthread-2.19.so
7f8c47717000-7f8c47916000 ---p 00018000 08:03 262711                     /lib/x86_64-linux-gnu/libpthread-2.19.so
7f8c47916000-7f8c47917000 r--p 00017000 08:03 262711                     /lib/x86_64-linux-gnu/libpthread-2.19.so
7f8c47917000-7f8c47918000 rw-p 00018000 08:03 262711                     /lib/x86_64-linux-gnu/libpthread-2.19.so
7f8c47918000-7f8c4791c000 rw-p 00000000 00:00 0 
7f8c4791c000-7f8c4793c000 r-xp 00000000 08:03 263013                     /lib/x86_64-linux-gnu/ld-2.19.so
7f8c4793c000-7f8c4793d000 r--s 00000000 08:03 42508                      /home/zerr/.m2/repository/L3sInterfaces/L3sInterfaces/0.0.1-SNAPSHOT/L3sInterfaces-0.0.1-SNAPSHOT.jar
7f8c4793d000-7f8c4793e000 r--s 00007000 08:03 42496                      /home/zerr/.m2/repository/sz/evaluation/curves/curves/0.0.1-SNAPSHOT/curves-0.0.1-SNAPSHOT.jar
7f8c4793e000-7f8c47941000 r--s 00014000 08:03 8537430                    /home/zerr/.m2/repository/com/github/virtuald/curvesapi/1.03/curvesapi-1.03.jar
7f8c47941000-7f8c4794b000 r--s 000e7000 08:03 8522532                    /home/zerr/.m2/repository/mysql/mysql-connector-java/5.1.38/mysql-connector-java-5.1.38.jar
7f8c4794b000-7f8c47955000 rw-p 00000000 00:00 0 
7f8c47955000-7f8c47a0b000 rw-p 00000000 00:00 0 
7f8c47a0b000-7f8c47a0e000 ---p 00000000 00:00 0 
7f8c47a0e000-7f8c47b11000 rw-p 00000000 00:00 0                          [stack:30034]
7f8c47b11000-7f8c47b13000 r--s 00005000 08:03 8418003                    /home/zerr/.m2/repository/stax/stax-api/1.0.1/stax-api-1.0.1.jar
7f8c47b13000-7f8c47b15000 r--s 00008000 08:03 8455698                    /home/zerr/.m2/repository/org/apache/commons/commons-csv/1.2/commons-csv-1.2.jar
7f8c47b15000-7f8c47b17000 r--s 00006000 08:03 5902011                    /usr/share/java/java-atk-wrapper.jar
7f8c47b17000-7f8c47b19000 r--s 00012000 08:03 6161183                    /usr/lib/jvm/java-7-openjdk-amd64/jre/lib/ext/zipfs.jar
7f8c47b19000-7f8c47b1a000 r--s 00002000 08:03 6161185                    /usr/lib/jvm/java-7-openjdk-amd64/jre/lib/ext/dnsns.jar
7f8c47b1a000-7f8c47b1d000 r--s 0000f000 08:03 6161186                    /usr/lib/jvm/java-7-openjdk-amd64/jre/lib/ext/icedtea-sound.jar
7f8c47b1d000-7f8c47b21000 r--s 00034000 08:03 6161188                    /usr/lib/jvm/java-7-openjdk-amd64/jre/lib/ext/sunjce_provider.jar
7f8c47b21000-7f8c47b25000 r--s 00085000 08:03 6161184                    /usr/lib/jvm/java-7-openjdk-amd64/jre/lib/ext/localedata.jar
7f8c47b25000-7f8c47b29000 r--s 0003c000 08:03 6161187                    /usr/lib/jvm/java-7-openjdk-amd64/jre/lib/ext/sunpkcs11.jar
7f8c47b29000-7f8c47b31000 rw-s 00000000 08:03 6162128                    /tmp/hsperfdata_zerr/30031
7f8c47b31000-7f8c47b38000 r--s 00000000 08:03 5561310                    /usr/lib/x86_64-linux-gnu/gconv/gconv-modules.cache
7f8c47b38000-7f8c47b39000 rw-p 00000000 00:00 0 
7f8c47b39000-7f8c47b3a000 ---p 00000000 00:00 0 
7f8c47b3a000-7f8c47b3c000 rw-p 00000000 00:00 0 
7f8c47b3c000-7f8c47b3d000 r--p 00020000 08:03 263013                     /lib/x86_64-linux-gnu/ld-2.19.so
7f8c47b3d000-7f8c47b3e000 rw-p 00021000 08:03 263013                     /lib/x86_64-linux-gnu/ld-2.19.so
7f8c47b3e000-7f8c47b3f000 rw-p 00000000 00:00 0 
7ffe4bb8f000-7ffe4bbb3000 rw-p 00000000 00:00 0                          [stack]
7ffe4bbfb000-7ffe4bbfd000 r-xp 00000000 00:00 0                          [vdso]
7ffe4bbfd000-7ffe4bbff000 r--p 00000000 00:00 0                          [vvar]
ffffffffff600000-ffffffffff601000 r-xp 00000000 00:00 0                  [vsyscall]

VM Arguments:
jvm_args: -agentlib:jdwp=transport=dt_socket,suspend=y,address=localhost:34051 -Dfile.encoding=ANSI_X3.4-1968 
java_command: arff.ARFFWriter
Launcher Type: SUN_STANDARD

Environment Variables:
PATH=/usr/local/bin:/usr/bin:/bin:/usr/local/games:/usr/games
SHELL=/bin/bash
DISPLAY=:0

Signal Handlers:
SIGSEGV: [libjvm.so+0x988580], sa_mask[0]=0x7ffbfeff, sa_flags=0x10000004
SIGBUS: [libjvm.so+0x988580], sa_mask[0]=0x7ffbfeff, sa_flags=0x10000004
SIGFPE: [libjvm.so+0x7f5280], sa_mask[0]=0x7ffbfeff, sa_flags=0x10000004
SIGPIPE: [libjvm.so+0x7f5280], sa_mask[0]=0x7ffbfeff, sa_flags=0x10000004
SIGXFSZ: [libjvm.so+0x7f5280], sa_mask[0]=0x7ffbfeff, sa_flags=0x10000004
SIGILL: [libjvm.so+0x7f5280], sa_mask[0]=0x7ffbfeff, sa_flags=0x10000004
SIGUSR1: SIG_DFL, sa_mask[0]=0x00000000, sa_flags=0x00000000
SIGUSR2: [libjvm.so+0x7f5100], sa_mask[0]=0x00000004, sa_flags=0x10000004
SIGHUP: [libjvm.so+0x7f5300], sa_mask[0]=0x7ffbfeff, sa_flags=0x10000004
SIGINT: [libjvm.so+0x7f5300], sa_mask[0]=0x7ffbfeff, sa_flags=0x10000004
SIGTERM: [libjvm.so+0x7f5300], sa_mask[0]=0x7ffbfeff, sa_flags=0x10000004
SIGQUIT: [libjvm.so+0x7f5300], sa_mask[0]=0x7ffbfeff, sa_flags=0x10000004
SIGTRAP: SIG_DFL, sa_mask[0]=0x00000000, sa_flags=0x00000000


---------------  S Y S T E M  ---------------

OS:8.3

uname:Linux 3.16.0-4-amd64 #1 SMP Debian 3.16.7-ckt20-1+deb8u2 (2016-01-02) x86_64
libc:glibc 2.19 NPTL 2.19 
rlimit: STACK 8192k, CORE 0k, NPROC 63820, NOFILE 65536, AS infinity
load average:11.03 10.56 10.47

/proc/meminfo:
MemTotal:       16355816 kB
MemFree:          170548 kB
MemAvailable:     187640 kB
Buffers:            4396 kB
Cached:           505684 kB
SwapCached:            0 kB
Active:         15312504 kB
Inactive:         453220 kB
Active(anon):   15260548 kB
Inactive(anon):   402860 kB
Active(file):      51956 kB
Inactive(file):    50360 kB
Unevictable:          40 kB
Mlocked:              40 kB
SwapTotal:             0 kB
SwapFree:              0 kB
Dirty:               120 kB
Writeback:             0 kB
AnonPages:      15255944 kB
Mapped:           472928 kB
Shmem:            407556 kB
Slab:             165944 kB
SReclaimable:     100804 kB
SUnreclaim:        65140 kB
KernelStack:       19904 kB
PageTables:       143352 kB
NFS_Unstable:          0 kB
Bounce:                0 kB
WritebackTmp:          0 kB
CommitLimit:     8177908 kB
Committed_AS:   27088512 kB
VmallocTotal:   34359738367 kB
VmallocUsed:      378776 kB
VmallocChunk:   34359303120 kB
HardwareCorrupted:     0 kB
AnonHugePages:         0 kB
HugePages_Total:       0
HugePages_Free:        0
HugePages_Rsvd:        0
HugePages_Surp:        0
Hugepagesize:       2048 kB
DirectMap4k:      195480 kB
DirectMap2M:    14370816 kB
DirectMap1G:     2097152 kB


CPU:total 4 (2 cores per cpu, 2 threads per core) family 6 model 61 stepping 4, cmov, cx8, fxsr, mmx, sse, sse2, sse3, ssse3, sse4.1, sse4.2, popcnt, avx, avx2, aes, erms, ht, tsc, tscinvbit

/proc/cpuinfo:
processor	: 0
vendor_id	: GenuineIntel
cpu family	: 6
model		: 61
model name	: Intel(R) Core(TM) i5-5300U CPU @ 2.30GHz
stepping	: 4
microcode	: 0x22
cpu MHz		: 2599.988
cache size	: 3072 KB
physical id	: 0
siblings	: 4
core id		: 0
cpu cores	: 2
apicid		: 0
initial apicid	: 0
fpu		: yes
fpu_exception	: yes
cpuid level	: 20
wp		: yes
flags		: fpu vme de pse tsc msr pae mce cx8 apic sep mtrr pge mca cmov pat pse36 clflush dts acpi mmx fxsr sse sse2 ss ht tm pbe syscall nx pdpe1gb rdtscp lm constant_tsc arch_perfmon pebs bts rep_good nopl xtopology nonstop_tsc aperfmperf eagerfpu pni pclmulqdq dtes64 monitor ds_cpl vmx smx est tm2 ssse3 fma cx16 xtpr pdcm pcid sse4_1 sse4_2 x2apic movbe popcnt tsc_deadline_timer aes xsave avx f16c rdrand lahf_lm abm 3dnowprefetch ida arat epb xsaveopt pln pts dtherm tpr_shadow vnmi flexpriority ept vpid fsgsbase tsc_adjust bmi1 hle avx2 smep bmi2 erms invpcid rtm rdseed adx smap
bogomips	: 4589.14
clflush size	: 64
cache_alignment	: 64
address sizes	: 39 bits physical, 48 bits virtual
power management:

processor	: 1
vendor_id	: GenuineIntel
cpu family	: 6
model		: 61
model name	: Intel(R) Core(TM) i5-5300U CPU @ 2.30GHz
stepping	: 4
microcode	: 0x22
cpu MHz		: 2599.988
cache size	: 3072 KB
physical id	: 0
siblings	: 4
core id		: 1
cpu cores	: 2
apicid		: 2
initial apicid	: 2
fpu		: yes
fpu_exception	: yes
cpuid level	: 20
wp		: yes
flags		: fpu vme de pse tsc msr pae mce cx8 apic sep mtrr pge mca cmov pat pse36 clflush dts acpi mmx fxsr sse sse2 ss ht tm pbe syscall nx pdpe1gb rdtscp lm constant_tsc arch_perfmon pebs bts rep_good nopl xtopology nonstop_tsc aperfmperf eagerfpu pni pclmulqdq dtes64 monitor ds_cpl vmx smx est tm2 ssse3 fma cx16 xtpr pdcm pcid sse4_1 sse4_2 x2apic movbe popcnt tsc_deadline_timer aes xsave avx f16c rdrand lahf_lm abm 3dnowprefetch ida arat epb xsaveopt pln pts dtherm tpr_shadow vnmi flexpriority ept vpid fsgsbase tsc_adjust bmi1 hle avx2 smep bmi2 erms invpcid rtm rdseed adx smap
bogomips	: 4589.14
clflush size	: 64
cache_alignment	: 64
address sizes	: 39 bits physical, 48 bits virtual
power management:

processor	: 2
vendor_id	: GenuineIntel
cpu family	: 6
model		: 61
model name	: Intel(R) Core(TM) i5-5300U CPU @ 2.30GHz
stepping	: 4
microcode	: 0x22
cpu MHz		: 2599.988
cache size	: 3072 KB
physical id	: 0
siblings	: 4
core id		: 0
cpu cores	: 2
apicid		: 1
initial apicid	: 1
fpu		: yes
fpu_exception	: yes
cpuid level	: 20
wp		: yes
flags		: fpu vme de pse tsc msr pae mce cx8 apic sep mtrr pge mca cmov pat pse36 clflush dts acpi mmx fxsr sse sse2 ss ht tm pbe syscall nx pdpe1gb rdtscp lm constant_tsc arch_perfmon pebs bts rep_good nopl xtopology nonstop_tsc aperfmperf eagerfpu pni pclmulqdq dtes64 monitor ds_cpl vmx smx est tm2 ssse3 fma cx16 xtpr pdcm pcid sse4_1 sse4_2 x2apic movbe popcnt tsc_deadline_timer aes xsave avx f16c rdrand lahf_lm abm 3dnowprefetch ida arat epb xsaveopt pln pts dtherm tpr_shadow vnmi flexpriority ept vpid fsgsbase tsc_adjust bmi1 hle avx2 smep bmi2 erms invpcid rtm rdseed adx smap
bogomips	: 4589.14
clflush size	: 64
cache_alignment	: 64
address sizes	: 39 bits physical, 48 bits virtual
power management:

processor	: 3
vendor_id	: GenuineIntel
cpu family	: 6
model		: 61
model name	: Intel(R) Core(TM) i5-5300U CPU @ 2.30GHz
stepping	: 4
microcode	: 0x22
cpu MHz		: 2599.988
cache size	: 3072 KB
physical id	: 0
siblings	: 4
core id		: 1
cpu cores	: 2
apicid		: 3
initial apicid	: 3
fpu		: yes
fpu_exception	: yes
cpuid level	: 20
wp		: yes
flags		: fpu vme de pse tsc msr pae mce cx8 apic sep mtrr pge mca cmov pat pse36 clflush dts acpi mmx fxsr sse sse2 ss ht tm pbe syscall nx pdpe1gb rdtscp lm constant_tsc arch_perfmon pebs bts rep_good nopl xtopology nonstop_tsc aperfmperf eagerfpu pni pclmulqdq dtes64 monitor ds_cpl vmx smx est tm2 ssse3 fma cx16 xtpr pdcm pcid sse4_1 sse4_2 x2apic movbe popcnt tsc_deadline_timer aes xsave avx f16c rdrand lahf_lm abm 3dnowprefetch ida arat epb xsaveopt pln pts dtherm tpr_shadow vnmi flexpriority ept vpid fsgsbase tsc_adjust bmi1 hle avx2 smep bmi2 erms invpcid rtm rdseed adx smap
bogomips	: 4589.14
clflush size	: 64
cache_alignment	: 64
address sizes	: 39 bits physical, 48 bits virtual
power management:



Memory: 4k page, physical 16355816k(170548k free), swap 0k(0k free)

vm_info: OpenJDK 64-Bit Server VM (24.91-b01) for linux-amd64 JRE (1.7.0_91-b02), built on Nov 19 2015 18:13:42 by "jmm" with gcc 4.9.2

time: Tue Jun 21 20:10:33 2016
elapsed time: 76 seconds

