#
# There is insufficient memory for the Java Runtime Environment to continue.
# Native memory allocation (malloc) failed to allocate 508035072 bytes for committing reserved memory.
# Possible reasons:
#   The system is out of physical RAM or swap space
#   In 32 bit mode, the process size limit was hit
# Possible solutions:
#   Reduce memory load on the system
#   Increase physical memory or swap space
#   Check if swap backing store is full
#   Use 64 bit Java on a 64 bit OS
#   Decrease Java heap size (-Xmx/-Xms)
#   Decrease number of Java threads
#   Decrease Java thread stack sizes (-Xss)
#   Set larger code cache with -XX:ReservedCodeCacheSize=
# This output file may be truncated or incomplete.
#
#  Out of Memory Error (os_linux.cpp:2827), pid=25608, tid=140019736848128
#
# JRE version: OpenJDK Runtime Environment (7.0_91-b02) (build 1.7.0_91-b02)
# Java VM: OpenJDK 64-Bit Server VM (24.91-b01 mixed mode linux-amd64 compressed oops)
# Derivative: IcedTea 2.6.3
# Distribution: Debian GNU/Linux 8.2 (jessie), package 7u91-2.6.3-1~deb8u1
# Failed to write core dump. Core dumps have been disabled. To enable core dumping, try "ulimit -c unlimited" before starting Java again
#

---------------  T H R E A D  ---------------

Current thread (0x00007f58ec088800):  VMThread [stack: 0x00007f58e29d2000,0x00007f58e2ad3000] [id=25620]

Stack: [0x00007f58e29d2000,0x00007f58e2ad3000],  sp=0x00007f58e2ad14c0,  free space=1021k
Native frames: (J=compiled Java code, j=interpreted, Vv=VM code, C=native code)
V  [libjvm.so+0x987a96]  VMError::report_and_die()+0x186
V  [libjvm.so+0x492972]  report_vm_out_of_memory(char const*, int, unsigned long, char const*)+0x92
V  [libjvm.so+0x7f9d3b]  os::pd_commit_memory(char*, unsigned long, unsigned long, bool)+0xeb
V  [libjvm.so+0x7f441e]  os::commit_memory(char*, unsigned long, unsigned long, bool)+0x2e
V  [libjvm.so+0x86805b]  PSVirtualSpace::expand_by(unsigned long)+0x5b
V  [libjvm.so+0x85688a]  PSOldGen::expand_by(unsigned long) [clone .part.28]+0x2a
V  [libjvm.so+0x856a40]  PSOldGen::expand(unsigned long) [clone .part.29]+0xc0
V  [libjvm.so+0x8579d8]  PSOldGen::resize(unsigned long)+0x198
V  [libjvm.so+0x85ebc4]  PSParallelCompact::invoke_no_policy(bool) [clone .part.121]+0x994
V  [libjvm.so+0x865975]  PSScavenge::invoke()+0x1a5
V  [libjvm.so+0x81d063]  ParallelScavengeHeap::failed_mem_allocate(unsigned long)+0x63
V  [libjvm.so+0x989362]  VM_ParallelGCFailedAllocation::doit()+0x92
V  [libjvm.so+0x98d7e7]  VM_Operation::evaluate()+0x47
V  [libjvm.so+0x98bf5b]  VMThread::evaluate_operation(VM_Operation*)+0xab
V  [libjvm.so+0x98c606]  VMThread::loop()+0x1e6
V  [libjvm.so+0x98cad1]  VMThread::run()+0x81
V  [libjvm.so+0x7f6c62]  java_start(Thread*)+0xf2

VM_Operation (0x00007f58f42556e0): ParallelGCFailedAllocation, mode: safepoint, requested by thread 0x00007f58ec01d000


---------------  P R O C E S S  ---------------

Java Threads: ( => current thread )
  0x00007f58ec804000 JavaThread "Abandoned connection cleanup thread" daemon [_thread_blocked, id=25635, stack(0x00007f58e1753000,0x00007f58e1854000)]
  0x00007f58ec0d4800 JavaThread "Service Thread" daemon [_thread_blocked, id=25633, stack(0x00007f58e1ec4000,0x00007f58e1fc5000)]
  0x00007f58ec0d2000 JavaThread "C2 CompilerThread1" daemon [_thread_blocked, id=25632, stack(0x00007f58e1fc5000,0x00007f58e20c6000)]
  0x00007f58ec0cf000 JavaThread "C2 CompilerThread0" daemon [_thread_blocked, id=25631, stack(0x00007f58e20c6000,0x00007f58e21c7000)]
  0x00007f58ac001000 JavaThread "JDWP Command Reader" daemon [_thread_in_native, id=25627, stack(0x00007f58e21c7000,0x00007f58e22c8000)]
  0x00007f58ec0cc800 JavaThread "JDWP Event Helper Thread" daemon [_thread_blocked, id=25626, stack(0x00007f58e22c8000,0x00007f58e23c9000)]
  0x00007f58ec0c9000 JavaThread "JDWP Transport Listener: dt_socket" daemon [_thread_blocked, id=25625, stack(0x00007f58e23c9000,0x00007f58e24ca000)]
  0x00007f58ec0b9000 JavaThread "Signal Dispatcher" daemon [_thread_blocked, id=25623, stack(0x00007f58e26cf000,0x00007f58e27d0000)]
  0x00007f58ec08e800 JavaThread "Finalizer" daemon [_thread_blocked, id=25622, stack(0x00007f58e27d0000,0x00007f58e28d1000)]
  0x00007f58ec08c800 JavaThread "Reference Handler" daemon [_thread_blocked, id=25621, stack(0x00007f58e28d1000,0x00007f58e29d2000)]
  0x00007f58ec01d000 JavaThread "main" [_thread_blocked, id=25609, stack(0x00007f58f4156000,0x00007f58f4257000)]

Other Threads:
=>0x00007f58ec088800 VMThread [stack: 0x00007f58e29d2000,0x00007f58e2ad3000] [id=25620]
  0x00007f58ec0df000 WatcherThread [stack: 0x00007f58e1dc3000,0x00007f58e1ec4000] [id=25634]

VM state:at safepoint (normal execution)

VM Mutex/Monitor currently owned by a thread:  ([mutex/lock_event])
[0x00007f58ec018cc0] ExpandHeap_lock - owner thread: 0x00007f58ec088800
[0x00007f58ec019340] Threads_lock - owner thread: 0x00007f58ec088800
[0x00007f58ec019840] Heap_lock - owner thread: 0x00007f58ec01d000

Heap
 PSYoungGen      total 966656K, used 79942K [0x00000007acc80000, 0x0000000800000000, 0x0000000800000000)
  eden space 741888K, 0% used [0x00000007acc80000,0x00000007acc80000,0x00000007da100000)
  from space 224768K, 35% used [0x00000007f2480000,0x00000007f7291860,0x0000000800000000)
  to   space 310784K, 0% used [0x00000007da100000,0x00000007da100000,0x00000007ed080000)
 ParOldGen       total 993792K, used 993368K [0x0000000706600000, 0x0000000743080000, 0x00000007acc80000)
  object space 993792K, 99% used [0x0000000706600000,0x0000000743016038,0x0000000743080000)
 PSPermGen       total 21504K, used 7291K [0x00000006fc000000, 0x00000006fd500000, 0x0000000706600000)
  object space 21504K, 33% used [0x00000006fc000000,0x00000006fc71ee00,0x00000006fd500000)

Card table byte_map: [0x00007f58e87df000,0x00007f58e9000000] byte_map_base: 0x00007f58e4fff000

Polling page: 0x00007f58f4284000

Code Cache  [0x00007f58e9000000, 0x00007f58e9270000, 0x00007f58ec000000)
 total_blobs=550 nmethods=275 adapters=236 free_code_cache=48010Kb largest_free_block=49043776

Compilation events (10 events):
Event: 84.701 Thread 0x00007f58ec0d2000  301             java.util.ArrayList::access$100 (5 bytes)
Event: 84.702 Thread 0x00007f58ec0d2000 nmethod 301 0x00007f58e90b7910 code [0x00007f58e90b7a40, 0x00007f58e90b7ab8]
Event: 95.176 Thread 0x00007f58ec0d2000  302             java.lang.String::toUpperCase (439 bytes)
Event: 95.263 Thread 0x00007f58ec0d2000 nmethod 302 0x00007f58e90ae150 code [0x00007f58e90ae320, 0x00007f58e90af188]
Event: 102.012 Thread 0x00007f58ec0cf000  303             arff.ARFFWriter::tostringlist (81 bytes)
Event: 102.021 Thread 0x00007f58ec0cf000 nmethod 303 0x00007f58e90f7e90 code [0x00007f58e90f80a0, 0x00007f58e90f8770]
Event: 102.021 Thread 0x00007f58ec0d2000  304             java.lang.StringBuilder::length (5 bytes)
Event: 102.022 Thread 0x00007f58ec0d2000 nmethod 304 0x00007f58e90ba450 code [0x00007f58e90ba580, 0x00007f58e90ba5d8]
Event: 102.022 Thread 0x00007f58ec0d2000  305             java.lang.AbstractStringBuilder::length (5 bytes)
Event: 102.022 Thread 0x00007f58ec0d2000 nmethod 305 0x00007f58e90e9590 code [0x00007f58e90e96c0, 0x00007f58e90e9718]

GC Heap History (10 events):
Event: 68.549 GC heap after
Heap after GC invocations=14 (full 2):
 PSYoungGen      total 1093632K, used 128095K [0x00000007acc80000, 0x0000000800000000, 0x0000000800000000)
  eden space 903168K, 0% used [0x00000007acc80000,0x00000007acc80000,0x00000007e3e80000)
  from space 190464K, 67% used [0x00000007e3e80000,0x00000007ebb97e88,0x00000007ef880000)
  to   space 197632K, 0% used [0x00000007f3f00000,0x00000007f3f00000,0x0000000800000000)
 ParOldGen       total 647680K, used 584794K [0x0000000706600000, 0x000000072de80000, 0x00000007acc80000)
  object space 647680K, 90% used [0x0000000706600000,0x000000072a116990,0x000000072de80000)
 PSPermGen       total 21504K, used 7291K [0x00000006fc000000, 0x00000006fd500000, 0x0000000706600000)
  object space 21504K, 33% used [0x00000006fc000000,0x00000006fc71ecc8,0x00000006fd500000)
}
Event: 68.549 GC heap before
{Heap before GC invocations=15 (full 3):
 PSYoungGen      total 1093632K, used 128095K [0x00000007acc80000, 0x0000000800000000, 0x0000000800000000)
  eden space 903168K, 0% used [0x00000007acc80000,0x00000007acc80000,0x00000007e3e80000)
  from space 190464K, 67% used [0x00000007e3e80000,0x00000007ebb97e88,0x00000007ef880000)
  to   space 197632K, 0% used [0x00000007f3f00000,0x00000007f3f00000,0x0000000800000000)
 ParOldGen       total 647680K, used 584794K [0x0000000706600000, 0x000000072de80000, 0x00000007acc80000)
  object space 647680K, 90% used [0x0000000706600000,0x000000072a116990,0x000000072de80000)
 PSPermGen       total 21504K, used 7291K [0x00000006fc000000, 0x00000006fd500000, 0x0000000706600000)
  object space 21504K, 33% used [0x00000006fc000000,0x00000006fc71ecc8,0x00000006fd500000)
Event: 78.464 GC heap after
Heap after GC invocations=15 (full 3):
 PSYoungGen      total 1093632K, used 63591K [0x00000007acc80000, 0x0000000800000000, 0x0000000800000000)
  eden space 903168K, 0% used [0x00000007acc80000,0x00000007acc80000,0x00000007e3e80000)
  from space 190464K, 33% used [0x00000007e3e80000,0x00000007e7c99cf8,0x00000007ef880000)
  to   space 197632K, 0% used [0x00000007f3f00000,0x00000007f3f00000,0x0000000800000000)
 ParOldGen       total 993792K, used 647499K [0x0000000706600000, 0x0000000743080000, 0x00000007acc80000)
  object space 993792K, 65% used [0x0000000706600000,0x000000072de52ed8,0x0000000743080000)
 PSPermGen       total 21504K, used 7291K [0x00000006fc000000, 0x00000006fd500000, 0x0000000706600000)
  object space 21504K, 33% used [0x00000006fc000000,0x00000006fc71ecc8,0x00000006fd500000)
}
Event: 86.461 GC heap before
{Heap before GC invocations=16 (full 3):
 PSYoungGen      total 1093632K, used 966759K [0x00000007acc80000, 0x0000000800000000, 0x0000000800000000)
  eden space 903168K, 100% used [0x00000007acc80000,0x00000007e3e80000,0x00000007e3e80000)
  from space 190464K, 33% used [0x00000007e3e80000,0x00000007e7c99cf8,0x00000007ef880000)
  to   space 197632K, 0% used [0x00000007f3f00000,0x00000007f3f00000,0x0000000800000000)
 ParOldGen       total 993792K, used 647499K [0x0000000706600000, 0x0000000743080000, 0x00000007acc80000)
  object space 993792K, 65% used [0x0000000706600000,0x000000072de52ed8,0x0000000743080000)
 PSPermGen       total 21504K, used 7291K [0x00000006fc000000, 0x00000006fd500000, 0x0000000706600000)
  object space 21504K, 33% used [0x00000006fc000000,0x00000006fc71ecc8,0x00000006fd500000)
Event: 87.327 GC heap after
Heap after GC invocations=16 (full 3):
 PSYoungGen      total 1111552K, used 186496K [0x00000007acc80000, 0x0000000800000000, 0x0000000800000000)
  eden space 913920K, 0% used [0x00000007acc80000,0x00000007acc80000,0x00000007e4900000)
  from space 197632K, 94% used [0x00000007f3f00000,0x00000007ff520180,0x0000000800000000)
  to   space 224768K, 0% used [0x00000007e4900000,0x00000007e4900000,0x00000007f2480000)
 ParOldGen       total 993792K, used 647499K [0x0000000706600000, 0x0000000743080000, 0x00000007acc80000)
  object space 993792K, 65% used [0x0000000706600000,0x000000072de52ed8,0x0000000743080000)
 PSPermGen       total 21504K, used 7291K [0x00000006fc000000, 0x00000006fd500000, 0x0000000706600000)
  object space 21504K, 33% used [0x00000006fc000000,0x00000006fc71ecc8,0x00000006fd500000)
}
Event: 96.464 GC heap before
{Heap before GC invocations=17 (full 3):
 PSYoungGen      total 1111552K, used 1100416K [0x00000007acc80000, 0x0000000800000000, 0x0000000800000000)
  eden space 913920K, 100% used [0x00000007acc80000,0x00000007e4900000,0x00000007e4900000)
  from space 197632K, 94% used [0x00000007f3f00000,0x00000007ff520180,0x0000000800000000)
  to   space 224768K, 0% used [0x00000007e4900000,0x00000007e4900000,0x00000007f2480000)
 ParOldGen       total 993792K, used 647499K [0x0000000706600000, 0x0000000743080000, 0x00000007acc80000)
  object space 993792K, 65% used [0x0000000706600000,0x000000072de52ed8,0x0000000743080000)
 PSPermGen       total 21504K, used 7291K [0x00000006fc000000, 0x00000006fd500000, 0x0000000706600000)
  object space 21504K, 33% used [0x00000006fc000000,0x00000006fc71ee20,0x00000006fd500000)
Event: 97.331 GC heap after
Heap after GC invocations=17 (full 3):
 PSYoungGen      total 1138688K, used 224752K [0x00000007acc80000, 0x0000000800000000, 0x0000000800000000)
  eden space 913920K, 0% used [0x00000007acc80000,0x00000007acc80000,0x00000007e4900000)
  from space 224768K, 99% used [0x00000007e4900000,0x00000007f247c128,0x00000007f2480000)
  to   space 224768K, 0% used [0x00000007f2480000,0x00000007f2480000,0x0000000800000000)
 ParOldGen       total 993792K, used 731685K [0x0000000706600000, 0x0000000743080000, 0x00000007acc80000)
  object space 993792K, 73% used [0x0000000706600000,0x0000000733089638,0x0000000743080000)
 PSPermGen       total 21504K, used 7291K [0x00000006fc000000, 0x00000006fd500000, 0x0000000706600000)
  object space 21504K, 33% used [0x00000006fc000000,0x00000006fc71ee20,0x00000006fd500000)
}
Event: 105.594 GC heap before
{Heap before GC invocations=18 (full 3):
 PSYoungGen      total 1138688K, used 1138672K [0x00000007acc80000, 0x0000000800000000, 0x0000000800000000)
  eden space 913920K, 100% used [0x00000007acc80000,0x00000007e4900000,0x00000007e4900000)
  from space 224768K, 99% used [0x00000007e4900000,0x00000007f247c128,0x00000007f2480000)
  to   space 224768K, 0% used [0x00000007f2480000,0x00000007f2480000,0x0000000800000000)
 ParOldGen       total 993792K, used 731685K [0x0000000706600000, 0x0000000743080000, 0x00000007acc80000)
  object space 993792K, 73% used [0x0000000706600000,0x0000000733089638,0x0000000743080000)
 PSPermGen       total 21504K, used 7291K [0x00000006fc000000, 0x00000006fd500000, 0x0000000706600000)
  object space 21504K, 33% used [0x00000006fc000000,0x00000006fc71ee20,0x00000006fd500000)
Event: 106.680 GC heap after
Heap after GC invocations=18 (full 3):
 PSYoungGen      total 966656K, used 216033K [0x00000007acc80000, 0x0000000800000000, 0x0000000800000000)
  eden space 741888K, 0% used [0x00000007acc80000,0x00000007acc80000,0x00000007da100000)
  from space 224768K, 96% used [0x00000007f2480000,0x00000007ff7786f0,0x0000000800000000)
  to   space 310784K, 0% used [0x00000007da100000,0x00000007da100000,0x00000007ed080000)
 ParOldGen       total 993792K, used 866819K [0x0000000706600000, 0x0000000743080000, 0x00000007acc80000)
  object space 993792K, 87% used [0x0000000706600000,0x000000073b480d88,0x0000000743080000)
 PSPermGen       total 21504K, used 7291K [0x00000006fc000000, 0x00000006fd500000, 0x0000000706600000)
  object space 21504K, 33% used [0x00000006fc000000,0x00000006fc71ee20,0x00000006fd500000)
}
Event: 106.681 GC heap before
{Heap before GC invocations=19 (full 4):
 PSYoungGen      total 966656K, used 216033K [0x00000007acc80000, 0x0000000800000000, 0x0000000800000000)
  eden space 741888K, 0% used [0x00000007acc80000,0x00000007acc80000,0x00000007da100000)
  from space 224768K, 96% used [0x00000007f2480000,0x00000007ff7786f0,0x0000000800000000)
  to   space 310784K, 0% used [0x00000007da100000,0x00000007da100000,0x00000007ed080000)
 ParOldGen       total 993792K, used 866819K [0x0000000706600000, 0x0000000743080000, 0x00000007acc80000)
  object space 993792K, 87% used [0x0000000706600000,0x000000073b480d88,0x0000000743080000)
 PSPermGen       total 21504K, used 7291K [0x00000006fc000000, 0x00000006fd500000, 0x0000000706600000)
  object space 21504K, 33% used [0x00000006fc000000,0x00000006fc71ee20,0x00000006fd500000)

Deoptimization events (10 events):
Event: 6.160 Thread 0x00007f58ec01d000 Uncommon trap: reason=array_check action=maybe_recompile pc=0x00007f58e90cf06c method=java.util.AbstractCollection.toArray([Ljava/lang/Object;)[Ljava/lang/Object; @ 119
Event: 6.160 Thread 0x00007f58ec01d000 Uncommon trap: reason=array_check action=maybe_recompile pc=0x00007f58e90cf06c method=java.util.AbstractCollection.toArray([Ljava/lang/Object;)[Ljava/lang/Object; @ 119
Event: 6.160 Thread 0x00007f58ec01d000 Uncommon trap: reason=array_check action=maybe_recompile pc=0x00007f58e90cf06c method=java.util.AbstractCollection.toArray([Ljava/lang/Object;)[Ljava/lang/Object; @ 119
Event: 6.160 Thread 0x00007f58ec01d000 Uncommon trap: reason=array_check action=maybe_recompile pc=0x00007f58e90cf06c method=java.util.AbstractCollection.toArray([Ljava/lang/Object;)[Ljava/lang/Object; @ 119
Event: 7.038 Thread 0x00007f58ec01d000 Uncommon trap: reason=unstable_if action=reinterpret pc=0x00007f58e90b9b94 method=com.mysql.jdbc.RowDataStatic.isAfterLast()Z @ 13
Event: 7.038 Thread 0x00007f58ec01d000 Uncommon trap: reason=unstable_if action=reinterpret pc=0x00007f58e90dfbb0 method=java.util.HashMap.removeEntryForKey(Ljava/lang/Object;)Ljava/util/HashMap$Entry; @ 4
Event: 7.064 Thread 0x00007f58ec01d000 Uncommon trap: reason=uninitialized action=reinterpret pc=0x00007f58e90c01b4 method=com.mysql.jdbc.MysqlIO.nextRow([Lcom/mysql/jdbc/Field;IZIZZZLcom/mysql/jdbc/Buffer;)Lcom/mysql/jdbc/ResultSetRow; @ 203
Event: 7.202 Thread 0x00007f58ec01d000 Uncommon trap: reason=unstable_if action=reinterpret pc=0x00007f58e90c4ecc method=java.util.HashMap.put(Ljava/lang/Object;Ljava/lang/Object;)Ljava/lang/Object; @ 7
Event: 7.553 Thread 0x00007f58ec01d000 Uncommon trap: reason=unstable_if action=reinterpret pc=0x00007f58e90e5258 method=java.util.HashMap.removeEntryForKey(Ljava/lang/Object;)Ljava/util/HashMap$Entry; @ 4
Event: 9.265 Thread 0x00007f58ec01d000 Uncommon trap: reason=unstable_if action=reinterpret pc=0x00007f58e9107dac method=arff.ARFFWriter.create()V @ 553

Internal exceptions (10 events):
Event: 3.445 Thread 0x00007f58ec01d000 Threw 0x00000007ad904bb8 at /home/jmm/jdk3/openjdk-7-7u91-2.6.3/build/openjdk/hotspot/src/share/vm/prims/jvm.cpp:1322
Event: 3.498 Thread 0x00007f58ec01d000 Threw 0x00000007ad912fc0 at /home/jmm/jdk3/openjdk-7-7u91-2.6.3/build/openjdk/hotspot/src/share/vm/prims/jvm.cpp:1322
Event: 3.533 Thread 0x00007f58ec01d000 Threw 0x00000007ad9327c0 at /home/jmm/jdk3/openjdk-7-7u91-2.6.3/build/openjdk/hotspot/src/share/vm/prims/jvm.cpp:1322
Event: 3.543 Thread 0x00007f58ec01d000 Threw 0x00000007ad947cf0 at /home/jmm/jdk3/openjdk-7-7u91-2.6.3/build/openjdk/hotspot/src/share/vm/prims/jvm.cpp:1322
Event: 3.544 Thread 0x00007f58ec01d000 Threw 0x00000007ad94c4a0 at /home/jmm/jdk3/openjdk-7-7u91-2.6.3/build/openjdk/hotspot/src/share/vm/prims/jvm.cpp:1322
Event: 3.545 Thread 0x00007f58ec01d000 Threw 0x00000007ad950680 at /home/jmm/jdk3/openjdk-7-7u91-2.6.3/build/openjdk/hotspot/src/share/vm/prims/jvm.cpp:1322
Event: 4.428 Thread 0x00007f58ec01d000 Threw 0x00000007ae6669b8 at /home/jmm/jdk3/openjdk-7-7u91-2.6.3/build/openjdk/hotspot/src/share/vm/prims/jvm.cpp:1322
Event: 4.430 Thread 0x00007f58ec01d000 Threw 0x00000007ae67bf80 at /home/jmm/jdk3/openjdk-7-7u91-2.6.3/build/openjdk/hotspot/src/share/vm/prims/jvm.cpp:1322
Event: 4.431 Thread 0x00007f58ec01d000 Threw 0x00000007ae6971f8 at /home/jmm/jdk3/openjdk-7-7u91-2.6.3/build/openjdk/hotspot/src/share/vm/prims/jvm.cpp:1322
Event: 5.489 Thread 0x00007f58ec01d000 Threw 0x00000007ad65cbd8 at /home/jmm/jdk3/openjdk-7-7u91-2.6.3/build/openjdk/hotspot/src/share/vm/prims/jvm.cpp:1322

Events (10 events):
Event: 67.841 Executing VM operation: ParallelGCFailedAllocation
Event: 78.464 Executing VM operation: ParallelGCFailedAllocation done
Event: 80.635 Thread 0x00007f58ec0d2000 flushing nmethod 0x00007f58e90c16d0
Event: 80.635 Thread 0x00007f58ec0d2000 flushing nmethod 0x00007f58e90c5990
Event: 80.635 Thread 0x00007f58ec0d2000 flushing nmethod 0x00007f58e90ce950
Event: 86.461 Executing VM operation: ParallelGCFailedAllocation
Event: 87.327 Executing VM operation: ParallelGCFailedAllocation done
Event: 96.464 Executing VM operation: ParallelGCFailedAllocation
Event: 97.331 Executing VM operation: ParallelGCFailedAllocation done
Event: 105.594 Executing VM operation: ParallelGCFailedAllocation


Dynamic libraries:
00400000-00401000 r-xp 00000000 08:03 6161263                            /usr/lib/jvm/java-7-openjdk-amd64/jre/bin/java
00600000-00601000 r--p 00000000 08:03 6161263                            /usr/lib/jvm/java-7-openjdk-amd64/jre/bin/java
00601000-00602000 rw-p 00001000 08:03 6161263                            /usr/lib/jvm/java-7-openjdk-amd64/jre/bin/java
00add000-00afe000 rw-p 00000000 00:00 0                                  [heap]
6fc000000-6fd500000 rw-p 00000000 00:00 0 
6fd500000-706600000 rw-p 00000000 00:00 0 
706600000-743080000 rw-p 00000000 00:00 0 
761500000-7acc80000 rw-p 00000000 00:00 0 
7acc80000-800000000 rw-p 00000000 00:00 0 
7f5894000000-7f5894021000 rw-p 00000000 00:00 0 
7f5894021000-7f5898000000 ---p 00000000 00:00 0 
7f5898000000-7f5898021000 rw-p 00000000 00:00 0 
7f5898021000-7f589c000000 ---p 00000000 00:00 0 
7f589c000000-7f589c73f000 rw-p 00000000 00:00 0 
7f589c73f000-7f58a0000000 ---p 00000000 00:00 0 
7f58a0000000-7f58a0021000 rw-p 00000000 00:00 0 
7f58a0021000-7f58a4000000 ---p 00000000 00:00 0 
7f58a4000000-7f58a4021000 rw-p 00000000 00:00 0 
7f58a4021000-7f58a8000000 ---p 00000000 00:00 0 
7f58a8000000-7f58a95ea000 rw-p 00000000 00:00 0 
7f58a95ea000-7f58ac000000 ---p 00000000 00:00 0 
7f58ac000000-7f58ac021000 rw-p 00000000 00:00 0 
7f58ac021000-7f58b0000000 ---p 00000000 00:00 0 
7f58b0000000-7f58b0021000 rw-p 00000000 00:00 0 
7f58b0021000-7f58b4000000 ---p 00000000 00:00 0 
7f58b4000000-7f58b4021000 rw-p 00000000 00:00 0 
7f58b4021000-7f58b8000000 ---p 00000000 00:00 0 
7f58b8000000-7f58b8021000 rw-p 00000000 00:00 0 
7f58b8021000-7f58bc000000 ---p 00000000 00:00 0 
7f58bc000000-7f58bc021000 rw-p 00000000 00:00 0 
7f58bc021000-7f58c0000000 ---p 00000000 00:00 0 
7f58c3e00000-7f58cc000000 rw-p 00000000 00:00 0 
7f58cc000000-7f58cc021000 rw-p 00000000 00:00 0 
7f58cc021000-7f58d0000000 ---p 00000000 00:00 0 
7f58d0000000-7f58d023f000 rw-p 00000000 00:00 0 
7f58d023f000-7f58d4000000 ---p 00000000 00:00 0 
7f58d4000000-7f58d4311000 rw-p 00000000 00:00 0 
7f58d4311000-7f58d8000000 ---p 00000000 00:00 0 
7f58dba91000-7f58dbd92000 rw-p 00000000 00:00 0 
7f58dbd92000-7f58dbdfe000 r-xp 00000000 08:03 262201                     /lib/x86_64-linux-gnu/libpcre.so.3.13.1
7f58dbdfe000-7f58dbffe000 ---p 0006c000 08:03 262201                     /lib/x86_64-linux-gnu/libpcre.so.3.13.1
7f58dbffe000-7f58dbfff000 r--p 0006c000 08:03 262201                     /lib/x86_64-linux-gnu/libpcre.so.3.13.1
7f58dbfff000-7f58dc000000 rw-p 0006d000 08:03 262201                     /lib/x86_64-linux-gnu/libpcre.so.3.13.1
7f58dc000000-7f58dc021000 rw-p 00000000 00:00 0 
7f58dc021000-7f58e0000000 ---p 00000000 00:00 0 
7f58e01d2000-7f58e01d9000 r-xp 00000000 08:03 5509325                    /usr/lib/x86_64-linux-gnu/libffi.so.6.0.2
7f58e01d9000-7f58e03d8000 ---p 00007000 08:03 5509325                    /usr/lib/x86_64-linux-gnu/libffi.so.6.0.2
7f58e03d8000-7f58e03d9000 r--p 00006000 08:03 5509325                    /usr/lib/x86_64-linux-gnu/libffi.so.6.0.2
7f58e03d9000-7f58e03da000 rw-p 00007000 08:03 5509325                    /usr/lib/x86_64-linux-gnu/libffi.so.6.0.2
7f58e03da000-7f58e03ee000 r-xp 00000000 08:03 263059                     /lib/x86_64-linux-gnu/libresolv-2.19.so
7f58e03ee000-7f58e05ed000 ---p 00014000 08:03 263059                     /lib/x86_64-linux-gnu/libresolv-2.19.so
7f58e05ed000-7f58e05ee000 r--p 00013000 08:03 263059                     /lib/x86_64-linux-gnu/libresolv-2.19.so
7f58e05ee000-7f58e05ef000 rw-p 00014000 08:03 263059                     /lib/x86_64-linux-gnu/libresolv-2.19.so
7f58e05ef000-7f58e05f1000 rw-p 00000000 00:00 0 
7f58e05f1000-7f58e0612000 r-xp 00000000 08:03 262243                     /lib/x86_64-linux-gnu/libselinux.so.1
7f58e0612000-7f58e0812000 ---p 00021000 08:03 262243                     /lib/x86_64-linux-gnu/libselinux.so.1
7f58e0812000-7f58e0813000 r--p 00021000 08:03 262243                     /lib/x86_64-linux-gnu/libselinux.so.1
7f58e0813000-7f58e0814000 rw-p 00022000 08:03 262243                     /lib/x86_64-linux-gnu/libselinux.so.1
7f58e0814000-7f58e0816000 rw-p 00000000 00:00 0 
7f58e0816000-7f58e0819000 r-xp 00000000 08:03 5512006                    /usr/lib/x86_64-linux-gnu/libgmodule-2.0.so.0.4200.1
7f58e0819000-7f58e0a18000 ---p 00003000 08:03 5512006                    /usr/lib/x86_64-linux-gnu/libgmodule-2.0.so.0.4200.1
7f58e0a18000-7f58e0a19000 r--p 00002000 08:03 5512006                    /usr/lib/x86_64-linux-gnu/libgmodule-2.0.so.0.4200.1
7f58e0a19000-7f58e0a1a000 rw-p 00003000 08:03 5512006                    /usr/lib/x86_64-linux-gnu/libgmodule-2.0.so.0.4200.1
7f58e0a1a000-7f58e0b26000 r-xp 00000000 08:03 265179                     /lib/x86_64-linux-gnu/libglib-2.0.so.0.4200.1
7f58e0b26000-7f58e0d26000 ---p 0010c000 08:03 265179                     /lib/x86_64-linux-gnu/libglib-2.0.so.0.4200.1
7f58e0d26000-7f58e0d27000 r--p 0010c000 08:03 265179                     /lib/x86_64-linux-gnu/libglib-2.0.so.0.4200.1
7f58e0d27000-7f58e0d28000 rw-p 0010d000 08:03 265179                     /lib/x86_64-linux-gnu/libglib-2.0.so.0.4200.1
7f58e0d28000-7f58e0d29000 rw-p 00000000 00:00 0 
7f58e0d29000-7f58e0d7a000 r-xp 00000000 08:03 5512007                    /usr/lib/x86_64-linux-gnu/libgobject-2.0.so.0.4200.1
7f58e0d7a000-7f58e0f79000 ---p 00051000 08:03 5512007                    /usr/lib/x86_64-linux-gnu/libgobject-2.0.so.0.4200.1
7f58e0f79000-7f58e0f7a000 r--p 00050000 08:03 5512007                    /usr/lib/x86_64-linux-gnu/libgobject-2.0.so.0.4200.1
7f58e0f7a000-7f58e0f7b000 rw-p 00051000 08:03 5512007                    /usr/lib/x86_64-linux-gnu/libgobject-2.0.so.0.4200.1
7f58e0f7b000-7f58e10ec000 r-xp 00000000 08:03 5512009                    /usr/lib/x86_64-linux-gnu/libgio-2.0.so.0.4200.1
7f58e10ec000-7f58e12ec000 ---p 00171000 08:03 5512009                    /usr/lib/x86_64-linux-gnu/libgio-2.0.so.0.4200.1
7f58e12ec000-7f58e12f0000 r--p 00171000 08:03 5512009                    /usr/lib/x86_64-linux-gnu/libgio-2.0.so.0.4200.1
7f58e12f0000-7f58e12f2000 rw-p 00175000 08:03 5512009                    /usr/lib/x86_64-linux-gnu/libgio-2.0.so.0.4200.1
7f58e12f2000-7f58e12f4000 rw-p 00000000 00:00 0 
7f58e1317000-7f58e1318000 rw-p 00000000 00:00 0 
7f58e1318000-7f58e131d000 r--s 0004e000 08:03 6161239                    /usr/lib/jvm/java-7-openjdk-amd64/jre/lib/jsse.jar
7f58e131d000-7f58e1335000 r-xp 00000000 08:03 6161216                    /usr/lib/jvm/java-7-openjdk-amd64/jre/lib/amd64/libnet.so
7f58e1335000-7f58e1534000 ---p 00018000 08:03 6161216                    /usr/lib/jvm/java-7-openjdk-amd64/jre/lib/amd64/libnet.so
7f58e1534000-7f58e1535000 r--p 00017000 08:03 6161216                    /usr/lib/jvm/java-7-openjdk-amd64/jre/lib/amd64/libnet.so
7f58e1535000-7f58e1536000 rw-p 00018000 08:03 6161216                    /usr/lib/jvm/java-7-openjdk-amd64/jre/lib/amd64/libnet.so
7f58e1536000-7f58e1547000 r-xp 00000000 08:03 6161198                    /usr/lib/jvm/java-7-openjdk-amd64/jre/lib/amd64/libnio.so
7f58e1547000-7f58e1746000 ---p 00011000 08:03 6161198                    /usr/lib/jvm/java-7-openjdk-amd64/jre/lib/amd64/libnio.so
7f58e1746000-7f58e1747000 r--p 00010000 08:03 6161198                    /usr/lib/jvm/java-7-openjdk-amd64/jre/lib/amd64/libnio.so
7f58e1747000-7f58e1748000 rw-p 00011000 08:03 6161198                    /usr/lib/jvm/java-7-openjdk-amd64/jre/lib/amd64/libnio.so
7f58e1748000-7f58e1753000 r--s 00203000 08:03 6161180                    /usr/lib/jvm/java-7-openjdk-amd64/jre/lib/charsets.jar
7f58e1753000-7f58e1756000 ---p 00000000 00:00 0 
7f58e1756000-7f58e1854000 rw-p 00000000 00:00 0                          [stack:25635]
7f58e1854000-7f58e1864000 r--s 000a8000 08:03 43102                      /home/zerr/.m2/repository/org/apache/commons/commons-collections4/4.1/commons-collections4-4.1.jar
7f58e1864000-7f58e186c000 r--s 00048000 08:03 8530998                    /home/zerr/.m2/repository/org/openimaj/clustering/1.3.1/clustering-1.3.1.jar
7f58e186c000-7f58e186e000 r--s 0000d000 08:03 8531002                    /home/zerr/.m2/repository/tw/edu/ntu/csie/libsvm/3.1/libsvm-3.1.jar
7f58e186e000-7f58e1870000 r--s 00017000 08:03 8531050                    /home/zerr/.m2/repository/de/bwaldvogel/liblinear-dense/1.92/liblinear-dense-1.92.jar
7f58e1870000-7f58e1877000 r--s 00045000 08:03 8530938                    /home/zerr/.m2/repository/org/openimaj/nearest-neighbour/1.3.1/nearest-neighbour-1.3.1.jar
7f58e1877000-7f58e1879000 r--s 00003000 08:03 8531048                    /home/zerr/.m2/repository/org/bethecoder/ascii-table/1.0/ascii-table-1.0.jar
7f58e1879000-7f58e1887000 r--s 000b0000 08:03 8530988                    /home/zerr/.m2/repository/org/codehaus/jackson/jackson-mapper-asl/1.9.4/jackson-mapper-asl-1.9.4.jar
7f58e1887000-7f58e188b000 r--s 00034000 08:03 8530986                    /home/zerr/.m2/repository/org/codehaus/jackson/jackson-core-asl/1.9.4/jackson-core-asl-1.9.4.jar
7f58e188b000-7f58e189b000 r--s 000c4000 08:03 8530972                    /home/zerr/.m2/repository/org/codehaus/castor/castor/1.2/castor-1.2.jar
7f58e189b000-7f58e18bf000 r--s 00341000 08:03 8530970                    /home/zerr/.m2/repository/eclipse/jdtcore/3.1.0/jdtcore-3.1.0.jar
7f58e18bf000-7f58e18c7000 r--s 00028000 08:03 8531619                    /home/zerr/.m2/repository/xml-apis/xml-apis/1.3.02/xml-apis-1.3.02.jar
7f58e18c7000-7f58e18cb000 r--s 0002b000 08:03 8530968                    /home/zerr/.m2/repository/org/bouncycastle/bcmail-jdk14/1.38/bcmail-jdk14-1.38.jar
7f58e18cb000-7f58e18ec000 r--s 0015a000 08:03 8530966                    /home/zerr/.m2/repository/org/bouncycastle/bcprov-jdk14/1.38/bcprov-jdk14-1.38.jar
7f58e18ec000-7f58e18ed000 r--s 00005000 08:03 8530964                    /home/zerr/.m2/repository/org/bouncycastle/bctsp-jdk14/1.38/bctsp-jdk14-1.38.jar
7f58e18ed000-7f58e190e000 r--s 0015a000 08:03 8530962                    /home/zerr/.m2/repository/bouncycastle/bcprov-jdk14/138/bcprov-jdk14-138.jar
7f58e190e000-7f58e1912000 r--s 0002b000 08:03 8530960                    /home/zerr/.m2/repository/bouncycastle/bcmail-jdk14/138/bcmail-jdk14-138.jar
7f58e1912000-7f58e191e000 r--s 00108000 08:03 8530958                    /home/zerr/.m2/repository/com/lowagie/itext/2.1.7/itext-2.1.7.jar
7f58e191e000-7f58e1924000 r--s 0002b000 08:03 8530956                    /home/zerr/.m2/repository/commons-digester/commons-digester/2.1/commons-digester-2.1.jar
7f58e1924000-7f58e192a000 r--s 00023000 08:03 8419869                    /home/zerr/.m2/repository/commons-collections/commons-collections/2.1/commons-collections-2.1.jar
7f58e192a000-7f58e192f000 r--s 00034000 08:03 8789652                    /home/zerr/.m2/repository/commons-beanutils/commons-beanutils/1.8.0/commons-beanutils-1.8.0.jar
7f58e192f000-7f58e1974000 r--s 00383000 08:03 8530954                    /home/zerr/.m2/repository/net/sf/jasperreports/jasperreports/4.6.0/jasperreports-4.6.0.jar
7f58e1974000-7f58e197e000 r--s 0006e000 08:03 8530952                    /home/zerr/.m2/repository/jfree/jcommon/1.0.16/jcommon-1.0.16.jar
7f58e197e000-7f58e198f000 r--s 0014c000 08:03 8530950                    /home/zerr/.m2/repository/jfree/jfreechart/1.0.13/jfreechart-1.0.13.jar
7f58e198f000-7f58e1991000 r--s 00005000 08:03 8530948                    /home/zerr/.m2/repository/com/googlecode/jatl/jatl/0.2.1/jatl-0.2.1.jar
7f58e1991000-7f58e19a4000 r--s 000df000 08:03 8414909                    /home/zerr/.m2/repository/org/apache/commons/commons-math/2.2/commons-math-2.2.jar
7f58e19a4000-7f58e19a5000 r--s 00005000 08:03 8530946                    /home/zerr/.m2/repository/org/openimaj/IREval/1.3.1/IREval-1.3.1.jar
7f58e19a5000-7f58e19ab000 r--s 00023000 08:03 8530944                    /home/zerr/.m2/repository/org/openimaj/core-experiment/1.3.1/core-experiment-1.3.1.jar
7f58e19ab000-7f58e19ce000 r--s 001ba000 08:03 8414841                    /home/zerr/.m2/repository/org/apache/commons/commons-math3/3.3/commons-math3-3.3.jar
7f58e19ce000-7f58e19d0000 r--s 00010000 08:03 8531040                    /home/zerr/.m2/repository/net/sourceforge/jmatio/jmatio/1.2/jmatio-1.2.jar
7f58e19d0000-7f58e19ed000 r--s 00139000 08:03 8530920                    /home/zerr/.m2/repository/gov/sandia/foundry/gov-sandia-cognition-learning-core/3.3.0/gov-sandia-cognition-learning-core-3.3.0.jar
7f58e19ed000-7f58e19f9000 r--s 0006a000 08:03 8788410                    /home/zerr/.m2/repository/com/thoughtworks/xstream/xstream/1.4.3/xstream-1.4.3.jar
7f58e19f9000-7f58e1a01000 r--s 00049000 08:03 8530916                    /home/zerr/.m2/repository/gov/sandia/foundry/gov-sandia-cognition-common-core/3.3.0/gov-sandia-cognition-common-core-3.3.0.jar
7f58e1a01000-7f58e1a03000 r--s 00008000 08:03 8530914                    /home/zerr/.m2/repository/org/openimaj/MatrixLib/1.3.1/MatrixLib-1.3.1.jar
7f58e1a03000-7f58e1a0a000 r--s 00034000 08:03 8531038                    /home/zerr/.m2/repository/jgrapht/jgrapht/0.8.2/jgrapht-0.8.2.jar
7f58e1a0a000-7f58e1a0b000 r--s 00006000 08:03 8531036                    /home/zerr/.m2/repository/net/sf/jafama/JaFaMa/1.2/JaFaMa-1.2.jar
7f58e1a0b000-7f58e1a1d000 r--s 00112000 08:03 8530912                    /home/zerr/.m2/repository/net/sourceforge/f2j/arpack_combined_all/0.1/arpack_combined_all-0.1.jar
7f58e1a1d000-7f58e1a1f000 r--s 0001f000 08:03 8530910                    /home/zerr/.m2/repository/com/googlecode/netlib-java/netlib-java/0.9.3/netlib-java-0.9.3.jar
7f58e1a1f000-7f58e1a25000 r--s 00095000 08:03 8530908                    /home/zerr/.m2/repository/com/googlecode/matrix-toolkits-java/mtj/0.9.14/mtj-0.9.14.jar
7f58e1a25000-7f58e1a29000 r--s 0001e000 08:03 8530906                    /home/zerr/.m2/repository/org/la4j/la4j/0.4.0/la4j-0.4.0.jar
7f58e1a29000-7f58e1a2b000 r--s 00007000 08:03 8531034                    /home/zerr/.m2/repository/jama/jama/1.0.2/jama-1.0.2.jar
7f58e1a2b000-7f58e1a32000 r--s 00050000 08:03 8530904                    /home/zerr/.m2/repository/org/openimaj/core-math/1.3.1/core-math-1.3.1.jar
7f58e1a32000-7f58e1a39000 r--s 00041000 08:03 8530936                    /home/zerr/.m2/repository/org/openimaj/core-feature/1.3.1/core-feature-1.3.1.jar
7f58e1a39000-7f58e1a49000 r--s 0007c000 08:03 8438122                    /home/zerr/.m2/repository/joda-time/joda-time/2.1/joda-time-2.1.jar
7f58e1a49000-7f58e1a51000 r--s 00044000 08:03 8531000                    /home/zerr/.m2/repository/org/openimaj/machine-learning/1.3.1/machine-learning-1.3.1.jar
7f58e1a51000-7f58e1a57000 r--s 00037000 08:03 8531400                    /home/zerr/.m2/repository/ch/qos/logback/logback-classic/1.0.0/logback-classic-1.0.0.jar
7f58e1a57000-7f58e1a5f000 r--s 00049000 08:03 8531398                    /home/zerr/.m2/repository/ch/qos/logback/logback-core/1.0.0/logback-core-1.0.0.jar
7f58e1a5f000-7f58e1a60000 r--s 00008000 08:03 8531396                    /home/zerr/.m2/repository/commons-cli/commons-cli/1.1/commons-cli-1.1.jar
7f58e1a60000-7f58e1a62000 r--s 00005000 08:03 8415029                    /home/zerr/.m2/repository/org/slf4j/slf4j-api/1.6.4/slf4j-api-1.6.4.jar
7f58e1a62000-7f58e1a69000 r--s 02511000 08:03 8531423                    /home/zerr/.m2/repository/xuggle/xuggle-xuggler-lgpl/5.5-20140728/xuggle-xuggler-lgpl-5.5-20140728.jar
7f58e1a69000-7f58e1a6b000 r--s 00004000 08:03 8531394                    /home/zerr/.m2/repository/org/openimaj/xuggle-video/1.3.1/xuggle-video-1.3.1.jar
7f58e1a6b000-7f58e1a6d000 r--s 00007000 08:03 8531392                    /home/zerr/.m2/repository/org/openimaj/video-processing/1.3.1/video-processing-1.3.1.jar
7f58e1a6d000-7f58e1a6f000 r--s 00007000 08:03 8530994                    /home/zerr/.m2/repository/org/openimaj/content/animation/1.3.1/animation-1.3.1.jar
7f58e1a6f000-7f58e1a71000 r--s 00008000 08:03 8530992                    /home/zerr/.m2/repository/org/openimaj/core-audio/1.3.1/core-audio-1.3.1.jar
7f58e1a71000-7f58e1a73000 r--s 0001e000 08:03 8530990                    /home/zerr/.m2/repository/org/openimaj/core-video/1.3.1/core-video-1.3.1.jar
7f58e1a73000-7f58e1a82000 r--s 000e1000 08:03 8531412                    /home/zerr/.m2/repository/com/google/android/tools/dx/1.7/dx-1.7.jar
7f58e1a82000-7f58e1a8c000 r--s 000f1000 08:03 8439245                    /home/zerr/.m2/repository/com/nativelibs4java/bridj/0.7-20140918/bridj-0.7-20140918.jar
7f58e1a8c000-7f58e1a8e000 r--s 00025000 08:03 8531410                    /home/zerr/.m2/repository/org/openimaj/core-video-capture/1.3.1/core-video-capture-1.3.1.jar
7f58e1a8e000-7f58e1a8f000 r--s 0008b000 08:03 8531408                    /home/zerr/.m2/repository/org/openimaj/FaceTracker/1.3.1/FaceTracker-1.3.1.jar
7f58e1a8f000-7f58e1a90000 r--s 00001000 08:03 8530918                    /home/zerr/.m2/repository/xmlpull/xmlpull/1.1.3.1/xmlpull-1.1.3.1.jar
7f58e1a90000-7f58e1a92000 r--s 00005000 08:03 8789746                    /home/zerr/.m2/repository/xpp3/xpp3_min/1.1.4c/xpp3_min-1.1.4c.jar
7f58e1a92000-7f58e1a95000 r--s 00214000 08:03 8531406                    /home/zerr/.m2/repository/org/openimaj/object-detection/1.3.1/object-detection-1.3.1.jar
7f58e1a95000-7f58e1a97000 r--s 00096000 08:03 8531404                    /home/zerr/.m2/repository/org/openimaj/klt-tracker/1.3.1/klt-tracker-1.3.1.jar
7f58e1a97000-7f58e1a9d000 r--s 0003b000 08:03 8530940                    /home/zerr/.m2/repository/org/openimaj/image-feature-extraction/1.3.1/image-feature-extraction-1.3.1.jar
7f58e1a9d000-7f58e1aa3000 r--s 0003c000 08:03 8531418                    /home/zerr/.m2/repository/org/openimaj/image-local-features/1.3.1/image-local-features-1.3.1.jar
7f58e1aa3000-7f58e1aaf000 r--s 000b0000 08:03 8530996                    /home/zerr/.m2/repository/org/openimaj/JTransforms/1.3.1/JTransforms-1.3.1.jar
7f58e1aaf000-7f58e1ab6000 r--s 00040000 08:03 8530942                    /home/zerr/.m2/repository/org/openimaj/image-processing/1.3.1/image-processing-1.3.1.jar
7f58e1ab6000-7f58e1abc000 r--s 0026a000 08:03 8531402                    /home/zerr/.m2/repository/org/openimaj/faces/1.3.1/faces-1.3.1.jar
7f58e1abc000-7f58e1abd000 r--s 00000000 08:03 8542429                    /home/zerr/.m2/repository/org/openimaj/processing-core/1.3.1/processing-core-1.3.1.jar
7f58e1abd000-7f58e1abf000 r--s 0000c000 08:03 8530866                    /home/zerr/.m2/repository/args4j/args4j/2.0.16/args4j-2.0.16.jar
7f58e1abf000-7f58e1ac2000 r--s 00011000 08:03 8530934                    /home/zerr/.m2/repository/com/twelvemonkeys/common/common-image/3.0-rc5/common-image-3.0-rc5.jar
7f58e1ac2000-7f58e1ac6000 r--s 00018000 08:03 8530932                    /home/zerr/.m2/repository/com/twelvemonkeys/common/common-lang/3.0-rc5/common-lang-3.0-rc5.jar
7f58e1ac6000-7f58e1ac9000 r--s 00013000 08:03 8530930                    /home/zerr/.m2/repository/com/twelvemonkeys/common/common-io/3.0-rc5/common-io-3.0-rc5.jar
7f58e1ac9000-7f58e1acc000 r--s 0000c000 08:03 8530928                    /home/zerr/.m2/repository/com/twelvemonkeys/imageio/imageio-metadata/3.0-rc5/imageio-metadata-3.0-rc5.jar
7f58e1acc000-7f58e1acf000 r--s 00009000 08:03 8530926                    /home/zerr/.m2/repository/com/twelvemonkeys/imageio/imageio-core/3.0-rc5/imageio-core-3.0-rc5.jar
7f58e1acf000-7f58e1ad1000 r--s 0000b000 08:03 8530924                    /home/zerr/.m2/repository/com/twelvemonkeys/imageio/imageio-jpeg/3.0-rc5/imageio-jpeg-3.0-rc5.jar
7f58e1ad1000-7f58e1ad5000 r--s 0003c000 08:03 8531046                    /home/zerr/.m2/repository/com/sun/media/jai-codec/1.1.3/jai-codec-1.1.3.jar
7f58e1ad5000-7f58e1ae9000 r--s 001bd000 08:03 8531044                    /home/zerr/.m2/repository/javax/media/jai-core/1.1.3/jai-core-1.1.3.jar
7f58e1ae9000-7f58e1aec000 r--s 0000a000 08:03 8531042                    /home/zerr/.m2/repository/com/caffeineowl/graphics/BezierUtils/1.0.0/BezierUtils-1.0.0.jar
7f58e1aec000-7f58e1af6000 r--s 00072000 08:03 8530922                    /home/zerr/.m2/repository/org/apache/sanselan/sanselan/0.97-incubator/sanselan-0.97-incubator.jar
7f58e1af6000-7f58e1afa000 r--s 00035000 08:03 8531030                    /home/zerr/.m2/repository/com/aetrion/flickr/flickrapi/1.2ss.1/flickrapi-1.2ss.1.jar
7f58e1afa000-7f58e1afb000 r--s 00001000 08:03 8531028                    /home/zerr/.m2/repository/uk/ac/ed/ph/snuggletex/snuggletex-jeuclid/1.2.2/snuggletex-jeuclid-1.2.2.jar
7f58e1afb000-7f58e1afd000 r--s 0001e000 08:03 8531026                    /home/zerr/.m2/repository/net/sf/saxon/saxon9-dom/9.1.0.8/saxon9-dom-9.1.0.8.jar
7f58e1afd000-7f58e1b18000 r--s 004b6000 08:03 8531024                    /home/zerr/.m2/repository/net/sf/saxon/saxon9/9.1.0.8/saxon9-9.1.0.8.jar
7f58e1b18000-7f58e1b1a000 r--s 0000e000 08:03 8531022                    /home/zerr/.m2/repository/uk/ac/ed/ph/snuggletex/snuggletex-upconversion/1.2.2/snuggletex-upconversion-1.2.2.jar
7f58e1b1a000-7f58e1b20000 r--s 00040000 08:03 8531020                    /home/zerr/.m2/repository/uk/ac/ed/ph/snuggletex/snuggletex-core/1.2.2/snuggletex-core-1.2.2.jar
7f58e1b20000-7f58e1b2a000 r--s 00075000 08:03 8439412                    /home/zerr/.m2/repository/org/apache/xmlgraphics/xmlgraphics-commons/1.3.1/xmlgraphics-commons-1.3.1.jar
7f58e1b2a000-7f58e1b2f000 r--s 00010000 08:03 8439399                    /home/zerr/.m2/repository/xml-apis/xml-apis-ext/1.3.04/xml-apis-ext-1.3.04.jar
7f58e1b2f000-7f58e1b32000 r--s 0001d000 08:03 8439391                    /home/zerr/.m2/repository/org/apache/xmlgraphics/batik-util/1.7/batik-util-1.7.jar
7f58e1b32000-7f58e1b34000 r--s 00010000 08:03 8439385                    /home/zerr/.m2/repository/org/apache/xmlgraphics/batik-parser/1.7/batik-parser-1.7.jar
7f58e1b34000-7f58e1b35000 r--s 00002000 08:03 8439377                    /home/zerr/.m2/repository/org/apache/xmlgraphics/batik-ext/1.7/batik-ext-1.7.jar
7f58e1b35000-7f58e1b36000 r--s 00007000 08:03 8439354                    /home/zerr/.m2/repository/org/apache/xmlgraphics/batik-xml/1.7/batik-xml-1.7.jar
7f58e1b36000-7f58e1b3a000 r--s 00027000 08:03 8439331                    /home/zerr/.m2/repository/org/apache/xmlgraphics/batik-dom/1.7/batik-dom-1.7.jar
7f58e1b3a000-7f58e1b41000 r--s 00045000 08:03 8439324                    /home/zerr/.m2/repository/org/apache/xmlgraphics/batik-css/1.7/batik-css-1.7.jar
7f58e1b41000-7f58e1b49000 r--s 0005b000 08:03 8439311                    /home/zerr/.m2/repository/org/apache/xmlgraphics/batik-awt-util/1.7/batik-awt-util-1.7.jar
7f58e1b49000-7f58e1b4c000 r--s 00015000 08:03 8439303                    /home/zerr/.m2/repository/org/apache/xmlgraphics/batik-anim/1.7/batik-anim-1.7.jar
7f58e1b4c000-7f58e1b59000 r--s 00086000 08:03 8439287                    /home/zerr/.m2/repository/org/apache/xmlgraphics/batik-svg-dom/1.7/batik-svg-dom-1.7.jar
7f58e1b59000-7f58e1b62000 r--s 00072000 08:03 8439266                    /home/zerr/.m2/repository/net/sourceforge/jeuclid/jeuclid-core/3.1.9/jeuclid-core-3.1.9.jar
7f58e1b62000-7f58e1b64000 r--s 0000d000 08:03 8435011                    /home/zerr/.m2/repository/net/billylieurance/azuresearch/azure-bing-search-java/0.12.0/azure-bing-search-java-0.12.0.jar
7f58e1b64000-7f58e1b71000 r--s 00095000 08:03 8439259                    /home/zerr/.m2/repository/org/openimaj/core-image/1.3.1/core-image-1.3.1.jar
7f58e1b71000-7f58e1b73000 r--s 00004000 08:03 8439257                    /home/zerr/.m2/repository/org/openimaj/ImprovedArgs4J/1.3.1/ImprovedArgs4J-1.3.1.jar
7f58e1b73000-7f58e1b74000 r--s 00001000 08:03 8542427                    /home/zerr/.m2/repository/org/openimaj/processing/1.3.1/processing-1.3.1.jar
7f58e1b74000-7f58e1b7a000 r--s 00032000 08:03 8440062                    /home/zerr/.m2/repository/org/apache/httpcomponents/httpcore/4.2.4/httpcore-4.2.4.jar
7f58e1b7a000-7f58e1b83000 r--s 00061000 08:03 8440054                    /home/zerr/.m2/repository/org/apache/httpcomponents/httpclient/4.2.5/httpclient-4.2.5.jar
7f58e1b83000-7f58e1b84000 r--s 00004000 08:03 8530902                    /home/zerr/.m2/repository/org/apache/ant/ant-launcher/1.8.4/ant-launcher-1.8.4.jar
7f58e1b84000-7f58e1ba2000 r--s 001bd000 08:03 8530900                    /home/zerr/.m2/repository/org/apache/ant/ant/1.8.4/ant-1.8.4.jar
7f58e1ba2000-7f58e1ba5000 r--s 00020000 08:03 8531032                    /home/zerr/.m2/repository/vigna/dsi/unimi/it/jal/20031117/jal-20031117.jar
7f58e1ba5000-7f58e1ba7000 r--s 00007000 08:03 8413944                    /home/zerr/.m2/repository/org/objenesis/objenesis/1.2/objenesis-1.2.jar
7f58e1ba7000-7f58e1ba9000 r--s 00000000 08:03 8413942                    /home/zerr/.m2/repository/com/esotericsoftware/minlog/minlog/1.2/minlog-1.2.jar
7f58e1ba9000-7f58e1bab000 r--s 0000a000 08:03 8413939                    /home/zerr/.m2/repository/org/ow2/asm/asm/4.0/asm-4.0.jar
7f58e1bab000-7f58e1bad000 r--s 0000f000 08:03 8413937                    /home/zerr/.m2/repository/com/esotericsoftware/reflectasm/reflectasm/1.07/reflectasm-1.07-shaded.jar
7f58e1bad000-7f58e1bb3000 r--s 00053000 08:03 8413935                    /home/zerr/.m2/repository/com/esotericsoftware/kryo/kryo/2.21/kryo-2.21.jar
7f58e1bb3000-7f58e1bb9000 r--s 00045000 08:03 8414028                    /home/zerr/.m2/repository/commons-httpclient/commons-httpclient/3.1/commons-httpclient-3.1.jar
7f58e1bb9000-7f58e1bbb000 r--s 00005000 08:03 8530898                    /home/zerr/.m2/repository/regexp/regexp/1.3/regexp-1.3.jar
7f58e1bbb000-7f58e1bbd000 r--s 00008000 08:03 8530896                    /home/zerr/.m2/repository/org/apache/maven/scm/maven-scm-provider-svn-commons/1.4/maven-scm-provider-svn-commons-1.4.jar
7f58e1bbd000-7f58e1bc0000 r--s 0000f000 08:03 8530894                    /home/zerr/.m2/repository/org/apache/maven/scm/maven-scm-provider-svnexe/1.4/maven-scm-provider-svnexe-1.4.jar
7f58e1bc0000-7f58e1bc5000 r--s 00039000 08:03 8439718                    /home/zerr/.m2/repository/org/codehaus/plexus/plexus-utils/1.5.6/plexus-utils-1.5.6.jar
7f58e1bc5000-7f58e1bc9000 r--s 00014000 08:03 8530892                    /home/zerr/.m2/repository/org/apache/maven/scm/maven-scm-api/1.4/maven-scm-api-1.4.jar
7f58e1bc9000-7f58e1bcb000 r--s 0000d000 08:03 8415030                    /home/zerr/.m2/repository/commons-logging/commons-logging/1.1.1/commons-logging-1.1.1.jar
7f58e1bcb000-7f58e1bd4000 r--s 0005d000 08:03 8530890                    /home/zerr/.m2/repository/org/apache/commons/commons-vfs2/2.0/commons-vfs2-2.0.jar
7f58e1bd4000-7f58e1bd8000 r--s 00027000 08:03 8530888                    /home/zerr/.m2/repository/commons-io/commons-io/2.2/commons-io-2.2.jar
7f58e1bd8000-7f58e1bdd000 r--s 00041000 08:03 8415028                    /home/zerr/.m2/repository/commons-lang/commons-lang/2.6/commons-lang-2.6.jar
7f58e1bdd000-7f58e1be4000 r--s 00053000 08:03 8443831                    /home/zerr/.m2/repository/log4j/log4j/1.2.14/log4j-1.2.14.jar
7f58e1be4000-7f58e1beb000 r--s 00028000 08:03 8530886                    /home/zerr/.m2/repository/concurrent/concurrent/1.3.4/concurrent-1.3.4.jar
7f58e1beb000-7f58e1bf9000 r--s 00081000 08:03 8530884                    /home/zerr/.m2/repository/colt/colt/1.2.0/colt-1.2.0.jar
7f58e1bf9000-7f58e1c22000 r--s 001ee000 08:03 8530882                    /home/zerr/.m2/repository/com/google/guava/guava/14.0.1/guava-14.0.1.jar
7f58e1c22000-7f58e1c49000 r--s 00241000 08:03 8530880                    /home/zerr/.m2/repository/net/sf/trove4j/trove4j/3.0.2/trove4j-3.0.2.jar
7f58e1c49000-7f58e1c4c000 r--s 00010000 08:03 8530876                    /home/zerr/.m2/repository/org/jbibtex/jbibtex/1.0.2/jbibtex-1.0.2.jar
7f58e1c4c000-7f58e1c55000 r--s 00095000 08:03 8530874                    /home/zerr/.m2/repository/javassist/javassist/3.12.1.GA/javassist-3.12.1.GA.jar
7f58e1c55000-7f58e1c57000 r--s 00002000 08:03 8530872                    /home/zerr/.m2/repository/org/openimaj/core-aop-support/1.3.1/core-aop-support-1.3.1.jar
7f58e1c57000-7f58e1c58000 r--s 00006000 08:03 8530870                    /home/zerr/.m2/repository/org/openimaj/core-citation/1.3.1/core-citation-1.3.1.jar
7f58e1c58000-7f58e1c69000 r--s 000ac000 08:03 8530868                    /home/zerr/.m2/repository/org/openimaj/core/1.3.1/core-1.3.1.jar
7f58e1c69000-7f58e1c6c000 r--s 00021000 08:03 39361                      /home/zerr/.m2/repository/org/apache/logging/log4j/log4j-api/2.5/log4j-api-2.5.jar
7f58e1c6c000-7f58e1c84000 r--s 000f7000 08:03 39359                      /home/zerr/.m2/repository/org/apache/logging/log4j/log4j-core/2.5/log4j-core-2.5.jar
7f58e1c84000-7f58e1c86000 r--s 00216000 08:03 42514                      /home/zerr/.m2/repository/sz/ImagePrivacyFeatures/ImagePrivacyFeatures/0.0.1-SNAPSHOT/ImagePrivacyFeatures-0.0.1-SNAPSHOT.jar
7f58e1c86000-7f58e1c88000 r--s 0001a000 08:03 42538                      /home/zerr/.m2/repository/sz/libsvmclassification/libsvmclassification/0.0.1-SNAPSHOT/libsvmclassification-0.0.1-SNAPSHOT.jar
7f58e1c88000-7f58e1c8d000 r--s 0005d000 08:03 42555                      /home/zerr/.m2/repository/sz/image/classification/0.0.1-SNAPSHOT/classification-0.0.1-SNAPSHOT.jar
7f58e1c8d000-7f58e1c90000 r--s 0001e000 08:03 8792368                    /home/zerr/.m2/repository/org/knallgrau/utils/textcat/1.0.1/textcat-1.0.1.jar
7f58e1c90000-7f58e1c95000 r--s 00029000 08:03 8440117                    /home/zerr/.m2/repository/sz/utils/SZUtils/0.0.1-SNAPSHOT/SZUtils-0.0.1-SNAPSHOT.jar
7f58e1c95000-7f58e1c9b000 r--s 00047000 08:03 8789601                    /home/zerr/.m2/repository/org/jsoup/jsoup/1.8.3/jsoup-1.8.3.jar
7f58e1c9b000-7f58e1cd9000 r--s 0025d000 08:03 8417968                    /home/zerr/.m2/repository/org/apache/xmlbeans/xmlbeans/2.6.0/xmlbeans-2.6.0.jar
7f58e1cd9000-7f58e1d99000 r--s 004e6000 08:03 8537421                    /home/zerr/.m2/repository/org/apache/poi/poi-ooxml-schemas/3.14/poi-ooxml-schemas-3.14.jar
7f58e1d99000-7f58e1dc3000 r--s 00240000 08:03 8537437                    /home/zerr/.m2/repository/org/apache/poi/poi/3.14/poi-3.14.jar
7f58e1dc3000-7f58e1dc4000 ---p 00000000 00:00 0 
7f58e1dc4000-7f58e1ec4000 rw-p 00000000 00:00 0                          [stack:25634]
7f58e1ec4000-7f58e1ec7000 ---p 00000000 00:00 0 
7f58e1ec7000-7f58e1fc5000 rw-p 00000000 00:00 0                          [stack:25633]
7f58e1fc5000-7f58e1fc8000 ---p 00000000 00:00 0 
7f58e1fc8000-7f58e20c6000 rw-p 00000000 00:00 0                          [stack:25632]
7f58e20c6000-7f58e20c9000 ---p 00000000 00:00 0 
7f58e20c9000-7f58e21c7000 rw-p 00000000 00:00 0                          [stack:25631]
7f58e21c7000-7f58e21ca000 ---p 00000000 00:00 0 
7f58e21ca000-7f58e22c8000 rw-p 00000000 00:00 0                          [stack:25627]
7f58e22c8000-7f58e22cb000 ---p 00000000 00:00 0 
7f58e22cb000-7f58e23c9000 rw-p 00000000 00:00 0                          [stack:25626]
7f58e23c9000-7f58e23cc000 ---p 00000000 00:00 0 
7f58e23cc000-7f58e24ca000 rw-p 00000000 00:00 0                          [stack:25625]
7f58e24ca000-7f58e24ce000 r-xp 00000000 08:03 6161194                    /usr/lib/jvm/java-7-openjdk-amd64/jre/lib/amd64/libdt_socket.so
7f58e24ce000-7f58e26cd000 ---p 00004000 08:03 6161194                    /usr/lib/jvm/java-7-openjdk-amd64/jre/lib/amd64/libdt_socket.so
7f58e26cd000-7f58e26ce000 r--p 00003000 08:03 6161194                    /usr/lib/jvm/java-7-openjdk-amd64/jre/lib/amd64/libdt_socket.so
7f58e26ce000-7f58e26cf000 rw-p 00004000 08:03 6161194                    /usr/lib/jvm/java-7-openjdk-amd64/jre/lib/amd64/libdt_socket.so
7f58e26cf000-7f58e26d2000 ---p 00000000 00:00 0 
7f58e26d2000-7f58e27d0000 rw-p 00000000 00:00 0                          [stack:25623]
7f58e27d0000-7f58e27d3000 ---p 00000000 00:00 0 
7f58e27d3000-7f58e28d1000 rw-p 00000000 00:00 0                          [stack:25622]
7f58e28d1000-7f58e28d4000 ---p 00000000 00:00 0 
7f58e28d4000-7f58e29d2000 rw-p 00000000 00:00 0                          [stack:25621]
7f58e29d2000-7f58e29d3000 ---p 00000000 00:00 0 
7f58e29d3000-7f58e4000000 rw-p 00000000 00:00 0                          [stack:25620]
7f58e4000000-7f58e4021000 rw-p 00000000 00:00 0 
7f58e4021000-7f58e8000000 ---p 00000000 00:00 0 
7f58e8000000-7f58e8007000 r--s 00064000 08:03 8537521                    /home/zerr/.m2/repository/org/apache/commons/commons-lang3/3.4/commons-lang3-3.4.jar
7f58e8007000-7f58e8018000 r--s 0012a000 08:03 8537392                    /home/zerr/.m2/repository/org/apache/poi/poi-ooxml/3.14/poi-ooxml-3.14.jar
7f58e8018000-7f58e8308000 rw-p 00000000 00:00 0 
7f58e8308000-7f58e84ba000 r--s 01d2e000 08:03 6161175                    /usr/lib/jvm/java-7-openjdk-amd64/jre/lib/rt.jar
7f58e84ba000-7f58e85dd000 rw-p 00000000 00:00 0 
7f58e85dd000-7f58e85de000 ---p 00000000 00:00 0 
7f58e85de000-7f58e86de000 rw-p 00000000 00:00 0                          [stack:25615]
7f58e86de000-7f58e86df000 ---p 00000000 00:00 0 
7f58e86df000-7f58e87ea000 rw-p 00000000 00:00 0                          [stack:25613]
7f58e87ea000-7f58e8832000 rw-p 00000000 00:00 0 
7f58e8832000-7f58e8a18000 rw-p 00000000 00:00 0 
7f58e8a18000-7f58e8d65000 rw-p 00000000 00:00 0 
7f58e8d65000-7f58e8fff000 rw-p 00000000 00:00 0 
7f58e8fff000-7f58e9000000 rw-p 00000000 00:00 0 
7f58e9000000-7f58e9270000 rwxp 00000000 00:00 0 
7f58e9270000-7f58ecc5b000 rw-p 00000000 00:00 0 
7f58ecc5b000-7f58f0000000 ---p 00000000 00:00 0 
7f58f0000000-7f58f0001000 r--s 0000a000 08:03 42333                      /home/zerr/.m2/repository/sz/svmlightclassification/svmlightclassification/0.0.1-SNAPSHOT/svmlightclassification-0.0.1-SNAPSHOT.jar
7f58f0001000-7f58f0008000 r--s 0003f000 08:03 8537439                    /home/zerr/.m2/repository/commons-codec/commons-codec/1.10/commons-codec-1.10.jar
7f58f0008000-7f58f0030000 rw-p 00000000 00:00 0 
7f58f0030000-7f58f0031000 ---p 00000000 00:00 0 
7f58f0031000-7f58f0131000 rw-p 00000000 00:00 0                          [stack:25612]
7f58f0131000-7f58f0132000 ---p 00000000 00:00 0 
7f58f0132000-7f58f023d000 rw-p 00000000 00:00 0                          [stack:25611]
7f58f023d000-7f58f0285000 rw-p 00000000 00:00 0 
7f58f0285000-7f58f046b000 rw-p 00000000 00:00 0 
7f58f046b000-7f58f07b9000 rw-p 00000000 00:00 0 
7f58f07b9000-7f58f07c1000 r-xp 00000000 08:03 6161193                    /usr/lib/jvm/java-7-openjdk-amd64/jre/lib/amd64/libzip.so
7f58f07c1000-7f58f09c0000 ---p 00008000 08:03 6161193                    /usr/lib/jvm/java-7-openjdk-amd64/jre/lib/amd64/libzip.so
7f58f09c0000-7f58f09c1000 r--p 00007000 08:03 6161193                    /usr/lib/jvm/java-7-openjdk-amd64/jre/lib/amd64/libzip.so
7f58f09c1000-7f58f09c2000 rw-p 00008000 08:03 6161193                    /usr/lib/jvm/java-7-openjdk-amd64/jre/lib/amd64/libzip.so
7f58f09c2000-7f58f09cd000 r-xp 00000000 08:03 263049                     /lib/x86_64-linux-gnu/libnss_files-2.19.so
7f58f09cd000-7f58f0bcc000 ---p 0000b000 08:03 263049                     /lib/x86_64-linux-gnu/libnss_files-2.19.so
7f58f0bcc000-7f58f0bcd000 r--p 0000a000 08:03 263049                     /lib/x86_64-linux-gnu/libnss_files-2.19.so
7f58f0bcd000-7f58f0bce000 rw-p 0000b000 08:03 263049                     /lib/x86_64-linux-gnu/libnss_files-2.19.so
7f58f0bce000-7f58f0bd8000 r-xp 00000000 08:03 263053                     /lib/x86_64-linux-gnu/libnss_nis-2.19.so
7f58f0bd8000-7f58f0dd7000 ---p 0000a000 08:03 263053                     /lib/x86_64-linux-gnu/libnss_nis-2.19.so
7f58f0dd7000-7f58f0dd8000 r--p 00009000 08:03 263053                     /lib/x86_64-linux-gnu/libnss_nis-2.19.so
7f58f0dd8000-7f58f0dd9000 rw-p 0000a000 08:03 263053                     /lib/x86_64-linux-gnu/libnss_nis-2.19.so
7f58f0dd9000-7f58f0dee000 r-xp 00000000 08:03 263041                     /lib/x86_64-linux-gnu/libnsl-2.19.so
7f58f0dee000-7f58f0fed000 ---p 00015000 08:03 263041                     /lib/x86_64-linux-gnu/libnsl-2.19.so
7f58f0fed000-7f58f0fee000 r--p 00014000 08:03 263041                     /lib/x86_64-linux-gnu/libnsl-2.19.so
7f58f0fee000-7f58f0fef000 rw-p 00015000 08:03 263041                     /lib/x86_64-linux-gnu/libnsl-2.19.so
7f58f0fef000-7f58f0ff1000 rw-p 00000000 00:00 0 
7f58f0ff1000-7f58f0ff8000 r-xp 00000000 08:03 263043                     /lib/x86_64-linux-gnu/libnss_compat-2.19.so
7f58f0ff8000-7f58f11f7000 ---p 00007000 08:03 263043                     /lib/x86_64-linux-gnu/libnss_compat-2.19.so
7f58f11f7000-7f58f11f8000 r--p 00006000 08:03 263043                     /lib/x86_64-linux-gnu/libnss_compat-2.19.so
7f58f11f8000-7f58f11f9000 rw-p 00007000 08:03 263043                     /lib/x86_64-linux-gnu/libnss_compat-2.19.so
7f58f11f9000-7f58f1382000 r--p 00000000 08:03 5508960                    /usr/lib/locale/locale-archive
7f58f1382000-7f58f1384000 r-xp 00000000 08:03 6161204                    /usr/lib/jvm/java-7-openjdk-amd64/jre/lib/amd64/libnpt.so
7f58f1384000-7f58f1584000 ---p 00002000 08:03 6161204                    /usr/lib/jvm/java-7-openjdk-amd64/jre/lib/amd64/libnpt.so
7f58f1584000-7f58f1585000 r--p 00002000 08:03 6161204                    /usr/lib/jvm/java-7-openjdk-amd64/jre/lib/amd64/libnpt.so
7f58f1585000-7f58f1586000 rw-p 00003000 08:03 6161204                    /usr/lib/jvm/java-7-openjdk-amd64/jre/lib/amd64/libnpt.so
7f58f1586000-7f58f15c1000 r-xp 00000000 08:03 6161190                    /usr/lib/jvm/java-7-openjdk-amd64/jre/lib/amd64/libjdwp.so
7f58f15c1000-7f58f17c0000 ---p 0003b000 08:03 6161190                    /usr/lib/jvm/java-7-openjdk-amd64/jre/lib/amd64/libjdwp.so
7f58f17c0000-7f58f17c1000 r--p 0003a000 08:03 6161190                    /usr/lib/jvm/java-7-openjdk-amd64/jre/lib/amd64/libjdwp.so
7f58f17c1000-7f58f17c2000 rw-p 0003b000 08:03 6161190                    /usr/lib/jvm/java-7-openjdk-amd64/jre/lib/amd64/libjdwp.so
7f58f17c2000-7f58f17c3000 rw-p 00000000 00:00 0 
7f58f17c3000-7f58f17f0000 r-xp 00000000 08:03 6161225                    /usr/lib/jvm/java-7-openjdk-amd64/jre/lib/amd64/libjava.so
7f58f17f0000-7f58f19ef000 ---p 0002d000 08:03 6161225                    /usr/lib/jvm/java-7-openjdk-amd64/jre/lib/amd64/libjava.so
7f58f19ef000-7f58f19f0000 r--p 0002c000 08:03 6161225                    /usr/lib/jvm/java-7-openjdk-amd64/jre/lib/amd64/libjava.so
7f58f19f0000-7f58f19f2000 rw-p 0002d000 08:03 6161225                    /usr/lib/jvm/java-7-openjdk-amd64/jre/lib/amd64/libjava.so
7f58f19f2000-7f58f1a01000 r-xp 00000000 08:03 6161189                    /usr/lib/jvm/java-7-openjdk-amd64/jre/lib/amd64/libverify.so
7f58f1a01000-7f58f1c00000 ---p 0000f000 08:03 6161189                    /usr/lib/jvm/java-7-openjdk-amd64/jre/lib/amd64/libverify.so
7f58f1c00000-7f58f1c03000 r--p 0000e000 08:03 6161189                    /usr/lib/jvm/java-7-openjdk-amd64/jre/lib/amd64/libverify.so
7f58f1c03000-7f58f1c04000 rw-p 00011000 08:03 6161189                    /usr/lib/jvm/java-7-openjdk-amd64/jre/lib/amd64/libverify.so
7f58f1c04000-7f58f1c0b000 r-xp 00000000 08:03 263063                     /lib/x86_64-linux-gnu/librt-2.19.so
7f58f1c0b000-7f58f1e0a000 ---p 00007000 08:03 263063                     /lib/x86_64-linux-gnu/librt-2.19.so
7f58f1e0a000-7f58f1e0b000 r--p 00006000 08:03 263063                     /lib/x86_64-linux-gnu/librt-2.19.so
7f58f1e0b000-7f58f1e0c000 rw-p 00007000 08:03 263063                     /lib/x86_64-linux-gnu/librt-2.19.so
7f58f1e0c000-7f58f1e22000 r-xp 00000000 08:03 262148                     /lib/x86_64-linux-gnu/libgcc_s.so.1
7f58f1e22000-7f58f2021000 ---p 00016000 08:03 262148                     /lib/x86_64-linux-gnu/libgcc_s.so.1
7f58f2021000-7f58f2022000 rw-p 00015000 08:03 262148                     /lib/x86_64-linux-gnu/libgcc_s.so.1
7f58f2022000-7f58f2122000 r-xp 00000000 08:03 263035                     /lib/x86_64-linux-gnu/libm-2.19.so
7f58f2122000-7f58f2321000 ---p 00100000 08:03 263035                     /lib/x86_64-linux-gnu/libm-2.19.so
7f58f2321000-7f58f2322000 r--p 000ff000 08:03 263035                     /lib/x86_64-linux-gnu/libm-2.19.so
7f58f2322000-7f58f2323000 rw-p 00100000 08:03 263035                     /lib/x86_64-linux-gnu/libm-2.19.so
7f58f2323000-7f58f240f000 r-xp 00000000 08:03 5509731                    /usr/lib/x86_64-linux-gnu/libstdc++.so.6.0.20
7f58f240f000-7f58f260f000 ---p 000ec000 08:03 5509731                    /usr/lib/x86_64-linux-gnu/libstdc++.so.6.0.20
7f58f260f000-7f58f2617000 r--p 000ec000 08:03 5509731                    /usr/lib/x86_64-linux-gnu/libstdc++.so.6.0.20
7f58f2617000-7f58f2619000 rw-p 000f4000 08:03 5509731                    /usr/lib/x86_64-linux-gnu/libstdc++.so.6.0.20
7f58f2619000-7f58f262e000 rw-p 00000000 00:00 0 
7f58f262e000-7f58f3184000 r-xp 00000000 08:03 6161200                    /usr/lib/jvm/java-7-openjdk-amd64/jre/lib/amd64/server/libjvm.so
7f58f3184000-7f58f3383000 ---p 00b56000 08:03 6161200                    /usr/lib/jvm/java-7-openjdk-amd64/jre/lib/amd64/server/libjvm.so
7f58f3383000-7f58f3422000 r--p 00d55000 08:03 6161200                    /usr/lib/jvm/java-7-openjdk-amd64/jre/lib/amd64/server/libjvm.so
7f58f3422000-7f58f3445000 rw-p 00df4000 08:03 6161200                    /usr/lib/jvm/java-7-openjdk-amd64/jre/lib/amd64/server/libjvm.so
7f58f3445000-7f58f3472000 rw-p 00000000 00:00 0 
7f58f3472000-7f58f348c000 r-xp 00000000 08:03 262244                     /lib/x86_64-linux-gnu/libz.so.1.2.8
7f58f348c000-7f58f368b000 ---p 0001a000 08:03 262244                     /lib/x86_64-linux-gnu/libz.so.1.2.8
7f58f368b000-7f58f368c000 r--p 00019000 08:03 262244                     /lib/x86_64-linux-gnu/libz.so.1.2.8
7f58f368c000-7f58f368d000 rw-p 0001a000 08:03 262244                     /lib/x86_64-linux-gnu/libz.so.1.2.8
7f58f368d000-7f58f382f000 r-xp 00000000 08:03 263021                     /lib/x86_64-linux-gnu/libc-2.19.so
7f58f382f000-7f58f3a2e000 ---p 001a2000 08:03 263021                     /lib/x86_64-linux-gnu/libc-2.19.so
7f58f3a2e000-7f58f3a32000 r--p 001a1000 08:03 263021                     /lib/x86_64-linux-gnu/libc-2.19.so
7f58f3a32000-7f58f3a34000 rw-p 001a5000 08:03 263021                     /lib/x86_64-linux-gnu/libc-2.19.so
7f58f3a34000-7f58f3a38000 rw-p 00000000 00:00 0 
7f58f3a38000-7f58f3a3b000 r-xp 00000000 08:03 263031                     /lib/x86_64-linux-gnu/libdl-2.19.so
7f58f3a3b000-7f58f3c3a000 ---p 00003000 08:03 263031                     /lib/x86_64-linux-gnu/libdl-2.19.so
7f58f3c3a000-7f58f3c3b000 r--p 00002000 08:03 263031                     /lib/x86_64-linux-gnu/libdl-2.19.so
7f58f3c3b000-7f58f3c3c000 rw-p 00003000 08:03 263031                     /lib/x86_64-linux-gnu/libdl-2.19.so
7f58f3c3c000-7f58f3c49000 r-xp 00000000 08:03 6161191                    /usr/lib/jvm/java-7-openjdk-amd64/jre/lib/amd64/jli/libjli.so
7f58f3c49000-7f58f3e48000 ---p 0000d000 08:03 6161191                    /usr/lib/jvm/java-7-openjdk-amd64/jre/lib/amd64/jli/libjli.so
7f58f3e48000-7f58f3e49000 r--p 0000c000 08:03 6161191                    /usr/lib/jvm/java-7-openjdk-amd64/jre/lib/amd64/jli/libjli.so
7f58f3e49000-7f58f3e4a000 rw-p 0000d000 08:03 6161191                    /usr/lib/jvm/java-7-openjdk-amd64/jre/lib/amd64/jli/libjli.so
7f58f3e4a000-7f58f3e62000 r-xp 00000000 08:03 262711                     /lib/x86_64-linux-gnu/libpthread-2.19.so
7f58f3e62000-7f58f4061000 ---p 00018000 08:03 262711                     /lib/x86_64-linux-gnu/libpthread-2.19.so
7f58f4061000-7f58f4062000 r--p 00017000 08:03 262711                     /lib/x86_64-linux-gnu/libpthread-2.19.so
7f58f4062000-7f58f4063000 rw-p 00018000 08:03 262711                     /lib/x86_64-linux-gnu/libpthread-2.19.so
7f58f4063000-7f58f4067000 rw-p 00000000 00:00 0 
7f58f4067000-7f58f4087000 r-xp 00000000 08:03 263013                     /lib/x86_64-linux-gnu/ld-2.19.so
7f58f4087000-7f58f4088000 r--s 00000000 08:03 42508                      /home/zerr/.m2/repository/L3sInterfaces/L3sInterfaces/0.0.1-SNAPSHOT/L3sInterfaces-0.0.1-SNAPSHOT.jar
7f58f4088000-7f58f4089000 r--s 00007000 08:03 42496                      /home/zerr/.m2/repository/sz/evaluation/curves/curves/0.0.1-SNAPSHOT/curves-0.0.1-SNAPSHOT.jar
7f58f4089000-7f58f408c000 r--s 00014000 08:03 8537430                    /home/zerr/.m2/repository/com/github/virtuald/curvesapi/1.03/curvesapi-1.03.jar
7f58f408c000-7f58f4096000 r--s 000e7000 08:03 8522532                    /home/zerr/.m2/repository/mysql/mysql-connector-java/5.1.38/mysql-connector-java-5.1.38.jar
7f58f4096000-7f58f40a0000 rw-p 00000000 00:00 0 
7f58f40a0000-7f58f4156000 rw-p 00000000 00:00 0 
7f58f4156000-7f58f4159000 ---p 00000000 00:00 0 
7f58f4159000-7f58f425c000 rw-p 00000000 00:00 0                          [stack:25609]
7f58f425c000-7f58f425e000 r--s 00005000 08:03 8418003                    /home/zerr/.m2/repository/stax/stax-api/1.0.1/stax-api-1.0.1.jar
7f58f425e000-7f58f4260000 r--s 00008000 08:03 8455698                    /home/zerr/.m2/repository/org/apache/commons/commons-csv/1.2/commons-csv-1.2.jar
7f58f4260000-7f58f4262000 r--s 00006000 08:03 5902011                    /usr/share/java/java-atk-wrapper.jar
7f58f4262000-7f58f4264000 r--s 00012000 08:03 6161183                    /usr/lib/jvm/java-7-openjdk-amd64/jre/lib/ext/zipfs.jar
7f58f4264000-7f58f4265000 r--s 00002000 08:03 6161185                    /usr/lib/jvm/java-7-openjdk-amd64/jre/lib/ext/dnsns.jar
7f58f4265000-7f58f4268000 r--s 0000f000 08:03 6161186                    /usr/lib/jvm/java-7-openjdk-amd64/jre/lib/ext/icedtea-sound.jar
7f58f4268000-7f58f426c000 r--s 00034000 08:03 6161188                    /usr/lib/jvm/java-7-openjdk-amd64/jre/lib/ext/sunjce_provider.jar
7f58f426c000-7f58f4270000 r--s 00085000 08:03 6161184                    /usr/lib/jvm/java-7-openjdk-amd64/jre/lib/ext/localedata.jar
7f58f4270000-7f58f4274000 r--s 0003c000 08:03 6161187                    /usr/lib/jvm/java-7-openjdk-amd64/jre/lib/ext/sunpkcs11.jar
7f58f4274000-7f58f427c000 rw-s 00000000 08:03 6179469                    /tmp/hsperfdata_zerr/25608
7f58f427c000-7f58f4283000 r--s 00000000 08:03 5561310                    /usr/lib/x86_64-linux-gnu/gconv/gconv-modules.cache
7f58f4283000-7f58f4284000 rw-p 00000000 00:00 0 
7f58f4284000-7f58f4285000 ---p 00000000 00:00 0 
7f58f4285000-7f58f4287000 rw-p 00000000 00:00 0 
7f58f4287000-7f58f4288000 r--p 00020000 08:03 263013                     /lib/x86_64-linux-gnu/ld-2.19.so
7f58f4288000-7f58f4289000 rw-p 00021000 08:03 263013                     /lib/x86_64-linux-gnu/ld-2.19.so
7f58f4289000-7f58f428a000 rw-p 00000000 00:00 0 
7fff56887000-7fff568ab000 rw-p 00000000 00:00 0                          [stack]
7fff569fa000-7fff569fc000 r-xp 00000000 00:00 0                          [vdso]
7fff569fc000-7fff569fe000 r--p 00000000 00:00 0                          [vvar]
ffffffffff600000-ffffffffff601000 r-xp 00000000 00:00 0                  [vsyscall]

VM Arguments:
jvm_args: -agentlib:jdwp=transport=dt_socket,suspend=y,address=localhost:56490 -Dfile.encoding=ANSI_X3.4-1968 
java_command: arff.ARFFWriter
Launcher Type: SUN_STANDARD

Environment Variables:
PATH=/usr/local/bin:/usr/bin:/bin:/usr/local/games:/usr/games
SHELL=/bin/bash
DISPLAY=:0

Signal Handlers:
SIGSEGV: [libjvm.so+0x988580], sa_mask[0]=0x7ffbfeff, sa_flags=0x10000004
SIGBUS: [libjvm.so+0x988580], sa_mask[0]=0x7ffbfeff, sa_flags=0x10000004
SIGFPE: [libjvm.so+0x7f5280], sa_mask[0]=0x7ffbfeff, sa_flags=0x10000004
SIGPIPE: [libjvm.so+0x7f5280], sa_mask[0]=0x7ffbfeff, sa_flags=0x10000004
SIGXFSZ: [libjvm.so+0x7f5280], sa_mask[0]=0x7ffbfeff, sa_flags=0x10000004
SIGILL: [libjvm.so+0x7f5280], sa_mask[0]=0x7ffbfeff, sa_flags=0x10000004
SIGUSR1: SIG_DFL, sa_mask[0]=0x00000000, sa_flags=0x00000000
SIGUSR2: [libjvm.so+0x7f5100], sa_mask[0]=0x00000004, sa_flags=0x10000004
SIGHUP: [libjvm.so+0x7f5300], sa_mask[0]=0x7ffbfeff, sa_flags=0x10000004
SIGINT: [libjvm.so+0x7f5300], sa_mask[0]=0x7ffbfeff, sa_flags=0x10000004
SIGTERM: [libjvm.so+0x7f5300], sa_mask[0]=0x7ffbfeff, sa_flags=0x10000004
SIGQUIT: [libjvm.so+0x7f5300], sa_mask[0]=0x7ffbfeff, sa_flags=0x10000004
SIGTRAP: SIG_DFL, sa_mask[0]=0x00000000, sa_flags=0x00000000


---------------  S Y S T E M  ---------------

OS:8.3

uname:Linux 3.16.0-4-amd64 #1 SMP Debian 3.16.7-ckt20-1+deb8u2 (2016-01-02) x86_64
libc:glibc 2.19 NPTL 2.19 
rlimit: STACK 8192k, CORE 0k, NPROC 63820, NOFILE 65536, AS infinity
load average:14.60 11.56 7.13

/proc/meminfo:
MemTotal:       16355816 kB
MemFree:          134392 kB
MemAvailable:     109832 kB
Buffers:            1560 kB
Cached:           664644 kB
SwapCached:            0 kB
Active:         15185596 kB
Inactive:         644140 kB
Active(anon):   15171876 kB
Inactive(anon):   631624 kB
Active(file):      13720 kB
Inactive(file):    12516 kB
Unevictable:          40 kB
Mlocked:              40 kB
SwapTotal:             0 kB
SwapFree:              0 kB
Dirty:                 0 kB
Writeback:           220 kB
AnonPages:      15164312 kB
Mapped:           640044 kB
Shmem:            639228 kB
Slab:             165120 kB
SReclaimable:      93580 kB
SUnreclaim:        71540 kB
KernelStack:       18608 kB
PageTables:       128368 kB
NFS_Unstable:          0 kB
Bounce:                0 kB
WritebackTmp:          0 kB
CommitLimit:     8177908 kB
Committed_AS:   26092732 kB
VmallocTotal:   34359738367 kB
VmallocUsed:      378784 kB
VmallocChunk:   34359270616 kB
HardwareCorrupted:     0 kB
AnonHugePages:         0 kB
HugePages_Total:       0
HugePages_Free:        0
HugePages_Rsvd:        0
HugePages_Surp:        0
Hugepagesize:       2048 kB
DirectMap4k:      205720 kB
DirectMap2M:    14360576 kB
DirectMap1G:     2097152 kB


CPU:total 4 (2 cores per cpu, 2 threads per core) family 6 model 61 stepping 4, cmov, cx8, fxsr, mmx, sse, sse2, sse3, ssse3, sse4.1, sse4.2, popcnt, avx, avx2, aes, erms, ht, tsc, tscinvbit

/proc/cpuinfo:
processor	: 0
vendor_id	: GenuineIntel
cpu family	: 6
model		: 61
model name	: Intel(R) Core(TM) i5-5300U CPU @ 2.30GHz
stepping	: 4
microcode	: 0x22
cpu MHz		: 2625.054
cache size	: 3072 KB
physical id	: 0
siblings	: 4
core id		: 0
cpu cores	: 2
apicid		: 0
initial apicid	: 0
fpu		: yes
fpu_exception	: yes
cpuid level	: 20
wp		: yes
flags		: fpu vme de pse tsc msr pae mce cx8 apic sep mtrr pge mca cmov pat pse36 clflush dts acpi mmx fxsr sse sse2 ss ht tm pbe syscall nx pdpe1gb rdtscp lm constant_tsc arch_perfmon pebs bts rep_good nopl xtopology nonstop_tsc aperfmperf eagerfpu pni pclmulqdq dtes64 monitor ds_cpl vmx smx est tm2 ssse3 fma cx16 xtpr pdcm pcid sse4_1 sse4_2 x2apic movbe popcnt tsc_deadline_timer aes xsave avx f16c rdrand lahf_lm abm 3dnowprefetch ida arat epb xsaveopt pln pts dtherm tpr_shadow vnmi flexpriority ept vpid fsgsbase tsc_adjust bmi1 hle avx2 smep bmi2 erms invpcid rtm rdseed adx smap
bogomips	: 4589.14
clflush size	: 64
cache_alignment	: 64
address sizes	: 39 bits physical, 48 bits virtual
power management:

processor	: 1
vendor_id	: GenuineIntel
cpu family	: 6
model		: 61
model name	: Intel(R) Core(TM) i5-5300U CPU @ 2.30GHz
stepping	: 4
microcode	: 0x22
cpu MHz		: 2599.988
cache size	: 3072 KB
physical id	: 0
siblings	: 4
core id		: 1
cpu cores	: 2
apicid		: 2
initial apicid	: 2
fpu		: yes
fpu_exception	: yes
cpuid level	: 20
wp		: yes
flags		: fpu vme de pse tsc msr pae mce cx8 apic sep mtrr pge mca cmov pat pse36 clflush dts acpi mmx fxsr sse sse2 ss ht tm pbe syscall nx pdpe1gb rdtscp lm constant_tsc arch_perfmon pebs bts rep_good nopl xtopology nonstop_tsc aperfmperf eagerfpu pni pclmulqdq dtes64 monitor ds_cpl vmx smx est tm2 ssse3 fma cx16 xtpr pdcm pcid sse4_1 sse4_2 x2apic movbe popcnt tsc_deadline_timer aes xsave avx f16c rdrand lahf_lm abm 3dnowprefetch ida arat epb xsaveopt pln pts dtherm tpr_shadow vnmi flexpriority ept vpid fsgsbase tsc_adjust bmi1 hle avx2 smep bmi2 erms invpcid rtm rdseed adx smap
bogomips	: 4589.14
clflush size	: 64
cache_alignment	: 64
address sizes	: 39 bits physical, 48 bits virtual
power management:

processor	: 2
vendor_id	: GenuineIntel
cpu family	: 6
model		: 61
model name	: Intel(R) Core(TM) i5-5300U CPU @ 2.30GHz
stepping	: 4
microcode	: 0x22
cpu MHz		: 2625.054
cache size	: 3072 KB
physical id	: 0
siblings	: 4
core id		: 0
cpu cores	: 2
apicid		: 1
initial apicid	: 1
fpu		: yes
fpu_exception	: yes
cpuid level	: 20
wp		: yes
flags		: fpu vme de pse tsc msr pae mce cx8 apic sep mtrr pge mca cmov pat pse36 clflush dts acpi mmx fxsr sse sse2 ss ht tm pbe syscall nx pdpe1gb rdtscp lm constant_tsc arch_perfmon pebs bts rep_good nopl xtopology nonstop_tsc aperfmperf eagerfpu pni pclmulqdq dtes64 monitor ds_cpl vmx smx est tm2 ssse3 fma cx16 xtpr pdcm pcid sse4_1 sse4_2 x2apic movbe popcnt tsc_deadline_timer aes xsave avx f16c rdrand lahf_lm abm 3dnowprefetch ida arat epb xsaveopt pln pts dtherm tpr_shadow vnmi flexpriority ept vpid fsgsbase tsc_adjust bmi1 hle avx2 smep bmi2 erms invpcid rtm rdseed adx smap
bogomips	: 4589.14
clflush size	: 64
cache_alignment	: 64
address sizes	: 39 bits physical, 48 bits virtual
power management:

processor	: 3
vendor_id	: GenuineIntel
cpu family	: 6
model		: 61
model name	: Intel(R) Core(TM) i5-5300U CPU @ 2.30GHz
stepping	: 4
microcode	: 0x22
cpu MHz		: 2599.988
cache size	: 3072 KB
physical id	: 0
siblings	: 4
core id		: 1
cpu cores	: 2
apicid		: 3
initial apicid	: 3
fpu		: yes
fpu_exception	: yes
cpuid level	: 20
wp		: yes
flags		: fpu vme de pse tsc msr pae mce cx8 apic sep mtrr pge mca cmov pat pse36 clflush dts acpi mmx fxsr sse sse2 ss ht tm pbe syscall nx pdpe1gb rdtscp lm constant_tsc arch_perfmon pebs bts rep_good nopl xtopology nonstop_tsc aperfmperf eagerfpu pni pclmulqdq dtes64 monitor ds_cpl vmx smx est tm2 ssse3 fma cx16 xtpr pdcm pcid sse4_1 sse4_2 x2apic movbe popcnt tsc_deadline_timer aes xsave avx f16c rdrand lahf_lm abm 3dnowprefetch ida arat epb xsaveopt pln pts dtherm tpr_shadow vnmi flexpriority ept vpid fsgsbase tsc_adjust bmi1 hle avx2 smep bmi2 erms invpcid rtm rdseed adx smap
bogomips	: 4589.14
clflush size	: 64
cache_alignment	: 64
address sizes	: 39 bits physical, 48 bits virtual
power management:



Memory: 4k page, physical 16355816k(134088k free), swap 0k(0k free)

vm_info: OpenJDK 64-Bit Server VM (24.91-b01) for linux-amd64 JRE (1.7.0_91-b02), built on Nov 19 2015 18:13:42 by "jmm" with gcc 4.9.2

time: Fri Jun 24 16:39:35 2016
elapsed time: 123 seconds

