#
# There is insufficient memory for the Java Runtime Environment to continue.
# Native memory allocation (malloc) failed to allocate 262668288 bytes for committing reserved memory.
# Possible reasons:
#   The system is out of physical RAM or swap space
#   In 32 bit mode, the process size limit was hit
# Possible solutions:
#   Reduce memory load on the system
#   Increase physical memory or swap space
#   Check if swap backing store is full
#   Use 64 bit Java on a 64 bit OS
#   Decrease Java heap size (-Xmx/-Xms)
#   Decrease number of Java threads
#   Decrease Java thread stack sizes (-Xss)
#   Set larger code cache with -XX:ReservedCodeCacheSize=
# This output file may be truncated or incomplete.
#
#  Out of Memory Error (os_linux.cpp:2827), pid=24849, tid=139942839392000
#
# JRE version: OpenJDK Runtime Environment (7.0_91-b02) (build 1.7.0_91-b02)
# Java VM: OpenJDK 64-Bit Server VM (24.91-b01 mixed mode linux-amd64 compressed oops)
# Derivative: IcedTea 2.6.3
# Distribution: Debian GNU/Linux 8.2 (jessie), package 7u91-2.6.3-1~deb8u1
# Failed to write core dump. Core dumps have been disabled. To enable core dumping, try "ulimit -c unlimited" before starting Java again
#

---------------  T H R E A D  ---------------

Current thread (0x00007f470c088800):  VMThread [stack: 0x00007f46fb2b1000,0x00007f46fb3b2000] [id=24860]

Stack: [0x00007f46fb2b1000,0x00007f46fb3b2000],  sp=0x00007f46fb3b04c0,  free space=1021k
Native frames: (J=compiled Java code, j=interpreted, Vv=VM code, C=native code)
V  [libjvm.so+0x987a96]  VMError::report_and_die()+0x186
V  [libjvm.so+0x492972]  report_vm_out_of_memory(char const*, int, unsigned long, char const*)+0x92
V  [libjvm.so+0x7f9d3b]  os::pd_commit_memory(char*, unsigned long, unsigned long, bool)+0xeb
V  [libjvm.so+0x7f441e]  os::commit_memory(char*, unsigned long, unsigned long, bool)+0x2e
V  [libjvm.so+0x86805b]  PSVirtualSpace::expand_by(unsigned long)+0x5b
V  [libjvm.so+0x85688a]  PSOldGen::expand_by(unsigned long) [clone .part.28]+0x2a
V  [libjvm.so+0x856a40]  PSOldGen::expand(unsigned long) [clone .part.29]+0xc0
V  [libjvm.so+0x8579d8]  PSOldGen::resize(unsigned long)+0x198
V  [libjvm.so+0x85ebc4]  PSParallelCompact::invoke_no_policy(bool) [clone .part.121]+0x994
V  [libjvm.so+0x865975]  PSScavenge::invoke()+0x1a5
V  [libjvm.so+0x81d063]  ParallelScavengeHeap::failed_mem_allocate(unsigned long)+0x63
V  [libjvm.so+0x989362]  VM_ParallelGCFailedAllocation::doit()+0x92
V  [libjvm.so+0x98d7e7]  VM_Operation::evaluate()+0x47
V  [libjvm.so+0x98bf5b]  VMThread::evaluate_operation(VM_Operation*)+0xab
V  [libjvm.so+0x98c606]  VMThread::loop()+0x1e6
V  [libjvm.so+0x98cad1]  VMThread::run()+0x81
V  [libjvm.so+0x7f6c62]  java_start(Thread*)+0xf2

VM_Operation (0x00007f4714b215d0): ParallelGCFailedAllocation, mode: safepoint, requested by thread 0x00007f470c01d000


---------------  P R O C E S S  ---------------

Java Threads: ( => current thread )
  0x00007f470c80d800 JavaThread "Abandoned connection cleanup thread" daemon [_thread_blocked, id=24877, stack(0x00007f46fa01f000,0x00007f46fa120000)]
  0x00007f470c0d4000 JavaThread "Service Thread" daemon [_thread_blocked, id=24873, stack(0x00007f46fa7a3000,0x00007f46fa8a4000)]
  0x00007f470c0d2000 JavaThread "C2 CompilerThread1" daemon [_thread_blocked, id=24872, stack(0x00007f46fa8a4000,0x00007f46fa9a5000)]
  0x00007f470c0cf000 JavaThread "C2 CompilerThread0" daemon [_thread_blocked, id=24871, stack(0x00007f46fa9a5000,0x00007f46faaa6000)]
  0x00007f46d8001000 JavaThread "JDWP Command Reader" daemon [_thread_in_native, id=24869, stack(0x00007f46faaa6000,0x00007f46faba7000)]
  0x00007f470c0cc800 JavaThread "JDWP Event Helper Thread" daemon [_thread_blocked, id=24867, stack(0x00007f46faba7000,0x00007f46faca8000)]
  0x00007f470c0c9000 JavaThread "JDWP Transport Listener: dt_socket" daemon [_thread_blocked, id=24865, stack(0x00007f46faca8000,0x00007f46fada9000)]
  0x00007f470c0b9000 JavaThread "Signal Dispatcher" daemon [_thread_blocked, id=24863, stack(0x00007f46fafae000,0x00007f46fb0af000)]
  0x00007f470c08e800 JavaThread "Finalizer" daemon [_thread_blocked, id=24862, stack(0x00007f46fb0af000,0x00007f46fb1b0000)]
  0x00007f470c08c800 JavaThread "Reference Handler" daemon [_thread_blocked, id=24861, stack(0x00007f46fb1b0000,0x00007f46fb2b1000)]
  0x00007f470c01d000 JavaThread "main" [_thread_blocked, id=24852, stack(0x00007f4714a22000,0x00007f4714b23000)]

Other Threads:
=>0x00007f470c088800 VMThread [stack: 0x00007f46fb2b1000,0x00007f46fb3b2000] [id=24860]
  0x00007f470c0e7000 WatcherThread [stack: 0x00007f46fa6a2000,0x00007f46fa7a3000] [id=24874]

VM state:at safepoint (normal execution)

VM Mutex/Monitor currently owned by a thread:  ([mutex/lock_event])
[0x00007f470c018cc0] ExpandHeap_lock - owner thread: 0x00007f470c088800
[0x00007f470c019340] Threads_lock - owner thread: 0x00007f470c088800
[0x00007f470c019840] Heap_lock - owner thread: 0x00007f470c01d000

Heap
 PSYoungGen      total 541184K, used 83018K [0x00000007acc80000, 0x00000007e8400000, 0x0000000800000000)
  eden space 419840K, 0% used [0x00000007acc80000,0x00000007acc80000,0x00000007c6680000)
  from space 121344K, 68% used [0x00000007d0b00000,0x00000007d5c12b98,0x00000007d8180000)
  to   space 168448K, 0% used [0x00000007c6680000,0x00000007c6680000,0x00000007d0b00000)
 ParOldGen       total 325120K, used 324984K [0x0000000706600000, 0x000000071a380000, 0x00000007acc80000)
  object space 325120K, 99% used [0x0000000706600000,0x000000071a35e160,0x000000071a380000)
 PSPermGen       total 21504K, used 7281K [0x00000006fc000000, 0x00000006fd500000, 0x0000000706600000)
  object space 21504K, 33% used [0x00000006fc000000,0x00000006fc71c7b8,0x00000006fd500000)

Card table byte_map: [0x00007f4710864000,0x00007f4711085000] byte_map_base: 0x00007f470d084000

Polling page: 0x00007f4714b50000

Code Cache  [0x00007f4709000000, 0x00007f4709270000, 0x00007f470c000000)
 total_blobs=541 nmethods=266 adapters=236 free_code_cache=48113Kb largest_free_block=49098624

Compilation events (10 events):
Event: 17.094 Thread 0x00007f470c0d2000 nmethod 299 0x00007f4709077050 code [0x00007f4709077180, 0x00007f47090771d8]
Event: 17.699 Thread 0x00007f470c0cf000 nmethod 297% 0x00007f470911b290 code [0x00007f470911ba00, 0x00007f47091258b8]
Event: 18.594 Thread 0x00007f470c0d2000  300             java.lang.CharacterDataLatin1::toLowerCase (39 bytes)
Event: 18.594 Thread 0x00007f470c0d2000 nmethod 300 0x00007f4709073350 code [0x00007f47090734a0, 0x00007f4709073578]
Event: 21.509 Thread 0x00007f470c0cf000  301             com.mysql.jdbc.CompressedInputStream::readFully (65 bytes)
Event: 21.516 Thread 0x00007f470c0cf000 nmethod 301 0x00007f47090965d0 code [0x00007f4709096760, 0x00007f4709096f58]
Event: 22.125 Thread 0x00007f470c0d2000  302             java.util.zip.ZStreamRef::address (5 bytes)
Event: 22.125 Thread 0x00007f470c0d2000 nmethod 302 0x00007f47090bd850 code [0x00007f47090bd980, 0x00007f47090bd9d8]
Event: 24.398 Thread 0x00007f470c0cf000  303   !         java.net.AbstractPlainSocketImpl::isConnectionReset (31 bytes)
Event: 24.399 Thread 0x00007f470c0cf000 nmethod 303 0x00007f4709108a10 code [0x00007f4709108b60, 0x00007f4709108e38]

GC Heap History (10 events):
Event: 12.197 GC heap after
Heap after GC invocations=5 (full 0):
 PSYoungGen      total 270336K, used 10216K [0x00000007acc80000, 0x00000007d4e80000, 0x0000000800000000)
  eden space 260096K, 0% used [0x00000007acc80000,0x00000007acc80000,0x00000007bca80000)
  from space 10240K, 99% used [0x00000007bca80000,0x00000007bd47a2d0,0x00000007bd480000)
  to   space 68608K, 0% used [0x00000007d0b80000,0x00000007d0b80000,0x00000007d4e80000)
 ParOldGen       total 169984K, used 159488K [0x0000000706600000, 0x0000000710c00000, 0x00000007acc80000)
  object space 169984K, 93% used [0x0000000706600000,0x00000007101c0340,0x0000000710c00000)
 PSPermGen       total 21504K, used 7271K [0x00000006fc000000, 0x00000006fd500000, 0x0000000706600000)
  object space 21504K, 33% used [0x00000006fc000000,0x00000006fc719ec8,0x00000006fd500000)
}
Event: 12.197 GC heap before
{Heap before GC invocations=6 (full 1):
 PSYoungGen      total 270336K, used 10216K [0x00000007acc80000, 0x00000007d4e80000, 0x0000000800000000)
  eden space 260096K, 0% used [0x00000007acc80000,0x00000007acc80000,0x00000007bca80000)
  from space 10240K, 99% used [0x00000007bca80000,0x00000007bd47a2d0,0x00000007bd480000)
  to   space 68608K, 0% used [0x00000007d0b80000,0x00000007d0b80000,0x00000007d4e80000)
 ParOldGen       total 169984K, used 159488K [0x0000000706600000, 0x0000000710c00000, 0x00000007acc80000)
  object space 169984K, 93% used [0x0000000706600000,0x00000007101c0340,0x0000000710c00000)
 PSPermGen       total 21504K, used 7271K [0x00000006fc000000, 0x00000006fd500000, 0x0000000706600000)
  object space 21504K, 33% used [0x00000006fc000000,0x00000006fc719ec8,0x00000006fd500000)
Event: 13.702 GC heap after
Heap after GC invocations=6 (full 1):
 PSYoungGen      total 270336K, used 0K [0x00000007acc80000, 0x00000007d4e80000, 0x0000000800000000)
  eden space 260096K, 0% used [0x00000007acc80000,0x00000007acc80000,0x00000007bca80000)
  from space 10240K, 0% used [0x00000007bca80000,0x00000007bca80000,0x00000007bd480000)
  to   space 68608K, 0% used [0x00000007d0b80000,0x00000007d0b80000,0x00000007d4e80000)
 ParOldGen       total 325120K, used 160811K [0x0000000706600000, 0x000000071a380000, 0x00000007acc80000)
  object space 325120K, 49% used [0x0000000706600000,0x000000071030ae20,0x000000071a380000)
 PSPermGen       total 21504K, used 7270K [0x00000006fc000000, 0x00000006fd500000, 0x0000000706600000)
  object space 21504K, 33% used [0x00000006fc000000,0x00000006fc719898,0x00000006fd500000)
}
Event: 16.765 GC heap before
{Heap before GC invocations=7 (full 1):
 PSYoungGen      total 270336K, used 260096K [0x00000007acc80000, 0x00000007d4e80000, 0x0000000800000000)
  eden space 260096K, 100% used [0x00000007acc80000,0x00000007bca80000,0x00000007bca80000)
  from space 10240K, 0% used [0x00000007bca80000,0x00000007bca80000,0x00000007bd480000)
  to   space 68608K, 0% used [0x00000007d0b80000,0x00000007d0b80000,0x00000007d4e80000)
 ParOldGen       total 325120K, used 160811K [0x0000000706600000, 0x000000071a380000, 0x00000007acc80000)
  object space 325120K, 49% used [0x0000000706600000,0x000000071030ae20,0x000000071a380000)
 PSPermGen       total 21504K, used 7272K [0x00000006fc000000, 0x00000006fd500000, 0x0000000706600000)
  object space 21504K, 33% used [0x00000006fc000000,0x00000006fc71a348,0x00000006fd500000)
Event: 16.900 GC heap after
Heap after GC invocations=7 (full 1):
 PSYoungGen      total 413184K, used 63366K [0x00000007acc80000, 0x00000007d4980000, 0x0000000800000000)
  eden space 349696K, 0% used [0x00000007acc80000,0x00000007acc80000,0x00000007c2200000)
  from space 63488K, 99% used [0x00000007d0b80000,0x00000007d4961930,0x00000007d4980000)
  to   space 76800K, 0% used [0x00000007cb380000,0x00000007cb380000,0x00000007cfe80000)
 ParOldGen       total 325120K, used 160811K [0x0000000706600000, 0x000000071a380000, 0x00000007acc80000)
  object space 325120K, 49% used [0x0000000706600000,0x000000071030ae20,0x000000071a380000)
 PSPermGen       total 21504K, used 7272K [0x00000006fc000000, 0x00000006fd500000, 0x0000000706600000)
  object space 21504K, 33% used [0x00000006fc000000,0x00000006fc71a348,0x00000006fd500000)
}
Event: 21.645 GC heap before
{Heap before GC invocations=8 (full 1):
 PSYoungGen      total 413184K, used 413062K [0x00000007acc80000, 0x00000007d4980000, 0x0000000800000000)
  eden space 349696K, 100% used [0x00000007acc80000,0x00000007c2200000,0x00000007c2200000)
  from space 63488K, 99% used [0x00000007d0b80000,0x00000007d4961930,0x00000007d4980000)
  to   space 76800K, 0% used [0x00000007cb380000,0x00000007cb380000,0x00000007cfe80000)
 ParOldGen       total 325120K, used 160811K [0x0000000706600000, 0x000000071a380000, 0x00000007acc80000)
  object space 325120K, 49% used [0x0000000706600000,0x000000071030ae20,0x000000071a380000)
 PSPermGen       total 21504K, used 7280K [0x00000006fc000000, 0x00000006fd500000, 0x0000000706600000)
  object space 21504K, 33% used [0x00000006fc000000,0x00000006fc71c150,0x00000006fd500000)
Event: 21.892 GC heap after
Heap after GC invocations=8 (full 1):
 PSYoungGen      total 543744K, used 76768K [0x00000007acc80000, 0x00000007d8180000, 0x0000000800000000)
  eden space 466944K, 0% used [0x00000007acc80000,0x00000007acc80000,0x00000007c9480000)
  from space 76800K, 99% used [0x00000007cb380000,0x00000007cfe78088,0x00000007cfe80000)
  to   space 121344K, 0% used [0x00000007d0b00000,0x00000007d0b00000,0x00000007d8180000)
 ParOldGen       total 325120K, used 227668K [0x0000000706600000, 0x000000071a380000, 0x00000007acc80000)
  object space 325120K, 70% used [0x0000000706600000,0x00000007144551c0,0x000000071a380000)
 PSPermGen       total 21504K, used 7280K [0x00000006fc000000, 0x00000006fd500000, 0x0000000706600000)
  object space 21504K, 33% used [0x00000006fc000000,0x00000006fc71c150,0x00000006fd500000)
}
Event: 26.728 GC heap before
{Heap before GC invocations=9 (full 1):
 PSYoungGen      total 543744K, used 543712K [0x00000007acc80000, 0x00000007d8180000, 0x0000000800000000)
  eden space 466944K, 100% used [0x00000007acc80000,0x00000007c9480000,0x00000007c9480000)
  from space 76800K, 99% used [0x00000007cb380000,0x00000007cfe78088,0x00000007cfe80000)
  to   space 121344K, 0% used [0x00000007d0b00000,0x00000007d0b00000,0x00000007d8180000)
 ParOldGen       total 325120K, used 227668K [0x0000000706600000, 0x000000071a380000, 0x00000007acc80000)
  object space 325120K, 70% used [0x0000000706600000,0x00000007144551c0,0x000000071a380000)
 PSPermGen       total 21504K, used 7281K [0x00000006fc000000, 0x00000006fd500000, 0x0000000706600000)
  object space 21504K, 33% used [0x00000006fc000000,0x00000006fc71c7b8,0x00000006fd500000)
Event: 27.184 GC heap after
Heap after GC invocations=9 (full 1):
 PSYoungGen      total 541184K, used 121324K [0x00000007acc80000, 0x00000007e8400000, 0x0000000800000000)
  eden space 419840K, 0% used [0x00000007acc80000,0x00000007acc80000,0x00000007c6680000)
  from space 121344K, 99% used [0x00000007d0b00000,0x00000007d817b2e0,0x00000007d8180000)
  to   space 168448K, 0% used [0x00000007c6680000,0x00000007c6680000,0x00000007d0b00000)
 ParOldGen       total 325120K, used 289839K [0x0000000706600000, 0x000000071a380000, 0x00000007acc80000)
  object space 325120K, 89% used [0x0000000706600000,0x000000071810bc70,0x000000071a380000)
 PSPermGen       total 21504K, used 7281K [0x00000006fc000000, 0x00000006fd500000, 0x0000000706600000)
  object space 21504K, 33% used [0x00000006fc000000,0x00000006fc71c7b8,0x00000006fd500000)
}
Event: 27.184 GC heap before
{Heap before GC invocations=10 (full 2):
 PSYoungGen      total 541184K, used 121324K [0x00000007acc80000, 0x00000007e8400000, 0x0000000800000000)
  eden space 419840K, 0% used [0x00000007acc80000,0x00000007acc80000,0x00000007c6680000)
  from space 121344K, 99% used [0x00000007d0b00000,0x00000007d817b2e0,0x00000007d8180000)
  to   space 168448K, 0% used [0x00000007c6680000,0x00000007c6680000,0x00000007d0b00000)
 ParOldGen       total 325120K, used 289839K [0x0000000706600000, 0x000000071a380000, 0x00000007acc80000)
  object space 325120K, 89% used [0x0000000706600000,0x000000071810bc70,0x000000071a380000)
 PSPermGen       total 21504K, used 7281K [0x00000006fc000000, 0x00000006fd500000, 0x0000000706600000)
  object space 21504K, 33% used [0x00000006fc000000,0x00000006fc71c7b8,0x00000006fd500000)

Deoptimization events (10 events):
Event: 3.517 Thread 0x00007f470c01d000 Uncommon trap: reason=class_check action=maybe_recompile pc=0x00007f47090a9838 method=com.mysql.jdbc.ResultSetImpl.getStringInternal(IZ)Ljava/lang/String; @ 49
Event: 3.527 Thread 0x00007f470c01d000 Uncommon trap: reason=class_check action=maybe_recompile pc=0x00007f470908d62c method=com.mysql.jdbc.RowDataStatic.next()Lcom/mysql/jdbc/ResultSetRow; @ 62
Event: 3.746 Thread 0x00007f470c01d000 Uncommon trap: reason=array_check action=maybe_recompile pc=0x00007f47090d389c method=java.util.AbstractCollection.toArray([Ljava/lang/Object;)[Ljava/lang/Object; @ 119
Event: 3.746 Thread 0x00007f470c01d000 Uncommon trap: reason=array_check action=maybe_recompile pc=0x00007f47090d389c method=java.util.AbstractCollection.toArray([Ljava/lang/Object;)[Ljava/lang/Object; @ 119
Event: 3.746 Thread 0x00007f470c01d000 Uncommon trap: reason=array_check action=maybe_recompile pc=0x00007f47090d389c method=java.util.AbstractCollection.toArray([Ljava/lang/Object;)[Ljava/lang/Object; @ 119
Event: 3.746 Thread 0x00007f470c01d000 Uncommon trap: reason=array_check action=maybe_recompile pc=0x00007f47090d389c method=java.util.AbstractCollection.toArray([Ljava/lang/Object;)[Ljava/lang/Object; @ 119
Event: 4.044 Thread 0x00007f470c01d000 Uncommon trap: reason=unstable_if action=reinterpret pc=0x00007f47090bd914 method=com.mysql.jdbc.RowDataStatic.isAfterLast()Z @ 13
Event: 4.117 Thread 0x00007f470c01d000 Uncommon trap: reason=unstable_if action=reinterpret pc=0x00007f47090cf68c method=java.util.HashMap.put(Ljava/lang/Object;Ljava/lang/Object;)Ljava/lang/Object; @ 7
Event: 16.928 Thread 0x00007f470c01d000 Uncommon trap: reason=unstable_if action=reinterpret pc=0x00007f47090fbf80 method=arff.ARFFWriter.create()V @ 340
Event: 16.928 Thread 0x00007f470c01d000 Uncommon trap: reason=unstable_if action=reinterpret pc=0x00007f47090dae90 method=java.util.HashMap.put(Ljava/lang/Object;Ljava/lang/Object;)Ljava/lang/Object; @ 77

Internal exceptions (10 events):
Event: 2.097 Thread 0x00007f470c01d000 Threw 0x00000007ad9072c0 at /home/jmm/jdk3/openjdk-7-7u91-2.6.3/build/openjdk/hotspot/src/share/vm/prims/jvm.cpp:1322
Event: 2.118 Thread 0x00007f470c01d000 Threw 0x00000007ad9156c8 at /home/jmm/jdk3/openjdk-7-7u91-2.6.3/build/openjdk/hotspot/src/share/vm/prims/jvm.cpp:1322
Event: 2.121 Thread 0x00007f470c01d000 Threw 0x00000007ad934ec8 at /home/jmm/jdk3/openjdk-7-7u91-2.6.3/build/openjdk/hotspot/src/share/vm/prims/jvm.cpp:1322
Event: 2.124 Thread 0x00007f470c01d000 Threw 0x00000007ad93a3e8 at /home/jmm/jdk3/openjdk-7-7u91-2.6.3/build/openjdk/hotspot/src/share/vm/prims/jvm.cpp:1322
Event: 2.125 Thread 0x00007f470c01d000 Threw 0x00000007ad93eb98 at /home/jmm/jdk3/openjdk-7-7u91-2.6.3/build/openjdk/hotspot/src/share/vm/prims/jvm.cpp:1322
Event: 2.125 Thread 0x00007f470c01d000 Threw 0x00000007ad952d98 at /home/jmm/jdk3/openjdk-7-7u91-2.6.3/build/openjdk/hotspot/src/share/vm/prims/jvm.cpp:1322
Event: 2.385 Thread 0x00007f470c01d000 Threw 0x00000007ae66f210 at /home/jmm/jdk3/openjdk-7-7u91-2.6.3/build/openjdk/hotspot/src/share/vm/prims/jvm.cpp:1322
Event: 2.386 Thread 0x00007f470c01d000 Threw 0x00000007ae684768 at /home/jmm/jdk3/openjdk-7-7u91-2.6.3/build/openjdk/hotspot/src/share/vm/prims/jvm.cpp:1322
Event: 2.388 Thread 0x00007f470c01d000 Threw 0x00000007ae69f9e0 at /home/jmm/jdk3/openjdk-7-7u91-2.6.3/build/openjdk/hotspot/src/share/vm/prims/jvm.cpp:1322
Event: 3.443 Thread 0x00007f470c01d000 Threw 0x00000007ad678d20 at /home/jmm/jdk3/openjdk-7-7u91-2.6.3/build/openjdk/hotspot/src/share/vm/prims/jvm.cpp:1322

Events (10 events):
Event: 18.595 Thread 0x00007f470c0d2000 flushing nmethod 0x00007f47090bbed0
Event: 21.516 Thread 0x00007f470c0cf000 flushing nmethod 0x00007f47090bd710
Event: 21.516 Thread 0x00007f470c0cf000 flushing nmethod 0x00007f47090c1d10
Event: 21.645 Executing VM operation: ParallelGCFailedAllocation
Event: 21.892 Executing VM operation: ParallelGCFailedAllocation done
Event: 22.125 Thread 0x00007f470c0d2000 flushing nmethod 0x00007f47090c4410
Event: 22.125 Thread 0x00007f470c0d2000 flushing nmethod 0x00007f47090c8190
Event: 24.399 Thread 0x00007f470c0cf000 flushing nmethod 0x00007f47090cee90
Event: 24.399 Thread 0x00007f470c0cf000 flushing nmethod 0x00007f47090d3190
Event: 26.728 Executing VM operation: ParallelGCFailedAllocation


Dynamic libraries:
00400000-00401000 r-xp 00000000 08:03 6161263                            /usr/lib/jvm/java-7-openjdk-amd64/jre/bin/java
00600000-00601000 r--p 00000000 08:03 6161263                            /usr/lib/jvm/java-7-openjdk-amd64/jre/bin/java
00601000-00602000 rw-p 00001000 08:03 6161263                            /usr/lib/jvm/java-7-openjdk-amd64/jre/bin/java
019b5000-019d6000 rw-p 00000000 00:00 0                                  [heap]
6fc000000-6fd500000 rw-p 00000000 00:00 0 
6fd500000-706600000 rw-p 00000000 00:00 0 
706600000-71a380000 rw-p 00000000 00:00 0 
729e00000-7acc80000 rw-p 00000000 00:00 0 
7acc80000-7e8400000 rw-p 00000000 00:00 0 
7e8400000-800000000 rw-p 00000000 00:00 0 
7f46b4000000-7f46b4021000 rw-p 00000000 00:00 0 
7f46b4021000-7f46b8000000 ---p 00000000 00:00 0 
7f46bc000000-7f46bc021000 rw-p 00000000 00:00 0 
7f46bc021000-7f46c0000000 ---p 00000000 00:00 0 
7f46c0000000-7f46c0021000 rw-p 00000000 00:00 0 
7f46c0021000-7f46c4000000 ---p 00000000 00:00 0 
7f46c4000000-7f46c4ed6000 rw-p 00000000 00:00 0 
7f46c4ed6000-7f46c8000000 ---p 00000000 00:00 0 
7f46c8000000-7f46c8e04000 rw-p 00000000 00:00 0 
7f46c8e04000-7f46cc000000 ---p 00000000 00:00 0 
7f46cc000000-7f46cc021000 rw-p 00000000 00:00 0 
7f46cc021000-7f46d0000000 ---p 00000000 00:00 0 
7f46d0000000-7f46d0021000 rw-p 00000000 00:00 0 
7f46d0021000-7f46d4000000 ---p 00000000 00:00 0 
7f46d4000000-7f46d4021000 rw-p 00000000 00:00 0 
7f46d4021000-7f46d8000000 ---p 00000000 00:00 0 
7f46d8000000-7f46d8021000 rw-p 00000000 00:00 0 
7f46d8021000-7f46dc000000 ---p 00000000 00:00 0 
7f46dc000000-7f46dc021000 rw-p 00000000 00:00 0 
7f46dc021000-7f46e0000000 ---p 00000000 00:00 0 
7f46e0000000-7f46e0021000 rw-p 00000000 00:00 0 
7f46e0021000-7f46e4000000 ---p 00000000 00:00 0 
7f46e4000000-7f46e423f000 rw-p 00000000 00:00 0 
7f46e423f000-7f46e8000000 ---p 00000000 00:00 0 
7f46ebe00000-7f46f4000000 rw-p 00000000 00:00 0 
7f46f4000000-7f46f4021000 rw-p 00000000 00:00 0 
7f46f4021000-7f46f8000000 ---p 00000000 00:00 0 
7f46f852f000-7f46f8830000 rw-p 00000000 00:00 0 
7f46f8830000-7f46f889c000 r-xp 00000000 08:03 262201                     /lib/x86_64-linux-gnu/libpcre.so.3.13.1
7f46f889c000-7f46f8a9c000 ---p 0006c000 08:03 262201                     /lib/x86_64-linux-gnu/libpcre.so.3.13.1
7f46f8a9c000-7f46f8a9d000 r--p 0006c000 08:03 262201                     /lib/x86_64-linux-gnu/libpcre.so.3.13.1
7f46f8a9d000-7f46f8a9e000 rw-p 0006d000 08:03 262201                     /lib/x86_64-linux-gnu/libpcre.so.3.13.1
7f46f8a9e000-7f46f8aa5000 r-xp 00000000 08:03 5509325                    /usr/lib/x86_64-linux-gnu/libffi.so.6.0.2
7f46f8aa5000-7f46f8ca4000 ---p 00007000 08:03 5509325                    /usr/lib/x86_64-linux-gnu/libffi.so.6.0.2
7f46f8ca4000-7f46f8ca5000 r--p 00006000 08:03 5509325                    /usr/lib/x86_64-linux-gnu/libffi.so.6.0.2
7f46f8ca5000-7f46f8ca6000 rw-p 00007000 08:03 5509325                    /usr/lib/x86_64-linux-gnu/libffi.so.6.0.2
7f46f8ca6000-7f46f8cba000 r-xp 00000000 08:03 263059                     /lib/x86_64-linux-gnu/libresolv-2.19.so
7f46f8cba000-7f46f8eb9000 ---p 00014000 08:03 263059                     /lib/x86_64-linux-gnu/libresolv-2.19.so
7f46f8eb9000-7f46f8eba000 r--p 00013000 08:03 263059                     /lib/x86_64-linux-gnu/libresolv-2.19.so
7f46f8eba000-7f46f8ebb000 rw-p 00014000 08:03 263059                     /lib/x86_64-linux-gnu/libresolv-2.19.so
7f46f8ebb000-7f46f8ebd000 rw-p 00000000 00:00 0 
7f46f8ebd000-7f46f8ede000 r-xp 00000000 08:03 262243                     /lib/x86_64-linux-gnu/libselinux.so.1
7f46f8ede000-7f46f90de000 ---p 00021000 08:03 262243                     /lib/x86_64-linux-gnu/libselinux.so.1
7f46f90de000-7f46f90df000 r--p 00021000 08:03 262243                     /lib/x86_64-linux-gnu/libselinux.so.1
7f46f90df000-7f46f90e0000 rw-p 00022000 08:03 262243                     /lib/x86_64-linux-gnu/libselinux.so.1
7f46f90e0000-7f46f90e2000 rw-p 00000000 00:00 0 
7f46f90e2000-7f46f90e5000 r-xp 00000000 08:03 5512006                    /usr/lib/x86_64-linux-gnu/libgmodule-2.0.so.0.4200.1
7f46f90e5000-7f46f92e4000 ---p 00003000 08:03 5512006                    /usr/lib/x86_64-linux-gnu/libgmodule-2.0.so.0.4200.1
7f46f92e4000-7f46f92e5000 r--p 00002000 08:03 5512006                    /usr/lib/x86_64-linux-gnu/libgmodule-2.0.so.0.4200.1
7f46f92e5000-7f46f92e6000 rw-p 00003000 08:03 5512006                    /usr/lib/x86_64-linux-gnu/libgmodule-2.0.so.0.4200.1
7f46f92e6000-7f46f93f2000 r-xp 00000000 08:03 265179                     /lib/x86_64-linux-gnu/libglib-2.0.so.0.4200.1
7f46f93f2000-7f46f95f2000 ---p 0010c000 08:03 265179                     /lib/x86_64-linux-gnu/libglib-2.0.so.0.4200.1
7f46f95f2000-7f46f95f3000 r--p 0010c000 08:03 265179                     /lib/x86_64-linux-gnu/libglib-2.0.so.0.4200.1
7f46f95f3000-7f46f95f4000 rw-p 0010d000 08:03 265179                     /lib/x86_64-linux-gnu/libglib-2.0.so.0.4200.1
7f46f95f4000-7f46f95f5000 rw-p 00000000 00:00 0 
7f46f95f5000-7f46f9646000 r-xp 00000000 08:03 5512007                    /usr/lib/x86_64-linux-gnu/libgobject-2.0.so.0.4200.1
7f46f9646000-7f46f9845000 ---p 00051000 08:03 5512007                    /usr/lib/x86_64-linux-gnu/libgobject-2.0.so.0.4200.1
7f46f9845000-7f46f9846000 r--p 00050000 08:03 5512007                    /usr/lib/x86_64-linux-gnu/libgobject-2.0.so.0.4200.1
7f46f9846000-7f46f9847000 rw-p 00051000 08:03 5512007                    /usr/lib/x86_64-linux-gnu/libgobject-2.0.so.0.4200.1
7f46f9847000-7f46f99b8000 r-xp 00000000 08:03 5512009                    /usr/lib/x86_64-linux-gnu/libgio-2.0.so.0.4200.1
7f46f99b8000-7f46f9bb8000 ---p 00171000 08:03 5512009                    /usr/lib/x86_64-linux-gnu/libgio-2.0.so.0.4200.1
7f46f9bb8000-7f46f9bbc000 r--p 00171000 08:03 5512009                    /usr/lib/x86_64-linux-gnu/libgio-2.0.so.0.4200.1
7f46f9bbc000-7f46f9bbe000 rw-p 00175000 08:03 5512009                    /usr/lib/x86_64-linux-gnu/libgio-2.0.so.0.4200.1
7f46f9bbe000-7f46f9bc0000 rw-p 00000000 00:00 0 
7f46f9be3000-7f46f9be4000 rw-p 00000000 00:00 0 
7f46f9be4000-7f46f9be9000 r--s 0004e000 08:03 6161239                    /usr/lib/jvm/java-7-openjdk-amd64/jre/lib/jsse.jar
7f46f9be9000-7f46f9c01000 r-xp 00000000 08:03 6161216                    /usr/lib/jvm/java-7-openjdk-amd64/jre/lib/amd64/libnet.so
7f46f9c01000-7f46f9e00000 ---p 00018000 08:03 6161216                    /usr/lib/jvm/java-7-openjdk-amd64/jre/lib/amd64/libnet.so
7f46f9e00000-7f46f9e01000 r--p 00017000 08:03 6161216                    /usr/lib/jvm/java-7-openjdk-amd64/jre/lib/amd64/libnet.so
7f46f9e01000-7f46f9e02000 rw-p 00018000 08:03 6161216                    /usr/lib/jvm/java-7-openjdk-amd64/jre/lib/amd64/libnet.so
7f46f9e02000-7f46f9e13000 r-xp 00000000 08:03 6161198                    /usr/lib/jvm/java-7-openjdk-amd64/jre/lib/amd64/libnio.so
7f46f9e13000-7f46fa012000 ---p 00011000 08:03 6161198                    /usr/lib/jvm/java-7-openjdk-amd64/jre/lib/amd64/libnio.so
7f46fa012000-7f46fa013000 r--p 00010000 08:03 6161198                    /usr/lib/jvm/java-7-openjdk-amd64/jre/lib/amd64/libnio.so
7f46fa013000-7f46fa014000 rw-p 00011000 08:03 6161198                    /usr/lib/jvm/java-7-openjdk-amd64/jre/lib/amd64/libnio.so
7f46fa014000-7f46fa01f000 r--s 00203000 08:03 6161180                    /usr/lib/jvm/java-7-openjdk-amd64/jre/lib/charsets.jar
7f46fa01f000-7f46fa022000 ---p 00000000 00:00 0 
7f46fa022000-7f46fa120000 rw-p 00000000 00:00 0                          [stack:24877]
7f46fa120000-7f46fa130000 r--s 000a8000 08:03 43102                      /home/zerr/.m2/repository/org/apache/commons/commons-collections4/4.1/commons-collections4-4.1.jar
7f46fa130000-7f46fa138000 r--s 00048000 08:03 8530998                    /home/zerr/.m2/repository/org/openimaj/clustering/1.3.1/clustering-1.3.1.jar
7f46fa138000-7f46fa13a000 r--s 0000d000 08:03 8531002                    /home/zerr/.m2/repository/tw/edu/ntu/csie/libsvm/3.1/libsvm-3.1.jar
7f46fa13a000-7f46fa13c000 r--s 00017000 08:03 8531050                    /home/zerr/.m2/repository/de/bwaldvogel/liblinear-dense/1.92/liblinear-dense-1.92.jar
7f46fa13c000-7f46fa143000 r--s 00045000 08:03 8530938                    /home/zerr/.m2/repository/org/openimaj/nearest-neighbour/1.3.1/nearest-neighbour-1.3.1.jar
7f46fa143000-7f46fa145000 r--s 00003000 08:03 8531048                    /home/zerr/.m2/repository/org/bethecoder/ascii-table/1.0/ascii-table-1.0.jar
7f46fa145000-7f46fa153000 r--s 000b0000 08:03 8530988                    /home/zerr/.m2/repository/org/codehaus/jackson/jackson-mapper-asl/1.9.4/jackson-mapper-asl-1.9.4.jar
7f46fa153000-7f46fa157000 r--s 00034000 08:03 8530986                    /home/zerr/.m2/repository/org/codehaus/jackson/jackson-core-asl/1.9.4/jackson-core-asl-1.9.4.jar
7f46fa157000-7f46fa167000 r--s 000c4000 08:03 8530972                    /home/zerr/.m2/repository/org/codehaus/castor/castor/1.2/castor-1.2.jar
7f46fa167000-7f46fa18b000 r--s 00341000 08:03 8530970                    /home/zerr/.m2/repository/eclipse/jdtcore/3.1.0/jdtcore-3.1.0.jar
7f46fa18b000-7f46fa193000 r--s 00028000 08:03 8531619                    /home/zerr/.m2/repository/xml-apis/xml-apis/1.3.02/xml-apis-1.3.02.jar
7f46fa193000-7f46fa197000 r--s 0002b000 08:03 8530968                    /home/zerr/.m2/repository/org/bouncycastle/bcmail-jdk14/1.38/bcmail-jdk14-1.38.jar
7f46fa197000-7f46fa1b8000 r--s 0015a000 08:03 8530966                    /home/zerr/.m2/repository/org/bouncycastle/bcprov-jdk14/1.38/bcprov-jdk14-1.38.jar
7f46fa1b8000-7f46fa1b9000 r--s 00005000 08:03 8530964                    /home/zerr/.m2/repository/org/bouncycastle/bctsp-jdk14/1.38/bctsp-jdk14-1.38.jar
7f46fa1b9000-7f46fa1da000 r--s 0015a000 08:03 8530962                    /home/zerr/.m2/repository/bouncycastle/bcprov-jdk14/138/bcprov-jdk14-138.jar
7f46fa1da000-7f46fa1de000 r--s 0002b000 08:03 8530960                    /home/zerr/.m2/repository/bouncycastle/bcmail-jdk14/138/bcmail-jdk14-138.jar
7f46fa1de000-7f46fa1ea000 r--s 00108000 08:03 8530958                    /home/zerr/.m2/repository/com/lowagie/itext/2.1.7/itext-2.1.7.jar
7f46fa1ea000-7f46fa1f0000 r--s 0002b000 08:03 8530956                    /home/zerr/.m2/repository/commons-digester/commons-digester/2.1/commons-digester-2.1.jar
7f46fa1f0000-7f46fa1f6000 r--s 00023000 08:03 8419869                    /home/zerr/.m2/repository/commons-collections/commons-collections/2.1/commons-collections-2.1.jar
7f46fa1f6000-7f46fa1fb000 r--s 00034000 08:03 8789652                    /home/zerr/.m2/repository/commons-beanutils/commons-beanutils/1.8.0/commons-beanutils-1.8.0.jar
7f46fa1fb000-7f46fa240000 r--s 00383000 08:03 8530954                    /home/zerr/.m2/repository/net/sf/jasperreports/jasperreports/4.6.0/jasperreports-4.6.0.jar
7f46fa240000-7f46fa24a000 r--s 0006e000 08:03 8530952                    /home/zerr/.m2/repository/jfree/jcommon/1.0.16/jcommon-1.0.16.jar
7f46fa24a000-7f46fa25b000 r--s 0014c000 08:03 8530950                    /home/zerr/.m2/repository/jfree/jfreechart/1.0.13/jfreechart-1.0.13.jar
7f46fa25b000-7f46fa25d000 r--s 00005000 08:03 8530948                    /home/zerr/.m2/repository/com/googlecode/jatl/jatl/0.2.1/jatl-0.2.1.jar
7f46fa25d000-7f46fa270000 r--s 000df000 08:03 8414909                    /home/zerr/.m2/repository/org/apache/commons/commons-math/2.2/commons-math-2.2.jar
7f46fa270000-7f46fa271000 r--s 00005000 08:03 8530946                    /home/zerr/.m2/repository/org/openimaj/IREval/1.3.1/IREval-1.3.1.jar
7f46fa271000-7f46fa277000 r--s 00023000 08:03 8530944                    /home/zerr/.m2/repository/org/openimaj/core-experiment/1.3.1/core-experiment-1.3.1.jar
7f46fa277000-7f46fa29a000 r--s 001ba000 08:03 8414841                    /home/zerr/.m2/repository/org/apache/commons/commons-math3/3.3/commons-math3-3.3.jar
7f46fa29a000-7f46fa29c000 r--s 00010000 08:03 8531040                    /home/zerr/.m2/repository/net/sourceforge/jmatio/jmatio/1.2/jmatio-1.2.jar
7f46fa29c000-7f46fa2b9000 r--s 00139000 08:03 8530920                    /home/zerr/.m2/repository/gov/sandia/foundry/gov-sandia-cognition-learning-core/3.3.0/gov-sandia-cognition-learning-core-3.3.0.jar
7f46fa2b9000-7f46fa2c5000 r--s 0006a000 08:03 8788410                    /home/zerr/.m2/repository/com/thoughtworks/xstream/xstream/1.4.3/xstream-1.4.3.jar
7f46fa2c5000-7f46fa2cd000 r--s 00049000 08:03 8530916                    /home/zerr/.m2/repository/gov/sandia/foundry/gov-sandia-cognition-common-core/3.3.0/gov-sandia-cognition-common-core-3.3.0.jar
7f46fa2cd000-7f46fa2cf000 r--s 00008000 08:03 8530914                    /home/zerr/.m2/repository/org/openimaj/MatrixLib/1.3.1/MatrixLib-1.3.1.jar
7f46fa2cf000-7f46fa2d6000 r--s 00034000 08:03 8531038                    /home/zerr/.m2/repository/jgrapht/jgrapht/0.8.2/jgrapht-0.8.2.jar
7f46fa2d6000-7f46fa2d7000 r--s 00006000 08:03 8531036                    /home/zerr/.m2/repository/net/sf/jafama/JaFaMa/1.2/JaFaMa-1.2.jar
7f46fa2d7000-7f46fa2e9000 r--s 00112000 08:03 8530912                    /home/zerr/.m2/repository/net/sourceforge/f2j/arpack_combined_all/0.1/arpack_combined_all-0.1.jar
7f46fa2e9000-7f46fa2eb000 r--s 0001f000 08:03 8530910                    /home/zerr/.m2/repository/com/googlecode/netlib-java/netlib-java/0.9.3/netlib-java-0.9.3.jar
7f46fa2eb000-7f46fa2f1000 r--s 00095000 08:03 8530908                    /home/zerr/.m2/repository/com/googlecode/matrix-toolkits-java/mtj/0.9.14/mtj-0.9.14.jar
7f46fa2f1000-7f46fa2f5000 r--s 0001e000 08:03 8530906                    /home/zerr/.m2/repository/org/la4j/la4j/0.4.0/la4j-0.4.0.jar
7f46fa2f5000-7f46fa2f7000 r--s 00007000 08:03 8531034                    /home/zerr/.m2/repository/jama/jama/1.0.2/jama-1.0.2.jar
7f46fa2f7000-7f46fa2fe000 r--s 00050000 08:03 8530904                    /home/zerr/.m2/repository/org/openimaj/core-math/1.3.1/core-math-1.3.1.jar
7f46fa2fe000-7f46fa305000 r--s 00041000 08:03 8530936                    /home/zerr/.m2/repository/org/openimaj/core-feature/1.3.1/core-feature-1.3.1.jar
7f46fa305000-7f46fa315000 r--s 0007c000 08:03 8438122                    /home/zerr/.m2/repository/joda-time/joda-time/2.1/joda-time-2.1.jar
7f46fa315000-7f46fa31d000 r--s 00044000 08:03 8531000                    /home/zerr/.m2/repository/org/openimaj/machine-learning/1.3.1/machine-learning-1.3.1.jar
7f46fa31d000-7f46fa323000 r--s 00037000 08:03 8531400                    /home/zerr/.m2/repository/ch/qos/logback/logback-classic/1.0.0/logback-classic-1.0.0.jar
7f46fa323000-7f46fa32b000 r--s 00049000 08:03 8531398                    /home/zerr/.m2/repository/ch/qos/logback/logback-core/1.0.0/logback-core-1.0.0.jar
7f46fa32b000-7f46fa32c000 r--s 00008000 08:03 8531396                    /home/zerr/.m2/repository/commons-cli/commons-cli/1.1/commons-cli-1.1.jar
7f46fa32c000-7f46fa32e000 r--s 00005000 08:03 8415029                    /home/zerr/.m2/repository/org/slf4j/slf4j-api/1.6.4/slf4j-api-1.6.4.jar
7f46fa32e000-7f46fa335000 r--s 02511000 08:03 8531423                    /home/zerr/.m2/repository/xuggle/xuggle-xuggler-lgpl/5.5-20140728/xuggle-xuggler-lgpl-5.5-20140728.jar
7f46fa335000-7f46fa337000 r--s 00004000 08:03 8531394                    /home/zerr/.m2/repository/org/openimaj/xuggle-video/1.3.1/xuggle-video-1.3.1.jar
7f46fa337000-7f46fa339000 r--s 00007000 08:03 8531392                    /home/zerr/.m2/repository/org/openimaj/video-processing/1.3.1/video-processing-1.3.1.jar
7f46fa339000-7f46fa33b000 r--s 00007000 08:03 8530994                    /home/zerr/.m2/repository/org/openimaj/content/animation/1.3.1/animation-1.3.1.jar
7f46fa33b000-7f46fa33d000 r--s 00008000 08:03 8530992                    /home/zerr/.m2/repository/org/openimaj/core-audio/1.3.1/core-audio-1.3.1.jar
7f46fa33d000-7f46fa33f000 r--s 0001e000 08:03 8530990                    /home/zerr/.m2/repository/org/openimaj/core-video/1.3.1/core-video-1.3.1.jar
7f46fa33f000-7f46fa34e000 r--s 000e1000 08:03 8531412                    /home/zerr/.m2/repository/com/google/android/tools/dx/1.7/dx-1.7.jar
7f46fa34e000-7f46fa358000 r--s 000f1000 08:03 8439245                    /home/zerr/.m2/repository/com/nativelibs4java/bridj/0.7-20140918/bridj-0.7-20140918.jar
7f46fa358000-7f46fa35a000 r--s 00025000 08:03 8531410                    /home/zerr/.m2/repository/org/openimaj/core-video-capture/1.3.1/core-video-capture-1.3.1.jar
7f46fa35a000-7f46fa35b000 r--s 0008b000 08:03 8531408                    /home/zerr/.m2/repository/org/openimaj/FaceTracker/1.3.1/FaceTracker-1.3.1.jar
7f46fa35b000-7f46fa35c000 r--s 00001000 08:03 8530918                    /home/zerr/.m2/repository/xmlpull/xmlpull/1.1.3.1/xmlpull-1.1.3.1.jar
7f46fa35c000-7f46fa35e000 r--s 00005000 08:03 8789746                    /home/zerr/.m2/repository/xpp3/xpp3_min/1.1.4c/xpp3_min-1.1.4c.jar
7f46fa35e000-7f46fa361000 r--s 00214000 08:03 8531406                    /home/zerr/.m2/repository/org/openimaj/object-detection/1.3.1/object-detection-1.3.1.jar
7f46fa361000-7f46fa363000 r--s 00096000 08:03 8531404                    /home/zerr/.m2/repository/org/openimaj/klt-tracker/1.3.1/klt-tracker-1.3.1.jar
7f46fa363000-7f46fa369000 r--s 0003b000 08:03 8530940                    /home/zerr/.m2/repository/org/openimaj/image-feature-extraction/1.3.1/image-feature-extraction-1.3.1.jar
7f46fa369000-7f46fa36f000 r--s 0003c000 08:03 8531418                    /home/zerr/.m2/repository/org/openimaj/image-local-features/1.3.1/image-local-features-1.3.1.jar
7f46fa36f000-7f46fa37b000 r--s 000b0000 08:03 8530996                    /home/zerr/.m2/repository/org/openimaj/JTransforms/1.3.1/JTransforms-1.3.1.jar
7f46fa37b000-7f46fa382000 r--s 00040000 08:03 8530942                    /home/zerr/.m2/repository/org/openimaj/image-processing/1.3.1/image-processing-1.3.1.jar
7f46fa382000-7f46fa388000 r--s 0026a000 08:03 8531402                    /home/zerr/.m2/repository/org/openimaj/faces/1.3.1/faces-1.3.1.jar
7f46fa388000-7f46fa389000 r--s 00000000 08:03 8542429                    /home/zerr/.m2/repository/org/openimaj/processing-core/1.3.1/processing-core-1.3.1.jar
7f46fa389000-7f46fa38b000 r--s 0000c000 08:03 8530866                    /home/zerr/.m2/repository/args4j/args4j/2.0.16/args4j-2.0.16.jar
7f46fa38b000-7f46fa38e000 r--s 00011000 08:03 8530934                    /home/zerr/.m2/repository/com/twelvemonkeys/common/common-image/3.0-rc5/common-image-3.0-rc5.jar
7f46fa38e000-7f46fa392000 r--s 00018000 08:03 8530932                    /home/zerr/.m2/repository/com/twelvemonkeys/common/common-lang/3.0-rc5/common-lang-3.0-rc5.jar
7f46fa392000-7f46fa395000 r--s 00013000 08:03 8530930                    /home/zerr/.m2/repository/com/twelvemonkeys/common/common-io/3.0-rc5/common-io-3.0-rc5.jar
7f46fa395000-7f46fa398000 r--s 0000c000 08:03 8530928                    /home/zerr/.m2/repository/com/twelvemonkeys/imageio/imageio-metadata/3.0-rc5/imageio-metadata-3.0-rc5.jar
7f46fa398000-7f46fa39b000 r--s 00009000 08:03 8530926                    /home/zerr/.m2/repository/com/twelvemonkeys/imageio/imageio-core/3.0-rc5/imageio-core-3.0-rc5.jar
7f46fa39b000-7f46fa39d000 r--s 0000b000 08:03 8530924                    /home/zerr/.m2/repository/com/twelvemonkeys/imageio/imageio-jpeg/3.0-rc5/imageio-jpeg-3.0-rc5.jar
7f46fa39d000-7f46fa3a1000 r--s 0003c000 08:03 8531046                    /home/zerr/.m2/repository/com/sun/media/jai-codec/1.1.3/jai-codec-1.1.3.jar
7f46fa3a1000-7f46fa3b5000 r--s 001bd000 08:03 8531044                    /home/zerr/.m2/repository/javax/media/jai-core/1.1.3/jai-core-1.1.3.jar
7f46fa3b5000-7f46fa3b8000 r--s 0000a000 08:03 8531042                    /home/zerr/.m2/repository/com/caffeineowl/graphics/BezierUtils/1.0.0/BezierUtils-1.0.0.jar
7f46fa3b8000-7f46fa3c2000 r--s 00072000 08:03 8530922                    /home/zerr/.m2/repository/org/apache/sanselan/sanselan/0.97-incubator/sanselan-0.97-incubator.jar
7f46fa3c2000-7f46fa3c6000 r--s 00035000 08:03 8531030                    /home/zerr/.m2/repository/com/aetrion/flickr/flickrapi/1.2ss.1/flickrapi-1.2ss.1.jar
7f46fa3c6000-7f46fa3c7000 r--s 00001000 08:03 8531028                    /home/zerr/.m2/repository/uk/ac/ed/ph/snuggletex/snuggletex-jeuclid/1.2.2/snuggletex-jeuclid-1.2.2.jar
7f46fa3c7000-7f46fa3c9000 r--s 0001e000 08:03 8531026                    /home/zerr/.m2/repository/net/sf/saxon/saxon9-dom/9.1.0.8/saxon9-dom-9.1.0.8.jar
7f46fa3c9000-7f46fa3e4000 r--s 004b6000 08:03 8531024                    /home/zerr/.m2/repository/net/sf/saxon/saxon9/9.1.0.8/saxon9-9.1.0.8.jar
7f46fa3e4000-7f46fa3e6000 r--s 0000e000 08:03 8531022                    /home/zerr/.m2/repository/uk/ac/ed/ph/snuggletex/snuggletex-upconversion/1.2.2/snuggletex-upconversion-1.2.2.jar
7f46fa3e6000-7f46fa3ec000 r--s 00040000 08:03 8531020                    /home/zerr/.m2/repository/uk/ac/ed/ph/snuggletex/snuggletex-core/1.2.2/snuggletex-core-1.2.2.jar
7f46fa3ec000-7f46fa3f6000 r--s 00075000 08:03 8439412                    /home/zerr/.m2/repository/org/apache/xmlgraphics/xmlgraphics-commons/1.3.1/xmlgraphics-commons-1.3.1.jar
7f46fa3f6000-7f46fa3fb000 r--s 00010000 08:03 8439399                    /home/zerr/.m2/repository/xml-apis/xml-apis-ext/1.3.04/xml-apis-ext-1.3.04.jar
7f46fa3fb000-7f46fa3fe000 r--s 0001d000 08:03 8439391                    /home/zerr/.m2/repository/org/apache/xmlgraphics/batik-util/1.7/batik-util-1.7.jar
7f46fa3fe000-7f46fa400000 r--s 00010000 08:03 8439385                    /home/zerr/.m2/repository/org/apache/xmlgraphics/batik-parser/1.7/batik-parser-1.7.jar
7f46fa400000-7f46fa401000 r--s 00002000 08:03 8439377                    /home/zerr/.m2/repository/org/apache/xmlgraphics/batik-ext/1.7/batik-ext-1.7.jar
7f46fa401000-7f46fa402000 r--s 00007000 08:03 8439354                    /home/zerr/.m2/repository/org/apache/xmlgraphics/batik-xml/1.7/batik-xml-1.7.jar
7f46fa402000-7f46fa406000 r--s 00027000 08:03 8439331                    /home/zerr/.m2/repository/org/apache/xmlgraphics/batik-dom/1.7/batik-dom-1.7.jar
7f46fa406000-7f46fa40d000 r--s 00045000 08:03 8439324                    /home/zerr/.m2/repository/org/apache/xmlgraphics/batik-css/1.7/batik-css-1.7.jar
7f46fa40d000-7f46fa415000 r--s 0005b000 08:03 8439311                    /home/zerr/.m2/repository/org/apache/xmlgraphics/batik-awt-util/1.7/batik-awt-util-1.7.jar
7f46fa415000-7f46fa418000 r--s 00015000 08:03 8439303                    /home/zerr/.m2/repository/org/apache/xmlgraphics/batik-anim/1.7/batik-anim-1.7.jar
7f46fa418000-7f46fa425000 r--s 00086000 08:03 8439287                    /home/zerr/.m2/repository/org/apache/xmlgraphics/batik-svg-dom/1.7/batik-svg-dom-1.7.jar
7f46fa425000-7f46fa42e000 r--s 00072000 08:03 8439266                    /home/zerr/.m2/repository/net/sourceforge/jeuclid/jeuclid-core/3.1.9/jeuclid-core-3.1.9.jar
7f46fa42e000-7f46fa430000 r--s 0000d000 08:03 8435011                    /home/zerr/.m2/repository/net/billylieurance/azuresearch/azure-bing-search-java/0.12.0/azure-bing-search-java-0.12.0.jar
7f46fa430000-7f46fa43d000 r--s 00095000 08:03 8439259                    /home/zerr/.m2/repository/org/openimaj/core-image/1.3.1/core-image-1.3.1.jar
7f46fa43d000-7f46fa43f000 r--s 00004000 08:03 8439257                    /home/zerr/.m2/repository/org/openimaj/ImprovedArgs4J/1.3.1/ImprovedArgs4J-1.3.1.jar
7f46fa43f000-7f46fa440000 r--s 00001000 08:03 8542427                    /home/zerr/.m2/repository/org/openimaj/processing/1.3.1/processing-1.3.1.jar
7f46fa440000-7f46fa446000 r--s 00032000 08:03 8440062                    /home/zerr/.m2/repository/org/apache/httpcomponents/httpcore/4.2.4/httpcore-4.2.4.jar
7f46fa446000-7f46fa44f000 r--s 00061000 08:03 8440054                    /home/zerr/.m2/repository/org/apache/httpcomponents/httpclient/4.2.5/httpclient-4.2.5.jar
7f46fa44f000-7f46fa450000 r--s 00004000 08:03 8530902                    /home/zerr/.m2/repository/org/apache/ant/ant-launcher/1.8.4/ant-launcher-1.8.4.jar
7f46fa450000-7f46fa46e000 r--s 001bd000 08:03 8530900                    /home/zerr/.m2/repository/org/apache/ant/ant/1.8.4/ant-1.8.4.jar
7f46fa46e000-7f46fa471000 r--s 00020000 08:03 8531032                    /home/zerr/.m2/repository/vigna/dsi/unimi/it/jal/20031117/jal-20031117.jar
7f46fa471000-7f46fa473000 r--s 00007000 08:03 8413944                    /home/zerr/.m2/repository/org/objenesis/objenesis/1.2/objenesis-1.2.jar
7f46fa473000-7f46fa475000 r--s 00000000 08:03 8413942                    /home/zerr/.m2/repository/com/esotericsoftware/minlog/minlog/1.2/minlog-1.2.jar
7f46fa475000-7f46fa477000 r--s 0000a000 08:03 8413939                    /home/zerr/.m2/repository/org/ow2/asm/asm/4.0/asm-4.0.jar
7f46fa477000-7f46fa479000 r--s 0000f000 08:03 8413937                    /home/zerr/.m2/repository/com/esotericsoftware/reflectasm/reflectasm/1.07/reflectasm-1.07-shaded.jar
7f46fa479000-7f46fa47f000 r--s 00053000 08:03 8413935                    /home/zerr/.m2/repository/com/esotericsoftware/kryo/kryo/2.21/kryo-2.21.jar
7f46fa47f000-7f46fa485000 r--s 00045000 08:03 8414028                    /home/zerr/.m2/repository/commons-httpclient/commons-httpclient/3.1/commons-httpclient-3.1.jar
7f46fa485000-7f46fa487000 r--s 00005000 08:03 8530898                    /home/zerr/.m2/repository/regexp/regexp/1.3/regexp-1.3.jar
7f46fa487000-7f46fa489000 r--s 00008000 08:03 8530896                    /home/zerr/.m2/repository/org/apache/maven/scm/maven-scm-provider-svn-commons/1.4/maven-scm-provider-svn-commons-1.4.jar
7f46fa489000-7f46fa48c000 r--s 0000f000 08:03 8530894                    /home/zerr/.m2/repository/org/apache/maven/scm/maven-scm-provider-svnexe/1.4/maven-scm-provider-svnexe-1.4.jar
7f46fa48c000-7f46fa491000 r--s 00039000 08:03 8439718                    /home/zerr/.m2/repository/org/codehaus/plexus/plexus-utils/1.5.6/plexus-utils-1.5.6.jar
7f46fa491000-7f46fa495000 r--s 00014000 08:03 8530892                    /home/zerr/.m2/repository/org/apache/maven/scm/maven-scm-api/1.4/maven-scm-api-1.4.jar
7f46fa495000-7f46fa497000 r--s 0000d000 08:03 8415030                    /home/zerr/.m2/repository/commons-logging/commons-logging/1.1.1/commons-logging-1.1.1.jar
7f46fa497000-7f46fa4a0000 r--s 0005d000 08:03 8530890                    /home/zerr/.m2/repository/org/apache/commons/commons-vfs2/2.0/commons-vfs2-2.0.jar
7f46fa4a0000-7f46fa4a4000 r--s 00027000 08:03 8530888                    /home/zerr/.m2/repository/commons-io/commons-io/2.2/commons-io-2.2.jar
7f46fa4a4000-7f46fa4a9000 r--s 00041000 08:03 8415028                    /home/zerr/.m2/repository/commons-lang/commons-lang/2.6/commons-lang-2.6.jar
7f46fa4a9000-7f46fa4b0000 r--s 00053000 08:03 8443831                    /home/zerr/.m2/repository/log4j/log4j/1.2.14/log4j-1.2.14.jar
7f46fa4b0000-7f46fa4b7000 r--s 00028000 08:03 8530886                    /home/zerr/.m2/repository/concurrent/concurrent/1.3.4/concurrent-1.3.4.jar
7f46fa4b7000-7f46fa4c5000 r--s 00081000 08:03 8530884                    /home/zerr/.m2/repository/colt/colt/1.2.0/colt-1.2.0.jar
7f46fa4c5000-7f46fa4ee000 r--s 001ee000 08:03 8530882                    /home/zerr/.m2/repository/com/google/guava/guava/14.0.1/guava-14.0.1.jar
7f46fa4ee000-7f46fa515000 r--s 00241000 08:03 8530880                    /home/zerr/.m2/repository/net/sf/trove4j/trove4j/3.0.2/trove4j-3.0.2.jar
7f46fa515000-7f46fa518000 r--s 00010000 08:03 8530876                    /home/zerr/.m2/repository/org/jbibtex/jbibtex/1.0.2/jbibtex-1.0.2.jar
7f46fa518000-7f46fa521000 r--s 00095000 08:03 8530874                    /home/zerr/.m2/repository/javassist/javassist/3.12.1.GA/javassist-3.12.1.GA.jar
7f46fa521000-7f46fa523000 r--s 00002000 08:03 8530872                    /home/zerr/.m2/repository/org/openimaj/core-aop-support/1.3.1/core-aop-support-1.3.1.jar
7f46fa523000-7f46fa524000 r--s 00006000 08:03 8530870                    /home/zerr/.m2/repository/org/openimaj/core-citation/1.3.1/core-citation-1.3.1.jar
7f46fa524000-7f46fa535000 r--s 000ac000 08:03 8530868                    /home/zerr/.m2/repository/org/openimaj/core/1.3.1/core-1.3.1.jar
7f46fa535000-7f46fa538000 r--s 00021000 08:03 39361                      /home/zerr/.m2/repository/org/apache/logging/log4j/log4j-api/2.5/log4j-api-2.5.jar
7f46fa538000-7f46fa550000 r--s 000f7000 08:03 39359                      /home/zerr/.m2/repository/org/apache/logging/log4j/log4j-core/2.5/log4j-core-2.5.jar
7f46fa550000-7f46fa552000 r--s 00216000 08:03 42514                      /home/zerr/.m2/repository/sz/ImagePrivacyFeatures/ImagePrivacyFeatures/0.0.1-SNAPSHOT/ImagePrivacyFeatures-0.0.1-SNAPSHOT.jar
7f46fa552000-7f46fa553000 r--s 0000a000 08:03 42333                      /home/zerr/.m2/repository/sz/svmlightclassification/svmlightclassification/0.0.1-SNAPSHOT/svmlightclassification-0.0.1-SNAPSHOT.jar
7f46fa553000-7f46fa555000 r--s 0001a000 08:03 42538                      /home/zerr/.m2/repository/sz/libsvmclassification/libsvmclassification/0.0.1-SNAPSHOT/libsvmclassification-0.0.1-SNAPSHOT.jar
7f46fa555000-7f46fa55a000 r--s 0005d000 08:03 42555                      /home/zerr/.m2/repository/sz/image/classification/0.0.1-SNAPSHOT/classification-0.0.1-SNAPSHOT.jar
7f46fa55a000-7f46fa55d000 r--s 0001e000 08:03 8792368                    /home/zerr/.m2/repository/org/knallgrau/utils/textcat/1.0.1/textcat-1.0.1.jar
7f46fa55d000-7f46fa562000 r--s 00029000 08:03 8440117                    /home/zerr/.m2/repository/sz/utils/SZUtils/0.0.1-SNAPSHOT/SZUtils-0.0.1-SNAPSHOT.jar
7f46fa562000-7f46fa569000 r--s 00064000 08:03 8537521                    /home/zerr/.m2/repository/org/apache/commons/commons-lang3/3.4/commons-lang3-3.4.jar
7f46fa569000-7f46fa5a7000 r--s 0025d000 08:03 8417968                    /home/zerr/.m2/repository/org/apache/xmlbeans/xmlbeans/2.6.0/xmlbeans-2.6.0.jar
7f46fa5a7000-7f46fa667000 r--s 004e6000 08:03 8537421                    /home/zerr/.m2/repository/org/apache/poi/poi-ooxml-schemas/3.14/poi-ooxml-schemas-3.14.jar
7f46fa667000-7f46fa678000 r--s 0012a000 08:03 8537392                    /home/zerr/.m2/repository/org/apache/poi/poi-ooxml/3.14/poi-ooxml-3.14.jar
7f46fa678000-7f46fa6a2000 r--s 00240000 08:03 8537437                    /home/zerr/.m2/repository/org/apache/poi/poi/3.14/poi-3.14.jar
7f46fa6a2000-7f46fa6a3000 ---p 00000000 00:00 0 
7f46fa6a3000-7f46fa7a3000 rw-p 00000000 00:00 0                          [stack:24874]
7f46fa7a3000-7f46fa7a6000 ---p 00000000 00:00 0 
7f46fa7a6000-7f46fa8a4000 rw-p 00000000 00:00 0                          [stack:24873]
7f46fa8a4000-7f46fa8a7000 ---p 00000000 00:00 0 
7f46fa8a7000-7f46fa9a5000 rw-p 00000000 00:00 0                          [stack:24872]
7f46fa9a5000-7f46fa9a8000 ---p 00000000 00:00 0 
7f46fa9a8000-7f46faaa6000 rw-p 00000000 00:00 0                          [stack:24871]
7f46faaa6000-7f46faaa9000 ---p 00000000 00:00 0 
7f46faaa9000-7f46faba7000 rw-p 00000000 00:00 0                          [stack:24869]
7f46faba7000-7f46fabaa000 ---p 00000000 00:00 0 
7f46fabaa000-7f46faca8000 rw-p 00000000 00:00 0                          [stack:24867]
7f46faca8000-7f46facab000 ---p 00000000 00:00 0 
7f46facab000-7f46fada9000 rw-p 00000000 00:00 0                          [stack:24865]
7f46fada9000-7f46fadad000 r-xp 00000000 08:03 6161194                    /usr/lib/jvm/java-7-openjdk-amd64/jre/lib/amd64/libdt_socket.so
7f46fadad000-7f46fafac000 ---p 00004000 08:03 6161194                    /usr/lib/jvm/java-7-openjdk-amd64/jre/lib/amd64/libdt_socket.so
7f46fafac000-7f46fafad000 r--p 00003000 08:03 6161194                    /usr/lib/jvm/java-7-openjdk-amd64/jre/lib/amd64/libdt_socket.so
7f46fafad000-7f46fafae000 rw-p 00004000 08:03 6161194                    /usr/lib/jvm/java-7-openjdk-amd64/jre/lib/amd64/libdt_socket.so
7f46fafae000-7f46fafb1000 ---p 00000000 00:00 0 
7f46fafb1000-7f46fb0af000 rw-p 00000000 00:00 0                          [stack:24863]
7f46fb0af000-7f46fb0b2000 ---p 00000000 00:00 0 
7f46fb0b2000-7f46fb1b0000 rw-p 00000000 00:00 0                          [stack:24862]
7f46fb1b0000-7f46fb1b3000 ---p 00000000 00:00 0 
7f46fb1b3000-7f46fb2b1000 rw-p 00000000 00:00 0                          [stack:24861]
7f46fb2b1000-7f46fb2b2000 ---p 00000000 00:00 0 
7f46fb2b2000-7f46fc000000 rw-p 00000000 00:00 0                          [stack:24860]
7f46fc000000-7f46fc021000 rw-p 00000000 00:00 0 
7f46fc021000-7f4700000000 ---p 00000000 00:00 0 
7f4700000000-7f4700021000 rw-p 00000000 00:00 0 
7f4700021000-7f4704000000 ---p 00000000 00:00 0 
7f4704000000-7f4704021000 rw-p 00000000 00:00 0 
7f4704021000-7f4708000000 ---p 00000000 00:00 0 
7f4708000000-7f4708007000 r--s 0003f000 08:03 8537439                    /home/zerr/.m2/repository/commons-codec/commons-codec/1.10/commons-codec-1.10.jar
7f4708007000-7f47083b6000 rw-p 00000000 00:00 0 
7f47083b6000-7f4708568000 r--s 01d2e000 08:03 6161175                    /usr/lib/jvm/java-7-openjdk-amd64/jre/lib/rt.jar
7f4708568000-7f4708dfe000 rw-p 00000000 00:00 0 
7f4708dfe000-7f4708dff000 ---p 00000000 00:00 0 
7f4708dff000-7f4708eff000 rw-p 00000000 00:00 0                          [stack:24859]
7f4708eff000-7f4708f00000 ---p 00000000 00:00 0 
7f4708f00000-7f4709000000 rw-p 00000000 00:00 0                          [stack:24858]
7f4709000000-7f4709270000 rwxp 00000000 00:00 0 
7f4709270000-7f470ca36000 rw-p 00000000 00:00 0 
7f470ca36000-7f4710000000 ---p 00000000 00:00 0 
7f4710000000-7f4710006000 r--s 00047000 08:03 8789601                    /home/zerr/.m2/repository/org/jsoup/jsoup/1.8.3/jsoup-1.8.3.jar
7f4710006000-7f47100db000 rw-p 00000000 00:00 0 
7f47100db000-7f47100dc000 ---p 00000000 00:00 0 
7f47100dc000-7f47101dc000 rw-p 00000000 00:00 0                          [stack:24857]
7f47101dc000-7f47101dd000 ---p 00000000 00:00 0 
7f47101dd000-7f47102e8000 rw-p 00000000 00:00 0                          [stack:24856]
7f47102e8000-7f4710330000 rw-p 00000000 00:00 0 
7f4710330000-7f47103cf000 rw-p 00000000 00:00 0 
7f47103cf000-7f4710864000 rw-p 00000000 00:00 0 
7f4710864000-7f471086f000 rw-p 00000000 00:00 0 
7f471086f000-7f47108b7000 rw-p 00000000 00:00 0 
7f47108b7000-7f4710956000 rw-p 00000000 00:00 0 
7f4710956000-7f4710dea000 rw-p 00000000 00:00 0 
7f4710dea000-7f4710fc6000 rw-p 00000000 00:00 0 
7f4710fc6000-7f4711084000 rw-p 00000000 00:00 0 
7f4711084000-7f4711085000 rw-p 00000000 00:00 0 
7f4711085000-7f471108d000 r-xp 00000000 08:03 6161193                    /usr/lib/jvm/java-7-openjdk-amd64/jre/lib/amd64/libzip.so
7f471108d000-7f471128c000 ---p 00008000 08:03 6161193                    /usr/lib/jvm/java-7-openjdk-amd64/jre/lib/amd64/libzip.so
7f471128c000-7f471128d000 r--p 00007000 08:03 6161193                    /usr/lib/jvm/java-7-openjdk-amd64/jre/lib/amd64/libzip.so
7f471128d000-7f471128e000 rw-p 00008000 08:03 6161193                    /usr/lib/jvm/java-7-openjdk-amd64/jre/lib/amd64/libzip.so
7f471128e000-7f4711299000 r-xp 00000000 08:03 263049                     /lib/x86_64-linux-gnu/libnss_files-2.19.so
7f4711299000-7f4711498000 ---p 0000b000 08:03 263049                     /lib/x86_64-linux-gnu/libnss_files-2.19.so
7f4711498000-7f4711499000 r--p 0000a000 08:03 263049                     /lib/x86_64-linux-gnu/libnss_files-2.19.so
7f4711499000-7f471149a000 rw-p 0000b000 08:03 263049                     /lib/x86_64-linux-gnu/libnss_files-2.19.so
7f471149a000-7f47114a4000 r-xp 00000000 08:03 263053                     /lib/x86_64-linux-gnu/libnss_nis-2.19.so
7f47114a4000-7f47116a3000 ---p 0000a000 08:03 263053                     /lib/x86_64-linux-gnu/libnss_nis-2.19.so
7f47116a3000-7f47116a4000 r--p 00009000 08:03 263053                     /lib/x86_64-linux-gnu/libnss_nis-2.19.so
7f47116a4000-7f47116a5000 rw-p 0000a000 08:03 263053                     /lib/x86_64-linux-gnu/libnss_nis-2.19.so
7f47116a5000-7f47116ba000 r-xp 00000000 08:03 263041                     /lib/x86_64-linux-gnu/libnsl-2.19.so
7f47116ba000-7f47118b9000 ---p 00015000 08:03 263041                     /lib/x86_64-linux-gnu/libnsl-2.19.so
7f47118b9000-7f47118ba000 r--p 00014000 08:03 263041                     /lib/x86_64-linux-gnu/libnsl-2.19.so
7f47118ba000-7f47118bb000 rw-p 00015000 08:03 263041                     /lib/x86_64-linux-gnu/libnsl-2.19.so
7f47118bb000-7f47118bd000 rw-p 00000000 00:00 0 
7f47118bd000-7f47118c4000 r-xp 00000000 08:03 263043                     /lib/x86_64-linux-gnu/libnss_compat-2.19.so
7f47118c4000-7f4711ac3000 ---p 00007000 08:03 263043                     /lib/x86_64-linux-gnu/libnss_compat-2.19.so
7f4711ac3000-7f4711ac4000 r--p 00006000 08:03 263043                     /lib/x86_64-linux-gnu/libnss_compat-2.19.so
7f4711ac4000-7f4711ac5000 rw-p 00007000 08:03 263043                     /lib/x86_64-linux-gnu/libnss_compat-2.19.so
7f4711ac5000-7f4711c4e000 r--p 00000000 08:03 5508960                    /usr/lib/locale/locale-archive
7f4711c4e000-7f4711c50000 r-xp 00000000 08:03 6161204                    /usr/lib/jvm/java-7-openjdk-amd64/jre/lib/amd64/libnpt.so
7f4711c50000-7f4711e50000 ---p 00002000 08:03 6161204                    /usr/lib/jvm/java-7-openjdk-amd64/jre/lib/amd64/libnpt.so
7f4711e50000-7f4711e51000 r--p 00002000 08:03 6161204                    /usr/lib/jvm/java-7-openjdk-amd64/jre/lib/amd64/libnpt.so
7f4711e51000-7f4711e52000 rw-p 00003000 08:03 6161204                    /usr/lib/jvm/java-7-openjdk-amd64/jre/lib/amd64/libnpt.so
7f4711e52000-7f4711e8d000 r-xp 00000000 08:03 6161190                    /usr/lib/jvm/java-7-openjdk-amd64/jre/lib/amd64/libjdwp.so
7f4711e8d000-7f471208c000 ---p 0003b000 08:03 6161190                    /usr/lib/jvm/java-7-openjdk-amd64/jre/lib/amd64/libjdwp.so
7f471208c000-7f471208d000 r--p 0003a000 08:03 6161190                    /usr/lib/jvm/java-7-openjdk-amd64/jre/lib/amd64/libjdwp.so
7f471208d000-7f471208e000 rw-p 0003b000 08:03 6161190                    /usr/lib/jvm/java-7-openjdk-amd64/jre/lib/amd64/libjdwp.so
7f471208e000-7f471208f000 rw-p 00000000 00:00 0 
7f471208f000-7f47120bc000 r-xp 00000000 08:03 6161225                    /usr/lib/jvm/java-7-openjdk-amd64/jre/lib/amd64/libjava.so
7f47120bc000-7f47122bb000 ---p 0002d000 08:03 6161225                    /usr/lib/jvm/java-7-openjdk-amd64/jre/lib/amd64/libjava.so
7f47122bb000-7f47122bc000 r--p 0002c000 08:03 6161225                    /usr/lib/jvm/java-7-openjdk-amd64/jre/lib/amd64/libjava.so
7f47122bc000-7f47122be000 rw-p 0002d000 08:03 6161225                    /usr/lib/jvm/java-7-openjdk-amd64/jre/lib/amd64/libjava.so
7f47122be000-7f47122cd000 r-xp 00000000 08:03 6161189                    /usr/lib/jvm/java-7-openjdk-amd64/jre/lib/amd64/libverify.so
7f47122cd000-7f47124cc000 ---p 0000f000 08:03 6161189                    /usr/lib/jvm/java-7-openjdk-amd64/jre/lib/amd64/libverify.so
7f47124cc000-7f47124cf000 r--p 0000e000 08:03 6161189                    /usr/lib/jvm/java-7-openjdk-amd64/jre/lib/amd64/libverify.so
7f47124cf000-7f47124d0000 rw-p 00011000 08:03 6161189                    /usr/lib/jvm/java-7-openjdk-amd64/jre/lib/amd64/libverify.so
7f47124d0000-7f47124d7000 r-xp 00000000 08:03 263063                     /lib/x86_64-linux-gnu/librt-2.19.so
7f47124d7000-7f47126d6000 ---p 00007000 08:03 263063                     /lib/x86_64-linux-gnu/librt-2.19.so
7f47126d6000-7f47126d7000 r--p 00006000 08:03 263063                     /lib/x86_64-linux-gnu/librt-2.19.so
7f47126d7000-7f47126d8000 rw-p 00007000 08:03 263063                     /lib/x86_64-linux-gnu/librt-2.19.so
7f47126d8000-7f47126ee000 r-xp 00000000 08:03 262148                     /lib/x86_64-linux-gnu/libgcc_s.so.1
7f47126ee000-7f47128ed000 ---p 00016000 08:03 262148                     /lib/x86_64-linux-gnu/libgcc_s.so.1
7f47128ed000-7f47128ee000 rw-p 00015000 08:03 262148                     /lib/x86_64-linux-gnu/libgcc_s.so.1
7f47128ee000-7f47129ee000 r-xp 00000000 08:03 263035                     /lib/x86_64-linux-gnu/libm-2.19.so
7f47129ee000-7f4712bed000 ---p 00100000 08:03 263035                     /lib/x86_64-linux-gnu/libm-2.19.so
7f4712bed000-7f4712bee000 r--p 000ff000 08:03 263035                     /lib/x86_64-linux-gnu/libm-2.19.so
7f4712bee000-7f4712bef000 rw-p 00100000 08:03 263035                     /lib/x86_64-linux-gnu/libm-2.19.so
7f4712bef000-7f4712cdb000 r-xp 00000000 08:03 5509731                    /usr/lib/x86_64-linux-gnu/libstdc++.so.6.0.20
7f4712cdb000-7f4712edb000 ---p 000ec000 08:03 5509731                    /usr/lib/x86_64-linux-gnu/libstdc++.so.6.0.20
7f4712edb000-7f4712ee3000 r--p 000ec000 08:03 5509731                    /usr/lib/x86_64-linux-gnu/libstdc++.so.6.0.20
7f4712ee3000-7f4712ee5000 rw-p 000f4000 08:03 5509731                    /usr/lib/x86_64-linux-gnu/libstdc++.so.6.0.20
7f4712ee5000-7f4712efa000 rw-p 00000000 00:00 0 
7f4712efa000-7f4713a50000 r-xp 00000000 08:03 6161200                    /usr/lib/jvm/java-7-openjdk-amd64/jre/lib/amd64/server/libjvm.so
7f4713a50000-7f4713c4f000 ---p 00b56000 08:03 6161200                    /usr/lib/jvm/java-7-openjdk-amd64/jre/lib/amd64/server/libjvm.so
7f4713c4f000-7f4713cee000 r--p 00d55000 08:03 6161200                    /usr/lib/jvm/java-7-openjdk-amd64/jre/lib/amd64/server/libjvm.so
7f4713cee000-7f4713d11000 rw-p 00df4000 08:03 6161200                    /usr/lib/jvm/java-7-openjdk-amd64/jre/lib/amd64/server/libjvm.so
7f4713d11000-7f4713d3e000 rw-p 00000000 00:00 0 
7f4713d3e000-7f4713d58000 r-xp 00000000 08:03 262244                     /lib/x86_64-linux-gnu/libz.so.1.2.8
7f4713d58000-7f4713f57000 ---p 0001a000 08:03 262244                     /lib/x86_64-linux-gnu/libz.so.1.2.8
7f4713f57000-7f4713f58000 r--p 00019000 08:03 262244                     /lib/x86_64-linux-gnu/libz.so.1.2.8
7f4713f58000-7f4713f59000 rw-p 0001a000 08:03 262244                     /lib/x86_64-linux-gnu/libz.so.1.2.8
7f4713f59000-7f47140fb000 r-xp 00000000 08:03 263021                     /lib/x86_64-linux-gnu/libc-2.19.so
7f47140fb000-7f47142fa000 ---p 001a2000 08:03 263021                     /lib/x86_64-linux-gnu/libc-2.19.so
7f47142fa000-7f47142fe000 r--p 001a1000 08:03 263021                     /lib/x86_64-linux-gnu/libc-2.19.so
7f47142fe000-7f4714300000 rw-p 001a5000 08:03 263021                     /lib/x86_64-linux-gnu/libc-2.19.so
7f4714300000-7f4714304000 rw-p 00000000 00:00 0 
7f4714304000-7f4714307000 r-xp 00000000 08:03 263031                     /lib/x86_64-linux-gnu/libdl-2.19.so
7f4714307000-7f4714506000 ---p 00003000 08:03 263031                     /lib/x86_64-linux-gnu/libdl-2.19.so
7f4714506000-7f4714507000 r--p 00002000 08:03 263031                     /lib/x86_64-linux-gnu/libdl-2.19.so
7f4714507000-7f4714508000 rw-p 00003000 08:03 263031                     /lib/x86_64-linux-gnu/libdl-2.19.so
7f4714508000-7f4714515000 r-xp 00000000 08:03 6161191                    /usr/lib/jvm/java-7-openjdk-amd64/jre/lib/amd64/jli/libjli.so
7f4714515000-7f4714714000 ---p 0000d000 08:03 6161191                    /usr/lib/jvm/java-7-openjdk-amd64/jre/lib/amd64/jli/libjli.so
7f4714714000-7f4714715000 r--p 0000c000 08:03 6161191                    /usr/lib/jvm/java-7-openjdk-amd64/jre/lib/amd64/jli/libjli.so
7f4714715000-7f4714716000 rw-p 0000d000 08:03 6161191                    /usr/lib/jvm/java-7-openjdk-amd64/jre/lib/amd64/jli/libjli.so
7f4714716000-7f471472e000 r-xp 00000000 08:03 262711                     /lib/x86_64-linux-gnu/libpthread-2.19.so
7f471472e000-7f471492d000 ---p 00018000 08:03 262711                     /lib/x86_64-linux-gnu/libpthread-2.19.so
7f471492d000-7f471492e000 r--p 00017000 08:03 262711                     /lib/x86_64-linux-gnu/libpthread-2.19.so
7f471492e000-7f471492f000 rw-p 00018000 08:03 262711                     /lib/x86_64-linux-gnu/libpthread-2.19.so
7f471492f000-7f4714933000 rw-p 00000000 00:00 0 
7f4714933000-7f4714953000 r-xp 00000000 08:03 263013                     /lib/x86_64-linux-gnu/ld-2.19.so
7f4714953000-7f4714954000 r--s 00000000 08:03 42508                      /home/zerr/.m2/repository/L3sInterfaces/L3sInterfaces/0.0.1-SNAPSHOT/L3sInterfaces-0.0.1-SNAPSHOT.jar
7f4714954000-7f4714955000 r--s 00007000 08:03 42496                      /home/zerr/.m2/repository/sz/evaluation/curves/curves/0.0.1-SNAPSHOT/curves-0.0.1-SNAPSHOT.jar
7f4714955000-7f4714958000 r--s 00014000 08:03 8537430                    /home/zerr/.m2/repository/com/github/virtuald/curvesapi/1.03/curvesapi-1.03.jar
7f4714958000-7f4714962000 r--s 000e7000 08:03 8522532                    /home/zerr/.m2/repository/mysql/mysql-connector-java/5.1.38/mysql-connector-java-5.1.38.jar
7f4714962000-7f471496c000 rw-p 00000000 00:00 0 
7f471496c000-7f4714a22000 rw-p 00000000 00:00 0 
7f4714a22000-7f4714a25000 ---p 00000000 00:00 0 
7f4714a25000-7f4714b28000 rw-p 00000000 00:00 0                          [stack:24852]
7f4714b28000-7f4714b2a000 r--s 00005000 08:03 8418003                    /home/zerr/.m2/repository/stax/stax-api/1.0.1/stax-api-1.0.1.jar
7f4714b2a000-7f4714b2c000 r--s 00008000 08:03 8455698                    /home/zerr/.m2/repository/org/apache/commons/commons-csv/1.2/commons-csv-1.2.jar
7f4714b2c000-7f4714b2e000 r--s 00006000 08:03 5902011                    /usr/share/java/java-atk-wrapper.jar
7f4714b2e000-7f4714b30000 r--s 00012000 08:03 6161183                    /usr/lib/jvm/java-7-openjdk-amd64/jre/lib/ext/zipfs.jar
7f4714b30000-7f4714b31000 r--s 00002000 08:03 6161185                    /usr/lib/jvm/java-7-openjdk-amd64/jre/lib/ext/dnsns.jar
7f4714b31000-7f4714b34000 r--s 0000f000 08:03 6161186                    /usr/lib/jvm/java-7-openjdk-amd64/jre/lib/ext/icedtea-sound.jar
7f4714b34000-7f4714b38000 r--s 00034000 08:03 6161188                    /usr/lib/jvm/java-7-openjdk-amd64/jre/lib/ext/sunjce_provider.jar
7f4714b38000-7f4714b3c000 r--s 00085000 08:03 6161184                    /usr/lib/jvm/java-7-openjdk-amd64/jre/lib/ext/localedata.jar
7f4714b3c000-7f4714b40000 r--s 0003c000 08:03 6161187                    /usr/lib/jvm/java-7-openjdk-amd64/jre/lib/ext/sunpkcs11.jar
7f4714b40000-7f4714b48000 rw-s 00000000 08:03 6176414                    /tmp/hsperfdata_zerr/24849
7f4714b48000-7f4714b4f000 r--s 00000000 08:03 5561310                    /usr/lib/x86_64-linux-gnu/gconv/gconv-modules.cache
7f4714b4f000-7f4714b50000 rw-p 00000000 00:00 0 
7f4714b50000-7f4714b51000 ---p 00000000 00:00 0 
7f4714b51000-7f4714b53000 rw-p 00000000 00:00 0 
7f4714b53000-7f4714b54000 r--p 00020000 08:03 263013                     /lib/x86_64-linux-gnu/ld-2.19.so
7f4714b54000-7f4714b55000 rw-p 00021000 08:03 263013                     /lib/x86_64-linux-gnu/ld-2.19.so
7f4714b55000-7f4714b56000 rw-p 00000000 00:00 0 
7ffea2037000-7ffea205b000 rw-p 00000000 00:00 0                          [stack]
7ffea2154000-7ffea2156000 r-xp 00000000 00:00 0                          [vdso]
7ffea2156000-7ffea2158000 r--p 00000000 00:00 0                          [vvar]
ffffffffff600000-ffffffffff601000 r-xp 00000000 00:00 0                  [vsyscall]

VM Arguments:
jvm_args: -agentlib:jdwp=transport=dt_socket,suspend=y,address=localhost:40613 -Dfile.encoding=ANSI_X3.4-1968 
java_command: arff.ARFFWriter
Launcher Type: SUN_STANDARD

Environment Variables:
PATH=/usr/local/bin:/usr/bin:/bin:/usr/local/games:/usr/games
SHELL=/bin/bash
DISPLAY=:0

Signal Handlers:
SIGSEGV: [libjvm.so+0x988580], sa_mask[0]=0x7ffbfeff, sa_flags=0x10000004
SIGBUS: [libjvm.so+0x988580], sa_mask[0]=0x7ffbfeff, sa_flags=0x10000004
SIGFPE: [libjvm.so+0x7f5280], sa_mask[0]=0x7ffbfeff, sa_flags=0x10000004
SIGPIPE: [libjvm.so+0x7f5280], sa_mask[0]=0x7ffbfeff, sa_flags=0x10000004
SIGXFSZ: [libjvm.so+0x7f5280], sa_mask[0]=0x7ffbfeff, sa_flags=0x10000004
SIGILL: [libjvm.so+0x7f5280], sa_mask[0]=0x7ffbfeff, sa_flags=0x10000004
SIGUSR1: SIG_DFL, sa_mask[0]=0x00000000, sa_flags=0x00000000
SIGUSR2: [libjvm.so+0x7f5100], sa_mask[0]=0x00000004, sa_flags=0x10000004
SIGHUP: [libjvm.so+0x7f5300], sa_mask[0]=0x7ffbfeff, sa_flags=0x10000004
SIGINT: [libjvm.so+0x7f5300], sa_mask[0]=0x7ffbfeff, sa_flags=0x10000004
SIGTERM: [libjvm.so+0x7f5300], sa_mask[0]=0x7ffbfeff, sa_flags=0x10000004
SIGQUIT: [libjvm.so+0x7f5300], sa_mask[0]=0x7ffbfeff, sa_flags=0x10000004
SIGTRAP: SIG_DFL, sa_mask[0]=0x00000000, sa_flags=0x00000000


---------------  S Y S T E M  ---------------

OS:8.3

uname:Linux 3.16.0-4-amd64 #1 SMP Debian 3.16.7-ckt20-1+deb8u2 (2016-01-02) x86_64
libc:glibc 2.19 NPTL 2.19 
rlimit: STACK 8192k, CORE 0k, NPROC 63820, NOFILE 65536, AS infinity
load average:11.60 11.41 10.31

/proc/meminfo:
MemTotal:       16355816 kB
MemFree:          190596 kB
MemAvailable:     213352 kB
Buffers:            3504 kB
Cached:           602712 kB
SwapCached:            0 kB
Active:         15182512 kB
Inactive:         553348 kB
Active(anon):   15134360 kB
Inactive(anon):   489772 kB
Active(file):      48152 kB
Inactive(file):    63576 kB
Unevictable:          40 kB
Mlocked:              40 kB
SwapTotal:             0 kB
SwapFree:              0 kB
Dirty:                76 kB
Writeback:             0 kB
AnonPages:      15130316 kB
Mapped:           537128 kB
Shmem:            493856 kB
Slab:             168896 kB
SReclaimable:     102724 kB
SUnreclaim:        66172 kB
KernelStack:       21728 kB
PageTables:       146624 kB
NFS_Unstable:          0 kB
Bounce:                0 kB
WritebackTmp:          0 kB
CommitLimit:     8177908 kB
Committed_AS:   28429176 kB
VmallocTotal:   34359738367 kB
VmallocUsed:      378688 kB
VmallocChunk:   34359336960 kB
HardwareCorrupted:     0 kB
AnonHugePages:         0 kB
HugePages_Total:       0
HugePages_Free:        0
HugePages_Rsvd:        0
HugePages_Surp:        0
Hugepagesize:       2048 kB
DirectMap4k:      117656 kB
DirectMap2M:     7108608 kB
DirectMap1G:     9437184 kB


CPU:total 4 (2 cores per cpu, 2 threads per core) family 6 model 61 stepping 4, cmov, cx8, fxsr, mmx, sse, sse2, sse3, ssse3, sse4.1, sse4.2, popcnt, avx, avx2, aes, erms, ht, tsc, tscinvbit

/proc/cpuinfo:
processor	: 0
vendor_id	: GenuineIntel
cpu family	: 6
model		: 61
model name	: Intel(R) Core(TM) i5-5300U CPU @ 2.30GHz
stepping	: 4
microcode	: 0x22
cpu MHz		: 2550.214
cache size	: 3072 KB
physical id	: 0
siblings	: 4
core id		: 0
cpu cores	: 2
apicid		: 0
initial apicid	: 0
fpu		: yes
fpu_exception	: yes
cpuid level	: 20
wp		: yes
flags		: fpu vme de pse tsc msr pae mce cx8 apic sep mtrr pge mca cmov pat pse36 clflush dts acpi mmx fxsr sse sse2 ss ht tm pbe syscall nx pdpe1gb rdtscp lm constant_tsc arch_perfmon pebs bts rep_good nopl xtopology nonstop_tsc aperfmperf eagerfpu pni pclmulqdq dtes64 monitor ds_cpl vmx smx est tm2 ssse3 fma cx16 xtpr pdcm pcid sse4_1 sse4_2 x2apic movbe popcnt tsc_deadline_timer aes xsave avx f16c rdrand lahf_lm abm 3dnowprefetch ida arat epb xsaveopt pln pts dtherm tpr_shadow vnmi flexpriority ept vpid fsgsbase tsc_adjust bmi1 hle avx2 smep bmi2 erms invpcid rtm rdseed adx smap
bogomips	: 4589.14
clflush size	: 64
cache_alignment	: 64
address sizes	: 39 bits physical, 48 bits virtual
power management:

processor	: 1
vendor_id	: GenuineIntel
cpu family	: 6
model		: 61
model name	: Intel(R) Core(TM) i5-5300U CPU @ 2.30GHz
stepping	: 4
microcode	: 0x22
cpu MHz		: 2546.441
cache size	: 3072 KB
physical id	: 0
siblings	: 4
core id		: 1
cpu cores	: 2
apicid		: 2
initial apicid	: 2
fpu		: yes
fpu_exception	: yes
cpuid level	: 20
wp		: yes
flags		: fpu vme de pse tsc msr pae mce cx8 apic sep mtrr pge mca cmov pat pse36 clflush dts acpi mmx fxsr sse sse2 ss ht tm pbe syscall nx pdpe1gb rdtscp lm constant_tsc arch_perfmon pebs bts rep_good nopl xtopology nonstop_tsc aperfmperf eagerfpu pni pclmulqdq dtes64 monitor ds_cpl vmx smx est tm2 ssse3 fma cx16 xtpr pdcm pcid sse4_1 sse4_2 x2apic movbe popcnt tsc_deadline_timer aes xsave avx f16c rdrand lahf_lm abm 3dnowprefetch ida arat epb xsaveopt pln pts dtherm tpr_shadow vnmi flexpriority ept vpid fsgsbase tsc_adjust bmi1 hle avx2 smep bmi2 erms invpcid rtm rdseed adx smap
bogomips	: 4589.14
clflush size	: 64
cache_alignment	: 64
address sizes	: 39 bits physical, 48 bits virtual
power management:

processor	: 2
vendor_id	: GenuineIntel
cpu family	: 6
model		: 61
model name	: Intel(R) Core(TM) i5-5300U CPU @ 2.30GHz
stepping	: 4
microcode	: 0x22
cpu MHz		: 2546.441
cache size	: 3072 KB
physical id	: 0
siblings	: 4
core id		: 0
cpu cores	: 2
apicid		: 1
initial apicid	: 1
fpu		: yes
fpu_exception	: yes
cpuid level	: 20
wp		: yes
flags		: fpu vme de pse tsc msr pae mce cx8 apic sep mtrr pge mca cmov pat pse36 clflush dts acpi mmx fxsr sse sse2 ss ht tm pbe syscall nx pdpe1gb rdtscp lm constant_tsc arch_perfmon pebs bts rep_good nopl xtopology nonstop_tsc aperfmperf eagerfpu pni pclmulqdq dtes64 monitor ds_cpl vmx smx est tm2 ssse3 fma cx16 xtpr pdcm pcid sse4_1 sse4_2 x2apic movbe popcnt tsc_deadline_timer aes xsave avx f16c rdrand lahf_lm abm 3dnowprefetch ida arat epb xsaveopt pln pts dtherm tpr_shadow vnmi flexpriority ept vpid fsgsbase tsc_adjust bmi1 hle avx2 smep bmi2 erms invpcid rtm rdseed adx smap
bogomips	: 4589.14
clflush size	: 64
cache_alignment	: 64
address sizes	: 39 bits physical, 48 bits virtual
power management:

processor	: 3
vendor_id	: GenuineIntel
cpu family	: 6
model		: 61
model name	: Intel(R) Core(TM) i5-5300U CPU @ 2.30GHz
stepping	: 4
microcode	: 0x22
cpu MHz		: 2528.652
cache size	: 3072 KB
physical id	: 0
siblings	: 4
core id		: 1
cpu cores	: 2
apicid		: 3
initial apicid	: 3
fpu		: yes
fpu_exception	: yes
cpuid level	: 20
wp		: yes
flags		: fpu vme de pse tsc msr pae mce cx8 apic sep mtrr pge mca cmov pat pse36 clflush dts acpi mmx fxsr sse sse2 ss ht tm pbe syscall nx pdpe1gb rdtscp lm constant_tsc arch_perfmon pebs bts rep_good nopl xtopology nonstop_tsc aperfmperf eagerfpu pni pclmulqdq dtes64 monitor ds_cpl vmx smx est tm2 ssse3 fma cx16 xtpr pdcm pcid sse4_1 sse4_2 x2apic movbe popcnt tsc_deadline_timer aes xsave avx f16c rdrand lahf_lm abm 3dnowprefetch ida arat epb xsaveopt pln pts dtherm tpr_shadow vnmi flexpriority ept vpid fsgsbase tsc_adjust bmi1 hle avx2 smep bmi2 erms invpcid rtm rdseed adx smap
bogomips	: 4589.14
clflush size	: 64
cache_alignment	: 64
address sizes	: 39 bits physical, 48 bits virtual
power management:



Memory: 4k page, physical 16355816k(190596k free), swap 0k(0k free)

vm_info: OpenJDK 64-Bit Server VM (24.91-b01) for linux-amd64 JRE (1.7.0_91-b02), built on Nov 19 2015 18:13:42 by "jmm" with gcc 4.9.2

time: Tue Jun 21 16:44:48 2016
elapsed time: 29 seconds

